ARM GAS  C:\Users\ASUS\AppData\Local\Temp\ccgkfvA3.s 			page 1


   1              		.syntax unified
   2              		.cpu cortex-m0
   3              		.fpu softvfp
   4              		.eabi_attribute 20, 1
   5              		.eabi_attribute 21, 1
   6              		.eabi_attribute 23, 3
   7              		.eabi_attribute 24, 1
   8              		.eabi_attribute 25, 1
   9              		.eabi_attribute 26, 1
  10              		.eabi_attribute 30, 6
  11              		.eabi_attribute 34, 0
  12              		.eabi_attribute 18, 4
  13              		.thumb
  14              		.syntax unified
  15              		.file	"customize.c"
  16              		.text
  17              	.Ltext0:
  18              		.cfi_sections	.debug_frame
  19              		.comm	current_watchdog_counter,2,2
  20              	.Letext0:
  21              		.file 1 "Generated_Source\\PSoC4/BLE_Stack.h"
  22              		.file 2 "Generated_Source\\PSoC4/BLE_eventHandler.h"
  23              		.file 3 "Generated_Source\\PSoC4/cytypes.h"
  24              		.file 4 "./main.h"
  25              		.section	.debug_info,"",%progbits
  26              	.Ldebug_info0:
  27 0000 8F020000 		.4byte	0x28f
  28 0004 0400     		.2byte	0x4
  29 0006 00000000 		.4byte	.Ldebug_abbrev0
  30 000a 04       		.byte	0x4
  31 000b 01       		.uleb128 0x1
  32 000c 1D040000 		.4byte	.LASF91
  33 0010 0C       		.byte	0xc
  34 0011 940A0000 		.4byte	.LASF92
  35 0015 F5080000 		.4byte	.LASF93
  36 0019 00000000 		.4byte	.Ldebug_line0
  37 001d 02       		.uleb128 0x2
  38 001e 01       		.byte	0x1
  39 001f 06       		.byte	0x6
  40 0020 89050000 		.4byte	.LASF0
  41 0024 02       		.uleb128 0x2
  42 0025 01       		.byte	0x1
  43 0026 08       		.byte	0x8
  44 0027 1F050000 		.4byte	.LASF1
  45 002b 02       		.uleb128 0x2
  46 002c 02       		.byte	0x2
  47 002d 05       		.byte	0x5
  48 002e 95000000 		.4byte	.LASF2
  49 0032 02       		.uleb128 0x2
  50 0033 02       		.byte	0x2
  51 0034 07       		.byte	0x7
  52 0035 BC060000 		.4byte	.LASF3
  53 0039 02       		.uleb128 0x2
  54 003a 04       		.byte	0x4
  55 003b 05       		.byte	0x5
  56 003c 4A030000 		.4byte	.LASF4
  57 0040 02       		.uleb128 0x2
ARM GAS  C:\Users\ASUS\AppData\Local\Temp\ccgkfvA3.s 			page 2


  58 0041 04       		.byte	0x4
  59 0042 07       		.byte	0x7
  60 0043 1A060000 		.4byte	.LASF5
  61 0047 02       		.uleb128 0x2
  62 0048 08       		.byte	0x8
  63 0049 05       		.byte	0x5
  64 004a 14010000 		.4byte	.LASF6
  65 004e 02       		.uleb128 0x2
  66 004f 08       		.byte	0x8
  67 0050 07       		.byte	0x7
  68 0051 F9020000 		.4byte	.LASF7
  69 0055 03       		.uleb128 0x3
  70 0056 04       		.byte	0x4
  71 0057 05       		.byte	0x5
  72 0058 696E7400 		.ascii	"int\000"
  73 005c 02       		.uleb128 0x2
  74 005d 04       		.byte	0x4
  75 005e 07       		.byte	0x7
  76 005f F2050000 		.4byte	.LASF8
  77 0063 04       		.uleb128 0x4
  78 0064 BE010000 		.4byte	.LASF94
  79 0068 03       		.byte	0x3
  80 0069 E701     		.2byte	0x1e7
  81 006b 32000000 		.4byte	0x32
  82 006f 02       		.uleb128 0x2
  83 0070 04       		.byte	0x4
  84 0071 04       		.byte	0x4
  85 0072 90020000 		.4byte	.LASF9
  86 0076 02       		.uleb128 0x2
  87 0077 08       		.byte	0x8
  88 0078 04       		.byte	0x4
  89 0079 04080000 		.4byte	.LASF10
  90 007d 02       		.uleb128 0x2
  91 007e 01       		.byte	0x1
  92 007f 08       		.byte	0x8
  93 0080 37070000 		.4byte	.LASF11
  94 0084 05       		.uleb128 0x5
  95 0085 63000000 		.4byte	0x63
  96 0089 02       		.uleb128 0x2
  97 008a 08       		.byte	0x8
  98 008b 04       		.byte	0x4
  99 008c ED040000 		.4byte	.LASF12
 100 0090 02       		.uleb128 0x2
 101 0091 04       		.byte	0x4
 102 0092 07       		.byte	0x7
 103 0093 EA000000 		.4byte	.LASF13
 104 0097 06       		.uleb128 0x6
 105 0098 01       		.byte	0x1
 106 0099 24000000 		.4byte	0x24
 107 009d 01       		.byte	0x1
 108 009e 3501     		.2byte	0x135
 109 00a0 55020000 		.4byte	0x255
 110 00a4 07       		.uleb128 0x7
 111 00a5 29020000 		.4byte	.LASF14
 112 00a9 00       		.byte	0
 113 00aa 07       		.uleb128 0x7
 114 00ab 58010000 		.4byte	.LASF15
ARM GAS  C:\Users\ASUS\AppData\Local\Temp\ccgkfvA3.s 			page 3


 115 00af 01       		.byte	0x1
 116 00b0 07       		.uleb128 0x7
 117 00b1 E8090000 		.4byte	.LASF16
 118 00b5 02       		.byte	0x2
 119 00b6 07       		.uleb128 0x7
 120 00b7 73080000 		.4byte	.LASF17
 121 00bb 03       		.byte	0x3
 122 00bc 07       		.uleb128 0x7
 123 00bd 22010000 		.4byte	.LASF18
 124 00c1 04       		.byte	0x4
 125 00c2 07       		.uleb128 0x7
 126 00c3 DB030000 		.4byte	.LASF19
 127 00c7 05       		.byte	0x5
 128 00c8 07       		.uleb128 0x7
 129 00c9 3E000000 		.4byte	.LASF20
 130 00cd 06       		.byte	0x6
 131 00ce 07       		.uleb128 0x7
 132 00cf D1080000 		.4byte	.LASF21
 133 00d3 20       		.byte	0x20
 134 00d4 07       		.uleb128 0x7
 135 00d5 2C060000 		.4byte	.LASF22
 136 00d9 21       		.byte	0x21
 137 00da 07       		.uleb128 0x7
 138 00db 00000000 		.4byte	.LASF23
 139 00df 22       		.byte	0x22
 140 00e0 07       		.uleb128 0x7
 141 00e1 F7030000 		.4byte	.LASF24
 142 00e5 23       		.byte	0x23
 143 00e6 07       		.uleb128 0x7
 144 00e7 D6050000 		.4byte	.LASF25
 145 00eb 24       		.byte	0x24
 146 00ec 07       		.uleb128 0x7
 147 00ed 9F000000 		.4byte	.LASF26
 148 00f1 25       		.byte	0x25
 149 00f2 07       		.uleb128 0x7
 150 00f3 4B080000 		.4byte	.LASF27
 151 00f7 26       		.byte	0x26
 152 00f8 07       		.uleb128 0x7
 153 00f9 84030000 		.4byte	.LASF28
 154 00fd 27       		.byte	0x27
 155 00fe 07       		.uleb128 0x7
 156 00ff 720A0000 		.4byte	.LASF29
 157 0103 28       		.byte	0x28
 158 0104 07       		.uleb128 0x7
 159 0105 64060000 		.4byte	.LASF30
 160 0109 29       		.byte	0x29
 161 010a 07       		.uleb128 0x7
 162 010b E7060000 		.4byte	.LASF31
 163 010f 2A       		.byte	0x2a
 164 0110 07       		.uleb128 0x7
 165 0111 A4070000 		.4byte	.LASF32
 166 0115 2B       		.byte	0x2b
 167 0116 07       		.uleb128 0x7
 168 0117 C5010000 		.4byte	.LASF33
 169 011b 2C       		.byte	0x2c
 170 011c 07       		.uleb128 0x7
 171 011d AF020000 		.4byte	.LASF34
ARM GAS  C:\Users\ASUS\AppData\Local\Temp\ccgkfvA3.s 			page 4


 172 0121 2D       		.byte	0x2d
 173 0122 07       		.uleb128 0x7
 174 0123 71000000 		.4byte	.LASF35
 175 0127 2E       		.byte	0x2e
 176 0128 07       		.uleb128 0x7
 177 0129 D60A0000 		.4byte	.LASF36
 178 012d 2F       		.byte	0x2f
 179 012e 07       		.uleb128 0x7
 180 012f F3000000 		.4byte	.LASF37
 181 0133 30       		.byte	0x30
 182 0134 07       		.uleb128 0x7
 183 0135 C9040000 		.4byte	.LASF38
 184 0139 31       		.byte	0x31
 185 013a 07       		.uleb128 0x7
 186 013b D8020000 		.4byte	.LASF39
 187 013f 32       		.byte	0x32
 188 0140 07       		.uleb128 0x7
 189 0141 10070000 		.4byte	.LASF40
 190 0145 33       		.byte	0x33
 191 0146 07       		.uleb128 0x7
 192 0147 81060000 		.4byte	.LASF41
 193 014b 34       		.byte	0x34
 194 014c 07       		.uleb128 0x7
 195 014d 2E080000 		.4byte	.LASF42
 196 0151 35       		.byte	0x35
 197 0152 07       		.uleb128 0x7
 198 0153 10030000 		.4byte	.LASF43
 199 0157 36       		.byte	0x36
 200 0158 07       		.uleb128 0x7
 201 0159 6B010000 		.4byte	.LASF44
 202 015d 37       		.byte	0x37
 203 015e 07       		.uleb128 0x7
 204 015f 57000000 		.4byte	.LASF45
 205 0163 40       		.byte	0x40
 206 0164 07       		.uleb128 0x7
 207 0165 FF050000 		.4byte	.LASF46
 208 0169 41       		.byte	0x41
 209 016a 07       		.uleb128 0x7
 210 016b B9000000 		.4byte	.LASF47
 211 016f 42       		.byte	0x42
 212 0170 07       		.uleb128 0x7
 213 0171 A0010000 		.4byte	.LASF48
 214 0175 43       		.byte	0x43
 215 0176 07       		.uleb128 0x7
 216 0177 A6090000 		.4byte	.LASF49
 217 017b 44       		.byte	0x44
 218 017c 07       		.uleb128 0x7
 219 017d 61090000 		.4byte	.LASF50
 220 0181 45       		.byte	0x45
 221 0182 07       		.uleb128 0x7
 222 0183 37010000 		.4byte	.LASF51
 223 0187 46       		.byte	0x46
 224 0188 07       		.uleb128 0x7
 225 0189 6B050000 		.4byte	.LASF52
 226 018d 47       		.byte	0x47
 227 018e 07       		.uleb128 0x7
 228 018f AF050000 		.4byte	.LASF53
ARM GAS  C:\Users\ASUS\AppData\Local\Temp\ccgkfvA3.s 			page 5


 229 0193 48       		.byte	0x48
 230 0194 07       		.uleb128 0x7
 231 0195 96020000 		.4byte	.LASF54
 232 0199 49       		.byte	0x49
 233 019a 07       		.uleb128 0x7
 234 019b 58070000 		.4byte	.LASF55
 235 019f 4A       		.byte	0x4a
 236 01a0 07       		.uleb128 0x7
 237 01a1 E9010000 		.4byte	.LASF56
 238 01a5 4B       		.byte	0x4b
 239 01a6 07       		.uleb128 0x7
 240 01a7 95050000 		.4byte	.LASF57
 241 01ab 4C       		.byte	0x4c
 242 01ac 07       		.uleb128 0x7
 243 01ad 24000000 		.4byte	.LASF58
 244 01b1 4D       		.byte	0x4d
 245 01b2 07       		.uleb128 0x7
 246 01b3 88090000 		.4byte	.LASF59
 247 01b7 4E       		.byte	0x4e
 248 01b8 07       		.uleb128 0x7
 249 01b9 2D050000 		.4byte	.LASF60
 250 01bd 4F       		.byte	0x4f
 251 01be 07       		.uleb128 0x7
 252 01bf 530A0000 		.4byte	.LASF61
 253 01c3 50       		.byte	0x50
 254 01c4 07       		.uleb128 0x7
 255 01c5 85070000 		.4byte	.LASF62
 256 01c9 51       		.byte	0x51
 257 01ca 07       		.uleb128 0x7
 258 01cb BA030000 		.4byte	.LASF63
 259 01cf 52       		.byte	0x52
 260 01d0 07       		.uleb128 0x7
 261 01d1 53030000 		.4byte	.LASF64
 262 01d5 53       		.byte	0x53
 263 01d6 07       		.uleb128 0x7
 264 01d7 08020000 		.4byte	.LASF65
 265 01db 54       		.byte	0x54
 266 01dc 07       		.uleb128 0x7
 267 01dd A00A0000 		.4byte	.LASF66
 268 01e1 55       		.byte	0x55
 269 01e2 07       		.uleb128 0x7
 270 01e3 310A0000 		.4byte	.LASF67
 271 01e7 56       		.byte	0x56
 272 01e8 07       		.uleb128 0x7
 273 01e9 080A0000 		.4byte	.LASF68
 274 01ed 57       		.byte	0x57
 275 01ee 07       		.uleb128 0x7
 276 01ef 99060000 		.4byte	.LASF69
 277 01f3 58       		.byte	0x58
 278 01f4 07       		.uleb128 0x7
 279 01f5 F9040000 		.4byte	.LASF70
 280 01f9 70       		.byte	0x70
 281 01fa 07       		.uleb128 0x7
 282 01fb AB080000 		.4byte	.LASF71
 283 01ff 71       		.byte	0x71
 284 0200 07       		.uleb128 0x7
 285 0201 3C070000 		.4byte	.LASF72
ARM GAS  C:\Users\ASUS\AppData\Local\Temp\ccgkfvA3.s 			page 6


 286 0205 72       		.byte	0x72
 287 0206 07       		.uleb128 0x7
 288 0207 51020000 		.4byte	.LASF73
 289 020b 73       		.byte	0x73
 290 020c 07       		.uleb128 0x7
 291 020d AB040000 		.4byte	.LASF74
 292 0211 74       		.byte	0x74
 293 0212 07       		.uleb128 0x7
 294 0213 43060000 		.4byte	.LASF75
 295 0217 75       		.byte	0x75
 296 0218 07       		.uleb128 0x7
 297 0219 6F020000 		.4byte	.LASF76
 298 021d 76       		.byte	0x76
 299 021e 07       		.uleb128 0x7
 300 021f 8C080000 		.4byte	.LASF77
 301 0223 77       		.byte	0x77
 302 0224 07       		.uleb128 0x7
 303 0225 E1070000 		.4byte	.LASF78
 304 0229 78       		.byte	0x78
 305 022a 07       		.uleb128 0x7
 306 022b 0B080000 		.4byte	.LASF79
 307 022f 79       		.byte	0x79
 308 0230 07       		.uleb128 0x7
 309 0231 C4090000 		.4byte	.LASF80
 310 0235 7A       		.byte	0x7a
 311 0236 07       		.uleb128 0x7
 312 0237 C3070000 		.4byte	.LASF81
 313 023b FA       		.byte	0xfa
 314 023c 07       		.uleb128 0x7
 315 023d 4C050000 		.4byte	.LASF82
 316 0241 FB       		.byte	0xfb
 317 0242 07       		.uleb128 0x7
 318 0243 C40A0000 		.4byte	.LASF83
 319 0247 FC       		.byte	0xfc
 320 0248 07       		.uleb128 0x7
 321 0249 CF060000 		.4byte	.LASF84
 322 024d FD       		.byte	0xfd
 323 024e 07       		.uleb128 0x7
 324 024f FA090000 		.4byte	.LASF85
 325 0253 FF       		.byte	0xff
 326 0254 00       		.byte	0
 327 0255 06       		.uleb128 0x6
 328 0256 01       		.byte	0x1
 329 0257 24000000 		.4byte	0x24
 330 025b 02       		.byte	0x2
 331 025c EB08     		.2byte	0x8eb
 332 025e 81020000 		.4byte	0x281
 333 0262 07       		.uleb128 0x7
 334 0263 76070000 		.4byte	.LASF86
 335 0267 00       		.byte	0
 336 0268 07       		.uleb128 0x7
 337 0269 74030000 		.4byte	.LASF87
 338 026d 01       		.byte	0x1
 339 026e 07       		.uleb128 0x7
 340 026f D7000000 		.4byte	.LASF88
 341 0273 02       		.byte	0x2
 342 0274 07       		.uleb128 0x7
ARM GAS  C:\Users\ASUS\AppData\Local\Temp\ccgkfvA3.s 			page 7


 343 0275 A3030000 		.4byte	.LASF89
 344 0279 02       		.byte	0x2
 345 027a 07       		.uleb128 0x7
 346 027b 40020000 		.4byte	.LASF90
 347 027f 03       		.byte	0x3
 348 0280 00       		.byte	0
 349 0281 08       		.uleb128 0x8
 350 0282 31030000 		.4byte	.LASF95
 351 0286 04       		.byte	0x4
 352 0287 22       		.byte	0x22
 353 0288 84000000 		.4byte	0x84
 354 028c 05       		.uleb128 0x5
 355 028d 03       		.byte	0x3
 356 028e 00000000 		.4byte	current_watchdog_counter
 357 0292 00       		.byte	0
 358              		.section	.debug_abbrev,"",%progbits
 359              	.Ldebug_abbrev0:
 360 0000 01       		.uleb128 0x1
 361 0001 11       		.uleb128 0x11
 362 0002 01       		.byte	0x1
 363 0003 25       		.uleb128 0x25
 364 0004 0E       		.uleb128 0xe
 365 0005 13       		.uleb128 0x13
 366 0006 0B       		.uleb128 0xb
 367 0007 03       		.uleb128 0x3
 368 0008 0E       		.uleb128 0xe
 369 0009 1B       		.uleb128 0x1b
 370 000a 0E       		.uleb128 0xe
 371 000b 10       		.uleb128 0x10
 372 000c 17       		.uleb128 0x17
 373 000d 00       		.byte	0
 374 000e 00       		.byte	0
 375 000f 02       		.uleb128 0x2
 376 0010 24       		.uleb128 0x24
 377 0011 00       		.byte	0
 378 0012 0B       		.uleb128 0xb
 379 0013 0B       		.uleb128 0xb
 380 0014 3E       		.uleb128 0x3e
 381 0015 0B       		.uleb128 0xb
 382 0016 03       		.uleb128 0x3
 383 0017 0E       		.uleb128 0xe
 384 0018 00       		.byte	0
 385 0019 00       		.byte	0
 386 001a 03       		.uleb128 0x3
 387 001b 24       		.uleb128 0x24
 388 001c 00       		.byte	0
 389 001d 0B       		.uleb128 0xb
 390 001e 0B       		.uleb128 0xb
 391 001f 3E       		.uleb128 0x3e
 392 0020 0B       		.uleb128 0xb
 393 0021 03       		.uleb128 0x3
 394 0022 08       		.uleb128 0x8
 395 0023 00       		.byte	0
 396 0024 00       		.byte	0
 397 0025 04       		.uleb128 0x4
 398 0026 16       		.uleb128 0x16
 399 0027 00       		.byte	0
ARM GAS  C:\Users\ASUS\AppData\Local\Temp\ccgkfvA3.s 			page 8


 400 0028 03       		.uleb128 0x3
 401 0029 0E       		.uleb128 0xe
 402 002a 3A       		.uleb128 0x3a
 403 002b 0B       		.uleb128 0xb
 404 002c 3B       		.uleb128 0x3b
 405 002d 05       		.uleb128 0x5
 406 002e 49       		.uleb128 0x49
 407 002f 13       		.uleb128 0x13
 408 0030 00       		.byte	0
 409 0031 00       		.byte	0
 410 0032 05       		.uleb128 0x5
 411 0033 35       		.uleb128 0x35
 412 0034 00       		.byte	0
 413 0035 49       		.uleb128 0x49
 414 0036 13       		.uleb128 0x13
 415 0037 00       		.byte	0
 416 0038 00       		.byte	0
 417 0039 06       		.uleb128 0x6
 418 003a 04       		.uleb128 0x4
 419 003b 01       		.byte	0x1
 420 003c 0B       		.uleb128 0xb
 421 003d 0B       		.uleb128 0xb
 422 003e 49       		.uleb128 0x49
 423 003f 13       		.uleb128 0x13
 424 0040 3A       		.uleb128 0x3a
 425 0041 0B       		.uleb128 0xb
 426 0042 3B       		.uleb128 0x3b
 427 0043 05       		.uleb128 0x5
 428 0044 01       		.uleb128 0x1
 429 0045 13       		.uleb128 0x13
 430 0046 00       		.byte	0
 431 0047 00       		.byte	0
 432 0048 07       		.uleb128 0x7
 433 0049 28       		.uleb128 0x28
 434 004a 00       		.byte	0
 435 004b 03       		.uleb128 0x3
 436 004c 0E       		.uleb128 0xe
 437 004d 1C       		.uleb128 0x1c
 438 004e 0B       		.uleb128 0xb
 439 004f 00       		.byte	0
 440 0050 00       		.byte	0
 441 0051 08       		.uleb128 0x8
 442 0052 34       		.uleb128 0x34
 443 0053 00       		.byte	0
 444 0054 03       		.uleb128 0x3
 445 0055 0E       		.uleb128 0xe
 446 0056 3A       		.uleb128 0x3a
 447 0057 0B       		.uleb128 0xb
 448 0058 3B       		.uleb128 0x3b
 449 0059 0B       		.uleb128 0xb
 450 005a 49       		.uleb128 0x49
 451 005b 13       		.uleb128 0x13
 452 005c 3F       		.uleb128 0x3f
 453 005d 19       		.uleb128 0x19
 454 005e 02       		.uleb128 0x2
 455 005f 18       		.uleb128 0x18
 456 0060 00       		.byte	0
ARM GAS  C:\Users\ASUS\AppData\Local\Temp\ccgkfvA3.s 			page 9


 457 0061 00       		.byte	0
 458 0062 00       		.byte	0
 459              		.section	.debug_aranges,"",%progbits
 460 0000 14000000 		.4byte	0x14
 461 0004 0200     		.2byte	0x2
 462 0006 00000000 		.4byte	.Ldebug_info0
 463 000a 04       		.byte	0x4
 464 000b 00       		.byte	0
 465 000c 0000     		.2byte	0
 466 000e 0000     		.2byte	0
 467 0010 00000000 		.4byte	0
 468 0014 00000000 		.4byte	0
 469              		.section	.debug_line,"",%progbits
 470              	.Ldebug_line0:
 471 0000 6E000000 		.section	.debug_str,"MS",%progbits,1
 471      02006800 
 471      00000201 
 471      FB0E0D00 
 471      01010101 
 472              	.LASF23:
 473 0000 4359424C 		.ascii	"CYBLE_EVT_GAP_PASSKEY_ENTRY_REQUEST\000"
 473      455F4556 
 473      545F4741 
 473      505F5041 
 473      53534B45 
 474              	.LASF58:
 475 0024 4359424C 		.ascii	"CYBLE_EVT_GATTC_WRITE_RSP\000"
 475      455F4556 
 475      545F4741 
 475      5454435F 
 475      57524954 
 476              	.LASF20:
 477 003e 4359424C 		.ascii	"CYBLE_EVT_MEMORY_REQUEST\000"
 477      455F4556 
 477      545F4D45 
 477      4D4F5259 
 477      5F524551 
 478              	.LASF45:
 479 0057 4359424C 		.ascii	"CYBLE_EVT_GATTC_ERROR_RSP\000"
 479      455F4556 
 479      545F4741 
 479      5454435F 
 479      4552524F 
 480              	.LASF35:
 481 0071 4359424C 		.ascii	"CYBLE_EVT_GAP_KEYPRESS_NOTIFICATION\000"
 481      455F4556 
 481      545F4741 
 481      505F4B45 
 481      59505245 
 482              	.LASF2:
 483 0095 73686F72 		.ascii	"short int\000"
 483      7420696E 
 483      7400
 484              	.LASF26:
 485 009f 4359424C 		.ascii	"CYBLE_EVT_GAP_AUTH_FAILED\000"
 485      455F4556 
 485      545F4741 
ARM GAS  C:\Users\ASUS\AppData\Local\Temp\ccgkfvA3.s 			page 10


 485      505F4155 
 485      54485F46 
 486              	.LASF47:
 487 00b9 4359424C 		.ascii	"CYBLE_EVT_GATT_DISCONNECT_IND\000"
 487      455F4556 
 487      545F4741 
 487      54545F44 
 487      4953434F 
 488              	.LASF88:
 489 00d7 4359424C 		.ascii	"CYBLE_SRVI_CUSTOMS\000"
 489      455F5352 
 489      56495F43 
 489      5553544F 
 489      4D5300
 490              	.LASF13:
 491 00ea 73697A65 		.ascii	"sizetype\000"
 491      74797065 
 491      00
 492              	.LASF37:
 493 00f3 4359424C 		.ascii	"CYBLE_EVT_GAP_DATA_LENGTH_CHANGE\000"
 493      455F4556 
 493      545F4741 
 493      505F4441 
 493      54415F4C 
 494              	.LASF6:
 495 0114 6C6F6E67 		.ascii	"long long int\000"
 495      206C6F6E 
 495      6720696E 
 495      7400
 496              	.LASF18:
 497 0122 4359424C 		.ascii	"CYBLE_EVT_HCI_STATUS\000"
 497      455F4556 
 497      545F4843 
 497      495F5354 
 497      41545553 
 498              	.LASF51:
 499 0137 4359424C 		.ascii	"CYBLE_EVT_GATTC_READ_BY_TYPE_RSP\000"
 499      455F4556 
 499      545F4741 
 499      5454435F 
 499      52454144 
 500              	.LASF15:
 501 0158 4359424C 		.ascii	"CYBLE_EVT_STACK_ON\000"
 501      455F4556 
 501      545F5354 
 501      41434B5F 
 501      4F4E00
 502              	.LASF44:
 503 016b 4359424C 		.ascii	"CYBLE_EVT_GAP_SMP_LOC_P256_KEYS_GEN_AND_SET_COMPLET"
 503      455F4556 
 503      545F4741 
 503      505F534D 
 503      505F4C4F 
 504 019e 4500     		.ascii	"E\000"
 505              	.LASF48:
 506 01a0 4359424C 		.ascii	"CYBLE_EVT_GATTS_XCNHG_MTU_REQ\000"
 506      455F4556 
ARM GAS  C:\Users\ASUS\AppData\Local\Temp\ccgkfvA3.s 			page 11


 506      545F4741 
 506      5454535F 
 506      58434E48 
 507              	.LASF94:
 508 01be 75696E74 		.ascii	"uint16\000"
 508      313600
 509              	.LASF33:
 510 01c5 4359424C 		.ascii	"CYBLE_EVT_GAP_KEYINFO_EXCHNGE_CMPLT\000"
 510      455F4556 
 510      545F4741 
 510      505F4B45 
 510      59494E46 
 511              	.LASF56:
 512 01e9 4359424C 		.ascii	"CYBLE_EVT_GATTC_READ_MULTI_RSP\000"
 512      455F4556 
 512      545F4741 
 512      5454435F 
 512      52454144 
 513              	.LASF65:
 514 0208 4359424C 		.ascii	"CYBLE_EVT_GATTS_HANDLE_VALUE_CNF\000"
 514      455F4556 
 514      545F4741 
 514      5454535F 
 514      48414E44 
 515              	.LASF14:
 516 0229 4359424C 		.ascii	"CYBLE_EVT_HOST_INVALID\000"
 516      455F4556 
 516      545F484F 
 516      53545F49 
 516      4E56414C 
 517              	.LASF90:
 518 0240 4359424C 		.ascii	"CYBLE_SRVI_COUNT\000"
 518      455F5352 
 518      56495F43 
 518      4F554E54 
 518      00
 519              	.LASF73:
 520 0251 4359424C 		.ascii	"CYBLE_EVT_L2CAP_CBFC_CONN_IND\000"
 520      455F4556 
 520      545F4C32 
 520      4341505F 
 520      43424643 
 521              	.LASF76:
 522 026f 4359424C 		.ascii	"CYBLE_EVT_L2CAP_CBFC_DISCONN_CNF\000"
 522      455F4556 
 522      545F4C32 
 522      4341505F 
 522      43424643 
 523              	.LASF9:
 524 0290 666C6F61 		.ascii	"float\000"
 524      7400
 525              	.LASF54:
 526 0296 4359424C 		.ascii	"CYBLE_EVT_GATTC_READ_RSP\000"
 526      455F4556 
 526      545F4741 
 526      5454435F 
 526      52454144 
ARM GAS  C:\Users\ASUS\AppData\Local\Temp\ccgkfvA3.s 			page 12


 527              	.LASF34:
 528 02af 4359424C 		.ascii	"CYBLE_EVT_GAP_NUMERIC_COMPARISON_REQUEST\000"
 528      455F4556 
 528      545F4741 
 528      505F4E55 
 528      4D455249 
 529              	.LASF39:
 530 02d8 4359424C 		.ascii	"CYBLE_EVT_GAPC_DIRECT_ADV_REPORT\000"
 530      455F4556 
 530      545F4741 
 530      50435F44 
 530      49524543 
 531              	.LASF7:
 532 02f9 6C6F6E67 		.ascii	"long long unsigned int\000"
 532      206C6F6E 
 532      6720756E 
 532      7369676E 
 532      65642069 
 533              	.LASF43:
 534 0310 4359424C 		.ascii	"CYBLE_EVT_GAP_AUTH_REQ_REPLY_ERR\000"
 534      455F4556 
 534      545F4741 
 534      505F4155 
 534      54485F52 
 535              	.LASF95:
 536 0331 63757272 		.ascii	"current_watchdog_counter\000"
 536      656E745F 
 536      77617463 
 536      68646F67 
 536      5F636F75 
 537              	.LASF4:
 538 034a 6C6F6E67 		.ascii	"long int\000"
 538      20696E74 
 538      00
 539              	.LASF64:
 540 0353 4359424C 		.ascii	"CYBLE_EVT_GATTC_HANDLE_VALUE_IND\000"
 540      455F4556 
 540      545F4741 
 540      5454435F 
 540      48414E44 
 541              	.LASF87:
 542 0374 4359424C 		.ascii	"CYBLE_SRVI_GATT\000"
 542      455F5352 
 542      56495F47 
 542      41545400 
 543              	.LASF28:
 544 0384 4359424C 		.ascii	"CYBLE_EVT_GAP_DEVICE_CONNECTED\000"
 544      455F4556 
 544      545F4741 
 544      505F4445 
 544      56494345 
 545              	.LASF89:
 546 03a3 4359424C 		.ascii	"CYBLE_SRVI_CUSTOMS_END\000"
 546      455F5352 
 546      56495F43 
 546      5553544F 
 546      4D535F45 
ARM GAS  C:\Users\ASUS\AppData\Local\Temp\ccgkfvA3.s 			page 13


 547              	.LASF63:
 548 03ba 4359424C 		.ascii	"CYBLE_EVT_GATTC_HANDLE_VALUE_NTF\000"
 548      455F4556 
 548      545F4741 
 548      5454435F 
 548      48414E44 
 549              	.LASF19:
 550 03db 4359424C 		.ascii	"CYBLE_EVT_STACK_BUSY_STATUS\000"
 550      455F4556 
 550      545F5354 
 550      41434B5F 
 550      42555359 
 551              	.LASF24:
 552 03f7 4359424C 		.ascii	"CYBLE_EVT_GAP_PASSKEY_DISPLAY_REQUEST\000"
 552      455F4556 
 552      545F4741 
 552      505F5041 
 552      53534B45 
 553              	.LASF91:
 554 041d 474E5520 		.ascii	"GNU C11 5.4.1 20160609 (release) [ARM/embedded-5-br"
 554      43313120 
 554      352E342E 
 554      31203230 
 554      31363036 
 555 0450 616E6368 		.ascii	"anch revision 237715] -mcpu=cortex-m0 -mthumb -g -O"
 555      20726576 
 555      6973696F 
 555      6E203233 
 555      37373135 
 556 0483 30202D66 		.ascii	"0 -ffunction-sections -ffat-lto-objects\000"
 556      66756E63 
 556      74696F6E 
 556      2D736563 
 556      74696F6E 
 557              	.LASF74:
 558 04ab 4359424C 		.ascii	"CYBLE_EVT_L2CAP_CBFC_CONN_CNF\000"
 558      455F4556 
 558      545F4C32 
 558      4341505F 
 558      43424643 
 559              	.LASF38:
 560 04c9 4359424C 		.ascii	"CYBLE_EVT_GAP_ENHANCE_CONN_COMPLETE\000"
 560      455F4556 
 560      545F4741 
 560      505F454E 
 560      48414E43 
 561              	.LASF12:
 562 04ed 6C6F6E67 		.ascii	"long double\000"
 562      20646F75 
 562      626C6500 
 563              	.LASF70:
 564 04f9 4359424C 		.ascii	"CYBLE_EVT_L2CAP_CONN_PARAM_UPDATE_REQ\000"
 564      455F4556 
 564      545F4C32 
 564      4341505F 
 564      434F4E4E 
 565              	.LASF1:
ARM GAS  C:\Users\ASUS\AppData\Local\Temp\ccgkfvA3.s 			page 14


 566 051f 756E7369 		.ascii	"unsigned char\000"
 566      676E6564 
 566      20636861 
 566      7200
 567              	.LASF60:
 568 052d 4359424C 		.ascii	"CYBLE_EVT_GATTS_PREP_WRITE_REQ\000"
 568      455F4556 
 568      545F4741 
 568      5454535F 
 568      50524550 
 569              	.LASF82:
 570 054c 4359424C 		.ascii	"CYBLE_EVT_LE_PING_AUTH_TIMEOUT\000"
 570      455F4556 
 570      545F4C45 
 570      5F50494E 
 570      475F4155 
 571              	.LASF52:
 572 056b 4359424C 		.ascii	"CYBLE_EVT_GATTC_FIND_INFO_RSP\000"
 572      455F4556 
 572      545F4741 
 572      5454435F 
 572      46494E44 
 573              	.LASF0:
 574 0589 7369676E 		.ascii	"signed char\000"
 574      65642063 
 574      68617200 
 575              	.LASF57:
 576 0595 4359424C 		.ascii	"CYBLE_EVT_GATTS_WRITE_REQ\000"
 576      455F4556 
 576      545F4741 
 576      5454535F 
 576      57524954 
 577              	.LASF53:
 578 05af 4359424C 		.ascii	"CYBLE_EVT_GATTC_FIND_BY_TYPE_VALUE_RSP\000"
 578      455F4556 
 578      545F4741 
 578      5454435F 
 578      46494E44 
 579              	.LASF25:
 580 05d6 4359424C 		.ascii	"CYBLE_EVT_GAP_AUTH_COMPLETE\000"
 580      455F4556 
 580      545F4741 
 580      505F4155 
 580      54485F43 
 581              	.LASF8:
 582 05f2 756E7369 		.ascii	"unsigned int\000"
 582      676E6564 
 582      20696E74 
 582      00
 583              	.LASF46:
 584 05ff 4359424C 		.ascii	"CYBLE_EVT_GATT_CONNECT_IND\000"
 584      455F4556 
 584      545F4741 
 584      54545F43 
 584      4F4E4E45 
 585              	.LASF5:
 586 061a 6C6F6E67 		.ascii	"long unsigned int\000"
ARM GAS  C:\Users\ASUS\AppData\Local\Temp\ccgkfvA3.s 			page 15


 586      20756E73 
 586      69676E65 
 586      6420696E 
 586      7400
 587              	.LASF22:
 588 062c 4359424C 		.ascii	"CYBLE_EVT_GAP_AUTH_REQ\000"
 588      455F4556 
 588      545F4741 
 588      505F4155 
 588      54485F52 
 589              	.LASF75:
 590 0643 4359424C 		.ascii	"CYBLE_EVT_L2CAP_CBFC_DISCONN_IND\000"
 590      455F4556 
 590      545F4C32 
 590      4341505F 
 590      43424643 
 591              	.LASF30:
 592 0664 4359424C 		.ascii	"CYBLE_EVT_GAP_ENCRYPT_CHANGE\000"
 592      455F4556 
 592      545F4741 
 592      505F454E 
 592      43525950 
 593              	.LASF41:
 594 0681 4359424C 		.ascii	"CYBLE_EVT_GAP_CONN_ESTB\000"
 594      455F4556 
 594      545F4741 
 594      505F434F 
 594      4E4E5F45 
 595              	.LASF69:
 596 0699 4359424C 		.ascii	"CYBLE_EVT_GATTC_LONG_PROCEDURE_END\000"
 596      455F4556 
 596      545F4741 
 596      5454435F 
 596      4C4F4E47 
 597              	.LASF3:
 598 06bc 73686F72 		.ascii	"short unsigned int\000"
 598      7420756E 
 598      7369676E 
 598      65642069 
 598      6E7400
 599              	.LASF84:
 600 06cf 4359424C 		.ascii	"CYBLE_EVT_FLASH_CORRUPT\000"
 600      455F4556 
 600      545F464C 
 600      4153485F 
 600      434F5252 
 601              	.LASF31:
 602 06e7 4359424C 		.ascii	"CYBLE_EVT_GAP_CONNECTION_UPDATE_COMPLETE\000"
 602      455F4556 
 602      545F4741 
 602      505F434F 
 602      4E4E4543 
 603              	.LASF40:
 604 0710 4359424C 		.ascii	"CYBLE_EVT_GAP_SMP_NEGOTIATED_AUTH_INFO\000"
 604      455F4556 
 604      545F4741 
 604      505F534D 
ARM GAS  C:\Users\ASUS\AppData\Local\Temp\ccgkfvA3.s 			page 16


 604      505F4E45 
 605              	.LASF11:
 606 0737 63686172 		.ascii	"char\000"
 606      00
 607              	.LASF72:
 608 073c 4359424C 		.ascii	"CYBLE_EVT_L2CAP_COMMAND_REJ\000"
 608      455F4556 
 608      545F4C32 
 608      4341505F 
 608      434F4D4D 
 609              	.LASF55:
 610 0758 4359424C 		.ascii	"CYBLE_EVT_GATTC_READ_BLOB_RSP\000"
 610      455F4556 
 610      545F4741 
 610      5454435F 
 610      52454144 
 611              	.LASF86:
 612 0776 4359424C 		.ascii	"CYBLE_SRVI_GAP\000"
 612      455F5352 
 612      56495F47 
 612      415000
 613              	.LASF62:
 614 0785 4359424C 		.ascii	"CYBLE_EVT_GATTC_EXEC_WRITE_RSP\000"
 614      455F4556 
 614      545F4741 
 614      5454435F 
 614      45584543 
 615              	.LASF32:
 616 07a4 4359424C 		.ascii	"CYBLE_EVT_GAPC_SCAN_START_STOP\000"
 616      455F4556 
 616      545F4741 
 616      50435F53 
 616      43414E5F 
 617              	.LASF81:
 618 07c3 4359424C 		.ascii	"CYBLE_EVT_PENDING_FLASH_WRITE\000"
 618      455F4556 
 618      545F5045 
 618      4E44494E 
 618      475F464C 
 619              	.LASF78:
 620 07e1 4359424C 		.ascii	"CYBLE_EVT_L2CAP_CBFC_RX_CREDIT_IND\000"
 620      455F4556 
 620      545F4C32 
 620      4341505F 
 620      43424643 
 621              	.LASF10:
 622 0804 646F7562 		.ascii	"double\000"
 622      6C6500
 623              	.LASF79:
 624 080b 4359424C 		.ascii	"CYBLE_EVT_L2CAP_CBFC_TX_CREDIT_IND\000"
 624      455F4556 
 624      545F4C32 
 624      4341505F 
 624      43424643 
 625              	.LASF42:
 626 082e 4359424C 		.ascii	"CYBLE_EVT_GAP_SCAN_REQ_RECVD\000"
 626      455F4556 
ARM GAS  C:\Users\ASUS\AppData\Local\Temp\ccgkfvA3.s 			page 17


 626      545F4741 
 626      505F5343 
 626      414E5F52 
 627              	.LASF27:
 628 084b 4359424C 		.ascii	"CYBLE_EVT_GAPP_ADVERTISEMENT_START_STOP\000"
 628      455F4556 
 628      545F4741 
 628      50505F41 
 628      44564552 
 629              	.LASF17:
 630 0873 4359424C 		.ascii	"CYBLE_EVT_HARDWARE_ERROR\000"
 630      455F4556 
 630      545F4841 
 630      52445741 
 630      52455F45 
 631              	.LASF77:
 632 088c 4359424C 		.ascii	"CYBLE_EVT_L2CAP_CBFC_DATA_READ\000"
 632      455F4556 
 632      545F4C32 
 632      4341505F 
 632      43424643 
 633              	.LASF71:
 634 08ab 4359424C 		.ascii	"CYBLE_EVT_L2CAP_CONN_PARAM_UPDATE_RSP\000"
 634      455F4556 
 634      545F4C32 
 634      4341505F 
 634      434F4E4E 
 635              	.LASF21:
 636 08d1 4359424C 		.ascii	"CYBLE_EVT_GAPC_SCAN_PROGRESS_RESULT\000"
 636      455F4556 
 636      545F4741 
 636      50435F53 
 636      43414E5F 
 637              	.LASF93:
 638 08f5 443A5C75 		.ascii	"D:\\ucu\\2_course1_term\\POC\\programs\\my_works\\S"
 638      63755C32 
 638      5F636F75 
 638      72736531 
 638      5F746572 
 639 0922 6D617274 		.ascii	"mart_lightning_system\\Mesh_Flood_Main_Auto_Reassig"
 639      5F6C6967 
 639      68746E69 
 639      6E675F73 
 639      79737465 
 640 0954 6E6D656E 		.ascii	"nment2.cydsn\000"
 640      74322E63 
 640      7964736E 
 640      00
 641              	.LASF50:
 642 0961 4359424C 		.ascii	"CYBLE_EVT_GATTC_READ_BY_GROUP_TYPE_RSP\000"
 642      455F4556 
 642      545F4741 
 642      5454435F 
 642      52454144 
 643              	.LASF59:
 644 0988 4359424C 		.ascii	"CYBLE_EVT_GATTS_WRITE_CMD_REQ\000"
 644      455F4556 
ARM GAS  C:\Users\ASUS\AppData\Local\Temp\ccgkfvA3.s 			page 18


 644      545F4741 
 644      5454535F 
 644      57524954 
 645              	.LASF49:
 646 09a6 4359424C 		.ascii	"CYBLE_EVT_GATTC_XCHNG_MTU_RSP\000"
 646      455F4556 
 646      545F4741 
 646      5454435F 
 646      5843484E 
 647              	.LASF80:
 648 09c4 4359424C 		.ascii	"CYBLE_EVT_L2CAP_CBFC_DATA_WRITE_IND\000"
 648      455F4556 
 648      545F4C32 
 648      4341505F 
 648      43424643 
 649              	.LASF16:
 650 09e8 4359424C 		.ascii	"CYBLE_EVT_TIMEOUT\000"
 650      455F4556 
 650      545F5449 
 650      4D454F55 
 650      5400
 651              	.LASF85:
 652 09fa 4359424C 		.ascii	"CYBLE_EVT_MAX\000"
 652      455F4556 
 652      545F4D41 
 652      5800
 653              	.LASF68:
 654 0a08 4359424C 		.ascii	"CYBLE_EVT_GATTS_READ_CHAR_VAL_ACCESS_REQ\000"
 654      455F4556 
 654      545F4741 
 654      5454535F 
 654      52454144 
 655              	.LASF67:
 656 0a31 4359424C 		.ascii	"CYBLE_EVT_GATTC_STOP_CMD_COMPLETE\000"
 656      455F4556 
 656      545F4741 
 656      5454435F 
 656      53544F50 
 657              	.LASF61:
 658 0a53 4359424C 		.ascii	"CYBLE_EVT_GATTS_EXEC_WRITE_REQ\000"
 658      455F4556 
 658      545F4741 
 658      5454535F 
 658      45584543 
 659              	.LASF29:
 660 0a72 4359424C 		.ascii	"CYBLE_EVT_GAP_DEVICE_DISCONNECTED\000"
 660      455F4556 
 660      545F4741 
 660      505F4445 
 660      56494345 
 661              	.LASF92:
 662 0a94 63757374 		.ascii	"customize.c\000"
 662      6F6D697A 
 662      652E6300 
 663              	.LASF66:
 664 0aa0 4359424C 		.ascii	"CYBLE_EVT_GATTS_DATA_SIGNED_CMD_REQ\000"
 664      455F4556 
ARM GAS  C:\Users\ASUS\AppData\Local\Temp\ccgkfvA3.s 			page 19


 664      545F4741 
 664      5454535F 
 664      44415441 
 665              	.LASF83:
 666 0ac4 4359424C 		.ascii	"CYBLE_EVT_HCI_PKT\000"
 666      455F4556 
 666      545F4843 
 666      495F504B 
 666      5400
 667              	.LASF36:
 668 0ad6 4359424C 		.ascii	"CYBLE_EVT_GAP_OOB_GENERATED_NOTIFICATION\000"
 668      455F4556 
 668      545F4741 
 668      505F4F4F 
 668      425F4745 
 669              		.ident	"GCC: (GNU Tools for ARM Embedded Processors) 5.4.1 20160609 (release) [ARM/embedded-5-bran
