ARM GAS  C:\Users\ASUS\AppData\Local\Temp\ccfiTo5m.s 			page 1


   1              		.syntax unified
   2              		.cpu cortex-m0
   3              		.fpu softvfp
   4              		.eabi_attribute 20, 1
   5              		.eabi_attribute 21, 1
   6              		.eabi_attribute 23, 3
   7              		.eabi_attribute 24, 1
   8              		.eabi_attribute 25, 1
   9              		.eabi_attribute 26, 1
  10              		.eabi_attribute 30, 6
  11              		.eabi_attribute 34, 0
  12              		.eabi_attribute 18, 4
  13              		.thumb
  14              		.syntax unified
  15              		.file	"debug.c"
  16              		.text
  17              	.Ltext0:
  18              		.cfi_sections	.debug_frame
  19              		.comm	current_watchdog_counter,2,2
  20              		.section	.rodata
  21              		.align	2
  22              	.LC1:
  23 0000 207C424C 		.ascii	" |BLE State: CYBLE_STATE_STOPPED \000"
  23      45205374 
  23      6174653A 
  23      20435942 
  23      4C455F53 
  24 0022 0000     		.align	2
  25              	.LC3:
  26 0024 207C424C 		.ascii	" |BLE State: CYBLE_STATE_INITIALIZING \000"
  26      45205374 
  26      6174653A 
  26      20435942 
  26      4C455F53 
  27 004b 00       		.align	2
  28              	.LC5:
  29 004c 207C424C 		.ascii	" |BLE State: CYBLE_STATE_CONNECTED \000"
  29      45205374 
  29      6174653A 
  29      20435942 
  29      4C455F53 
  30              		.align	2
  31              	.LC7:
  32 0070 207C424C 		.ascii	" |BLE State: CYBLE_STATE_ADVERTISING \000"
  32      45205374 
  32      6174653A 
  32      20435942 
  32      4C455F53 
  33 0096 0000     		.align	2
  34              	.LC9:
  35 0098 207C424C 		.ascii	" |BLE State: CYBLE_STATE_SCANNING \000"
  35      45205374 
  35      6174653A 
  35      20435942 
  35      4C455F53 
  36 00bb 00       		.align	2
  37              	.LC11:
ARM GAS  C:\Users\ASUS\AppData\Local\Temp\ccfiTo5m.s 			page 2


  38 00bc 207C424C 		.ascii	" |BLE State: CYBLE_STATE_CONNECTING \000"
  38      45205374 
  38      6174653A 
  38      20435942 
  38      4C455F53 
  39 00e1 000000   		.align	2
  40              	.LC13:
  41 00e4 207C424C 		.ascii	" |BLE State: CYBLE_STATE_DISCONNECTED \000"
  41      45205374 
  41      6174653A 
  41      20435942 
  41      4C455F53 
  42 010b 00       		.align	2
  43              	.LC15:
  44 010c 207C424C 		.ascii	" |BLE State: UNKNOWN STATE \000"
  44      45205374 
  44      6174653A 
  44      20554E4B 
  44      4E4F574E 
  45              		.section	.text.SendBLEStatetoUART,"ax",%progbits
  46              		.align	2
  47              		.global	SendBLEStatetoUART
  48              		.code	16
  49              		.thumb_func
  50              		.type	SendBLEStatetoUART, %function
  51              	SendBLEStatetoUART:
  52              	.LFB35:
  53              		.file 1 "debug.c"
   1:debug.c       **** /*******************************************************************************
   2:debug.c       **** * File Name: debug.c
   3:debug.c       **** *
   4:debug.c       **** * Version: 1.0
   5:debug.c       **** *
   6:debug.c       **** * Description:
   7:debug.c       **** * This file contains the definiton for debug functions, using UART as communication
   8:debug.c       **** * medium. These function sends UART data to KitProg/PSoC 5LP, which enumerats as
   9:debug.c       **** * COM port on connected PC.
  10:debug.c       **** *
  11:debug.c       **** ********************************************************************************
  12:debug.c       **** * Copyright 2015, Cypress Semiconductor Corporation.  All rights reserved.
  13:debug.c       **** * You may use this file only in accordance with the license, terms, conditions,
  14:debug.c       **** * disclaimers, and limitations in the end user license agreement accompanying
  15:debug.c       **** * the software package with which this file was provided.
  16:debug.c       **** *******************************************************************************/
  17:debug.c       **** #include <debug.h>
  18:debug.c       **** 
  19:debug.c       **** /*******************************************************************************
  20:debug.c       **** * Function Name: SendBLEStatetoUART
  21:debug.c       **** ********************************************************************************
  22:debug.c       **** * Summary:
  23:debug.c       **** *        Sends the string to UART corresponding to the present BLE state
  24:debug.c       **** *
  25:debug.c       **** * Parameters:
  26:debug.c       **** *  ble_state: current state of the BLE.
  27:debug.c       **** *
  28:debug.c       **** * Return:
  29:debug.c       **** *  void
ARM GAS  C:\Users\ASUS\AppData\Local\Temp\ccfiTo5m.s 			page 3


  30:debug.c       **** *
  31:debug.c       **** *******************************************************************************/
  32:debug.c       **** void SendBLEStatetoUART(CYBLE_STATE_T ble_state)
  33:debug.c       **** {
  54              		.loc 1 33 0
  55              		.cfi_startproc
  56              		@ args = 0, pretend = 0, frame = 8
  57              		@ frame_needed = 1, uses_anonymous_args = 0
  58 0000 80B5     		push	{r7, lr}
  59              		.cfi_def_cfa_offset 8
  60              		.cfi_offset 7, -8
  61              		.cfi_offset 14, -4
  62 0002 82B0     		sub	sp, sp, #8
  63              		.cfi_def_cfa_offset 16
  64 0004 00AF     		add	r7, sp, #0
  65              		.cfi_def_cfa_register 7
  66 0006 0200     		movs	r2, r0
  67 0008 FB1D     		adds	r3, r7, #7
  68 000a 1A70     		strb	r2, [r3]
  34:debug.c       **** 	switch(ble_state)
  69              		.loc 1 34 0
  70 000c FB1D     		adds	r3, r7, #7
  71 000e 1B78     		ldrb	r3, [r3]
  72 0010 062B     		cmp	r3, #6
  73 0012 27D8     		bhi	.L2
  74 0014 9A00     		lsls	r2, r3, #2
  75 0016 184B     		ldr	r3, .L12
  76 0018 D318     		adds	r3, r2, r3
  77 001a 1B68     		ldr	r3, [r3]
  78 001c 9F46     		mov	pc, r3
  79              		.section	.rodata
  80              		.align	2
  81              	.L4:
  82 0128 1E000000 		.word	.L3
  83 012c 28000000 		.word	.L5
  84 0130 32000000 		.word	.L6
  85 0134 3C000000 		.word	.L7
  86 0138 46000000 		.word	.L8
  87 013c 50000000 		.word	.L9
  88 0140 5A000000 		.word	.L10
  89              		.section	.text.SendBLEStatetoUART
  90              	.L3:
  35:debug.c       **** 	{
  36:debug.c       **** 		case CYBLE_STATE_STOPPED:
  37:debug.c       **** 		#ifdef DEBUG_ENABLED
  38:debug.c       **** 			UART_UartPutString(" |BLE State: CYBLE_STATE_STOPPED ");
  91              		.loc 1 38 0
  92 001e 174B     		ldr	r3, .L12+4
  93 0020 1800     		movs	r0, r3
  94 0022 FFF7FEFF 		bl	UART_UartPutString
  39:debug.c       **** 		#endif
  40:debug.c       **** 		break;
  95              		.loc 1 40 0
  96 0026 22E0     		b	.L11
  97              	.L5:
  41:debug.c       **** 		
  42:debug.c       **** 		case CYBLE_STATE_INITIALIZING:
ARM GAS  C:\Users\ASUS\AppData\Local\Temp\ccfiTo5m.s 			page 4


  43:debug.c       **** 		#ifdef DEBUG_ENABLED
  44:debug.c       **** 			UART_UartPutString(" |BLE State: CYBLE_STATE_INITIALIZING ");
  98              		.loc 1 44 0
  99 0028 154B     		ldr	r3, .L12+8
 100 002a 1800     		movs	r0, r3
 101 002c FFF7FEFF 		bl	UART_UartPutString
  45:debug.c       **** 		#endif
  46:debug.c       **** 		break;
 102              		.loc 1 46 0
 103 0030 1DE0     		b	.L11
 104              	.L6:
  47:debug.c       **** 		
  48:debug.c       **** 		case CYBLE_STATE_CONNECTED:
  49:debug.c       **** 		#ifdef DEBUG_ENABLED
  50:debug.c       **** 			UART_UartPutString(" |BLE State: CYBLE_STATE_CONNECTED ");
 105              		.loc 1 50 0
 106 0032 144B     		ldr	r3, .L12+12
 107 0034 1800     		movs	r0, r3
 108 0036 FFF7FEFF 		bl	UART_UartPutString
  51:debug.c       **** 		#endif
  52:debug.c       **** 		break;
 109              		.loc 1 52 0
 110 003a 18E0     		b	.L11
 111              	.L7:
  53:debug.c       **** 		
  54:debug.c       **** 		case CYBLE_STATE_ADVERTISING:
  55:debug.c       **** 		#ifdef DEBUG_ENABLED
  56:debug.c       **** 			UART_UartPutString(" |BLE State: CYBLE_STATE_ADVERTISING ");
 112              		.loc 1 56 0
 113 003c 124B     		ldr	r3, .L12+16
 114 003e 1800     		movs	r0, r3
 115 0040 FFF7FEFF 		bl	UART_UartPutString
  57:debug.c       **** 		#endif
  58:debug.c       **** 		break;
 116              		.loc 1 58 0
 117 0044 13E0     		b	.L11
 118              	.L8:
  59:debug.c       **** 		
  60:debug.c       **** 		case CYBLE_STATE_SCANNING:
  61:debug.c       **** 		#ifdef DEBUG_ENABLED
  62:debug.c       **** 			UART_UartPutString(" |BLE State: CYBLE_STATE_SCANNING ");
 119              		.loc 1 62 0
 120 0046 114B     		ldr	r3, .L12+20
 121 0048 1800     		movs	r0, r3
 122 004a FFF7FEFF 		bl	UART_UartPutString
  63:debug.c       **** 		#endif
  64:debug.c       **** 		break;
 123              		.loc 1 64 0
 124 004e 0EE0     		b	.L11
 125              	.L9:
  65:debug.c       **** 		
  66:debug.c       **** 		case CYBLE_STATE_CONNECTING:
  67:debug.c       **** 		#ifdef DEBUG_ENABLED
  68:debug.c       **** 			UART_UartPutString(" |BLE State: CYBLE_STATE_CONNECTING ");
 126              		.loc 1 68 0
 127 0050 0F4B     		ldr	r3, .L12+24
 128 0052 1800     		movs	r0, r3
ARM GAS  C:\Users\ASUS\AppData\Local\Temp\ccfiTo5m.s 			page 5


 129 0054 FFF7FEFF 		bl	UART_UartPutString
  69:debug.c       **** 		#endif
  70:debug.c       **** 		break;
 130              		.loc 1 70 0
 131 0058 09E0     		b	.L11
 132              	.L10:
  71:debug.c       **** 		
  72:debug.c       **** 		case CYBLE_STATE_DISCONNECTED:
  73:debug.c       **** 		#ifdef DEBUG_ENABLED
  74:debug.c       **** 			UART_UartPutString(" |BLE State: CYBLE_STATE_DISCONNECTED ");
 133              		.loc 1 74 0
 134 005a 0E4B     		ldr	r3, .L12+28
 135 005c 1800     		movs	r0, r3
 136 005e FFF7FEFF 		bl	UART_UartPutString
  75:debug.c       **** 		#endif
  76:debug.c       **** 		break;
 137              		.loc 1 76 0
 138 0062 04E0     		b	.L11
 139              	.L2:
  77:debug.c       **** 		
  78:debug.c       **** 		default:
  79:debug.c       **** 		#ifdef DEBUG_ENABLED
  80:debug.c       **** 			UART_UartPutString(" |BLE State: UNKNOWN STATE ");
 140              		.loc 1 80 0
 141 0064 0C4B     		ldr	r3, .L12+32
 142 0066 1800     		movs	r0, r3
 143 0068 FFF7FEFF 		bl	UART_UartPutString
  81:debug.c       **** 		#endif
  82:debug.c       **** 		break;
 144              		.loc 1 82 0
 145 006c C046     		nop
 146              	.L11:
  83:debug.c       **** 	}
  84:debug.c       **** }
 147              		.loc 1 84 0
 148 006e C046     		nop
 149 0070 BD46     		mov	sp, r7
 150 0072 02B0     		add	sp, sp, #8
 151              		@ sp needed
 152 0074 80BD     		pop	{r7, pc}
 153              	.L13:
 154 0076 C046     		.align	2
 155              	.L12:
 156 0078 28010000 		.word	.L4
 157 007c 00000000 		.word	.LC1
 158 0080 24000000 		.word	.LC3
 159 0084 4C000000 		.word	.LC5
 160 0088 70000000 		.word	.LC7
 161 008c 98000000 		.word	.LC9
 162 0090 BC000000 		.word	.LC11
 163 0094 E4000000 		.word	.LC13
 164 0098 0C010000 		.word	.LC15
 165              		.cfi_endproc
 166              	.LFE35:
 167              		.size	SendBLEStatetoUART, .-SendBLEStatetoUART
 168              		.global	__aeabi_uidivmod
 169              		.global	__aeabi_uidiv
ARM GAS  C:\Users\ASUS\AppData\Local\Temp\ccfiTo5m.s 			page 6


 170              		.section	.text.PrintNum,"ax",%progbits
 171              		.align	2
 172              		.global	PrintNum
 173              		.code	16
 174              		.thumb_func
 175              		.type	PrintNum, %function
 176              	PrintNum:
 177              	.LFB36:
  85:debug.c       **** 
  86:debug.c       **** /*******************************************************************************
  87:debug.c       **** * Function Name: PrintNum
  88:debug.c       **** ********************************************************************************
  89:debug.c       **** * Summary:
  90:debug.c       **** *        Converts decimal number to characters in ASCII that can be printed on 
  91:debug.c       **** * terminal.
  92:debug.c       **** *
  93:debug.c       **** * Parameters:
  94:debug.c       **** *  num: number to be converted to string.
  95:debug.c       **** *
  96:debug.c       **** * Return:
  97:debug.c       **** *  void
  98:debug.c       **** *
  99:debug.c       **** *******************************************************************************/
 100:debug.c       **** void PrintNum(uint8 num)
 101:debug.c       **** {
 178              		.loc 1 101 0
 179              		.cfi_startproc
 180              		@ args = 0, pretend = 0, frame = 16
 181              		@ frame_needed = 1, uses_anonymous_args = 0
 182 0000 90B5     		push	{r4, r7, lr}
 183              		.cfi_def_cfa_offset 12
 184              		.cfi_offset 4, -12
 185              		.cfi_offset 7, -8
 186              		.cfi_offset 14, -4
 187 0002 85B0     		sub	sp, sp, #20
 188              		.cfi_def_cfa_offset 32
 189 0004 00AF     		add	r7, sp, #0
 190              		.cfi_def_cfa_register 7
 191 0006 0200     		movs	r2, r0
 192 0008 FB1D     		adds	r3, r7, #7
 193 000a 1A70     		strb	r2, [r3]
 102:debug.c       **** 	#ifdef DEBUG_ENABLED
 103:debug.c       **** 	uint8 temp[3];
 104:debug.c       **** 	
 105:debug.c       **** 	temp[0] = num%10;
 194              		.loc 1 105 0
 195 000c FB1D     		adds	r3, r7, #7
 196 000e 1B78     		ldrb	r3, [r3]
 197 0010 0A21     		movs	r1, #10
 198 0012 1800     		movs	r0, r3
 199 0014 FFF7FEFF 		bl	__aeabi_uidivmod
 200 0018 0B00     		movs	r3, r1
 201 001a DAB2     		uxtb	r2, r3
 202 001c 0C23     		movs	r3, #12
 203 001e FB18     		adds	r3, r7, r3
 204 0020 1A70     		strb	r2, [r3]
 106:debug.c       **** 	num = num/10;
ARM GAS  C:\Users\ASUS\AppData\Local\Temp\ccfiTo5m.s 			page 7


 205              		.loc 1 106 0
 206 0022 FC1D     		adds	r4, r7, #7
 207 0024 FB1D     		adds	r3, r7, #7
 208 0026 1B78     		ldrb	r3, [r3]
 209 0028 0A21     		movs	r1, #10
 210 002a 1800     		movs	r0, r3
 211 002c FFF7FEFF 		bl	__aeabi_uidiv
 212 0030 0300     		movs	r3, r0
 213 0032 2370     		strb	r3, [r4]
 107:debug.c       **** 	temp[1] = num%10;
 214              		.loc 1 107 0
 215 0034 FB1D     		adds	r3, r7, #7
 216 0036 1B78     		ldrb	r3, [r3]
 217 0038 0A21     		movs	r1, #10
 218 003a 1800     		movs	r0, r3
 219 003c FFF7FEFF 		bl	__aeabi_uidivmod
 220 0040 0B00     		movs	r3, r1
 221 0042 DAB2     		uxtb	r2, r3
 222 0044 0C23     		movs	r3, #12
 223 0046 FB18     		adds	r3, r7, r3
 224 0048 5A70     		strb	r2, [r3, #1]
 108:debug.c       **** 	num = num/10;
 225              		.loc 1 108 0
 226 004a FC1D     		adds	r4, r7, #7
 227 004c FB1D     		adds	r3, r7, #7
 228 004e 1B78     		ldrb	r3, [r3]
 229 0050 0A21     		movs	r1, #10
 230 0052 1800     		movs	r0, r3
 231 0054 FFF7FEFF 		bl	__aeabi_uidiv
 232 0058 0300     		movs	r3, r0
 233 005a 2370     		strb	r3, [r4]
 109:debug.c       **** 	temp[2] = num%10;
 234              		.loc 1 109 0
 235 005c FB1D     		adds	r3, r7, #7
 236 005e 1B78     		ldrb	r3, [r3]
 237 0060 0A21     		movs	r1, #10
 238 0062 1800     		movs	r0, r3
 239 0064 FFF7FEFF 		bl	__aeabi_uidivmod
 240 0068 0B00     		movs	r3, r1
 241 006a DAB2     		uxtb	r2, r3
 242 006c 0C23     		movs	r3, #12
 243 006e FB18     		adds	r3, r7, r3
 244 0070 9A70     		strb	r2, [r3, #2]
 110:debug.c       **** 	
 111:debug.c       **** 	if(temp[2] == 0)
 245              		.loc 1 111 0
 246 0072 0C23     		movs	r3, #12
 247 0074 FB18     		adds	r3, r7, r3
 248 0076 9B78     		ldrb	r3, [r3, #2]
 249 0078 002B     		cmp	r3, #0
 250 007a 1BD1     		bne	.L15
 112:debug.c       **** 	{
 113:debug.c       **** 		if(temp[1] == 0)
 251              		.loc 1 113 0
 252 007c 0C23     		movs	r3, #12
 253 007e FB18     		adds	r3, r7, r3
 254 0080 5B78     		ldrb	r3, [r3, #1]
ARM GAS  C:\Users\ASUS\AppData\Local\Temp\ccfiTo5m.s 			page 8


 255 0082 002B     		cmp	r3, #0
 256 0084 07D1     		bne	.L16
 114:debug.c       **** 		{
 115:debug.c       **** 			UART_UartPutChar('0' + temp[0]);
 257              		.loc 1 115 0
 258 0086 0C23     		movs	r3, #12
 259 0088 FB18     		adds	r3, r7, r3
 260 008a 1B78     		ldrb	r3, [r3]
 261 008c 3033     		adds	r3, r3, #48
 262 008e 1800     		movs	r0, r3
 263 0090 FFF7FEFF 		bl	UART_SpiUartWriteTxData
 116:debug.c       **** 		}
 117:debug.c       **** 		else
 118:debug.c       **** 		{
 119:debug.c       **** 			UART_UartPutChar('0' + temp[1]);
 120:debug.c       **** 			UART_UartPutChar('0' + temp[0]);	
 121:debug.c       **** 		}
 122:debug.c       **** 	}
 123:debug.c       **** 	else
 124:debug.c       **** 	{
 125:debug.c       **** 		UART_UartPutChar('0' + temp[2]);
 126:debug.c       **** 		UART_UartPutChar('0' + temp[1]);
 127:debug.c       **** 		UART_UartPutChar('0' + temp[0]);
 128:debug.c       **** 	}
 129:debug.c       **** 	#else
 130:debug.c       **** 		num = num;
 131:debug.c       **** 	#endif
 132:debug.c       **** }
 264              		.loc 1 132 0
 265 0094 23E0     		b	.L19
 266              	.L16:
 119:debug.c       **** 			UART_UartPutChar('0' + temp[0]);	
 267              		.loc 1 119 0
 268 0096 0C23     		movs	r3, #12
 269 0098 FB18     		adds	r3, r7, r3
 270 009a 5B78     		ldrb	r3, [r3, #1]
 271 009c 3033     		adds	r3, r3, #48
 272 009e 1800     		movs	r0, r3
 273 00a0 FFF7FEFF 		bl	UART_SpiUartWriteTxData
 120:debug.c       **** 		}
 274              		.loc 1 120 0
 275 00a4 0C23     		movs	r3, #12
 276 00a6 FB18     		adds	r3, r7, r3
 277 00a8 1B78     		ldrb	r3, [r3]
 278 00aa 3033     		adds	r3, r3, #48
 279 00ac 1800     		movs	r0, r3
 280 00ae FFF7FEFF 		bl	UART_SpiUartWriteTxData
 281              		.loc 1 132 0
 282 00b2 14E0     		b	.L19
 283              	.L15:
 125:debug.c       **** 		UART_UartPutChar('0' + temp[1]);
 284              		.loc 1 125 0
 285 00b4 0C23     		movs	r3, #12
 286 00b6 FB18     		adds	r3, r7, r3
 287 00b8 9B78     		ldrb	r3, [r3, #2]
 288 00ba 3033     		adds	r3, r3, #48
 289 00bc 1800     		movs	r0, r3
ARM GAS  C:\Users\ASUS\AppData\Local\Temp\ccfiTo5m.s 			page 9


 290 00be FFF7FEFF 		bl	UART_SpiUartWriteTxData
 126:debug.c       **** 		UART_UartPutChar('0' + temp[0]);
 291              		.loc 1 126 0
 292 00c2 0C23     		movs	r3, #12
 293 00c4 FB18     		adds	r3, r7, r3
 294 00c6 5B78     		ldrb	r3, [r3, #1]
 295 00c8 3033     		adds	r3, r3, #48
 296 00ca 1800     		movs	r0, r3
 297 00cc FFF7FEFF 		bl	UART_SpiUartWriteTxData
 127:debug.c       **** 	}
 298              		.loc 1 127 0
 299 00d0 0C23     		movs	r3, #12
 300 00d2 FB18     		adds	r3, r7, r3
 301 00d4 1B78     		ldrb	r3, [r3]
 302 00d6 3033     		adds	r3, r3, #48
 303 00d8 1800     		movs	r0, r3
 304 00da FFF7FEFF 		bl	UART_SpiUartWriteTxData
 305              	.L19:
 306              		.loc 1 132 0
 307 00de C046     		nop
 308 00e0 BD46     		mov	sp, r7
 309 00e2 05B0     		add	sp, sp, #20
 310              		@ sp needed
 311 00e4 90BD     		pop	{r4, r7, pc}
 312              		.cfi_endproc
 313              	.LFE36:
 314              		.size	PrintNum, .-PrintNum
 315 00e6 C046     		.section	.rodata
 316              		.align	2
 317              	.LC17:
 318 0144 307800   		.ascii	"0x\000"
 319              		.section	.text.PrintHex,"ax",%progbits
 320              		.align	2
 321              		.global	PrintHex
 322              		.code	16
 323              		.thumb_func
 324              		.type	PrintHex, %function
 325              	PrintHex:
 326              	.LFB37:
 133:debug.c       **** 
 134:debug.c       **** /*******************************************************************************
 135:debug.c       **** * Function Name: PrintHex
 136:debug.c       **** ********************************************************************************
 137:debug.c       **** * Summary:
 138:debug.c       **** *        Converts HEX number to characters in ASCII that can be printed on 
 139:debug.c       **** * terminal.
 140:debug.c       **** *
 141:debug.c       **** * Parameters:
 142:debug.c       **** *  num: HEX to be converted to string.
 143:debug.c       **** *
 144:debug.c       **** * Return:
 145:debug.c       **** *  void
 146:debug.c       **** *
 147:debug.c       **** *******************************************************************************/
 148:debug.c       **** void PrintHex(uint8 num)
 149:debug.c       **** {
 327              		.loc 1 149 0
ARM GAS  C:\Users\ASUS\AppData\Local\Temp\ccfiTo5m.s 			page 10


 328              		.cfi_startproc
 329              		@ args = 0, pretend = 0, frame = 16
 330              		@ frame_needed = 1, uses_anonymous_args = 0
 331 0000 80B5     		push	{r7, lr}
 332              		.cfi_def_cfa_offset 8
 333              		.cfi_offset 7, -8
 334              		.cfi_offset 14, -4
 335 0002 84B0     		sub	sp, sp, #16
 336              		.cfi_def_cfa_offset 24
 337 0004 00AF     		add	r7, sp, #0
 338              		.cfi_def_cfa_register 7
 339 0006 0200     		movs	r2, r0
 340 0008 FB1D     		adds	r3, r7, #7
 341 000a 1A70     		strb	r2, [r3]
 150:debug.c       **** 	#ifdef DEBUG_ENABLED
 151:debug.c       **** 	uint8 temp[2];
 152:debug.c       **** 	
 153:debug.c       **** 	temp[0] = num%16;
 342              		.loc 1 153 0
 343 000c FB1D     		adds	r3, r7, #7
 344 000e 1B78     		ldrb	r3, [r3]
 345 0010 0F22     		movs	r2, #15
 346 0012 1340     		ands	r3, r2
 347 0014 DAB2     		uxtb	r2, r3
 348 0016 0C23     		movs	r3, #12
 349 0018 FB18     		adds	r3, r7, r3
 350 001a 1A70     		strb	r2, [r3]
 154:debug.c       **** 	num = num/16;
 351              		.loc 1 154 0
 352 001c FB1D     		adds	r3, r7, #7
 353 001e FA1D     		adds	r2, r7, #7
 354 0020 1278     		ldrb	r2, [r2]
 355 0022 1209     		lsrs	r2, r2, #4
 356 0024 1A70     		strb	r2, [r3]
 155:debug.c       **** 	temp[1] = num%16;
 357              		.loc 1 155 0
 358 0026 FB1D     		adds	r3, r7, #7
 359 0028 1B78     		ldrb	r3, [r3]
 360 002a 0F22     		movs	r2, #15
 361 002c 1340     		ands	r3, r2
 362 002e DAB2     		uxtb	r2, r3
 363 0030 0C23     		movs	r3, #12
 364 0032 FB18     		adds	r3, r7, r3
 365 0034 5A70     		strb	r2, [r3, #1]
 156:debug.c       **** 
 157:debug.c       **** 	UART_UartPutString("0x");
 366              		.loc 1 157 0
 367 0036 184B     		ldr	r3, .L26
 368 0038 1800     		movs	r0, r3
 369 003a FFF7FEFF 		bl	UART_UartPutString
 158:debug.c       **** 	if(temp[1] < 10)
 370              		.loc 1 158 0
 371 003e 0C23     		movs	r3, #12
 372 0040 FB18     		adds	r3, r7, r3
 373 0042 5B78     		ldrb	r3, [r3, #1]
 374 0044 092B     		cmp	r3, #9
 375 0046 07D8     		bhi	.L21
ARM GAS  C:\Users\ASUS\AppData\Local\Temp\ccfiTo5m.s 			page 11


 159:debug.c       **** 	{
 160:debug.c       **** 		UART_UartPutChar('0' + temp[1]);
 376              		.loc 1 160 0
 377 0048 0C23     		movs	r3, #12
 378 004a FB18     		adds	r3, r7, r3
 379 004c 5B78     		ldrb	r3, [r3, #1]
 380 004e 3033     		adds	r3, r3, #48
 381 0050 1800     		movs	r0, r3
 382 0052 FFF7FEFF 		bl	UART_SpiUartWriteTxData
 383 0056 06E0     		b	.L22
 384              	.L21:
 161:debug.c       **** 	}
 162:debug.c       **** 	else
 163:debug.c       **** 	{
 164:debug.c       **** 		UART_UartPutChar('A' + (temp[1] - 10));
 385              		.loc 1 164 0
 386 0058 0C23     		movs	r3, #12
 387 005a FB18     		adds	r3, r7, r3
 388 005c 5B78     		ldrb	r3, [r3, #1]
 389 005e 3733     		adds	r3, r3, #55
 390 0060 1800     		movs	r0, r3
 391 0062 FFF7FEFF 		bl	UART_SpiUartWriteTxData
 392              	.L22:
 165:debug.c       **** 	}
 166:debug.c       **** 
 167:debug.c       **** 	if(temp[0] < 10)
 393              		.loc 1 167 0
 394 0066 0C23     		movs	r3, #12
 395 0068 FB18     		adds	r3, r7, r3
 396 006a 1B78     		ldrb	r3, [r3]
 397 006c 092B     		cmp	r3, #9
 398 006e 07D8     		bhi	.L23
 168:debug.c       **** 	{
 169:debug.c       **** 		UART_UartPutChar('0' + temp[0]);
 399              		.loc 1 169 0
 400 0070 0C23     		movs	r3, #12
 401 0072 FB18     		adds	r3, r7, r3
 402 0074 1B78     		ldrb	r3, [r3]
 403 0076 3033     		adds	r3, r3, #48
 404 0078 1800     		movs	r0, r3
 405 007a FFF7FEFF 		bl	UART_SpiUartWriteTxData
 170:debug.c       **** 	}
 171:debug.c       **** 	else
 172:debug.c       **** 	{
 173:debug.c       **** 		UART_UartPutChar('A' + (temp[0] - 10));
 174:debug.c       **** 	}	
 175:debug.c       **** 	#else
 176:debug.c       **** 		num = num;
 177:debug.c       **** 	#endif
 178:debug.c       **** }
 406              		.loc 1 178 0
 407 007e 06E0     		b	.L25
 408              	.L23:
 173:debug.c       **** 	}	
 409              		.loc 1 173 0
 410 0080 0C23     		movs	r3, #12
 411 0082 FB18     		adds	r3, r7, r3
ARM GAS  C:\Users\ASUS\AppData\Local\Temp\ccfiTo5m.s 			page 12


 412 0084 1B78     		ldrb	r3, [r3]
 413 0086 3733     		adds	r3, r3, #55
 414 0088 1800     		movs	r0, r3
 415 008a FFF7FEFF 		bl	UART_SpiUartWriteTxData
 416              	.L25:
 417              		.loc 1 178 0
 418 008e C046     		nop
 419 0090 BD46     		mov	sp, r7
 420 0092 04B0     		add	sp, sp, #16
 421              		@ sp needed
 422 0094 80BD     		pop	{r7, pc}
 423              	.L27:
 424 0096 C046     		.align	2
 425              	.L26:
 426 0098 44010000 		.word	.LC17
 427              		.cfi_endproc
 428              	.LFE37:
 429              		.size	PrintHex, .-PrintHex
 430              		.text
 431              	.Letext0:
 432              		.file 2 "Generated_Source\\PSoC4/cytypes.h"
 433              		.file 3 "Generated_Source\\PSoC4/BLE_Stack.h"
 434              		.file 4 "Generated_Source\\PSoC4/BLE_eventHandler.h"
 435              		.file 5 "./main.h"
 436              		.section	.debug_info,"",%progbits
 437              	.Ldebug_info0:
 438 0000 9B030000 		.4byte	0x39b
 439 0004 0400     		.2byte	0x4
 440 0006 00000000 		.4byte	.Ldebug_abbrev0
 441 000a 04       		.byte	0x4
 442 000b 01       		.uleb128 0x1
 443 000c 87040000 		.4byte	.LASF107
 444 0010 0C       		.byte	0xc
 445 0011 D5050000 		.4byte	.LASF108
 446 0015 7C090000 		.4byte	.LASF109
 447 0019 00000000 		.4byte	.Ldebug_ranges0+0
 448 001d 00000000 		.4byte	0
 449 0021 00000000 		.4byte	.Ldebug_line0
 450 0025 02       		.uleb128 0x2
 451 0026 01       		.byte	0x1
 452 0027 06       		.byte	0x6
 453 0028 DD050000 		.4byte	.LASF0
 454 002c 02       		.uleb128 0x2
 455 002d 01       		.byte	0x1
 456 002e 08       		.byte	0x8
 457 002f 89050000 		.4byte	.LASF1
 458 0033 02       		.uleb128 0x2
 459 0034 02       		.byte	0x2
 460 0035 05       		.byte	0x5
 461 0036 A5000000 		.4byte	.LASF2
 462 003a 02       		.uleb128 0x2
 463 003b 02       		.byte	0x2
 464 003c 07       		.byte	0x7
 465 003d 1E070000 		.4byte	.LASF3
 466 0041 02       		.uleb128 0x2
 467 0042 04       		.byte	0x4
 468 0043 05       		.byte	0x5
ARM GAS  C:\Users\ASUS\AppData\Local\Temp\ccfiTo5m.s 			page 13


 469 0044 AB030000 		.4byte	.LASF4
 470 0048 02       		.uleb128 0x2
 471 0049 04       		.byte	0x4
 472 004a 07       		.byte	0x7
 473 004b 6E060000 		.4byte	.LASF5
 474 004f 02       		.uleb128 0x2
 475 0050 08       		.byte	0x8
 476 0051 05       		.byte	0x5
 477 0052 46010000 		.4byte	.LASF6
 478 0056 02       		.uleb128 0x2
 479 0057 08       		.byte	0x8
 480 0058 07       		.byte	0x7
 481 0059 5A030000 		.4byte	.LASF7
 482 005d 03       		.uleb128 0x3
 483 005e 04       		.byte	0x4
 484 005f 05       		.byte	0x5
 485 0060 696E7400 		.ascii	"int\000"
 486 0064 02       		.uleb128 0x2
 487 0065 04       		.byte	0x4
 488 0066 07       		.byte	0x7
 489 0067 46060000 		.4byte	.LASF8
 490 006b 04       		.uleb128 0x4
 491 006c D3070000 		.4byte	.LASF9
 492 0070 02       		.byte	0x2
 493 0071 E601     		.2byte	0x1e6
 494 0073 2C000000 		.4byte	0x2c
 495 0077 04       		.uleb128 0x4
 496 0078 06020000 		.4byte	.LASF10
 497 007c 02       		.byte	0x2
 498 007d E701     		.2byte	0x1e7
 499 007f 3A000000 		.4byte	0x3a
 500 0083 04       		.uleb128 0x4
 501 0084 43080000 		.4byte	.LASF11
 502 0088 02       		.byte	0x2
 503 0089 E801     		.2byte	0x1e8
 504 008b 48000000 		.4byte	0x48
 505 008f 02       		.uleb128 0x2
 506 0090 04       		.byte	0x4
 507 0091 04       		.byte	0x4
 508 0092 F1020000 		.4byte	.LASF12
 509 0096 02       		.uleb128 0x2
 510 0097 08       		.byte	0x8
 511 0098 04       		.byte	0x4
 512 0099 8B080000 		.4byte	.LASF13
 513 009d 02       		.uleb128 0x2
 514 009e 01       		.byte	0x1
 515 009f 08       		.byte	0x8
 516 00a0 99070000 		.4byte	.LASF14
 517 00a4 05       		.uleb128 0x5
 518 00a5 77000000 		.4byte	0x77
 519 00a9 02       		.uleb128 0x2
 520 00aa 08       		.byte	0x8
 521 00ab 04       		.byte	0x4
 522 00ac 57050000 		.4byte	.LASF15
 523 00b0 02       		.uleb128 0x2
 524 00b1 04       		.byte	0x4
 525 00b2 07       		.byte	0x7
ARM GAS  C:\Users\ASUS\AppData\Local\Temp\ccfiTo5m.s 			page 14


 526 00b3 FA000000 		.4byte	.LASF16
 527 00b7 06       		.uleb128 0x6
 528 00b8 01       		.byte	0x1
 529 00b9 2C000000 		.4byte	0x2c
 530 00bd 03       		.byte	0x3
 531 00be 3501     		.2byte	0x135
 532 00c0 75020000 		.4byte	0x275
 533 00c4 07       		.uleb128 0x7
 534 00c5 71020000 		.4byte	.LASF17
 535 00c9 00       		.byte	0
 536 00ca 07       		.uleb128 0x7
 537 00cb 8A010000 		.4byte	.LASF18
 538 00cf 01       		.byte	0x1
 539 00d0 07       		.uleb128 0x7
 540 00d1 E8090000 		.4byte	.LASF19
 541 00d5 02       		.byte	0x2
 542 00d6 07       		.uleb128 0x7
 543 00d7 FA080000 		.4byte	.LASF20
 544 00db 03       		.byte	0x3
 545 00dc 07       		.uleb128 0x7
 546 00dd 54010000 		.4byte	.LASF21
 547 00e1 04       		.byte	0x4
 548 00e2 07       		.uleb128 0x7
 549 00e3 45040000 		.4byte	.LASF22
 550 00e7 05       		.byte	0x5
 551 00e8 07       		.uleb128 0x7
 552 00e9 5B000000 		.4byte	.LASF23
 553 00ed 06       		.byte	0x6
 554 00ee 07       		.uleb128 0x7
 555 00ef 58090000 		.4byte	.LASF24
 556 00f3 20       		.byte	0x20
 557 00f4 07       		.uleb128 0x7
 558 00f5 80060000 		.4byte	.LASF25
 559 00f9 21       		.byte	0x21
 560 00fa 07       		.uleb128 0x7
 561 00fb 14000000 		.4byte	.LASF26
 562 00ff 22       		.byte	0x22
 563 0100 07       		.uleb128 0x7
 564 0101 61040000 		.4byte	.LASF27
 565 0105 23       		.byte	0x23
 566 0106 07       		.uleb128 0x7
 567 0107 2A060000 		.4byte	.LASF28
 568 010b 24       		.byte	0x24
 569 010c 07       		.uleb128 0x7
 570 010d AF000000 		.4byte	.LASF29
 571 0111 25       		.byte	0x25
 572 0112 07       		.uleb128 0x7
 573 0113 D2080000 		.4byte	.LASF30
 574 0117 26       		.byte	0x26
 575 0118 07       		.uleb128 0x7
 576 0119 E5030000 		.4byte	.LASF31
 577 011d 27       		.byte	0x27
 578 011e 07       		.uleb128 0x7
 579 011f 640B0000 		.4byte	.LASF32
 580 0123 28       		.byte	0x28
 581 0124 07       		.uleb128 0x7
 582 0125 C6060000 		.4byte	.LASF33
ARM GAS  C:\Users\ASUS\AppData\Local\Temp\ccfiTo5m.s 			page 15


 583 0129 29       		.byte	0x29
 584 012a 07       		.uleb128 0x7
 585 012b 49070000 		.4byte	.LASF34
 586 012f 2A       		.byte	0x2a
 587 0130 07       		.uleb128 0x7
 588 0131 A50A0000 		.4byte	.LASF35
 589 0135 2B       		.byte	0x2b
 590 0136 07       		.uleb128 0x7
 591 0137 0D020000 		.4byte	.LASF36
 592 013b 2C       		.byte	0x2c
 593 013c 07       		.uleb128 0x7
 594 013d 10030000 		.4byte	.LASF37
 595 0141 2D       		.byte	0x2d
 596 0142 07       		.uleb128 0x7
 597 0143 3F0A0000 		.4byte	.LASF38
 598 0147 2E       		.byte	0x2e
 599 0148 07       		.uleb128 0x7
 600 0149 C10B0000 		.4byte	.LASF39
 601 014d 2F       		.byte	0x2f
 602 014e 07       		.uleb128 0x7
 603 014f 25010000 		.4byte	.LASF40
 604 0153 30       		.byte	0x30
 605 0154 07       		.uleb128 0x7
 606 0155 33050000 		.4byte	.LASF41
 607 0159 31       		.byte	0x31
 608 015a 07       		.uleb128 0x7
 609 015b 39030000 		.4byte	.LASF42
 610 015f 32       		.byte	0x32
 611 0160 07       		.uleb128 0x7
 612 0161 72070000 		.4byte	.LASF43
 613 0165 33       		.byte	0x33
 614 0166 07       		.uleb128 0x7
 615 0167 E3060000 		.4byte	.LASF44
 616 016b 34       		.byte	0x34
 617 016c 07       		.uleb128 0x7
 618 016d B5080000 		.4byte	.LASF45
 619 0171 35       		.byte	0x35
 620 0172 07       		.uleb128 0x7
 621 0173 71030000 		.4byte	.LASF46
 622 0177 36       		.byte	0x36
 623 0178 07       		.uleb128 0x7
 624 0179 B3010000 		.4byte	.LASF47
 625 017d 37       		.byte	0x37
 626 017e 07       		.uleb128 0x7
 627 017f 74000000 		.4byte	.LASF48
 628 0183 40       		.byte	0x40
 629 0184 07       		.uleb128 0x7
 630 0185 53060000 		.4byte	.LASF49
 631 0189 41       		.byte	0x41
 632 018a 07       		.uleb128 0x7
 633 018b C9000000 		.4byte	.LASF50
 634 018f 42       		.byte	0x42
 635 0190 07       		.uleb128 0x7
 636 0191 E8010000 		.4byte	.LASF51
 637 0195 43       		.byte	0x43
 638 0196 07       		.uleb128 0x7
 639 0197 630A0000 		.4byte	.LASF52
ARM GAS  C:\Users\ASUS\AppData\Local\Temp\ccfiTo5m.s 			page 16


 640 019b 44       		.byte	0x44
 641 019c 07       		.uleb128 0x7
 642 019d FA090000 		.4byte	.LASF53
 643 01a1 45       		.byte	0x45
 644 01a2 07       		.uleb128 0x7
 645 01a3 69010000 		.4byte	.LASF54
 646 01a7 46       		.byte	0x46
 647 01a8 07       		.uleb128 0x7
 648 01a9 FB0A0000 		.4byte	.LASF55
 649 01ad 47       		.byte	0x47
 650 01ae 07       		.uleb128 0x7
 651 01af 03060000 		.4byte	.LASF56
 652 01b3 48       		.byte	0x48
 653 01b4 07       		.uleb128 0x7
 654 01b5 F7020000 		.4byte	.LASF57
 655 01b9 49       		.byte	0x49
 656 01ba 07       		.uleb128 0x7
 657 01bb EE070000 		.4byte	.LASF58
 658 01bf 4A       		.byte	0x4a
 659 01c0 07       		.uleb128 0x7
 660 01c1 31020000 		.4byte	.LASF59
 661 01c5 4B       		.byte	0x4b
 662 01c6 07       		.uleb128 0x7
 663 01c7 E9050000 		.4byte	.LASF60
 664 01cb 4C       		.byte	0x4c
 665 01cc 07       		.uleb128 0x7
 666 01cd 41000000 		.4byte	.LASF61
 667 01d1 4D       		.byte	0x4d
 668 01d2 07       		.uleb128 0x7
 669 01d3 210A0000 		.4byte	.LASF62
 670 01d7 4E       		.byte	0x4e
 671 01d8 07       		.uleb128 0x7
 672 01d9 97050000 		.4byte	.LASF63
 673 01dd 4F       		.byte	0x4f
 674 01de 07       		.uleb128 0x7
 675 01df 450B0000 		.4byte	.LASF64
 676 01e3 50       		.byte	0x50
 677 01e4 07       		.uleb128 0x7
 678 01e5 24080000 		.4byte	.LASF65
 679 01e9 51       		.byte	0x51
 680 01ea 07       		.uleb128 0x7
 681 01eb 24040000 		.4byte	.LASF66
 682 01ef 52       		.byte	0x52
 683 01f0 07       		.uleb128 0x7
 684 01f1 B4030000 		.4byte	.LASF67
 685 01f5 53       		.byte	0x53
 686 01f6 07       		.uleb128 0x7
 687 01f7 50020000 		.4byte	.LASF68
 688 01fb 54       		.byte	0x54
 689 01fc 07       		.uleb128 0x7
 690 01fd 860B0000 		.4byte	.LASF69
 691 0201 55       		.byte	0x55
 692 0202 07       		.uleb128 0x7
 693 0203 190B0000 		.4byte	.LASF70
 694 0207 56       		.byte	0x56
 695 0208 07       		.uleb128 0x7
 696 0209 D20A0000 		.4byte	.LASF71
ARM GAS  C:\Users\ASUS\AppData\Local\Temp\ccfiTo5m.s 			page 17


 697 020d 57       		.byte	0x57
 698 020e 07       		.uleb128 0x7
 699 020f FB060000 		.4byte	.LASF72
 700 0213 58       		.byte	0x58
 701 0214 07       		.uleb128 0x7
 702 0215 63050000 		.4byte	.LASF73
 703 0219 70       		.byte	0x70
 704 021a 07       		.uleb128 0x7
 705 021b 32090000 		.4byte	.LASF74
 706 021f 71       		.byte	0x71
 707 0220 07       		.uleb128 0x7
 708 0221 9E070000 		.4byte	.LASF75
 709 0225 72       		.byte	0x72
 710 0226 07       		.uleb128 0x7
 711 0227 99020000 		.4byte	.LASF76
 712 022b 73       		.byte	0x73
 713 022c 07       		.uleb128 0x7
 714 022d 15050000 		.4byte	.LASF77
 715 0231 74       		.byte	0x74
 716 0232 07       		.uleb128 0x7
 717 0233 A5060000 		.4byte	.LASF78
 718 0237 75       		.byte	0x75
 719 0238 07       		.uleb128 0x7
 720 0239 B7020000 		.4byte	.LASF79
 721 023d 76       		.byte	0x76
 722 023e 07       		.uleb128 0x7
 723 023f 13090000 		.4byte	.LASF80
 724 0243 77       		.byte	0x77
 725 0244 07       		.uleb128 0x7
 726 0245 68080000 		.4byte	.LASF81
 727 0249 78       		.byte	0x78
 728 024a 07       		.uleb128 0x7
 729 024b 92080000 		.4byte	.LASF82
 730 024f 79       		.byte	0x79
 731 0250 07       		.uleb128 0x7
 732 0251 810A0000 		.4byte	.LASF83
 733 0255 7A       		.byte	0x7a
 734 0256 07       		.uleb128 0x7
 735 0257 4A080000 		.4byte	.LASF84
 736 025b FA       		.byte	0xfa
 737 025c 07       		.uleb128 0x7
 738 025d B6050000 		.4byte	.LASF85
 739 0261 FB       		.byte	0xfb
 740 0262 07       		.uleb128 0x7
 741 0263 8E000000 		.4byte	.LASF86
 742 0267 FC       		.byte	0xfc
 743 0268 07       		.uleb128 0x7
 744 0269 31070000 		.4byte	.LASF87
 745 026d FD       		.byte	0xfd
 746 026e 07       		.uleb128 0x7
 747 026f C40A0000 		.4byte	.LASF88
 748 0273 FF       		.byte	0xff
 749 0274 00       		.byte	0
 750 0275 06       		.uleb128 0x6
 751 0276 01       		.byte	0x1
 752 0277 2C000000 		.4byte	0x2c
 753 027b 04       		.byte	0x4
ARM GAS  C:\Users\ASUS\AppData\Local\Temp\ccfiTo5m.s 			page 18


 754 027c A808     		.2byte	0x8a8
 755 027e AD020000 		.4byte	0x2ad
 756 0282 07       		.uleb128 0x7
 757 0283 00000000 		.4byte	.LASF89
 758 0287 00       		.byte	0
 759 0288 07       		.uleb128 0x7
 760 0289 D8020000 		.4byte	.LASF90
 761 028d 01       		.byte	0x1
 762 028e 07       		.uleb128 0x7
 763 028f 9D010000 		.4byte	.LASF91
 764 0293 02       		.byte	0x2
 765 0294 07       		.uleb128 0x7
 766 0295 0C080000 		.4byte	.LASF92
 767 0299 03       		.byte	0x3
 768 029a 07       		.uleb128 0x7
 769 029b D9070000 		.4byte	.LASF93
 770 029f 04       		.byte	0x4
 771 02a0 07       		.uleb128 0x7
 772 02a1 AA0B0000 		.4byte	.LASF94
 773 02a5 05       		.byte	0x5
 774 02a6 07       		.uleb128 0x7
 775 02a7 BA070000 		.4byte	.LASF95
 776 02ab 06       		.byte	0x6
 777 02ac 00       		.byte	0
 778 02ad 04       		.uleb128 0x4
 779 02ae 97060000 		.4byte	.LASF96
 780 02b2 04       		.byte	0x4
 781 02b3 B608     		.2byte	0x8b6
 782 02b5 75020000 		.4byte	0x275
 783 02b9 06       		.uleb128 0x6
 784 02ba 01       		.byte	0x1
 785 02bb 2C000000 		.4byte	0x2c
 786 02bf 04       		.byte	0x4
 787 02c0 EB08     		.2byte	0x8eb
 788 02c2 E5020000 		.4byte	0x2e5
 789 02c6 07       		.uleb128 0x7
 790 02c7 16010000 		.4byte	.LASF97
 791 02cb 00       		.byte	0
 792 02cc 07       		.uleb128 0x7
 793 02cd D5030000 		.4byte	.LASF98
 794 02d1 01       		.byte	0x1
 795 02d2 07       		.uleb128 0x7
 796 02d3 E7000000 		.4byte	.LASF99
 797 02d7 02       		.byte	0x2
 798 02d8 07       		.uleb128 0x7
 799 02d9 0D040000 		.4byte	.LASF100
 800 02dd 02       		.byte	0x2
 801 02de 07       		.uleb128 0x7
 802 02df 88020000 		.4byte	.LASF101
 803 02e3 03       		.byte	0x3
 804 02e4 00       		.byte	0
 805 02e5 08       		.uleb128 0x8
 806 02e6 03010000 		.4byte	.LASF102
 807 02ea 01       		.byte	0x1
 808 02eb 20       		.byte	0x20
 809 02ec 00000000 		.4byte	.LFB35
 810 02f0 9C000000 		.4byte	.LFE35-.LFB35
ARM GAS  C:\Users\ASUS\AppData\Local\Temp\ccfiTo5m.s 			page 19


 811 02f4 01       		.uleb128 0x1
 812 02f5 9C       		.byte	0x9c
 813 02f6 09030000 		.4byte	0x309
 814 02fa 09       		.uleb128 0x9
 815 02fb 3B0B0000 		.4byte	.LASF104
 816 02ff 01       		.byte	0x1
 817 0300 20       		.byte	0x20
 818 0301 AD020000 		.4byte	0x2ad
 819 0305 02       		.uleb128 0x2
 820 0306 91       		.byte	0x91
 821 0307 77       		.sleb128 -9
 822 0308 00       		.byte	0
 823 0309 08       		.uleb128 0x8
 824 030a 04040000 		.4byte	.LASF103
 825 030e 01       		.byte	0x1
 826 030f 64       		.byte	0x64
 827 0310 00000000 		.4byte	.LFB36
 828 0314 E6000000 		.4byte	.LFE36-.LFB36
 829 0318 01       		.uleb128 0x1
 830 0319 9C       		.byte	0x9c
 831 031a 3B030000 		.4byte	0x33b
 832 031e 0A       		.uleb128 0xa
 833 031f 6E756D00 		.ascii	"num\000"
 834 0323 01       		.byte	0x1
 835 0324 64       		.byte	0x64
 836 0325 6B000000 		.4byte	0x6b
 837 0329 02       		.uleb128 0x2
 838 032a 91       		.byte	0x91
 839 032b 67       		.sleb128 -25
 840 032c 0B       		.uleb128 0xb
 841 032d A0000000 		.4byte	.LASF106
 842 0331 01       		.byte	0x1
 843 0332 67       		.byte	0x67
 844 0333 3B030000 		.4byte	0x33b
 845 0337 02       		.uleb128 0x2
 846 0338 91       		.byte	0x91
 847 0339 6C       		.sleb128 -20
 848 033a 00       		.byte	0
 849 033b 0C       		.uleb128 0xc
 850 033c 6B000000 		.4byte	0x6b
 851 0340 4B030000 		.4byte	0x34b
 852 0344 0D       		.uleb128 0xd
 853 0345 B0000000 		.4byte	0xb0
 854 0349 02       		.byte	0x2
 855 034a 00       		.byte	0
 856 034b 08       		.uleb128 0x8
 857 034c 38000000 		.4byte	.LASF105
 858 0350 01       		.byte	0x1
 859 0351 94       		.byte	0x94
 860 0352 00000000 		.4byte	.LFB37
 861 0356 9C000000 		.4byte	.LFE37-.LFB37
 862 035a 01       		.uleb128 0x1
 863 035b 9C       		.byte	0x9c
 864 035c 7D030000 		.4byte	0x37d
 865 0360 0A       		.uleb128 0xa
 866 0361 6E756D00 		.ascii	"num\000"
 867 0365 01       		.byte	0x1
ARM GAS  C:\Users\ASUS\AppData\Local\Temp\ccfiTo5m.s 			page 20


 868 0366 94       		.byte	0x94
 869 0367 6B000000 		.4byte	0x6b
 870 036b 02       		.uleb128 0x2
 871 036c 91       		.byte	0x91
 872 036d 6F       		.sleb128 -17
 873 036e 0B       		.uleb128 0xb
 874 036f A0000000 		.4byte	.LASF106
 875 0373 01       		.byte	0x1
 876 0374 97       		.byte	0x97
 877 0375 7D030000 		.4byte	0x37d
 878 0379 02       		.uleb128 0x2
 879 037a 91       		.byte	0x91
 880 037b 74       		.sleb128 -12
 881 037c 00       		.byte	0
 882 037d 0C       		.uleb128 0xc
 883 037e 6B000000 		.4byte	0x6b
 884 0382 8D030000 		.4byte	0x38d
 885 0386 0D       		.uleb128 0xd
 886 0387 B0000000 		.4byte	0xb0
 887 038b 01       		.byte	0x1
 888 038c 00       		.byte	0
 889 038d 0E       		.uleb128 0xe
 890 038e 92030000 		.4byte	.LASF110
 891 0392 05       		.byte	0x5
 892 0393 21       		.byte	0x21
 893 0394 A4000000 		.4byte	0xa4
 894 0398 05       		.uleb128 0x5
 895 0399 03       		.byte	0x3
 896 039a 00000000 		.4byte	current_watchdog_counter
 897 039e 00       		.byte	0
 898              		.section	.debug_abbrev,"",%progbits
 899              	.Ldebug_abbrev0:
 900 0000 01       		.uleb128 0x1
 901 0001 11       		.uleb128 0x11
 902 0002 01       		.byte	0x1
 903 0003 25       		.uleb128 0x25
 904 0004 0E       		.uleb128 0xe
 905 0005 13       		.uleb128 0x13
 906 0006 0B       		.uleb128 0xb
 907 0007 03       		.uleb128 0x3
 908 0008 0E       		.uleb128 0xe
 909 0009 1B       		.uleb128 0x1b
 910 000a 0E       		.uleb128 0xe
 911 000b 55       		.uleb128 0x55
 912 000c 17       		.uleb128 0x17
 913 000d 11       		.uleb128 0x11
 914 000e 01       		.uleb128 0x1
 915 000f 10       		.uleb128 0x10
 916 0010 17       		.uleb128 0x17
 917 0011 00       		.byte	0
 918 0012 00       		.byte	0
 919 0013 02       		.uleb128 0x2
 920 0014 24       		.uleb128 0x24
 921 0015 00       		.byte	0
 922 0016 0B       		.uleb128 0xb
 923 0017 0B       		.uleb128 0xb
 924 0018 3E       		.uleb128 0x3e
ARM GAS  C:\Users\ASUS\AppData\Local\Temp\ccfiTo5m.s 			page 21


 925 0019 0B       		.uleb128 0xb
 926 001a 03       		.uleb128 0x3
 927 001b 0E       		.uleb128 0xe
 928 001c 00       		.byte	0
 929 001d 00       		.byte	0
 930 001e 03       		.uleb128 0x3
 931 001f 24       		.uleb128 0x24
 932 0020 00       		.byte	0
 933 0021 0B       		.uleb128 0xb
 934 0022 0B       		.uleb128 0xb
 935 0023 3E       		.uleb128 0x3e
 936 0024 0B       		.uleb128 0xb
 937 0025 03       		.uleb128 0x3
 938 0026 08       		.uleb128 0x8
 939 0027 00       		.byte	0
 940 0028 00       		.byte	0
 941 0029 04       		.uleb128 0x4
 942 002a 16       		.uleb128 0x16
 943 002b 00       		.byte	0
 944 002c 03       		.uleb128 0x3
 945 002d 0E       		.uleb128 0xe
 946 002e 3A       		.uleb128 0x3a
 947 002f 0B       		.uleb128 0xb
 948 0030 3B       		.uleb128 0x3b
 949 0031 05       		.uleb128 0x5
 950 0032 49       		.uleb128 0x49
 951 0033 13       		.uleb128 0x13
 952 0034 00       		.byte	0
 953 0035 00       		.byte	0
 954 0036 05       		.uleb128 0x5
 955 0037 35       		.uleb128 0x35
 956 0038 00       		.byte	0
 957 0039 49       		.uleb128 0x49
 958 003a 13       		.uleb128 0x13
 959 003b 00       		.byte	0
 960 003c 00       		.byte	0
 961 003d 06       		.uleb128 0x6
 962 003e 04       		.uleb128 0x4
 963 003f 01       		.byte	0x1
 964 0040 0B       		.uleb128 0xb
 965 0041 0B       		.uleb128 0xb
 966 0042 49       		.uleb128 0x49
 967 0043 13       		.uleb128 0x13
 968 0044 3A       		.uleb128 0x3a
 969 0045 0B       		.uleb128 0xb
 970 0046 3B       		.uleb128 0x3b
 971 0047 05       		.uleb128 0x5
 972 0048 01       		.uleb128 0x1
 973 0049 13       		.uleb128 0x13
 974 004a 00       		.byte	0
 975 004b 00       		.byte	0
 976 004c 07       		.uleb128 0x7
 977 004d 28       		.uleb128 0x28
 978 004e 00       		.byte	0
 979 004f 03       		.uleb128 0x3
 980 0050 0E       		.uleb128 0xe
 981 0051 1C       		.uleb128 0x1c
ARM GAS  C:\Users\ASUS\AppData\Local\Temp\ccfiTo5m.s 			page 22


 982 0052 0B       		.uleb128 0xb
 983 0053 00       		.byte	0
 984 0054 00       		.byte	0
 985 0055 08       		.uleb128 0x8
 986 0056 2E       		.uleb128 0x2e
 987 0057 01       		.byte	0x1
 988 0058 3F       		.uleb128 0x3f
 989 0059 19       		.uleb128 0x19
 990 005a 03       		.uleb128 0x3
 991 005b 0E       		.uleb128 0xe
 992 005c 3A       		.uleb128 0x3a
 993 005d 0B       		.uleb128 0xb
 994 005e 3B       		.uleb128 0x3b
 995 005f 0B       		.uleb128 0xb
 996 0060 27       		.uleb128 0x27
 997 0061 19       		.uleb128 0x19
 998 0062 11       		.uleb128 0x11
 999 0063 01       		.uleb128 0x1
 1000 0064 12       		.uleb128 0x12
 1001 0065 06       		.uleb128 0x6
 1002 0066 40       		.uleb128 0x40
 1003 0067 18       		.uleb128 0x18
 1004 0068 9642     		.uleb128 0x2116
 1005 006a 19       		.uleb128 0x19
 1006 006b 01       		.uleb128 0x1
 1007 006c 13       		.uleb128 0x13
 1008 006d 00       		.byte	0
 1009 006e 00       		.byte	0
 1010 006f 09       		.uleb128 0x9
 1011 0070 05       		.uleb128 0x5
 1012 0071 00       		.byte	0
 1013 0072 03       		.uleb128 0x3
 1014 0073 0E       		.uleb128 0xe
 1015 0074 3A       		.uleb128 0x3a
 1016 0075 0B       		.uleb128 0xb
 1017 0076 3B       		.uleb128 0x3b
 1018 0077 0B       		.uleb128 0xb
 1019 0078 49       		.uleb128 0x49
 1020 0079 13       		.uleb128 0x13
 1021 007a 02       		.uleb128 0x2
 1022 007b 18       		.uleb128 0x18
 1023 007c 00       		.byte	0
 1024 007d 00       		.byte	0
 1025 007e 0A       		.uleb128 0xa
 1026 007f 05       		.uleb128 0x5
 1027 0080 00       		.byte	0
 1028 0081 03       		.uleb128 0x3
 1029 0082 08       		.uleb128 0x8
 1030 0083 3A       		.uleb128 0x3a
 1031 0084 0B       		.uleb128 0xb
 1032 0085 3B       		.uleb128 0x3b
 1033 0086 0B       		.uleb128 0xb
 1034 0087 49       		.uleb128 0x49
 1035 0088 13       		.uleb128 0x13
 1036 0089 02       		.uleb128 0x2
 1037 008a 18       		.uleb128 0x18
 1038 008b 00       		.byte	0
ARM GAS  C:\Users\ASUS\AppData\Local\Temp\ccfiTo5m.s 			page 23


 1039 008c 00       		.byte	0
 1040 008d 0B       		.uleb128 0xb
 1041 008e 34       		.uleb128 0x34
 1042 008f 00       		.byte	0
 1043 0090 03       		.uleb128 0x3
 1044 0091 0E       		.uleb128 0xe
 1045 0092 3A       		.uleb128 0x3a
 1046 0093 0B       		.uleb128 0xb
 1047 0094 3B       		.uleb128 0x3b
 1048 0095 0B       		.uleb128 0xb
 1049 0096 49       		.uleb128 0x49
 1050 0097 13       		.uleb128 0x13
 1051 0098 02       		.uleb128 0x2
 1052 0099 18       		.uleb128 0x18
 1053 009a 00       		.byte	0
 1054 009b 00       		.byte	0
 1055 009c 0C       		.uleb128 0xc
 1056 009d 01       		.uleb128 0x1
 1057 009e 01       		.byte	0x1
 1058 009f 49       		.uleb128 0x49
 1059 00a0 13       		.uleb128 0x13
 1060 00a1 01       		.uleb128 0x1
 1061 00a2 13       		.uleb128 0x13
 1062 00a3 00       		.byte	0
 1063 00a4 00       		.byte	0
 1064 00a5 0D       		.uleb128 0xd
 1065 00a6 21       		.uleb128 0x21
 1066 00a7 00       		.byte	0
 1067 00a8 49       		.uleb128 0x49
 1068 00a9 13       		.uleb128 0x13
 1069 00aa 2F       		.uleb128 0x2f
 1070 00ab 0B       		.uleb128 0xb
 1071 00ac 00       		.byte	0
 1072 00ad 00       		.byte	0
 1073 00ae 0E       		.uleb128 0xe
 1074 00af 34       		.uleb128 0x34
 1075 00b0 00       		.byte	0
 1076 00b1 03       		.uleb128 0x3
 1077 00b2 0E       		.uleb128 0xe
 1078 00b3 3A       		.uleb128 0x3a
 1079 00b4 0B       		.uleb128 0xb
 1080 00b5 3B       		.uleb128 0x3b
 1081 00b6 0B       		.uleb128 0xb
 1082 00b7 49       		.uleb128 0x49
 1083 00b8 13       		.uleb128 0x13
 1084 00b9 3F       		.uleb128 0x3f
 1085 00ba 19       		.uleb128 0x19
 1086 00bb 02       		.uleb128 0x2
 1087 00bc 18       		.uleb128 0x18
 1088 00bd 00       		.byte	0
 1089 00be 00       		.byte	0
 1090 00bf 00       		.byte	0
 1091              		.section	.debug_aranges,"",%progbits
 1092 0000 2C000000 		.4byte	0x2c
 1093 0004 0200     		.2byte	0x2
 1094 0006 00000000 		.4byte	.Ldebug_info0
 1095 000a 04       		.byte	0x4
ARM GAS  C:\Users\ASUS\AppData\Local\Temp\ccfiTo5m.s 			page 24


 1096 000b 00       		.byte	0
 1097 000c 0000     		.2byte	0
 1098 000e 0000     		.2byte	0
 1099 0010 00000000 		.4byte	.LFB35
 1100 0014 9C000000 		.4byte	.LFE35-.LFB35
 1101 0018 00000000 		.4byte	.LFB36
 1102 001c E6000000 		.4byte	.LFE36-.LFB36
 1103 0020 00000000 		.4byte	.LFB37
 1104 0024 9C000000 		.4byte	.LFE37-.LFB37
 1105 0028 00000000 		.4byte	0
 1106 002c 00000000 		.4byte	0
 1107              		.section	.debug_ranges,"",%progbits
 1108              	.Ldebug_ranges0:
 1109 0000 00000000 		.4byte	.LFB35
 1110 0004 9C000000 		.4byte	.LFE35
 1111 0008 00000000 		.4byte	.LFB36
 1112 000c E6000000 		.4byte	.LFE36
 1113 0010 00000000 		.4byte	.LFB37
 1114 0014 9C000000 		.4byte	.LFE37
 1115 0018 00000000 		.4byte	0
 1116 001c 00000000 		.4byte	0
 1117              		.section	.debug_line,"",%progbits
 1118              	.Ldebug_line0:
 1119 0000 E0000000 		.section	.debug_str,"MS",%progbits,1
 1119      02007300 
 1119      00000201 
 1119      FB0E0D00 
 1119      01010101 
 1120              	.LASF89:
 1121 0000 4359424C 		.ascii	"CYBLE_STATE_STOPPED\000"
 1121      455F5354 
 1121      4154455F 
 1121      53544F50 
 1121      50454400 
 1122              	.LASF26:
 1123 0014 4359424C 		.ascii	"CYBLE_EVT_GAP_PASSKEY_ENTRY_REQUEST\000"
 1123      455F4556 
 1123      545F4741 
 1123      505F5041 
 1123      53534B45 
 1124              	.LASF105:
 1125 0038 5072696E 		.ascii	"PrintHex\000"
 1125      74486578 
 1125      00
 1126              	.LASF61:
 1127 0041 4359424C 		.ascii	"CYBLE_EVT_GATTC_WRITE_RSP\000"
 1127      455F4556 
 1127      545F4741 
 1127      5454435F 
 1127      57524954 
 1128              	.LASF23:
 1129 005b 4359424C 		.ascii	"CYBLE_EVT_MEMORY_REQUEST\000"
 1129      455F4556 
 1129      545F4D45 
 1129      4D4F5259 
 1129      5F524551 
 1130              	.LASF48:
ARM GAS  C:\Users\ASUS\AppData\Local\Temp\ccfiTo5m.s 			page 25


 1131 0074 4359424C 		.ascii	"CYBLE_EVT_GATTC_ERROR_RSP\000"
 1131      455F4556 
 1131      545F4741 
 1131      5454435F 
 1131      4552524F 
 1132              	.LASF86:
 1133 008e 4359424C 		.ascii	"CYBLE_EVT_HCI_PKT\000"
 1133      455F4556 
 1133      545F4843 
 1133      495F504B 
 1133      5400
 1134              	.LASF106:
 1135 00a0 74656D70 		.ascii	"temp\000"
 1135      00
 1136              	.LASF2:
 1137 00a5 73686F72 		.ascii	"short int\000"
 1137      7420696E 
 1137      7400
 1138              	.LASF29:
 1139 00af 4359424C 		.ascii	"CYBLE_EVT_GAP_AUTH_FAILED\000"
 1139      455F4556 
 1139      545F4741 
 1139      505F4155 
 1139      54485F46 
 1140              	.LASF50:
 1141 00c9 4359424C 		.ascii	"CYBLE_EVT_GATT_DISCONNECT_IND\000"
 1141      455F4556 
 1141      545F4741 
 1141      54545F44 
 1141      4953434F 
 1142              	.LASF99:
 1143 00e7 4359424C 		.ascii	"CYBLE_SRVI_CUSTOMS\000"
 1143      455F5352 
 1143      56495F43 
 1143      5553544F 
 1143      4D5300
 1144              	.LASF16:
 1145 00fa 73697A65 		.ascii	"sizetype\000"
 1145      74797065 
 1145      00
 1146              	.LASF102:
 1147 0103 53656E64 		.ascii	"SendBLEStatetoUART\000"
 1147      424C4553 
 1147      74617465 
 1147      746F5541 
 1147      525400
 1148              	.LASF97:
 1149 0116 4359424C 		.ascii	"CYBLE_SRVI_GAP\000"
 1149      455F5352 
 1149      56495F47 
 1149      415000
 1150              	.LASF40:
 1151 0125 4359424C 		.ascii	"CYBLE_EVT_GAP_DATA_LENGTH_CHANGE\000"
 1151      455F4556 
 1151      545F4741 
 1151      505F4441 
 1151      54415F4C 
ARM GAS  C:\Users\ASUS\AppData\Local\Temp\ccfiTo5m.s 			page 26


 1152              	.LASF6:
 1153 0146 6C6F6E67 		.ascii	"long long int\000"
 1153      206C6F6E 
 1153      6720696E 
 1153      7400
 1154              	.LASF21:
 1155 0154 4359424C 		.ascii	"CYBLE_EVT_HCI_STATUS\000"
 1155      455F4556 
 1155      545F4843 
 1155      495F5354 
 1155      41545553 
 1156              	.LASF54:
 1157 0169 4359424C 		.ascii	"CYBLE_EVT_GATTC_READ_BY_TYPE_RSP\000"
 1157      455F4556 
 1157      545F4741 
 1157      5454435F 
 1157      52454144 
 1158              	.LASF18:
 1159 018a 4359424C 		.ascii	"CYBLE_EVT_STACK_ON\000"
 1159      455F4556 
 1159      545F5354 
 1159      41434B5F 
 1159      4F4E00
 1160              	.LASF91:
 1161 019d 4359424C 		.ascii	"CYBLE_STATE_CONNECTED\000"
 1161      455F5354 
 1161      4154455F 
 1161      434F4E4E 
 1161      45435445 
 1162              	.LASF47:
 1163 01b3 4359424C 		.ascii	"CYBLE_EVT_GAP_SMP_LOC_P256_KEYS_GEN_AND_SET_COMPLET"
 1163      455F4556 
 1163      545F4741 
 1163      505F534D 
 1163      505F4C4F 
 1164 01e6 4500     		.ascii	"E\000"
 1165              	.LASF51:
 1166 01e8 4359424C 		.ascii	"CYBLE_EVT_GATTS_XCNHG_MTU_REQ\000"
 1166      455F4556 
 1166      545F4741 
 1166      5454535F 
 1166      58434E48 
 1167              	.LASF10:
 1168 0206 75696E74 		.ascii	"uint16\000"
 1168      313600
 1169              	.LASF36:
 1170 020d 4359424C 		.ascii	"CYBLE_EVT_GAP_KEYINFO_EXCHNGE_CMPLT\000"
 1170      455F4556 
 1170      545F4741 
 1170      505F4B45 
 1170      59494E46 
 1171              	.LASF59:
 1172 0231 4359424C 		.ascii	"CYBLE_EVT_GATTC_READ_MULTI_RSP\000"
 1172      455F4556 
 1172      545F4741 
 1172      5454435F 
 1172      52454144 
ARM GAS  C:\Users\ASUS\AppData\Local\Temp\ccfiTo5m.s 			page 27


 1173              	.LASF68:
 1174 0250 4359424C 		.ascii	"CYBLE_EVT_GATTS_HANDLE_VALUE_CNF\000"
 1174      455F4556 
 1174      545F4741 
 1174      5454535F 
 1174      48414E44 
 1175              	.LASF17:
 1176 0271 4359424C 		.ascii	"CYBLE_EVT_HOST_INVALID\000"
 1176      455F4556 
 1176      545F484F 
 1176      53545F49 
 1176      4E56414C 
 1177              	.LASF101:
 1178 0288 4359424C 		.ascii	"CYBLE_SRVI_COUNT\000"
 1178      455F5352 
 1178      56495F43 
 1178      4F554E54 
 1178      00
 1179              	.LASF76:
 1180 0299 4359424C 		.ascii	"CYBLE_EVT_L2CAP_CBFC_CONN_IND\000"
 1180      455F4556 
 1180      545F4C32 
 1180      4341505F 
 1180      43424643 
 1181              	.LASF79:
 1182 02b7 4359424C 		.ascii	"CYBLE_EVT_L2CAP_CBFC_DISCONN_CNF\000"
 1182      455F4556 
 1182      545F4C32 
 1182      4341505F 
 1182      43424643 
 1183              	.LASF90:
 1184 02d8 4359424C 		.ascii	"CYBLE_STATE_INITIALIZING\000"
 1184      455F5354 
 1184      4154455F 
 1184      494E4954 
 1184      49414C49 
 1185              	.LASF12:
 1186 02f1 666C6F61 		.ascii	"float\000"
 1186      7400
 1187              	.LASF57:
 1188 02f7 4359424C 		.ascii	"CYBLE_EVT_GATTC_READ_RSP\000"
 1188      455F4556 
 1188      545F4741 
 1188      5454435F 
 1188      52454144 
 1189              	.LASF37:
 1190 0310 4359424C 		.ascii	"CYBLE_EVT_GAP_NUMERIC_COMPARISON_REQUEST\000"
 1190      455F4556 
 1190      545F4741 
 1190      505F4E55 
 1190      4D455249 
 1191              	.LASF42:
 1192 0339 4359424C 		.ascii	"CYBLE_EVT_GAPC_DIRECT_ADV_REPORT\000"
 1192      455F4556 
 1192      545F4741 
 1192      50435F44 
 1192      49524543 
ARM GAS  C:\Users\ASUS\AppData\Local\Temp\ccfiTo5m.s 			page 28


 1193              	.LASF7:
 1194 035a 6C6F6E67 		.ascii	"long long unsigned int\000"
 1194      206C6F6E 
 1194      6720756E 
 1194      7369676E 
 1194      65642069 
 1195              	.LASF46:
 1196 0371 4359424C 		.ascii	"CYBLE_EVT_GAP_AUTH_REQ_REPLY_ERR\000"
 1196      455F4556 
 1196      545F4741 
 1196      505F4155 
 1196      54485F52 
 1197              	.LASF110:
 1198 0392 63757272 		.ascii	"current_watchdog_counter\000"
 1198      656E745F 
 1198      77617463 
 1198      68646F67 
 1198      5F636F75 
 1199              	.LASF4:
 1200 03ab 6C6F6E67 		.ascii	"long int\000"
 1200      20696E74 
 1200      00
 1201              	.LASF67:
 1202 03b4 4359424C 		.ascii	"CYBLE_EVT_GATTC_HANDLE_VALUE_IND\000"
 1202      455F4556 
 1202      545F4741 
 1202      5454435F 
 1202      48414E44 
 1203              	.LASF98:
 1204 03d5 4359424C 		.ascii	"CYBLE_SRVI_GATT\000"
 1204      455F5352 
 1204      56495F47 
 1204      41545400 
 1205              	.LASF31:
 1206 03e5 4359424C 		.ascii	"CYBLE_EVT_GAP_DEVICE_CONNECTED\000"
 1206      455F4556 
 1206      545F4741 
 1206      505F4445 
 1206      56494345 
 1207              	.LASF103:
 1208 0404 5072696E 		.ascii	"PrintNum\000"
 1208      744E756D 
 1208      00
 1209              	.LASF100:
 1210 040d 4359424C 		.ascii	"CYBLE_SRVI_CUSTOMS_END\000"
 1210      455F5352 
 1210      56495F43 
 1210      5553544F 
 1210      4D535F45 
 1211              	.LASF66:
 1212 0424 4359424C 		.ascii	"CYBLE_EVT_GATTC_HANDLE_VALUE_NTF\000"
 1212      455F4556 
 1212      545F4741 
 1212      5454435F 
 1212      48414E44 
 1213              	.LASF22:
 1214 0445 4359424C 		.ascii	"CYBLE_EVT_STACK_BUSY_STATUS\000"
ARM GAS  C:\Users\ASUS\AppData\Local\Temp\ccfiTo5m.s 			page 29


 1214      455F4556 
 1214      545F5354 
 1214      41434B5F 
 1214      42555359 
 1215              	.LASF27:
 1216 0461 4359424C 		.ascii	"CYBLE_EVT_GAP_PASSKEY_DISPLAY_REQUEST\000"
 1216      455F4556 
 1216      545F4741 
 1216      505F5041 
 1216      53534B45 
 1217              	.LASF107:
 1218 0487 474E5520 		.ascii	"GNU C11 5.4.1 20160609 (release) [ARM/embedded-5-br"
 1218      43313120 
 1218      352E342E 
 1218      31203230 
 1218      31363036 
 1219 04ba 616E6368 		.ascii	"anch revision 237715] -mcpu=cortex-m0 -mthumb -g -O"
 1219      20726576 
 1219      6973696F 
 1219      6E203233 
 1219      37373135 
 1220 04ed 30202D66 		.ascii	"0 -ffunction-sections -ffat-lto-objects\000"
 1220      66756E63 
 1220      74696F6E 
 1220      2D736563 
 1220      74696F6E 
 1221              	.LASF77:
 1222 0515 4359424C 		.ascii	"CYBLE_EVT_L2CAP_CBFC_CONN_CNF\000"
 1222      455F4556 
 1222      545F4C32 
 1222      4341505F 
 1222      43424643 
 1223              	.LASF41:
 1224 0533 4359424C 		.ascii	"CYBLE_EVT_GAP_ENHANCE_CONN_COMPLETE\000"
 1224      455F4556 
 1224      545F4741 
 1224      505F454E 
 1224      48414E43 
 1225              	.LASF15:
 1226 0557 6C6F6E67 		.ascii	"long double\000"
 1226      20646F75 
 1226      626C6500 
 1227              	.LASF73:
 1228 0563 4359424C 		.ascii	"CYBLE_EVT_L2CAP_CONN_PARAM_UPDATE_REQ\000"
 1228      455F4556 
 1228      545F4C32 
 1228      4341505F 
 1228      434F4E4E 
 1229              	.LASF1:
 1230 0589 756E7369 		.ascii	"unsigned char\000"
 1230      676E6564 
 1230      20636861 
 1230      7200
 1231              	.LASF63:
 1232 0597 4359424C 		.ascii	"CYBLE_EVT_GATTS_PREP_WRITE_REQ\000"
 1232      455F4556 
 1232      545F4741 
ARM GAS  C:\Users\ASUS\AppData\Local\Temp\ccfiTo5m.s 			page 30


 1232      5454535F 
 1232      50524550 
 1233              	.LASF85:
 1234 05b6 4359424C 		.ascii	"CYBLE_EVT_LE_PING_AUTH_TIMEOUT\000"
 1234      455F4556 
 1234      545F4C45 
 1234      5F50494E 
 1234      475F4155 
 1235              	.LASF108:
 1236 05d5 64656275 		.ascii	"debug.c\000"
 1236      672E6300 
 1237              	.LASF0:
 1238 05dd 7369676E 		.ascii	"signed char\000"
 1238      65642063 
 1238      68617200 
 1239              	.LASF60:
 1240 05e9 4359424C 		.ascii	"CYBLE_EVT_GATTS_WRITE_REQ\000"
 1240      455F4556 
 1240      545F4741 
 1240      5454535F 
 1240      57524954 
 1241              	.LASF56:
 1242 0603 4359424C 		.ascii	"CYBLE_EVT_GATTC_FIND_BY_TYPE_VALUE_RSP\000"
 1242      455F4556 
 1242      545F4741 
 1242      5454435F 
 1242      46494E44 
 1243              	.LASF28:
 1244 062a 4359424C 		.ascii	"CYBLE_EVT_GAP_AUTH_COMPLETE\000"
 1244      455F4556 
 1244      545F4741 
 1244      505F4155 
 1244      54485F43 
 1245              	.LASF8:
 1246 0646 756E7369 		.ascii	"unsigned int\000"
 1246      676E6564 
 1246      20696E74 
 1246      00
 1247              	.LASF49:
 1248 0653 4359424C 		.ascii	"CYBLE_EVT_GATT_CONNECT_IND\000"
 1248      455F4556 
 1248      545F4741 
 1248      54545F43 
 1248      4F4E4E45 
 1249              	.LASF5:
 1250 066e 6C6F6E67 		.ascii	"long unsigned int\000"
 1250      20756E73 
 1250      69676E65 
 1250      6420696E 
 1250      7400
 1251              	.LASF25:
 1252 0680 4359424C 		.ascii	"CYBLE_EVT_GAP_AUTH_REQ\000"
 1252      455F4556 
 1252      545F4741 
 1252      505F4155 
 1252      54485F52 
 1253              	.LASF96:
ARM GAS  C:\Users\ASUS\AppData\Local\Temp\ccfiTo5m.s 			page 31


 1254 0697 4359424C 		.ascii	"CYBLE_STATE_T\000"
 1254      455F5354 
 1254      4154455F 
 1254      5400
 1255              	.LASF78:
 1256 06a5 4359424C 		.ascii	"CYBLE_EVT_L2CAP_CBFC_DISCONN_IND\000"
 1256      455F4556 
 1256      545F4C32 
 1256      4341505F 
 1256      43424643 
 1257              	.LASF33:
 1258 06c6 4359424C 		.ascii	"CYBLE_EVT_GAP_ENCRYPT_CHANGE\000"
 1258      455F4556 
 1258      545F4741 
 1258      505F454E 
 1258      43525950 
 1259              	.LASF44:
 1260 06e3 4359424C 		.ascii	"CYBLE_EVT_GAP_CONN_ESTB\000"
 1260      455F4556 
 1260      545F4741 
 1260      505F434F 
 1260      4E4E5F45 
 1261              	.LASF72:
 1262 06fb 4359424C 		.ascii	"CYBLE_EVT_GATTC_LONG_PROCEDURE_END\000"
 1262      455F4556 
 1262      545F4741 
 1262      5454435F 
 1262      4C4F4E47 
 1263              	.LASF3:
 1264 071e 73686F72 		.ascii	"short unsigned int\000"
 1264      7420756E 
 1264      7369676E 
 1264      65642069 
 1264      6E7400
 1265              	.LASF87:
 1266 0731 4359424C 		.ascii	"CYBLE_EVT_FLASH_CORRUPT\000"
 1266      455F4556 
 1266      545F464C 
 1266      4153485F 
 1266      434F5252 
 1267              	.LASF34:
 1268 0749 4359424C 		.ascii	"CYBLE_EVT_GAP_CONNECTION_UPDATE_COMPLETE\000"
 1268      455F4556 
 1268      545F4741 
 1268      505F434F 
 1268      4E4E4543 
 1269              	.LASF43:
 1270 0772 4359424C 		.ascii	"CYBLE_EVT_GAP_SMP_NEGOTIATED_AUTH_INFO\000"
 1270      455F4556 
 1270      545F4741 
 1270      505F534D 
 1270      505F4E45 
 1271              	.LASF14:
 1272 0799 63686172 		.ascii	"char\000"
 1272      00
 1273              	.LASF75:
 1274 079e 4359424C 		.ascii	"CYBLE_EVT_L2CAP_COMMAND_REJ\000"
ARM GAS  C:\Users\ASUS\AppData\Local\Temp\ccfiTo5m.s 			page 32


 1274      455F4556 
 1274      545F4C32 
 1274      4341505F 
 1274      434F4D4D 
 1275              	.LASF95:
 1276 07ba 4359424C 		.ascii	"CYBLE_STATE_DISCONNECTED\000"
 1276      455F5354 
 1276      4154455F 
 1276      44495343 
 1276      4F4E4E45 
 1277              	.LASF9:
 1278 07d3 75696E74 		.ascii	"uint8\000"
 1278      3800
 1279              	.LASF93:
 1280 07d9 4359424C 		.ascii	"CYBLE_STATE_SCANNING\000"
 1280      455F5354 
 1280      4154455F 
 1280      5343414E 
 1280      4E494E47 
 1281              	.LASF58:
 1282 07ee 4359424C 		.ascii	"CYBLE_EVT_GATTC_READ_BLOB_RSP\000"
 1282      455F4556 
 1282      545F4741 
 1282      5454435F 
 1282      52454144 
 1283              	.LASF92:
 1284 080c 4359424C 		.ascii	"CYBLE_STATE_ADVERTISING\000"
 1284      455F5354 
 1284      4154455F 
 1284      41445645 
 1284      52544953 
 1285              	.LASF65:
 1286 0824 4359424C 		.ascii	"CYBLE_EVT_GATTC_EXEC_WRITE_RSP\000"
 1286      455F4556 
 1286      545F4741 
 1286      5454435F 
 1286      45584543 
 1287              	.LASF11:
 1288 0843 75696E74 		.ascii	"uint32\000"
 1288      333200
 1289              	.LASF84:
 1290 084a 4359424C 		.ascii	"CYBLE_EVT_PENDING_FLASH_WRITE\000"
 1290      455F4556 
 1290      545F5045 
 1290      4E44494E 
 1290      475F464C 
 1291              	.LASF81:
 1292 0868 4359424C 		.ascii	"CYBLE_EVT_L2CAP_CBFC_RX_CREDIT_IND\000"
 1292      455F4556 
 1292      545F4C32 
 1292      4341505F 
 1292      43424643 
 1293              	.LASF13:
 1294 088b 646F7562 		.ascii	"double\000"
 1294      6C6500
 1295              	.LASF82:
 1296 0892 4359424C 		.ascii	"CYBLE_EVT_L2CAP_CBFC_TX_CREDIT_IND\000"
ARM GAS  C:\Users\ASUS\AppData\Local\Temp\ccfiTo5m.s 			page 33


 1296      455F4556 
 1296      545F4C32 
 1296      4341505F 
 1296      43424643 
 1297              	.LASF45:
 1298 08b5 4359424C 		.ascii	"CYBLE_EVT_GAP_SCAN_REQ_RECVD\000"
 1298      455F4556 
 1298      545F4741 
 1298      505F5343 
 1298      414E5F52 
 1299              	.LASF30:
 1300 08d2 4359424C 		.ascii	"CYBLE_EVT_GAPP_ADVERTISEMENT_START_STOP\000"
 1300      455F4556 
 1300      545F4741 
 1300      50505F41 
 1300      44564552 
 1301              	.LASF20:
 1302 08fa 4359424C 		.ascii	"CYBLE_EVT_HARDWARE_ERROR\000"
 1302      455F4556 
 1302      545F4841 
 1302      52445741 
 1302      52455F45 
 1303              	.LASF80:
 1304 0913 4359424C 		.ascii	"CYBLE_EVT_L2CAP_CBFC_DATA_READ\000"
 1304      455F4556 
 1304      545F4C32 
 1304      4341505F 
 1304      43424643 
 1305              	.LASF74:
 1306 0932 4359424C 		.ascii	"CYBLE_EVT_L2CAP_CONN_PARAM_UPDATE_RSP\000"
 1306      455F4556 
 1306      545F4C32 
 1306      4341505F 
 1306      434F4E4E 
 1307              	.LASF24:
 1308 0958 4359424C 		.ascii	"CYBLE_EVT_GAPC_SCAN_PROGRESS_RESULT\000"
 1308      455F4556 
 1308      545F4741 
 1308      50435F53 
 1308      43414E5F 
 1309              	.LASF109:
 1310 097c 443A5C75 		.ascii	"D:\\ucu\\2_course1_term\\POC\\programs\\my_works\\S"
 1310      63755C32 
 1310      5F636F75 
 1310      72736531 
 1310      5F746572 
 1311 09a9 6D617274 		.ascii	"mart_lightning_system\\Mesh_Flood_Main_Auto_Reassig"
 1311      5F6C6967 
 1311      68746E69 
 1311      6E675F73 
 1311      79737465 
 1312 09db 6E6D656E 		.ascii	"nment2.cydsn\000"
 1312      74322E63 
 1312      7964736E 
 1312      00
 1313              	.LASF19:
 1314 09e8 4359424C 		.ascii	"CYBLE_EVT_TIMEOUT\000"
ARM GAS  C:\Users\ASUS\AppData\Local\Temp\ccfiTo5m.s 			page 34


 1314      455F4556 
 1314      545F5449 
 1314      4D454F55 
 1314      5400
 1315              	.LASF53:
 1316 09fa 4359424C 		.ascii	"CYBLE_EVT_GATTC_READ_BY_GROUP_TYPE_RSP\000"
 1316      455F4556 
 1316      545F4741 
 1316      5454435F 
 1316      52454144 
 1317              	.LASF62:
 1318 0a21 4359424C 		.ascii	"CYBLE_EVT_GATTS_WRITE_CMD_REQ\000"
 1318      455F4556 
 1318      545F4741 
 1318      5454535F 
 1318      57524954 
 1319              	.LASF38:
 1320 0a3f 4359424C 		.ascii	"CYBLE_EVT_GAP_KEYPRESS_NOTIFICATION\000"
 1320      455F4556 
 1320      545F4741 
 1320      505F4B45 
 1320      59505245 
 1321              	.LASF52:
 1322 0a63 4359424C 		.ascii	"CYBLE_EVT_GATTC_XCHNG_MTU_RSP\000"
 1322      455F4556 
 1322      545F4741 
 1322      5454435F 
 1322      5843484E 
 1323              	.LASF83:
 1324 0a81 4359424C 		.ascii	"CYBLE_EVT_L2CAP_CBFC_DATA_WRITE_IND\000"
 1324      455F4556 
 1324      545F4C32 
 1324      4341505F 
 1324      43424643 
 1325              	.LASF35:
 1326 0aa5 4359424C 		.ascii	"CYBLE_EVT_GAPC_SCAN_START_STOP\000"
 1326      455F4556 
 1326      545F4741 
 1326      50435F53 
 1326      43414E5F 
 1327              	.LASF88:
 1328 0ac4 4359424C 		.ascii	"CYBLE_EVT_MAX\000"
 1328      455F4556 
 1328      545F4D41 
 1328      5800
 1329              	.LASF71:
 1330 0ad2 4359424C 		.ascii	"CYBLE_EVT_GATTS_READ_CHAR_VAL_ACCESS_REQ\000"
 1330      455F4556 
 1330      545F4741 
 1330      5454535F 
 1330      52454144 
 1331              	.LASF55:
 1332 0afb 4359424C 		.ascii	"CYBLE_EVT_GATTC_FIND_INFO_RSP\000"
 1332      455F4556 
 1332      545F4741 
 1332      5454435F 
 1332      46494E44 
ARM GAS  C:\Users\ASUS\AppData\Local\Temp\ccfiTo5m.s 			page 35


 1333              	.LASF70:
 1334 0b19 4359424C 		.ascii	"CYBLE_EVT_GATTC_STOP_CMD_COMPLETE\000"
 1334      455F4556 
 1334      545F4741 
 1334      5454435F 
 1334      53544F50 
 1335              	.LASF104:
 1336 0b3b 626C655F 		.ascii	"ble_state\000"
 1336      73746174 
 1336      6500
 1337              	.LASF64:
 1338 0b45 4359424C 		.ascii	"CYBLE_EVT_GATTS_EXEC_WRITE_REQ\000"
 1338      455F4556 
 1338      545F4741 
 1338      5454535F 
 1338      45584543 
 1339              	.LASF32:
 1340 0b64 4359424C 		.ascii	"CYBLE_EVT_GAP_DEVICE_DISCONNECTED\000"
 1340      455F4556 
 1340      545F4741 
 1340      505F4445 
 1340      56494345 
 1341              	.LASF69:
 1342 0b86 4359424C 		.ascii	"CYBLE_EVT_GATTS_DATA_SIGNED_CMD_REQ\000"
 1342      455F4556 
 1342      545F4741 
 1342      5454535F 
 1342      44415441 
 1343              	.LASF94:
 1344 0baa 4359424C 		.ascii	"CYBLE_STATE_CONNECTING\000"
 1344      455F5354 
 1344      4154455F 
 1344      434F4E4E 
 1344      45435449 
 1345              	.LASF39:
 1346 0bc1 4359424C 		.ascii	"CYBLE_EVT_GAP_OOB_GENERATED_NOTIFICATION\000"
 1346      455F4556 
 1346      545F4741 
 1346      505F4F4F 
 1346      425F4745 
 1347              		.ident	"GCC: (GNU Tools for ARM Embedded Processors) 5.4.1 20160609 (release) [ARM/embedded-5-bran
