ARM GAS  C:\Users\JANUSD~1\AppData\Local\Temp\ccanNdUc.s 			page 1


   1              		.syntax unified
   2              		.cpu cortex-m0
   3              		.fpu softvfp
   4              		.eabi_attribute 20, 1
   5              		.eabi_attribute 21, 1
   6              		.eabi_attribute 23, 3
   7              		.eabi_attribute 24, 1
   8              		.eabi_attribute 25, 1
   9              		.eabi_attribute 26, 1
  10              		.eabi_attribute 30, 1
  11              		.eabi_attribute 34, 0
  12              		.eabi_attribute 18, 4
  13              		.thumb
  14              		.syntax unified
  15              		.file	"cyfitter_cfg.c"
  16              		.text
  17              	.Ltext0:
  18              		.cfi_sections	.debug_frame
  19              		.section	.text.cfg_write_bytes32,"ax",%progbits
  20              		.align	2
  21              		.code	16
  22              		.thumb_func
  23              		.type	cfg_write_bytes32, %function
  24              	cfg_write_bytes32:
  25              	.LFB5:
  26              		.file 1 "Generated_Source\\PSoC4\\cyfitter_cfg.c"
   1:Generated_Source\PSoC4/cyfitter_cfg.c **** 
   2:Generated_Source\PSoC4/cyfitter_cfg.c **** /*******************************************************************************
   3:Generated_Source\PSoC4/cyfitter_cfg.c **** * File Name: cyfitter_cfg.c
   4:Generated_Source\PSoC4/cyfitter_cfg.c **** * 
   5:Generated_Source\PSoC4/cyfitter_cfg.c **** * PSoC Creator  4.2
   6:Generated_Source\PSoC4/cyfitter_cfg.c **** *
   7:Generated_Source\PSoC4/cyfitter_cfg.c **** * Description:
   8:Generated_Source\PSoC4/cyfitter_cfg.c **** * This file contains device initialization code.
   9:Generated_Source\PSoC4/cyfitter_cfg.c **** * Except for the user defined sections in CyClockStartupError(), this file should not be modified.
  10:Generated_Source\PSoC4/cyfitter_cfg.c **** * This file is automatically generated by PSoC Creator.
  11:Generated_Source\PSoC4/cyfitter_cfg.c **** *
  12:Generated_Source\PSoC4/cyfitter_cfg.c **** ********************************************************************************
  13:Generated_Source\PSoC4/cyfitter_cfg.c **** * Copyright (c) 2007-2018 Cypress Semiconductor.  All rights reserved.
  14:Generated_Source\PSoC4/cyfitter_cfg.c **** * You may use this file only in accordance with the license, terms, conditions, 
  15:Generated_Source\PSoC4/cyfitter_cfg.c **** * disclaimers, and limitations in the end user license agreement accompanying 
  16:Generated_Source\PSoC4/cyfitter_cfg.c **** * the software package with which this file was provided.
  17:Generated_Source\PSoC4/cyfitter_cfg.c **** ********************************************************************************/
  18:Generated_Source\PSoC4/cyfitter_cfg.c **** 
  19:Generated_Source\PSoC4/cyfitter_cfg.c **** #include <string.h>
  20:Generated_Source\PSoC4/cyfitter_cfg.c **** #include "cytypes.h"
  21:Generated_Source\PSoC4/cyfitter_cfg.c **** #include "cydevice_trm.h"
  22:Generated_Source\PSoC4/cyfitter_cfg.c **** #include "cyfitter.h"
  23:Generated_Source\PSoC4/cyfitter_cfg.c **** #include "CyLib.h"
  24:Generated_Source\PSoC4/cyfitter_cfg.c **** #include "CyLFClk.h"
  25:Generated_Source\PSoC4/cyfitter_cfg.c **** #include "cyfitter_cfg.h"
  26:Generated_Source\PSoC4/cyfitter_cfg.c **** #include "cyapicallbacks.h"
  27:Generated_Source\PSoC4/cyfitter_cfg.c **** 
  28:Generated_Source\PSoC4/cyfitter_cfg.c **** 
  29:Generated_Source\PSoC4/cyfitter_cfg.c **** #if defined(__GNUC__) || defined(__ARMCC_VERSION)
  30:Generated_Source\PSoC4/cyfitter_cfg.c ****     #define CYPACKED 
  31:Generated_Source\PSoC4/cyfitter_cfg.c ****     #define CYPACKED_ATTR __attribute__ ((packed))
ARM GAS  C:\Users\JANUSD~1\AppData\Local\Temp\ccanNdUc.s 			page 2


  32:Generated_Source\PSoC4/cyfitter_cfg.c ****     #define CYALIGNED __attribute__ ((aligned))
  33:Generated_Source\PSoC4/cyfitter_cfg.c ****     #define CY_CFG_UNUSED __attribute__ ((unused))
  34:Generated_Source\PSoC4/cyfitter_cfg.c ****     #ifndef CY_CFG_SECTION
  35:Generated_Source\PSoC4/cyfitter_cfg.c ****         #define CY_CFG_SECTION __attribute__ ((section(".psocinit")))
  36:Generated_Source\PSoC4/cyfitter_cfg.c ****     #endif
  37:Generated_Source\PSoC4/cyfitter_cfg.c ****     
  38:Generated_Source\PSoC4/cyfitter_cfg.c ****     #if defined(__ARMCC_VERSION)
  39:Generated_Source\PSoC4/cyfitter_cfg.c ****         #define CY_CFG_MEMORY_BARRIER() __memory_changed()
  40:Generated_Source\PSoC4/cyfitter_cfg.c ****     #else
  41:Generated_Source\PSoC4/cyfitter_cfg.c ****         #define CY_CFG_MEMORY_BARRIER() __sync_synchronize()
  42:Generated_Source\PSoC4/cyfitter_cfg.c ****     #endif
  43:Generated_Source\PSoC4/cyfitter_cfg.c ****     
  44:Generated_Source\PSoC4/cyfitter_cfg.c **** #elif defined(__ICCARM__)
  45:Generated_Source\PSoC4/cyfitter_cfg.c ****     #include <intrinsics.h>
  46:Generated_Source\PSoC4/cyfitter_cfg.c **** 
  47:Generated_Source\PSoC4/cyfitter_cfg.c ****     #define CYPACKED __packed
  48:Generated_Source\PSoC4/cyfitter_cfg.c ****     #define CYPACKED_ATTR 
  49:Generated_Source\PSoC4/cyfitter_cfg.c ****     #define CYALIGNED _Pragma("data_alignment=4")
  50:Generated_Source\PSoC4/cyfitter_cfg.c ****     #define CY_CFG_UNUSED _Pragma("diag_suppress=Pe177")
  51:Generated_Source\PSoC4/cyfitter_cfg.c ****     #define CY_CFG_SECTION _Pragma("location=\".psocinit\"")
  52:Generated_Source\PSoC4/cyfitter_cfg.c ****     
  53:Generated_Source\PSoC4/cyfitter_cfg.c ****     #define CY_CFG_MEMORY_BARRIER() __DMB()
  54:Generated_Source\PSoC4/cyfitter_cfg.c ****     
  55:Generated_Source\PSoC4/cyfitter_cfg.c **** #else
  56:Generated_Source\PSoC4/cyfitter_cfg.c ****     #error Unsupported toolchain
  57:Generated_Source\PSoC4/cyfitter_cfg.c **** #endif
  58:Generated_Source\PSoC4/cyfitter_cfg.c **** 
  59:Generated_Source\PSoC4/cyfitter_cfg.c **** #ifndef CYCODE
  60:Generated_Source\PSoC4/cyfitter_cfg.c ****     #define CYCODE
  61:Generated_Source\PSoC4/cyfitter_cfg.c **** #endif
  62:Generated_Source\PSoC4/cyfitter_cfg.c **** #ifndef CYDATA
  63:Generated_Source\PSoC4/cyfitter_cfg.c ****     #define CYDATA
  64:Generated_Source\PSoC4/cyfitter_cfg.c **** #endif
  65:Generated_Source\PSoC4/cyfitter_cfg.c **** #ifndef CYFAR
  66:Generated_Source\PSoC4/cyfitter_cfg.c ****     #define CYFAR
  67:Generated_Source\PSoC4/cyfitter_cfg.c **** #endif
  68:Generated_Source\PSoC4/cyfitter_cfg.c **** #ifndef CYXDATA
  69:Generated_Source\PSoC4/cyfitter_cfg.c ****     #define CYXDATA
  70:Generated_Source\PSoC4/cyfitter_cfg.c **** #endif
  71:Generated_Source\PSoC4/cyfitter_cfg.c **** 
  72:Generated_Source\PSoC4/cyfitter_cfg.c **** 
  73:Generated_Source\PSoC4/cyfitter_cfg.c **** CY_CFG_UNUSED
  74:Generated_Source\PSoC4/cyfitter_cfg.c **** static void CYMEMZERO(void *s, size_t n);
  75:Generated_Source\PSoC4/cyfitter_cfg.c **** CY_CFG_UNUSED
  76:Generated_Source\PSoC4/cyfitter_cfg.c **** static void CYMEMZERO(void *s, size_t n)
  77:Generated_Source\PSoC4/cyfitter_cfg.c **** {
  78:Generated_Source\PSoC4/cyfitter_cfg.c **** 	(void)memset(s, 0, n);
  79:Generated_Source\PSoC4/cyfitter_cfg.c **** }
  80:Generated_Source\PSoC4/cyfitter_cfg.c **** CY_CFG_UNUSED
  81:Generated_Source\PSoC4/cyfitter_cfg.c **** static void CYCONFIGCPY(void *dest, const void *src, size_t n);
  82:Generated_Source\PSoC4/cyfitter_cfg.c **** CY_CFG_UNUSED
  83:Generated_Source\PSoC4/cyfitter_cfg.c **** static void CYCONFIGCPY(void *dest, const void *src, size_t n)
  84:Generated_Source\PSoC4/cyfitter_cfg.c **** {
  85:Generated_Source\PSoC4/cyfitter_cfg.c **** 	(void)memcpy(dest, src, n);
  86:Generated_Source\PSoC4/cyfitter_cfg.c **** }
  87:Generated_Source\PSoC4/cyfitter_cfg.c **** CY_CFG_UNUSED
  88:Generated_Source\PSoC4/cyfitter_cfg.c **** static void CYCONFIGCPYCODE(void *dest, const void *src, size_t n);
ARM GAS  C:\Users\JANUSD~1\AppData\Local\Temp\ccanNdUc.s 			page 3


  89:Generated_Source\PSoC4/cyfitter_cfg.c **** CY_CFG_UNUSED
  90:Generated_Source\PSoC4/cyfitter_cfg.c **** static void CYCONFIGCPYCODE(void *dest, const void *src, size_t n)
  91:Generated_Source\PSoC4/cyfitter_cfg.c **** {
  92:Generated_Source\PSoC4/cyfitter_cfg.c **** 	(void)memcpy(dest, src, n);
  93:Generated_Source\PSoC4/cyfitter_cfg.c **** }
  94:Generated_Source\PSoC4/cyfitter_cfg.c **** 
  95:Generated_Source\PSoC4/cyfitter_cfg.c **** 
  96:Generated_Source\PSoC4/cyfitter_cfg.c **** 
  97:Generated_Source\PSoC4/cyfitter_cfg.c **** 
  98:Generated_Source\PSoC4/cyfitter_cfg.c **** /* Clock startup error codes                                                   */
  99:Generated_Source\PSoC4/cyfitter_cfg.c **** #define CYCLOCKSTART_NO_ERROR    0u
 100:Generated_Source\PSoC4/cyfitter_cfg.c **** #define CYCLOCKSTART_XTAL_ERROR  1u
 101:Generated_Source\PSoC4/cyfitter_cfg.c **** #define CYCLOCKSTART_32KHZ_ERROR 2u
 102:Generated_Source\PSoC4/cyfitter_cfg.c **** #define CYCLOCKSTART_PLL_ERROR   3u
 103:Generated_Source\PSoC4/cyfitter_cfg.c **** #define CYCLOCKSTART_FLL_ERROR   4u
 104:Generated_Source\PSoC4/cyfitter_cfg.c **** #define CYCLOCKSTART_WCO_ERROR   5u
 105:Generated_Source\PSoC4/cyfitter_cfg.c **** 
 106:Generated_Source\PSoC4/cyfitter_cfg.c **** 
 107:Generated_Source\PSoC4/cyfitter_cfg.c **** #ifdef CY_NEED_CYCLOCKSTARTUPERROR
 108:Generated_Source\PSoC4/cyfitter_cfg.c **** /*******************************************************************************
 109:Generated_Source\PSoC4/cyfitter_cfg.c **** * Function Name: CyClockStartupError
 110:Generated_Source\PSoC4/cyfitter_cfg.c **** ********************************************************************************
 111:Generated_Source\PSoC4/cyfitter_cfg.c **** * Summary:
 112:Generated_Source\PSoC4/cyfitter_cfg.c **** *  If an error is encountered during clock configuration (crystal startup error,
 113:Generated_Source\PSoC4/cyfitter_cfg.c **** *  PLL lock error, etc.), the system will end up here.  Unless reimplemented by
 114:Generated_Source\PSoC4/cyfitter_cfg.c **** *  the customer, this function will stop in an infinite loop.
 115:Generated_Source\PSoC4/cyfitter_cfg.c **** *
 116:Generated_Source\PSoC4/cyfitter_cfg.c **** * Parameters:
 117:Generated_Source\PSoC4/cyfitter_cfg.c **** *   void
 118:Generated_Source\PSoC4/cyfitter_cfg.c **** *
 119:Generated_Source\PSoC4/cyfitter_cfg.c **** * Return:
 120:Generated_Source\PSoC4/cyfitter_cfg.c **** *   void
 121:Generated_Source\PSoC4/cyfitter_cfg.c **** *
 122:Generated_Source\PSoC4/cyfitter_cfg.c **** *******************************************************************************/
 123:Generated_Source\PSoC4/cyfitter_cfg.c **** CY_CFG_UNUSED
 124:Generated_Source\PSoC4/cyfitter_cfg.c **** static void CyClockStartupError(uint8 errorCode);
 125:Generated_Source\PSoC4/cyfitter_cfg.c **** CY_CFG_UNUSED
 126:Generated_Source\PSoC4/cyfitter_cfg.c **** static void CyClockStartupError(uint8 errorCode)
 127:Generated_Source\PSoC4/cyfitter_cfg.c **** {
 128:Generated_Source\PSoC4/cyfitter_cfg.c ****     /* To remove the compiler warning if errorCode not used.                */
 129:Generated_Source\PSoC4/cyfitter_cfg.c ****     errorCode = errorCode;
 130:Generated_Source\PSoC4/cyfitter_cfg.c **** 
 131:Generated_Source\PSoC4/cyfitter_cfg.c ****     /* If we have a clock startup error (bad MHz crystal, PLL lock, etc.),  */
 132:Generated_Source\PSoC4/cyfitter_cfg.c ****     /* we will end up here to allow the customer to implement something to  */
 133:Generated_Source\PSoC4/cyfitter_cfg.c ****     /* deal with the clock condition.                                       */
 134:Generated_Source\PSoC4/cyfitter_cfg.c **** 
 135:Generated_Source\PSoC4/cyfitter_cfg.c **** #ifdef CY_CFG_CLOCK_STARTUP_ERROR_CALLBACK
 136:Generated_Source\PSoC4/cyfitter_cfg.c ****     CY_CFG_Clock_Startup_ErrorCallback();
 137:Generated_Source\PSoC4/cyfitter_cfg.c **** #else
 138:Generated_Source\PSoC4/cyfitter_cfg.c ****     /*  If not using CY_CFG_CLOCK_STARTUP_ERROR_CALLBACK, place your clock startup code here. */
 139:Generated_Source\PSoC4/cyfitter_cfg.c ****     /* `#START CyClockStartupError` */
 140:Generated_Source\PSoC4/cyfitter_cfg.c **** 
 141:Generated_Source\PSoC4/cyfitter_cfg.c **** 
 142:Generated_Source\PSoC4/cyfitter_cfg.c **** 
 143:Generated_Source\PSoC4/cyfitter_cfg.c ****     /* `#END` */
 144:Generated_Source\PSoC4/cyfitter_cfg.c **** 
 145:Generated_Source\PSoC4/cyfitter_cfg.c ****     while(1) {}
ARM GAS  C:\Users\JANUSD~1\AppData\Local\Temp\ccanNdUc.s 			page 4


 146:Generated_Source\PSoC4/cyfitter_cfg.c **** #endif /* CY_CFG_CLOCK_STARTUP_ERROR_CALLBACK */
 147:Generated_Source\PSoC4/cyfitter_cfg.c **** }
 148:Generated_Source\PSoC4/cyfitter_cfg.c **** #endif
 149:Generated_Source\PSoC4/cyfitter_cfg.c **** 
 150:Generated_Source\PSoC4/cyfitter_cfg.c **** #define CY_CFG_BASE_ADDR_COUNT 2u
 151:Generated_Source\PSoC4/cyfitter_cfg.c **** CYPACKED typedef struct
 152:Generated_Source\PSoC4/cyfitter_cfg.c **** {
 153:Generated_Source\PSoC4/cyfitter_cfg.c **** 	uint8 offset;
 154:Generated_Source\PSoC4/cyfitter_cfg.c **** 	uint8 value;
 155:Generated_Source\PSoC4/cyfitter_cfg.c **** } CYPACKED_ATTR cy_cfg_addrvalue_t;
 156:Generated_Source\PSoC4/cyfitter_cfg.c **** 
 157:Generated_Source\PSoC4/cyfitter_cfg.c **** 
 158:Generated_Source\PSoC4/cyfitter_cfg.c **** 
 159:Generated_Source\PSoC4/cyfitter_cfg.c **** /*******************************************************************************
 160:Generated_Source\PSoC4/cyfitter_cfg.c **** * Function Name: cfg_write_bytes32
 161:Generated_Source\PSoC4/cyfitter_cfg.c **** ********************************************************************************
 162:Generated_Source\PSoC4/cyfitter_cfg.c **** * Summary:
 163:Generated_Source\PSoC4/cyfitter_cfg.c **** *  This function is used for setting up the chip configuration areas that
 164:Generated_Source\PSoC4/cyfitter_cfg.c **** *  contain relatively sparse data.
 165:Generated_Source\PSoC4/cyfitter_cfg.c **** *
 166:Generated_Source\PSoC4/cyfitter_cfg.c **** * Parameters:
 167:Generated_Source\PSoC4/cyfitter_cfg.c **** *   void
 168:Generated_Source\PSoC4/cyfitter_cfg.c **** *
 169:Generated_Source\PSoC4/cyfitter_cfg.c **** * Return:
 170:Generated_Source\PSoC4/cyfitter_cfg.c **** *   void
 171:Generated_Source\PSoC4/cyfitter_cfg.c **** *
 172:Generated_Source\PSoC4/cyfitter_cfg.c **** *******************************************************************************/
 173:Generated_Source\PSoC4/cyfitter_cfg.c **** static void cfg_write_bytes32(const uint32 addr_table[], const cy_cfg_addrvalue_t data_table[]);
 174:Generated_Source\PSoC4/cyfitter_cfg.c **** static void cfg_write_bytes32(const uint32 addr_table[], const cy_cfg_addrvalue_t data_table[])
 175:Generated_Source\PSoC4/cyfitter_cfg.c **** {
  27              		.loc 1 175 0
  28              		.cfi_startproc
  29              		@ args = 0, pretend = 0, frame = 0
  30              		@ frame_needed = 0, uses_anonymous_args = 0
  31              	.LVL0:
  32 0000 F0B5     		push	{r4, r5, r6, r7, lr}
  33              		.cfi_def_cfa_offset 20
  34              		.cfi_offset 4, -20
  35              		.cfi_offset 5, -16
  36              		.cfi_offset 6, -12
  37              		.cfi_offset 7, -8
  38              		.cfi_offset 14, -4
  39              	.LVL1:
 176:Generated_Source\PSoC4/cyfitter_cfg.c **** 	/* For 32-bit little-endian architectures */
 177:Generated_Source\PSoC4/cyfitter_cfg.c **** 	uint32 i, j = 0u;
  40              		.loc 1 177 0
  41 0002 0025     		movs	r5, #0
 178:Generated_Source\PSoC4/cyfitter_cfg.c **** 	for (i = 0u; i < CY_CFG_BASE_ADDR_COUNT; i++)
  42              		.loc 1 178 0
  43 0004 0027     		movs	r7, #0
  44 0006 11E0     		b	.L2
  45              	.LVL2:
  46              	.L5:
  47              	.LBB2:
 179:Generated_Source\PSoC4/cyfitter_cfg.c **** 	{
 180:Generated_Source\PSoC4/cyfitter_cfg.c **** 		uint32 baseAddr = addr_table[i];
  48              		.loc 1 180 0
ARM GAS  C:\Users\JANUSD~1\AppData\Local\Temp\ccanNdUc.s 			page 5


  49 0008 BB00     		lsls	r3, r7, #2
  50 000a C658     		ldr	r6, [r0, r3]
  51              	.LVL3:
 181:Generated_Source\PSoC4/cyfitter_cfg.c **** 		uint8 count = (uint8)baseAddr;
  52              		.loc 1 181 0
  53 000c F3B2     		uxtb	r3, r6
  54              	.LVL4:
 182:Generated_Source\PSoC4/cyfitter_cfg.c **** 		baseAddr &= 0xFFFFFF00u;
  55              		.loc 1 182 0
  56 000e FF22     		movs	r2, #255
  57 0010 9643     		bics	r6, r2
  58              	.LVL5:
 183:Generated_Source\PSoC4/cyfitter_cfg.c **** 		while (count != 0u)
  59              		.loc 1 183 0
  60 0012 08E0     		b	.L3
  61              	.L4:
 184:Generated_Source\PSoC4/cyfitter_cfg.c **** 		{
 185:Generated_Source\PSoC4/cyfitter_cfg.c **** 			CY_SET_REG8((void *)(baseAddr + data_table[j].offset), data_table[j].value);
  62              		.loc 1 185 0
  63 0014 6A00     		lsls	r2, r5, #1
  64 0016 8A18     		adds	r2, r1, r2
  65 0018 1478     		ldrb	r4, [r2]
  66 001a A419     		adds	r4, r4, r6
  67 001c 5278     		ldrb	r2, [r2, #1]
  68 001e 2270     		strb	r2, [r4]
 186:Generated_Source\PSoC4/cyfitter_cfg.c **** 			j++;
  69              		.loc 1 186 0
  70 0020 0135     		adds	r5, r5, #1
  71              	.LVL6:
 187:Generated_Source\PSoC4/cyfitter_cfg.c **** 			count--;
  72              		.loc 1 187 0
  73 0022 013B     		subs	r3, r3, #1
  74              	.LVL7:
  75 0024 DBB2     		uxtb	r3, r3
  76              	.LVL8:
  77              	.L3:
 183:Generated_Source\PSoC4/cyfitter_cfg.c **** 		{
  78              		.loc 1 183 0
  79 0026 002B     		cmp	r3, #0
  80 0028 F4D1     		bne	.L4
  81              	.LBE2:
 178:Generated_Source\PSoC4/cyfitter_cfg.c **** 	{
  82              		.loc 1 178 0 discriminator 2
  83 002a 0137     		adds	r7, r7, #1
  84              	.LVL9:
  85              	.L2:
 178:Generated_Source\PSoC4/cyfitter_cfg.c **** 	{
  86              		.loc 1 178 0 is_stmt 0 discriminator 1
  87 002c 012F     		cmp	r7, #1
  88 002e EBD9     		bls	.L5
 188:Generated_Source\PSoC4/cyfitter_cfg.c **** 		}
 189:Generated_Source\PSoC4/cyfitter_cfg.c **** 	}
 190:Generated_Source\PSoC4/cyfitter_cfg.c **** }
  89              		.loc 1 190 0 is_stmt 1
  90              		@ sp needed
  91              	.LVL10:
  92              	.LVL11:
ARM GAS  C:\Users\JANUSD~1\AppData\Local\Temp\ccanNdUc.s 			page 6


  93 0030 F0BD     		pop	{r4, r5, r6, r7, pc}
  94              		.cfi_endproc
  95              	.LFE5:
  96              		.size	cfg_write_bytes32, .-cfg_write_bytes32
  97 0032 C046     		.section	.text.AnalogSetDefault,"ax",%progbits
  98              		.align	2
  99              		.code	16
 100              		.thumb_func
 101              		.type	AnalogSetDefault, %function
 102              	AnalogSetDefault:
 103              	.LFB7:
 191:Generated_Source\PSoC4/cyfitter_cfg.c **** 
 192:Generated_Source\PSoC4/cyfitter_cfg.c **** 
 193:Generated_Source\PSoC4/cyfitter_cfg.c **** /*******************************************************************************
 194:Generated_Source\PSoC4/cyfitter_cfg.c **** * Function Name: ClockSetup
 195:Generated_Source\PSoC4/cyfitter_cfg.c **** ********************************************************************************
 196:Generated_Source\PSoC4/cyfitter_cfg.c **** *
 197:Generated_Source\PSoC4/cyfitter_cfg.c **** * Summary:
 198:Generated_Source\PSoC4/cyfitter_cfg.c **** *   Performs the initialization of all of the clocks in the device based on the
 199:Generated_Source\PSoC4/cyfitter_cfg.c **** *   settings in the Clock tab of the DWR.  This includes enabling the requested
 200:Generated_Source\PSoC4/cyfitter_cfg.c **** *   clocks and setting the necessary dividers to produce the desired frequency. 
 201:Generated_Source\PSoC4/cyfitter_cfg.c **** *
 202:Generated_Source\PSoC4/cyfitter_cfg.c **** * Parameters:
 203:Generated_Source\PSoC4/cyfitter_cfg.c **** *   void
 204:Generated_Source\PSoC4/cyfitter_cfg.c **** *
 205:Generated_Source\PSoC4/cyfitter_cfg.c **** * Return:
 206:Generated_Source\PSoC4/cyfitter_cfg.c **** *   void
 207:Generated_Source\PSoC4/cyfitter_cfg.c **** *
 208:Generated_Source\PSoC4/cyfitter_cfg.c **** *******************************************************************************/
 209:Generated_Source\PSoC4/cyfitter_cfg.c **** static void ClockSetup(void);
 210:Generated_Source\PSoC4/cyfitter_cfg.c **** CY_CFG_SECTION
 211:Generated_Source\PSoC4/cyfitter_cfg.c **** static void ClockSetup(void)
 212:Generated_Source\PSoC4/cyfitter_cfg.c **** {
 213:Generated_Source\PSoC4/cyfitter_cfg.c **** 
 214:Generated_Source\PSoC4/cyfitter_cfg.c **** 	/* Set Flash Cycles based on max possible frequency in case a glitch occurs during ClockSetup(). *
 215:Generated_Source\PSoC4/cyfitter_cfg.c **** 	CY_SET_REG32((void CYXDATA *)(CYREG_CPUSS_FLASH_CTL), (0x0012u));
 216:Generated_Source\PSoC4/cyfitter_cfg.c **** 
 217:Generated_Source\PSoC4/cyfitter_cfg.c **** 	/* Start the WCO */
 218:Generated_Source\PSoC4/cyfitter_cfg.c **** 	CySysClkWcoStart();
 219:Generated_Source\PSoC4/cyfitter_cfg.c **** 	CyDelayCycles(12000000u); /* WCO may take up to 500ms to start */
 220:Generated_Source\PSoC4/cyfitter_cfg.c **** 	(void)CySysClkWcoSetPowerMode(CY_SYS_CLK_WCO_LPM);    /* Switch to the low power mode */
 221:Generated_Source\PSoC4/cyfitter_cfg.c **** 
 222:Generated_Source\PSoC4/cyfitter_cfg.c **** 	/* Setup and trim IMO based on desired frequency. */
 223:Generated_Source\PSoC4/cyfitter_cfg.c **** 	CySysClkWriteImoFreq(48u);
 224:Generated_Source\PSoC4/cyfitter_cfg.c **** 	/* CYDEV_CLK_ILO_CONFIG Starting address: CYDEV_CLK_ILO_CONFIG */
 225:Generated_Source\PSoC4/cyfitter_cfg.c **** 	CY_SET_REG32((void *)(CYREG_CLK_ILO_CONFIG), 0x80000006u);
 226:Generated_Source\PSoC4/cyfitter_cfg.c **** 
 227:Generated_Source\PSoC4/cyfitter_cfg.c **** 	/* CYDEV_WDT_CONFIG Starting address: CYDEV_WDT_CONFIG */
 228:Generated_Source\PSoC4/cyfitter_cfg.c **** 	CY_SET_REG32((void *)(CYREG_WDT_CONFIG), 0x40000000u);
 229:Generated_Source\PSoC4/cyfitter_cfg.c **** 
 230:Generated_Source\PSoC4/cyfitter_cfg.c **** 
 231:Generated_Source\PSoC4/cyfitter_cfg.c **** 	/* Enable fast start mode for XO */
 232:Generated_Source\PSoC4/cyfitter_cfg.c **** 	CY_SET_REG32((void*)CYREG_BLE_BLERD_BB_XO, CY_GET_REG32((void*)CYREG_BLE_BLERD_BB_XO) | (uint32)0x
 233:Generated_Source\PSoC4/cyfitter_cfg.c **** 	CY_SET_REG32((void *)(CYREG_BLE_BLERD_BB_XO_CAPTRIM), 0x00003E2Du);
 234:Generated_Source\PSoC4/cyfitter_cfg.c **** 	/*Set XTAL(ECO) divider*/
 235:Generated_Source\PSoC4/cyfitter_cfg.c **** 	CY_SET_REG32((void *)(CYREG_BLE_BLESS_XTAL_CLK_DIV_CONFIG), 0x00000000u);
 236:Generated_Source\PSoC4/cyfitter_cfg.c **** 	/* Disable Crystal Stable Interrupt before enabling ECO */
ARM GAS  C:\Users\JANUSD~1\AppData\Local\Temp\ccanNdUc.s 			page 7


 237:Generated_Source\PSoC4/cyfitter_cfg.c **** 	CY_SET_REG32((void*)CYREG_BLE_BLESS_LL_DSM_CTRL, CY_GET_REG32((void*)CYREG_BLE_BLESS_LL_DSM_CTRL) 
 238:Generated_Source\PSoC4/cyfitter_cfg.c **** 	/* Start the ECO and do not check status since it is not needed for HFCLK */
 239:Generated_Source\PSoC4/cyfitter_cfg.c **** 	(void)CySysClkEcoStart(2000u);
 240:Generated_Source\PSoC4/cyfitter_cfg.c **** 	CyDelayUs(1500u); /* Wait to stabilize */
 241:Generated_Source\PSoC4/cyfitter_cfg.c **** 
 242:Generated_Source\PSoC4/cyfitter_cfg.c **** 	/* Setup phase aligned clocks */
 243:Generated_Source\PSoC4/cyfitter_cfg.c **** 	CY_SET_REG32((void *)CYREG_PERI_DIV_16_CTL0, 0x00000300u);
 244:Generated_Source\PSoC4/cyfitter_cfg.c **** 	CY_SET_REG32((void *)CYREG_PERI_DIV_CMD, 0x8000FF40u);
 245:Generated_Source\PSoC4/cyfitter_cfg.c **** 
 246:Generated_Source\PSoC4/cyfitter_cfg.c **** 	/* CYDEV_CLK_IMO_CONFIG Starting address: CYDEV_CLK_IMO_CONFIG */
 247:Generated_Source\PSoC4/cyfitter_cfg.c **** 	CY_SET_REG32((void *)(CYREG_CLK_IMO_CONFIG), 0x80000000u);
 248:Generated_Source\PSoC4/cyfitter_cfg.c **** 
 249:Generated_Source\PSoC4/cyfitter_cfg.c **** 	/* CYDEV_CLK_SELECT Starting address: CYDEV_CLK_SELECT */
 250:Generated_Source\PSoC4/cyfitter_cfg.c **** 	CY_SET_REG32((void *)(CYREG_CLK_SELECT), 0x00040000u);
 251:Generated_Source\PSoC4/cyfitter_cfg.c **** 
 252:Generated_Source\PSoC4/cyfitter_cfg.c **** 	/* CYDEV_PERI_PCLK_CTL7 Starting address: CYDEV_PERI_PCLK_CTL7 */
 253:Generated_Source\PSoC4/cyfitter_cfg.c **** 	CY_SET_REG32((void *)(CYREG_PERI_PCLK_CTL7), 0x00000040u);
 254:Generated_Source\PSoC4/cyfitter_cfg.c **** 
 255:Generated_Source\PSoC4/cyfitter_cfg.c **** 	(void)CyIntSetVector(8u, &CySysWdtIsr);
 256:Generated_Source\PSoC4/cyfitter_cfg.c **** 	CyIntEnable(8u);
 257:Generated_Source\PSoC4/cyfitter_cfg.c **** 	CY_SET_REG32((void *)(CYREG_WDT_CONFIG), 0x40000000u);
 258:Generated_Source\PSoC4/cyfitter_cfg.c **** }
 259:Generated_Source\PSoC4/cyfitter_cfg.c **** 
 260:Generated_Source\PSoC4/cyfitter_cfg.c **** 
 261:Generated_Source\PSoC4/cyfitter_cfg.c **** /* Analog API Functions */
 262:Generated_Source\PSoC4/cyfitter_cfg.c **** 
 263:Generated_Source\PSoC4/cyfitter_cfg.c **** 
 264:Generated_Source\PSoC4/cyfitter_cfg.c **** /*******************************************************************************
 265:Generated_Source\PSoC4/cyfitter_cfg.c **** * Function Name: AnalogSetDefault
 266:Generated_Source\PSoC4/cyfitter_cfg.c **** ********************************************************************************
 267:Generated_Source\PSoC4/cyfitter_cfg.c **** *
 268:Generated_Source\PSoC4/cyfitter_cfg.c **** * Summary:
 269:Generated_Source\PSoC4/cyfitter_cfg.c **** *  Sets up the analog portions of the chip to default values based on chip
 270:Generated_Source\PSoC4/cyfitter_cfg.c **** *  configuration options from the project.
 271:Generated_Source\PSoC4/cyfitter_cfg.c **** *
 272:Generated_Source\PSoC4/cyfitter_cfg.c **** * Parameters:
 273:Generated_Source\PSoC4/cyfitter_cfg.c **** *  void
 274:Generated_Source\PSoC4/cyfitter_cfg.c **** *
 275:Generated_Source\PSoC4/cyfitter_cfg.c **** * Return:
 276:Generated_Source\PSoC4/cyfitter_cfg.c **** *  void
 277:Generated_Source\PSoC4/cyfitter_cfg.c **** *
 278:Generated_Source\PSoC4/cyfitter_cfg.c **** *******************************************************************************/
 279:Generated_Source\PSoC4/cyfitter_cfg.c **** static void AnalogSetDefault(void);
 280:Generated_Source\PSoC4/cyfitter_cfg.c **** static void AnalogSetDefault(void)
 281:Generated_Source\PSoC4/cyfitter_cfg.c **** {
 104              		.loc 1 281 0
 105              		.cfi_startproc
 106              		@ args = 0, pretend = 0, frame = 0
 107              		@ frame_needed = 0, uses_anonymous_args = 0
 108              		@ link register save eliminated.
 282:Generated_Source\PSoC4/cyfitter_cfg.c **** 	CY_SET_XTND_REG32((void CYFAR *)CYREG_CTBM0_DFT_CTRL, 0x00000003u);
 109              		.loc 1 282 0
 110 0000 0323     		movs	r3, #3
 111 0002 044A     		ldr	r2, .L7
 112 0004 1360     		str	r3, [r2]
 283:Generated_Source\PSoC4/cyfitter_cfg.c **** 	CY_SET_XTND_REG32((void CYFAR *)CYREG_CTBM1_DFT_CTRL, 0x00000003u);
 113              		.loc 1 283 0
ARM GAS  C:\Users\JANUSD~1\AppData\Local\Temp\ccanNdUc.s 			page 8


 114 0006 044A     		ldr	r2, .L7+4
 115 0008 1360     		str	r3, [r2]
 284:Generated_Source\PSoC4/cyfitter_cfg.c **** 	CY_SET_XTND_REG32((void CYFAR *)CYREG_PASS_DSAB_DSAB_CTRL, 0x00000000u);
 116              		.loc 1 284 0
 117 000a 0022     		movs	r2, #0
 118 000c 034B     		ldr	r3, .L7+8
 119 000e 1A60     		str	r2, [r3]
 285:Generated_Source\PSoC4/cyfitter_cfg.c **** }
 120              		.loc 1 285 0
 121              		@ sp needed
 122 0010 7047     		bx	lr
 123              	.L8:
 124 0012 C046     		.align	2
 125              	.L7:
 126 0014 30003040 		.word	1076887600
 127 0018 30003140 		.word	1076953136
 128 001c 000E3F40 		.word	1077874176
 129              		.cfi_endproc
 130              	.LFE7:
 131              		.size	AnalogSetDefault, .-AnalogSetDefault
 132              		.section	.text.CYMEMZERO,"ax",%progbits
 133              		.align	2
 134              		.code	16
 135              		.thumb_func
 136              		.type	CYMEMZERO, %function
 137              	CYMEMZERO:
 138              	.LFB2:
  77:Generated_Source\PSoC4/cyfitter_cfg.c **** 	(void)memset(s, 0, n);
 139              		.loc 1 77 0
 140              		.cfi_startproc
 141              		@ args = 0, pretend = 0, frame = 0
 142              		@ frame_needed = 0, uses_anonymous_args = 0
 143              	.LVL12:
 144 0000 10B5     		push	{r4, lr}
 145              		.cfi_def_cfa_offset 8
 146              		.cfi_offset 4, -8
 147              		.cfi_offset 14, -4
 148 0002 0A00     		movs	r2, r1
  78:Generated_Source\PSoC4/cyfitter_cfg.c **** }
 149              		.loc 1 78 0
 150 0004 0021     		movs	r1, #0
 151              	.LVL13:
 152 0006 FFF7FEFF 		bl	memset
 153              	.LVL14:
  79:Generated_Source\PSoC4/cyfitter_cfg.c **** CY_CFG_UNUSED
 154              		.loc 1 79 0
 155              		@ sp needed
 156 000a 10BD     		pop	{r4, pc}
 157              		.cfi_endproc
 158              	.LFE2:
 159              		.size	CYMEMZERO, .-CYMEMZERO
 160              		.section	.psocinit,"ax",%progbits
 161              		.align	2
 162              		.code	16
 163              		.thumb_func
 164              		.type	ClockSetup, %function
 165              	ClockSetup:
ARM GAS  C:\Users\JANUSD~1\AppData\Local\Temp\ccanNdUc.s 			page 9


 166              	.LFB6:
 212:Generated_Source\PSoC4/cyfitter_cfg.c **** 
 167              		.loc 1 212 0
 168              		.cfi_startproc
 169              		@ args = 0, pretend = 0, frame = 0
 170              		@ frame_needed = 0, uses_anonymous_args = 0
 171 0000 70B5     		push	{r4, r5, r6, lr}
 172              		.cfi_def_cfa_offset 16
 173              		.cfi_offset 4, -16
 174              		.cfi_offset 5, -12
 175              		.cfi_offset 6, -8
 176              		.cfi_offset 14, -4
 215:Generated_Source\PSoC4/cyfitter_cfg.c **** 
 177              		.loc 1 215 0
 178 0002 1222     		movs	r2, #18
 179 0004 224B     		ldr	r3, .L11
 180 0006 1A60     		str	r2, [r3]
 218:Generated_Source\PSoC4/cyfitter_cfg.c **** 	CyDelayCycles(12000000u); /* WCO may take up to 500ms to start */
 181              		.loc 1 218 0
 182 0008 FFF7FEFF 		bl	CySysClkWcoStart
 183              	.LVL15:
 219:Generated_Source\PSoC4/cyfitter_cfg.c **** 	(void)CySysClkWcoSetPowerMode(CY_SYS_CLK_WCO_LPM);    /* Switch to the low power mode */
 184              		.loc 1 219 0
 185 000c 2148     		ldr	r0, .L11+4
 186 000e FFF7FEFF 		bl	CyDelayCycles
 187              	.LVL16:
 220:Generated_Source\PSoC4/cyfitter_cfg.c **** 
 188              		.loc 1 220 0
 189 0012 0120     		movs	r0, #1
 190 0014 FFF7FEFF 		bl	CySysClkWcoSetPowerMode
 191              	.LVL17:
 223:Generated_Source\PSoC4/cyfitter_cfg.c **** 	/* CYDEV_CLK_ILO_CONFIG Starting address: CYDEV_CLK_ILO_CONFIG */
 192              		.loc 1 223 0
 193 0018 3020     		movs	r0, #48
 194 001a FFF7FEFF 		bl	CySysClkWriteImoFreq
 195              	.LVL18:
 225:Generated_Source\PSoC4/cyfitter_cfg.c **** 
 196              		.loc 1 225 0
 197 001e 1E4A     		ldr	r2, .L11+8
 198 0020 1E4B     		ldr	r3, .L11+12
 199 0022 1A60     		str	r2, [r3]
 228:Generated_Source\PSoC4/cyfitter_cfg.c **** 
 200              		.loc 1 228 0
 201 0024 1E4C     		ldr	r4, .L11+16
 202 0026 8025     		movs	r5, #128
 203 0028 ED05     		lsls	r5, r5, #23
 204 002a 2560     		str	r5, [r4]
 232:Generated_Source\PSoC4/cyfitter_cfg.c **** 	CY_SET_REG32((void *)(CYREG_BLE_BLERD_BB_XO_CAPTRIM), 0x00003E2Du);
 205              		.loc 1 232 0
 206 002c 1D4A     		ldr	r2, .L11+20
 207 002e 1168     		ldr	r1, [r2]
 208 0030 0223     		movs	r3, #2
 209 0032 0B43     		orrs	r3, r1
 210 0034 1360     		str	r3, [r2]
 233:Generated_Source\PSoC4/cyfitter_cfg.c **** 	/*Set XTAL(ECO) divider*/
 211              		.loc 1 233 0
 212 0036 1C4A     		ldr	r2, .L11+24
ARM GAS  C:\Users\JANUSD~1\AppData\Local\Temp\ccanNdUc.s 			page 10


 213 0038 1C4B     		ldr	r3, .L11+28
 214 003a 1A60     		str	r2, [r3]
 235:Generated_Source\PSoC4/cyfitter_cfg.c **** 	/* Disable Crystal Stable Interrupt before enabling ECO */
 215              		.loc 1 235 0
 216 003c 0022     		movs	r2, #0
 217 003e 1C4B     		ldr	r3, .L11+32
 218 0040 1A60     		str	r2, [r3]
 237:Generated_Source\PSoC4/cyfitter_cfg.c **** 	/* Start the ECO and do not check status since it is not needed for HFCLK */
 219              		.loc 1 237 0
 220 0042 1C4A     		ldr	r2, .L11+36
 221 0044 1368     		ldr	r3, [r2]
 222 0046 0821     		movs	r1, #8
 223 0048 8B43     		bics	r3, r1
 224 004a 1360     		str	r3, [r2]
 239:Generated_Source\PSoC4/cyfitter_cfg.c **** 	CyDelayUs(1500u); /* Wait to stabilize */
 225              		.loc 1 239 0
 226 004c FA20     		movs	r0, #250
 227 004e C000     		lsls	r0, r0, #3
 228 0050 FFF7FEFF 		bl	CySysClkEcoStart
 229              	.LVL19:
 240:Generated_Source\PSoC4/cyfitter_cfg.c **** 
 230              		.loc 1 240 0
 231 0054 1848     		ldr	r0, .L11+40
 232 0056 FFF7FEFF 		bl	CyDelayUs
 233              	.LVL20:
 243:Generated_Source\PSoC4/cyfitter_cfg.c **** 	CY_SET_REG32((void *)CYREG_PERI_DIV_CMD, 0x8000FF40u);
 234              		.loc 1 243 0
 235 005a C022     		movs	r2, #192
 236 005c 9200     		lsls	r2, r2, #2
 237 005e 174B     		ldr	r3, .L11+44
 238 0060 1A60     		str	r2, [r3]
 244:Generated_Source\PSoC4/cyfitter_cfg.c **** 
 239              		.loc 1 244 0
 240 0062 174A     		ldr	r2, .L11+48
 241 0064 174B     		ldr	r3, .L11+52
 242 0066 1A60     		str	r2, [r3]
 247:Generated_Source\PSoC4/cyfitter_cfg.c **** 
 243              		.loc 1 247 0
 244 0068 8022     		movs	r2, #128
 245 006a 1206     		lsls	r2, r2, #24
 246 006c 164B     		ldr	r3, .L11+56
 247 006e 1A60     		str	r2, [r3]
 250:Generated_Source\PSoC4/cyfitter_cfg.c **** 
 248              		.loc 1 250 0
 249 0070 8022     		movs	r2, #128
 250 0072 D202     		lsls	r2, r2, #11
 251 0074 154B     		ldr	r3, .L11+60
 252 0076 1A60     		str	r2, [r3]
 253:Generated_Source\PSoC4/cyfitter_cfg.c **** 
 253              		.loc 1 253 0
 254 0078 4022     		movs	r2, #64
 255 007a 154B     		ldr	r3, .L11+64
 256 007c 1A60     		str	r2, [r3]
 255:Generated_Source\PSoC4/cyfitter_cfg.c **** 	CyIntEnable(8u);
 257              		.loc 1 255 0
 258 007e 1549     		ldr	r1, .L11+68
 259 0080 0820     		movs	r0, #8
ARM GAS  C:\Users\JANUSD~1\AppData\Local\Temp\ccanNdUc.s 			page 11


 260 0082 FFF7FEFF 		bl	CyIntSetVector
 261              	.LVL21:
 256:Generated_Source\PSoC4/cyfitter_cfg.c **** 	CY_SET_REG32((void *)(CYREG_WDT_CONFIG), 0x40000000u);
 262              		.loc 1 256 0
 263 0086 0820     		movs	r0, #8
 264 0088 FFF7FEFF 		bl	CyIntEnable
 265              	.LVL22:
 257:Generated_Source\PSoC4/cyfitter_cfg.c **** }
 266              		.loc 1 257 0
 267 008c 2560     		str	r5, [r4]
 258:Generated_Source\PSoC4/cyfitter_cfg.c **** 
 268              		.loc 1 258 0
 269              		@ sp needed
 270 008e 70BD     		pop	{r4, r5, r6, pc}
 271              	.L12:
 272              		.align	2
 273              	.L11:
 274 0090 30001040 		.word	1074790448
 275 0094 001BB700 		.word	12000000
 276 0098 06000080 		.word	-2147483642
 277 009c 04010B40 		.word	1074462980
 278 00a0 0C020B40 		.word	1074463244
 279 00a4 78002E40 		.word	1076756600
 280 00a8 2D3E0000 		.word	15917
 281 00ac 7C002E40 		.word	1076756604
 282 00b0 64F02E40 		.word	1076818020
 283 00b4 6CF02E40 		.word	1076818028
 284 00b8 DC050000 		.word	1500
 285 00bc 00030140 		.word	1073808128
 286 00c0 40FF0080 		.word	-2147418304
 287 00c4 00000140 		.word	1073807360
 288 00c8 08010B40 		.word	1074462984
 289 00cc 00010B40 		.word	1074462976
 290 00d0 1C010140 		.word	1073807644
 291 00d4 00000000 		.word	CySysWdtIsr
 292              		.cfi_endproc
 293              	.LFE6:
 294              		.size	ClockSetup, .-ClockSetup
 295              		.align	2
 296              		.global	cyfitter_cfg
 297              		.code	16
 298              		.thumb_func
 299              		.type	cyfitter_cfg, %function
 300              	cyfitter_cfg:
 301              	.LFB8:
 286:Generated_Source\PSoC4/cyfitter_cfg.c **** 
 287:Generated_Source\PSoC4/cyfitter_cfg.c **** 
 288:Generated_Source\PSoC4/cyfitter_cfg.c **** 
 289:Generated_Source\PSoC4/cyfitter_cfg.c **** 
 290:Generated_Source\PSoC4/cyfitter_cfg.c **** /*******************************************************************************
 291:Generated_Source\PSoC4/cyfitter_cfg.c **** * Function Name: cyfitter_cfg
 292:Generated_Source\PSoC4/cyfitter_cfg.c **** ********************************************************************************
 293:Generated_Source\PSoC4/cyfitter_cfg.c **** * Summary:
 294:Generated_Source\PSoC4/cyfitter_cfg.c **** *  This function is called by the start-up code for the selected device. It
 295:Generated_Source\PSoC4/cyfitter_cfg.c **** *  performs all of the necessary device configuration based on the design
 296:Generated_Source\PSoC4/cyfitter_cfg.c **** *  settings.  This includes settings from the Design Wide Resources (DWR) such
 297:Generated_Source\PSoC4/cyfitter_cfg.c **** *  as Clocks and Pins as well as any component configuration that is necessary.
ARM GAS  C:\Users\JANUSD~1\AppData\Local\Temp\ccanNdUc.s 			page 12


 298:Generated_Source\PSoC4/cyfitter_cfg.c **** *
 299:Generated_Source\PSoC4/cyfitter_cfg.c **** * Parameters:
 300:Generated_Source\PSoC4/cyfitter_cfg.c **** *   void
 301:Generated_Source\PSoC4/cyfitter_cfg.c **** *
 302:Generated_Source\PSoC4/cyfitter_cfg.c **** * Return:
 303:Generated_Source\PSoC4/cyfitter_cfg.c **** *   void
 304:Generated_Source\PSoC4/cyfitter_cfg.c **** *
 305:Generated_Source\PSoC4/cyfitter_cfg.c **** *******************************************************************************/
 306:Generated_Source\PSoC4/cyfitter_cfg.c **** CY_CFG_SECTION
 307:Generated_Source\PSoC4/cyfitter_cfg.c **** void cyfitter_cfg(void)
 308:Generated_Source\PSoC4/cyfitter_cfg.c **** {
 302              		.loc 1 308 0
 303              		.cfi_startproc
 304              		@ args = 0, pretend = 0, frame = 0
 305              		@ frame_needed = 0, uses_anonymous_args = 0
 306 00d8 10B5     		push	{r4, lr}
 307              		.cfi_def_cfa_offset 8
 308              		.cfi_offset 4, -8
 309              		.cfi_offset 14, -4
 309:Generated_Source\PSoC4/cyfitter_cfg.c **** 	/* Disable interrupts by default. Let user enable if/when they want. */
 310:Generated_Source\PSoC4/cyfitter_cfg.c **** 	CyGlobalIntDisable;
 310              		.loc 1 310 0
 311              		.syntax divided
 312              	@ 310 "Generated_Source\PSoC4\cyfitter_cfg.c" 1
 313 00da 72B6     		CPSID   i
 314              	@ 0 "" 2
 311:Generated_Source\PSoC4/cyfitter_cfg.c **** 
 312:Generated_Source\PSoC4/cyfitter_cfg.c **** 	CY_SET_REG32((void *)(CYREG_BLE_BLESS_LL_DSM_CTRL), 0x00000000u);
 315              		.loc 1 312 0
 316              		.thumb
 317              		.syntax unified
 318 00dc 0022     		movs	r2, #0
 319 00de 254B     		ldr	r3, .L16
 320 00e0 1A60     		str	r2, [r3]
 321              	.LVL23:
 322              	.LBB3:
 313:Generated_Source\PSoC4/cyfitter_cfg.c **** 
 314:Generated_Source\PSoC4/cyfitter_cfg.c **** 	{
 315:Generated_Source\PSoC4/cyfitter_cfg.c **** 		static const uint32 CYCODE cy_cfg_addr_table[] = {
 316:Generated_Source\PSoC4/cyfitter_cfg.c **** 			0x400F4204u, /* Base address: 0x400F4200 Count: 4 */
 317:Generated_Source\PSoC4/cyfitter_cfg.c **** 			0x400F6002u, /* Base address: 0x400F6000 Count: 2 */
 318:Generated_Source\PSoC4/cyfitter_cfg.c **** 		};
 319:Generated_Source\PSoC4/cyfitter_cfg.c **** 
 320:Generated_Source\PSoC4/cyfitter_cfg.c **** 		static const cy_cfg_addrvalue_t CYCODE cy_cfg_data_table[] = {
 321:Generated_Source\PSoC4/cyfitter_cfg.c **** 			{0x0Eu, 0x01u},
 322:Generated_Source\PSoC4/cyfitter_cfg.c **** 			{0x3Eu, 0x01u},
 323:Generated_Source\PSoC4/cyfitter_cfg.c **** 			{0xC2u, 0x01u},
 324:Generated_Source\PSoC4/cyfitter_cfg.c **** 			{0xCEu, 0x01u},
 325:Generated_Source\PSoC4/cyfitter_cfg.c **** 			{0x02u, 0x01u},
 326:Generated_Source\PSoC4/cyfitter_cfg.c **** 			{0x11u, 0x01u},
 327:Generated_Source\PSoC4/cyfitter_cfg.c **** 		};
 328:Generated_Source\PSoC4/cyfitter_cfg.c **** 
 329:Generated_Source\PSoC4/cyfitter_cfg.c **** 
 330:Generated_Source\PSoC4/cyfitter_cfg.c **** 
 331:Generated_Source\PSoC4/cyfitter_cfg.c **** 		CYPACKED typedef struct {
 332:Generated_Source\PSoC4/cyfitter_cfg.c **** 			void CYFAR *address;
 333:Generated_Source\PSoC4/cyfitter_cfg.c **** 			uint16 size;
ARM GAS  C:\Users\JANUSD~1\AppData\Local\Temp\ccanNdUc.s 			page 13


 334:Generated_Source\PSoC4/cyfitter_cfg.c **** 		} CYPACKED_ATTR cfg_memset_t;
 335:Generated_Source\PSoC4/cyfitter_cfg.c **** 
 336:Generated_Source\PSoC4/cyfitter_cfg.c **** 		static const cfg_memset_t CYCODE cfg_memset_list[] = {
 337:Generated_Source\PSoC4/cyfitter_cfg.c **** 			/* address, size */
 338:Generated_Source\PSoC4/cyfitter_cfg.c **** 			{(void CYFAR *)(CYDEV_UDB_P0_U0_BASE), 1024u},
 339:Generated_Source\PSoC4/cyfitter_cfg.c **** 			{(void CYFAR *)(CYDEV_UDB_DSI0_BASE), 1024u},
 340:Generated_Source\PSoC4/cyfitter_cfg.c **** 		};
 341:Generated_Source\PSoC4/cyfitter_cfg.c **** 
 342:Generated_Source\PSoC4/cyfitter_cfg.c **** 		uint8 CYDATA i;
 343:Generated_Source\PSoC4/cyfitter_cfg.c **** 
 344:Generated_Source\PSoC4/cyfitter_cfg.c **** 		/* Zero out critical memory blocks before beginning configuration */
 345:Generated_Source\PSoC4/cyfitter_cfg.c **** 		for (i = 0u; i < (sizeof(cfg_memset_list)/sizeof(cfg_memset_list[0])); i++)
 323              		.loc 1 345 0
 324 00e2 0024     		movs	r4, #0
 325 00e4 0FE0     		b	.L14
 326              	.LVL24:
 327              	.L15:
 328              	.LBB4:
 346:Generated_Source\PSoC4/cyfitter_cfg.c **** 		{
 347:Generated_Source\PSoC4/cyfitter_cfg.c **** 			const cfg_memset_t CYCODE * CYDATA ms = &cfg_memset_list[i];
 348:Generated_Source\PSoC4/cyfitter_cfg.c **** 			CYMEMZERO(ms->address, (size_t)(uint32)(ms->size));
 329              		.loc 1 348 0 discriminator 3
 330 00e6 2448     		ldr	r0, .L16+4
 331 00e8 6200     		lsls	r2, r4, #1
 332 00ea 1319     		adds	r3, r2, r4
 333 00ec 5900     		lsls	r1, r3, #1
 334 00ee 0B00     		movs	r3, r1
 335 00f0 4118     		adds	r1, r0, r1
 336 00f2 8988     		ldrh	r1, [r1, #4]
 337 00f4 1A5A     		ldrh	r2, [r3, r0]
 338 00f6 C318     		adds	r3, r0, r3
 339 00f8 5888     		ldrh	r0, [r3, #2]
 340 00fa 0004     		lsls	r0, r0, #16
 341 00fc 1043     		orrs	r0, r2
 342 00fe FFF7FEFF 		bl	CYMEMZERO
 343              	.LVL25:
 344              	.LBE4:
 345:Generated_Source\PSoC4/cyfitter_cfg.c **** 		{
 345              		.loc 1 345 0 discriminator 3
 346 0102 0134     		adds	r4, r4, #1
 347              	.LVL26:
 348 0104 E4B2     		uxtb	r4, r4
 349              	.LVL27:
 350              	.L14:
 345:Generated_Source\PSoC4/cyfitter_cfg.c **** 		{
 351              		.loc 1 345 0 is_stmt 0 discriminator 1
 352 0106 012C     		cmp	r4, #1
 353 0108 EDD9     		bls	.L15
 349:Generated_Source\PSoC4/cyfitter_cfg.c **** 		}
 350:Generated_Source\PSoC4/cyfitter_cfg.c **** 
 351:Generated_Source\PSoC4/cyfitter_cfg.c **** 		cfg_write_bytes32(cy_cfg_addr_table, cy_cfg_data_table);
 354              		.loc 1 351 0 is_stmt 1
 355 010a 1B48     		ldr	r0, .L16+4
 356 010c 0100     		movs	r1, r0
 357 010e 0C31     		adds	r1, r1, #12
 358 0110 1830     		adds	r0, r0, #24
 359 0112 FFF7FEFF 		bl	cfg_write_bytes32
ARM GAS  C:\Users\JANUSD~1\AppData\Local\Temp\ccanNdUc.s 			page 14


 360              	.LVL28:
 352:Generated_Source\PSoC4/cyfitter_cfg.c **** 
 353:Generated_Source\PSoC4/cyfitter_cfg.c **** 		/* HSIOM Starting address: CYDEV_HSIOM_BASE */
 354:Generated_Source\PSoC4/cyfitter_cfg.c **** 		CY_SET_REG32((void *)(CYDEV_HSIOM_BASE), 0xEE000000u);
 361              		.loc 1 354 0
 362 0116 EE22     		movs	r2, #238
 363 0118 1206     		lsls	r2, r2, #24
 364 011a 184B     		ldr	r3, .L16+8
 365 011c 1A60     		str	r2, [r3]
 355:Generated_Source\PSoC4/cyfitter_cfg.c **** 
 356:Generated_Source\PSoC4/cyfitter_cfg.c **** 		/* UDB_PA_0 Starting address: CYDEV_UDB_PA0_BASE */
 357:Generated_Source\PSoC4/cyfitter_cfg.c **** 		CY_SET_REG32((void *)(CYDEV_UDB_PA0_BASE), 0x00990000u);
 366              		.loc 1 357 0
 367 011e 9923     		movs	r3, #153
 368 0120 1B04     		lsls	r3, r3, #16
 369 0122 174A     		ldr	r2, .L16+12
 370 0124 1360     		str	r3, [r2]
 358:Generated_Source\PSoC4/cyfitter_cfg.c **** 
 359:Generated_Source\PSoC4/cyfitter_cfg.c **** 		/* UDB_PA_2 Starting address: CYDEV_UDB_PA2_BASE */
 360:Generated_Source\PSoC4/cyfitter_cfg.c **** 		CY_SET_REG32((void *)(CYDEV_UDB_PA2_BASE), 0x00990004u);
 371              		.loc 1 360 0
 372 0126 1749     		ldr	r1, .L16+16
 373 0128 174A     		ldr	r2, .L16+20
 374 012a 1160     		str	r1, [r2]
 361:Generated_Source\PSoC4/cyfitter_cfg.c **** 		CY_SET_REG32((void *)(CYREG_UDB_PA2_CFG4), 0x80000000u);
 375              		.loc 1 361 0
 376 012c 8021     		movs	r1, #128
 377 012e 0906     		lsls	r1, r1, #24
 378 0130 164A     		ldr	r2, .L16+24
 379 0132 1160     		str	r1, [r2]
 362:Generated_Source\PSoC4/cyfitter_cfg.c **** 
 363:Generated_Source\PSoC4/cyfitter_cfg.c **** 		/* UDB_PA_3 Starting address: CYDEV_UDB_PA3_BASE */
 364:Generated_Source\PSoC4/cyfitter_cfg.c **** 		CY_SET_REG32((void *)(CYDEV_UDB_PA3_BASE), 0x00990000u);
 380              		.loc 1 364 0
 381 0134 164A     		ldr	r2, .L16+28
 382 0136 1360     		str	r3, [r2]
 365:Generated_Source\PSoC4/cyfitter_cfg.c **** 
 366:Generated_Source\PSoC4/cyfitter_cfg.c **** 		/* TCPWM_CNT0 Starting address: CYDEV_TCPWM_CNT0_TR_CTRL0 */
 367:Generated_Source\PSoC4/cyfitter_cfg.c **** 		CY_SET_REG32((void *)(CYREG_TCPWM_CNT0_TR_CTRL0), 0x00000050u);
 383              		.loc 1 367 0
 384 0138 5022     		movs	r2, #80
 385 013a 164B     		ldr	r3, .L16+32
 386 013c 1A60     		str	r2, [r3]
 368:Generated_Source\PSoC4/cyfitter_cfg.c **** 
 369:Generated_Source\PSoC4/cyfitter_cfg.c **** 		/* Enable digital routing */
 370:Generated_Source\PSoC4/cyfitter_cfg.c **** 		CY_SET_XTND_REG8((void *)CYREG_UDB_UDBIF_BANK_CTL, (uint8)(CY_GET_XTND_REG8((void *)CYREG_UDB_UDB
 387              		.loc 1 370 0
 388 013e 164A     		ldr	r2, .L16+36
 389 0140 1178     		ldrb	r1, [r2]
 390 0142 0623     		movs	r3, #6
 391 0144 0B43     		orrs	r3, r1
 392 0146 DBB2     		uxtb	r3, r3
 393 0148 1370     		strb	r3, [r2]
 394              	.LBE3:
 371:Generated_Source\PSoC4/cyfitter_cfg.c **** 	}
 372:Generated_Source\PSoC4/cyfitter_cfg.c **** 
 373:Generated_Source\PSoC4/cyfitter_cfg.c **** 	/* Perform second pass device configuration. These items must be configured in specific order afte
ARM GAS  C:\Users\JANUSD~1\AppData\Local\Temp\ccanNdUc.s 			page 15


 374:Generated_Source\PSoC4/cyfitter_cfg.c **** 	/* IOPINS0_0 Starting address: CYDEV_GPIO_PRT0_BASE */
 375:Generated_Source\PSoC4/cyfitter_cfg.c **** 	CY_SET_REG32((void *)(CYREG_GPIO_PRT0_PC), 0x00D80000u);
 395              		.loc 1 375 0
 396 014a D823     		movs	r3, #216
 397 014c 1B04     		lsls	r3, r3, #16
 398 014e 134A     		ldr	r2, .L16+40
 399 0150 1360     		str	r3, [r2]
 376:Generated_Source\PSoC4/cyfitter_cfg.c **** 
 377:Generated_Source\PSoC4/cyfitter_cfg.c **** 	/* IOPINS0_2 Starting address: CYDEV_GPIO_PRT2_BASE */
 378:Generated_Source\PSoC4/cyfitter_cfg.c **** 	CY_SET_REG32((void *)(CYDEV_GPIO_PRT2_BASE), 0x000000C0u);
 400              		.loc 1 378 0
 401 0152 C022     		movs	r2, #192
 402 0154 1249     		ldr	r1, .L16+44
 403 0156 0A60     		str	r2, [r1]
 379:Generated_Source\PSoC4/cyfitter_cfg.c **** 	CY_SET_REG32((void *)(CYREG_GPIO_PRT2_PC), 0x00580000u);
 404              		.loc 1 379 0
 405 0158 B020     		movs	r0, #176
 406 015a C003     		lsls	r0, r0, #15
 407 015c 1149     		ldr	r1, .L16+48
 408 015e 0860     		str	r0, [r1]
 380:Generated_Source\PSoC4/cyfitter_cfg.c **** 
 381:Generated_Source\PSoC4/cyfitter_cfg.c **** 	/* IOPINS0_3 Starting address: CYDEV_GPIO_PRT3_BASE */
 382:Generated_Source\PSoC4/cyfitter_cfg.c **** 	CY_SET_REG32((void *)(CYDEV_GPIO_PRT3_BASE), 0x000000C0u);
 409              		.loc 1 382 0
 410 0160 1149     		ldr	r1, .L16+52
 411 0162 0A60     		str	r2, [r1]
 383:Generated_Source\PSoC4/cyfitter_cfg.c **** 	CY_SET_REG32((void *)(CYREG_GPIO_PRT3_PC), 0x00D80000u);
 412              		.loc 1 383 0
 413 0164 114A     		ldr	r2, .L16+56
 414 0166 1360     		str	r3, [r2]
 384:Generated_Source\PSoC4/cyfitter_cfg.c **** 
 385:Generated_Source\PSoC4/cyfitter_cfg.c **** 
 386:Generated_Source\PSoC4/cyfitter_cfg.c **** 	/* Setup clocks based on selections from Clock DWR */
 387:Generated_Source\PSoC4/cyfitter_cfg.c **** 	ClockSetup();
 415              		.loc 1 387 0
 416 0168 FFF74AFF 		bl	ClockSetup
 417              	.LVL29:
 388:Generated_Source\PSoC4/cyfitter_cfg.c **** 
 389:Generated_Source\PSoC4/cyfitter_cfg.c **** 	/* Perform basic analog initialization to defaults */
 390:Generated_Source\PSoC4/cyfitter_cfg.c **** 	AnalogSetDefault();
 418              		.loc 1 390 0
 419 016c FFF7FEFF 		bl	AnalogSetDefault
 420              	.LVL30:
 391:Generated_Source\PSoC4/cyfitter_cfg.c **** 
 392:Generated_Source\PSoC4/cyfitter_cfg.c **** }
 421              		.loc 1 392 0
 422              		@ sp needed
 423              	.LVL31:
 424 0170 10BD     		pop	{r4, pc}
 425              	.L17:
 426 0172 C046     		.align	2
 427              	.L16:
 428 0174 6CF02E40 		.word	1076818028
 429 0178 00000000 		.word	.LANCHOR0
 430 017c 00000240 		.word	1073872896
 431 0180 00500F40 		.word	1074745344
 432 0184 04009900 		.word	10027012
ARM GAS  C:\Users\JANUSD~1\AppData\Local\Temp\ccanNdUc.s 			page 16


 433 0188 20500F40 		.word	1074745376
 434 018c 24500F40 		.word	1074745380
 435 0190 30500F40 		.word	1074745392
 436 0194 20012040 		.word	1075839264
 437 0198 00700F40 		.word	1074753536
 438 019c 08000440 		.word	1074003976
 439 01a0 00020440 		.word	1074004480
 440 01a4 08020440 		.word	1074004488
 441 01a8 00030440 		.word	1074004736
 442 01ac 08030440 		.word	1074004744
 443              		.cfi_endproc
 444              	.LFE8:
 445              		.size	cyfitter_cfg, .-cyfitter_cfg
 446              		.section	.rodata
 447              		.align	2
 448              		.set	.LANCHOR0,. + 0
 449              		.type	cfg_memset_list.4916, %object
 450              		.size	cfg_memset_list.4916, 12
 451              	cfg_memset_list.4916:
 452 0000 00300F40 		.word	1074737152
 453 0004 0004     		.short	1024
 454 0006 00400F40 		.4byte	1074741248
 455 000a 0004     		.short	1024
 456              		.type	cy_cfg_data_table.4911, %object
 457              		.size	cy_cfg_data_table.4911, 12
 458              	cy_cfg_data_table.4911:
 459 000c 0E       		.byte	14
 460 000d 01       		.byte	1
 461 000e 3E       		.byte	62
 462 000f 01       		.byte	1
 463 0010 C2       		.byte	-62
 464 0011 01       		.byte	1
 465 0012 CE       		.byte	-50
 466 0013 01       		.byte	1
 467 0014 02       		.byte	2
 468 0015 01       		.byte	1
 469 0016 11       		.byte	17
 470 0017 01       		.byte	1
 471              		.type	cy_cfg_addr_table.4910, %object
 472              		.size	cy_cfg_addr_table.4910, 8
 473              	cy_cfg_addr_table.4910:
 474 0018 04420F40 		.word	1074741764
 475 001c 02600F40 		.word	1074749442
 476              		.text
 477              	.Letext0:
 478              		.file 2 "c:\\program files (x86)\\cypress\\psoc creator\\4.2\\psoc creator\\import\\gnu\\arm\\5.4.
 479              		.file 3 "Generated_Source\\PSoC4\\cytypes.h"
 480              		.file 4 "Generated_Source\\PSoC4\\CyLFClk.h"
 481              		.file 5 "Generated_Source\\PSoC4\\CyLib.h"
 482              		.section	.debug_info,"",%progbits
 483              	.Ldebug_info0:
 484 0000 4C040000 		.4byte	0x44c
 485 0004 0400     		.2byte	0x4
 486 0006 00000000 		.4byte	.Ldebug_abbrev0
 487 000a 04       		.byte	0x4
 488 000b 01       		.uleb128 0x1
 489 000c A9010000 		.4byte	.LASF44
ARM GAS  C:\Users\JANUSD~1\AppData\Local\Temp\ccanNdUc.s 			page 17


 490 0010 0C       		.byte	0xc
 491 0011 F1020000 		.4byte	.LASF45
 492 0015 76000000 		.4byte	.LASF46
 493 0019 00000000 		.4byte	.Ldebug_ranges0+0
 494 001d 00000000 		.4byte	0
 495 0021 00000000 		.4byte	.Ldebug_line0
 496 0025 02       		.uleb128 0x2
 497 0026 04       		.byte	0x4
 498 0027 05       		.byte	0x5
 499 0028 696E7400 		.ascii	"int\000"
 500 002c 03       		.uleb128 0x3
 501 002d 14000000 		.4byte	.LASF12
 502 0031 02       		.byte	0x2
 503 0032 D8       		.byte	0xd8
 504 0033 37000000 		.4byte	0x37
 505 0037 04       		.uleb128 0x4
 506 0038 04       		.byte	0x4
 507 0039 07       		.byte	0x7
 508 003a 70010000 		.4byte	.LASF0
 509 003e 04       		.uleb128 0x4
 510 003f 08       		.byte	0x8
 511 0040 05       		.byte	0x5
 512 0041 69020000 		.4byte	.LASF1
 513 0045 04       		.uleb128 0x4
 514 0046 08       		.byte	0x8
 515 0047 04       		.byte	0x4
 516 0048 D9020000 		.4byte	.LASF2
 517 004c 04       		.uleb128 0x4
 518 004d 01       		.byte	0x1
 519 004e 06       		.byte	0x6
 520 004f E5020000 		.4byte	.LASF3
 521 0053 04       		.uleb128 0x4
 522 0054 01       		.byte	0x1
 523 0055 08       		.byte	0x8
 524 0056 12010000 		.4byte	.LASF4
 525 005a 04       		.uleb128 0x4
 526 005b 02       		.byte	0x2
 527 005c 05       		.byte	0x5
 528 005d B1020000 		.4byte	.LASF5
 529 0061 04       		.uleb128 0x4
 530 0062 02       		.byte	0x2
 531 0063 07       		.byte	0x7
 532 0064 56020000 		.4byte	.LASF6
 533 0068 04       		.uleb128 0x4
 534 0069 04       		.byte	0x4
 535 006a 05       		.byte	0x5
 536 006b D0020000 		.4byte	.LASF7
 537 006f 04       		.uleb128 0x4
 538 0070 04       		.byte	0x4
 539 0071 07       		.byte	0x7
 540 0072 DF000000 		.4byte	.LASF8
 541 0076 04       		.uleb128 0x4
 542 0077 08       		.byte	0x8
 543 0078 07       		.byte	0x7
 544 0079 92010000 		.4byte	.LASF9
 545 007d 04       		.uleb128 0x4
 546 007e 04       		.byte	0x4
ARM GAS  C:\Users\JANUSD~1\AppData\Local\Temp\ccanNdUc.s 			page 18


 547 007f 07       		.byte	0x7
 548 0080 4D020000 		.4byte	.LASF10
 549 0084 05       		.uleb128 0x5
 550 0085 04       		.byte	0x4
 551 0086 04       		.uleb128 0x4
 552 0087 01       		.byte	0x1
 553 0088 08       		.byte	0x8
 554 0089 81020000 		.4byte	.LASF11
 555 008d 06       		.uleb128 0x6
 556 008e F1000000 		.4byte	.LASF13
 557 0092 03       		.byte	0x3
 558 0093 E401     		.2byte	0x1e4
 559 0095 53000000 		.4byte	0x53
 560 0099 06       		.uleb128 0x6
 561 009a 57010000 		.4byte	.LASF14
 562 009e 03       		.byte	0x3
 563 009f E501     		.2byte	0x1e5
 564 00a1 61000000 		.4byte	0x61
 565 00a5 06       		.uleb128 0x6
 566 00a6 69010000 		.4byte	.LASF15
 567 00aa 03       		.byte	0x3
 568 00ab E601     		.2byte	0x1e6
 569 00ad 6F000000 		.4byte	0x6f
 570 00b1 04       		.uleb128 0x4
 571 00b2 04       		.byte	0x4
 572 00b3 04       		.byte	0x4
 573 00b4 A7000000 		.4byte	.LASF16
 574 00b8 04       		.uleb128 0x4
 575 00b9 08       		.byte	0x8
 576 00ba 04       		.byte	0x4
 577 00bb 27010000 		.4byte	.LASF17
 578 00bf 06       		.uleb128 0x6
 579 00c0 DA000000 		.4byte	.LASF18
 580 00c4 03       		.byte	0x3
 581 00c5 8E02     		.2byte	0x28e
 582 00c7 CB000000 		.4byte	0xcb
 583 00cb 07       		.uleb128 0x7
 584 00cc 8D000000 		.4byte	0x8d
 585 00d0 06       		.uleb128 0x6
 586 00d1 0E000000 		.4byte	.LASF19
 587 00d5 03       		.byte	0x3
 588 00d6 9002     		.2byte	0x290
 589 00d8 DC000000 		.4byte	0xdc
 590 00dc 07       		.uleb128 0x7
 591 00dd A5000000 		.4byte	0xa5
 592 00e1 08       		.uleb128 0x8
 593 00e2 02       		.byte	0x2
 594 00e3 01       		.byte	0x1
 595 00e4 97       		.byte	0x97
 596 00e5 02010000 		.4byte	0x102
 597 00e9 09       		.uleb128 0x9
 598 00ea AA020000 		.4byte	.LASF20
 599 00ee 01       		.byte	0x1
 600 00ef 99       		.byte	0x99
 601 00f0 8D000000 		.4byte	0x8d
 602 00f4 00       		.byte	0
 603 00f5 09       		.uleb128 0x9
ARM GAS  C:\Users\JANUSD~1\AppData\Local\Temp\ccanNdUc.s 			page 19


 604 00f6 3B000000 		.4byte	.LASF21
 605 00fa 01       		.byte	0x1
 606 00fb 9A       		.byte	0x9a
 607 00fc 8D000000 		.4byte	0x8d
 608 0100 01       		.byte	0x1
 609 0101 00       		.byte	0
 610 0102 03       		.uleb128 0x3
 611 0103 97020000 		.4byte	.LASF22
 612 0107 01       		.byte	0x1
 613 0108 9B       		.byte	0x9b
 614 0109 E1000000 		.4byte	0xe1
 615 010d 0A       		.uleb128 0xa
 616 010e 2E010000 		.4byte	.LASF27
 617 0112 01       		.byte	0x1
 618 0113 AE       		.byte	0xae
 619 0114 00000000 		.4byte	.LFB5
 620 0118 32000000 		.4byte	.LFE5-.LFB5
 621 011c 01       		.uleb128 0x1
 622 011d 9C       		.byte	0x9c
 623 011e 7F010000 		.4byte	0x17f
 624 0122 0B       		.uleb128 0xb
 625 0123 4C010000 		.4byte	.LASF23
 626 0127 01       		.byte	0x1
 627 0128 AE       		.byte	0xae
 628 0129 7F010000 		.4byte	0x17f
 629 012d 01       		.uleb128 0x1
 630 012e 50       		.byte	0x50
 631 012f 0B       		.uleb128 0xb
 632 0130 5E010000 		.4byte	.LASF24
 633 0134 01       		.byte	0x1
 634 0135 AE       		.byte	0xae
 635 0136 8A010000 		.4byte	0x18a
 636 013a 01       		.uleb128 0x1
 637 013b 51       		.byte	0x51
 638 013c 0C       		.uleb128 0xc
 639 013d 6900     		.ascii	"i\000"
 640 013f 01       		.byte	0x1
 641 0140 B1       		.byte	0xb1
 642 0141 A5000000 		.4byte	0xa5
 643 0145 00000000 		.4byte	.LLST0
 644 0149 0C       		.uleb128 0xc
 645 014a 6A00     		.ascii	"j\000"
 646 014c 01       		.byte	0x1
 647 014d B1       		.byte	0xb1
 648 014e A5000000 		.4byte	0xa5
 649 0152 1F000000 		.4byte	.LLST1
 650 0156 0D       		.uleb128 0xd
 651 0157 08000000 		.4byte	.LBB2
 652 015b 22000000 		.4byte	.LBE2-.LBB2
 653 015f 0E       		.uleb128 0xe
 654 0160 44020000 		.4byte	.LASF25
 655 0164 01       		.byte	0x1
 656 0165 B4       		.byte	0xb4
 657 0166 A5000000 		.4byte	0xa5
 658 016a 3E000000 		.4byte	.LLST2
 659 016e 0E       		.uleb128 0xe
 660 016f 41000000 		.4byte	.LASF26
ARM GAS  C:\Users\JANUSD~1\AppData\Local\Temp\ccanNdUc.s 			page 20


 661 0173 01       		.byte	0x1
 662 0174 B5       		.byte	0xb5
 663 0175 8D000000 		.4byte	0x8d
 664 0179 51000000 		.4byte	.LLST3
 665 017d 00       		.byte	0
 666 017e 00       		.byte	0
 667 017f 0F       		.uleb128 0xf
 668 0180 04       		.byte	0x4
 669 0181 85010000 		.4byte	0x185
 670 0185 10       		.uleb128 0x10
 671 0186 A5000000 		.4byte	0xa5
 672 018a 0F       		.uleb128 0xf
 673 018b 04       		.byte	0x4
 674 018c 90010000 		.4byte	0x190
 675 0190 10       		.uleb128 0x10
 676 0191 02010000 		.4byte	0x102
 677 0195 11       		.uleb128 0x11
 678 0196 1B000000 		.4byte	.LASF47
 679 019a 01       		.byte	0x1
 680 019b 1801     		.2byte	0x118
 681 019d 00000000 		.4byte	.LFB7
 682 01a1 20000000 		.4byte	.LFE7-.LFB7
 683 01a5 01       		.uleb128 0x1
 684 01a6 9C       		.byte	0x9c
 685 01a7 0A       		.uleb128 0xa
 686 01a8 08010000 		.4byte	.LASF28
 687 01ac 01       		.byte	0x1
 688 01ad 4C       		.byte	0x4c
 689 01ae 00000000 		.4byte	.LFB2
 690 01b2 0C000000 		.4byte	.LFE2-.LFB2
 691 01b6 01       		.uleb128 0x1
 692 01b7 9C       		.byte	0x9c
 693 01b8 F4010000 		.4byte	0x1f4
 694 01bc 12       		.uleb128 0x12
 695 01bd 7300     		.ascii	"s\000"
 696 01bf 01       		.byte	0x1
 697 01c0 4C       		.byte	0x4c
 698 01c1 84000000 		.4byte	0x84
 699 01c5 6F000000 		.4byte	.LLST4
 700 01c9 12       		.uleb128 0x12
 701 01ca 6E00     		.ascii	"n\000"
 702 01cc 01       		.byte	0x1
 703 01cd 4C       		.byte	0x4c
 704 01ce 2C000000 		.4byte	0x2c
 705 01d2 90000000 		.4byte	.LLST5
 706 01d6 13       		.uleb128 0x13
 707 01d7 0A000000 		.4byte	.LVL14
 708 01db EE030000 		.4byte	0x3ee
 709 01df 14       		.uleb128 0x14
 710 01e0 01       		.uleb128 0x1
 711 01e1 50       		.byte	0x50
 712 01e2 03       		.uleb128 0x3
 713 01e3 F3       		.byte	0xf3
 714 01e4 01       		.uleb128 0x1
 715 01e5 50       		.byte	0x50
 716 01e6 14       		.uleb128 0x14
 717 01e7 01       		.uleb128 0x1
ARM GAS  C:\Users\JANUSD~1\AppData\Local\Temp\ccanNdUc.s 			page 21


 718 01e8 51       		.byte	0x51
 719 01e9 01       		.uleb128 0x1
 720 01ea 30       		.byte	0x30
 721 01eb 14       		.uleb128 0x14
 722 01ec 01       		.uleb128 0x1
 723 01ed 52       		.byte	0x52
 724 01ee 03       		.uleb128 0x3
 725 01ef F3       		.byte	0xf3
 726 01f0 01       		.uleb128 0x1
 727 01f1 51       		.byte	0x51
 728 01f2 00       		.byte	0
 729 01f3 00       		.byte	0
 730 01f4 0A       		.uleb128 0xa
 731 01f5 47000000 		.4byte	.LASF29
 732 01f9 01       		.byte	0x1
 733 01fa D3       		.byte	0xd3
 734 01fb 00000000 		.4byte	.LFB6
 735 01ff D8000000 		.4byte	.LFE6-.LFB6
 736 0203 01       		.uleb128 0x1
 737 0204 9C       		.byte	0x9c
 738 0205 9D020000 		.4byte	0x29d
 739 0209 15       		.uleb128 0x15
 740 020a 0C000000 		.4byte	.LVL15
 741 020e F7030000 		.4byte	0x3f7
 742 0212 16       		.uleb128 0x16
 743 0213 12000000 		.4byte	.LVL16
 744 0217 02040000 		.4byte	0x402
 745 021b 29020000 		.4byte	0x229
 746 021f 14       		.uleb128 0x14
 747 0220 01       		.uleb128 0x1
 748 0221 50       		.byte	0x50
 749 0222 05       		.uleb128 0x5
 750 0223 0C       		.byte	0xc
 751 0224 001BB700 		.4byte	0xb71b00
 752 0228 00       		.byte	0
 753 0229 16       		.uleb128 0x16
 754 022a 18000000 		.4byte	.LVL17
 755 022e 0D040000 		.4byte	0x40d
 756 0232 3C020000 		.4byte	0x23c
 757 0236 14       		.uleb128 0x14
 758 0237 01       		.uleb128 0x1
 759 0238 50       		.byte	0x50
 760 0239 01       		.uleb128 0x1
 761 023a 31       		.byte	0x31
 762 023b 00       		.byte	0
 763 023c 16       		.uleb128 0x16
 764 023d 1E000000 		.4byte	.LVL18
 765 0241 18040000 		.4byte	0x418
 766 0245 50020000 		.4byte	0x250
 767 0249 14       		.uleb128 0x14
 768 024a 01       		.uleb128 0x1
 769 024b 50       		.byte	0x50
 770 024c 02       		.uleb128 0x2
 771 024d 08       		.byte	0x8
 772 024e 30       		.byte	0x30
 773 024f 00       		.byte	0
 774 0250 16       		.uleb128 0x16
ARM GAS  C:\Users\JANUSD~1\AppData\Local\Temp\ccanNdUc.s 			page 22


 775 0251 54000000 		.4byte	.LVL19
 776 0255 23040000 		.4byte	0x423
 777 0259 65020000 		.4byte	0x265
 778 025d 14       		.uleb128 0x14
 779 025e 01       		.uleb128 0x1
 780 025f 50       		.byte	0x50
 781 0260 03       		.uleb128 0x3
 782 0261 0A       		.byte	0xa
 783 0262 D007     		.2byte	0x7d0
 784 0264 00       		.byte	0
 785 0265 16       		.uleb128 0x16
 786 0266 5A000000 		.4byte	.LVL20
 787 026a 2E040000 		.4byte	0x42e
 788 026e 7A020000 		.4byte	0x27a
 789 0272 14       		.uleb128 0x14
 790 0273 01       		.uleb128 0x1
 791 0274 50       		.byte	0x50
 792 0275 03       		.uleb128 0x3
 793 0276 0A       		.byte	0xa
 794 0277 DC05     		.2byte	0x5dc
 795 0279 00       		.byte	0
 796 027a 16       		.uleb128 0x16
 797 027b 86000000 		.4byte	.LVL21
 798 027f 39040000 		.4byte	0x439
 799 0283 8D020000 		.4byte	0x28d
 800 0287 14       		.uleb128 0x14
 801 0288 01       		.uleb128 0x1
 802 0289 50       		.byte	0x50
 803 028a 01       		.uleb128 0x1
 804 028b 38       		.byte	0x38
 805 028c 00       		.byte	0
 806 028d 13       		.uleb128 0x13
 807 028e 8C000000 		.4byte	.LVL22
 808 0292 44040000 		.4byte	0x444
 809 0296 14       		.uleb128 0x14
 810 0297 01       		.uleb128 0x1
 811 0298 50       		.byte	0x50
 812 0299 01       		.uleb128 0x1
 813 029a 38       		.byte	0x38
 814 029b 00       		.byte	0
 815 029c 00       		.byte	0
 816 029d 17       		.uleb128 0x17
 817 029e 7D010000 		.4byte	.LASF48
 818 02a2 01       		.byte	0x1
 819 02a3 3301     		.2byte	0x133
 820 02a5 D8000000 		.4byte	.LFB8
 821 02a9 D8000000 		.4byte	.LFE8-.LFB8
 822 02ad 01       		.uleb128 0x1
 823 02ae 9C       		.byte	0x9c
 824 02af C4030000 		.4byte	0x3c4
 825 02b3 18       		.uleb128 0x18
 826 02b4 E2000000 		.4byte	.LBB3
 827 02b8 68000000 		.4byte	.LBE3-.LBB3
 828 02bc B1030000 		.4byte	0x3b1
 829 02c0 19       		.uleb128 0x19
 830 02c1 52000000 		.4byte	.LASF30
 831 02c5 01       		.byte	0x1
ARM GAS  C:\Users\JANUSD~1\AppData\Local\Temp\ccanNdUc.s 			page 23


 832 02c6 3B01     		.2byte	0x13b
 833 02c8 D4030000 		.4byte	0x3d4
 834 02cc 05       		.uleb128 0x5
 835 02cd 03       		.byte	0x3
 836 02ce 18000000 		.4byte	cy_cfg_addr_table.4910
 837 02d2 19       		.uleb128 0x19
 838 02d3 64000000 		.4byte	.LASF31
 839 02d7 01       		.byte	0x1
 840 02d8 4001     		.2byte	0x140
 841 02da E9030000 		.4byte	0x3e9
 842 02de 05       		.uleb128 0x5
 843 02df 03       		.byte	0x3
 844 02e0 0C000000 		.4byte	cy_cfg_data_table.4911
 845 02e4 1A       		.uleb128 0x1a
 846 02e5 06       		.byte	0x6
 847 02e6 01       		.byte	0x1
 848 02e7 4B01     		.2byte	0x14b
 849 02e9 08030000 		.4byte	0x308
 850 02ed 1B       		.uleb128 0x1b
 851 02ee 8A010000 		.4byte	.LASF32
 852 02f2 01       		.byte	0x1
 853 02f3 4C01     		.2byte	0x14c
 854 02f5 84000000 		.4byte	0x84
 855 02f9 00       		.byte	0
 856 02fa 1B       		.uleb128 0x1b
 857 02fb BD000000 		.4byte	.LASF33
 858 02ff 01       		.byte	0x1
 859 0300 4D01     		.2byte	0x14d
 860 0302 99000000 		.4byte	0x99
 861 0306 04       		.byte	0x4
 862 0307 00       		.byte	0
 863 0308 06       		.uleb128 0x6
 864 0309 37020000 		.4byte	.LASF34
 865 030d 01       		.byte	0x1
 866 030e 4E01     		.2byte	0x14e
 867 0310 E4020000 		.4byte	0x2e4
 868 0314 1C       		.uleb128 0x1c
 869 0315 24030000 		.4byte	0x324
 870 0319 24030000 		.4byte	0x324
 871 031d 1D       		.uleb128 0x1d
 872 031e 7D000000 		.4byte	0x7d
 873 0322 01       		.byte	0x1
 874 0323 00       		.byte	0
 875 0324 10       		.uleb128 0x10
 876 0325 08030000 		.4byte	0x308
 877 0329 19       		.uleb128 0x19
 878 032a AD000000 		.4byte	.LASF35
 879 032e 01       		.byte	0x1
 880 032f 5001     		.2byte	0x150
 881 0331 3B030000 		.4byte	0x33b
 882 0335 05       		.uleb128 0x5
 883 0336 03       		.byte	0x3
 884 0337 00000000 		.4byte	cfg_memset_list.4916
 885 033b 10       		.uleb128 0x10
 886 033c 14030000 		.4byte	0x314
 887 0340 1E       		.uleb128 0x1e
 888 0341 6900     		.ascii	"i\000"
ARM GAS  C:\Users\JANUSD~1\AppData\Local\Temp\ccanNdUc.s 			page 24


 889 0343 01       		.byte	0x1
 890 0344 5601     		.2byte	0x156
 891 0346 8D000000 		.4byte	0x8d
 892 034a BC000000 		.4byte	.LLST6
 893 034e 18       		.uleb128 0x18
 894 034f E6000000 		.4byte	.LBB4
 895 0353 1C000000 		.4byte	.LBE4-.LBB4
 896 0357 94030000 		.4byte	0x394
 897 035b 1E       		.uleb128 0x1e
 898 035c 6D7300   		.ascii	"ms\000"
 899 035f 01       		.byte	0x1
 900 0360 5B01     		.2byte	0x15b
 901 0362 6A030000 		.4byte	0x36a
 902 0366 E6000000 		.4byte	.LLST7
 903 036a 0F       		.uleb128 0xf
 904 036b 04       		.byte	0x4
 905 036c 24030000 		.4byte	0x324
 906 0370 13       		.uleb128 0x13
 907 0371 02010000 		.4byte	.LVL25
 908 0375 A7010000 		.4byte	0x1a7
 909 0379 14       		.uleb128 0x14
 910 037a 01       		.uleb128 0x1
 911 037b 51       		.byte	0x51
 912 037c 15       		.uleb128 0x15
 913 037d 74       		.byte	0x74
 914 037e 00       		.sleb128 0
 915 037f 31       		.byte	0x31
 916 0380 24       		.byte	0x24
 917 0381 74       		.byte	0x74
 918 0382 00       		.sleb128 0
 919 0383 22       		.byte	0x22
 920 0384 31       		.byte	0x31
 921 0385 24       		.byte	0x24
 922 0386 03       		.byte	0x3
 923 0387 04000000 		.4byte	.LANCHOR0+4
 924 038b 22       		.byte	0x22
 925 038c 94       		.byte	0x94
 926 038d 02       		.byte	0x2
 927 038e 0A       		.byte	0xa
 928 038f FFFF     		.2byte	0xffff
 929 0391 1A       		.byte	0x1a
 930 0392 00       		.byte	0
 931 0393 00       		.byte	0
 932 0394 13       		.uleb128 0x13
 933 0395 16010000 		.4byte	.LVL28
 934 0399 0D010000 		.4byte	0x10d
 935 039d 14       		.uleb128 0x14
 936 039e 01       		.uleb128 0x1
 937 039f 50       		.byte	0x50
 938 03a0 05       		.uleb128 0x5
 939 03a1 03       		.byte	0x3
 940 03a2 18000000 		.4byte	.LANCHOR0+24
 941 03a6 14       		.uleb128 0x14
 942 03a7 01       		.uleb128 0x1
 943 03a8 51       		.byte	0x51
 944 03a9 05       		.uleb128 0x5
 945 03aa 03       		.byte	0x3
ARM GAS  C:\Users\JANUSD~1\AppData\Local\Temp\ccanNdUc.s 			page 25


 946 03ab 0C000000 		.4byte	.LANCHOR0+12
 947 03af 00       		.byte	0
 948 03b0 00       		.byte	0
 949 03b1 15       		.uleb128 0x15
 950 03b2 6C010000 		.4byte	.LVL29
 951 03b6 F4010000 		.4byte	0x1f4
 952 03ba 15       		.uleb128 0x15
 953 03bb 70010000 		.4byte	.LVL30
 954 03bf 95010000 		.4byte	0x195
 955 03c3 00       		.byte	0
 956 03c4 1C       		.uleb128 0x1c
 957 03c5 85010000 		.4byte	0x185
 958 03c9 D4030000 		.4byte	0x3d4
 959 03cd 1D       		.uleb128 0x1d
 960 03ce 7D000000 		.4byte	0x7d
 961 03d2 01       		.byte	0x1
 962 03d3 00       		.byte	0
 963 03d4 10       		.uleb128 0x10
 964 03d5 C4030000 		.4byte	0x3c4
 965 03d9 1C       		.uleb128 0x1c
 966 03da 90010000 		.4byte	0x190
 967 03de E9030000 		.4byte	0x3e9
 968 03e2 1D       		.uleb128 0x1d
 969 03e3 7D000000 		.4byte	0x7d
 970 03e7 05       		.byte	0x5
 971 03e8 00       		.byte	0
 972 03e9 10       		.uleb128 0x10
 973 03ea D9030000 		.4byte	0x3d9
 974 03ee 1F       		.uleb128 0x1f
 975 03ef 20010000 		.4byte	.LASF49
 976 03f3 20010000 		.4byte	.LASF49
 977 03f7 20       		.uleb128 0x20
 978 03f8 F7000000 		.4byte	.LASF36
 979 03fc F7000000 		.4byte	.LASF36
 980 0400 04       		.byte	0x4
 981 0401 4E       		.byte	0x4e
 982 0402 20       		.uleb128 0x20
 983 0403 00000000 		.4byte	.LASF37
 984 0407 00000000 		.4byte	.LASF37
 985 040b 05       		.byte	0x5
 986 040c DC       		.byte	0xdc
 987 040d 20       		.uleb128 0x20
 988 040e C2000000 		.4byte	.LASF38
 989 0412 C2000000 		.4byte	.LASF38
 990 0416 04       		.byte	0x4
 991 0417 50       		.byte	0x50
 992 0418 20       		.uleb128 0x20
 993 0419 BB020000 		.4byte	.LASF39
 994 041d BB020000 		.4byte	.LASF39
 995 0421 05       		.byte	0x5
 996 0422 6C       		.byte	0x6c
 997 0423 20       		.uleb128 0x20
 998 0424 86020000 		.4byte	.LASF40
 999 0428 86020000 		.4byte	.LASF40
 1000 042c 05       		.byte	0x5
 1001 042d 84       		.byte	0x84
 1002 042e 20       		.uleb128 0x20
ARM GAS  C:\Users\JANUSD~1\AppData\Local\Temp\ccanNdUc.s 			page 26


 1003 042f 77020000 		.4byte	.LASF41
 1004 0433 77020000 		.4byte	.LASF41
 1005 0437 05       		.byte	0x5
 1006 0438 DA       		.byte	0xda
 1007 0439 20       		.uleb128 0x20
 1008 043a 2C000000 		.4byte	.LASF42
 1009 043e 2C000000 		.4byte	.LASF42
 1010 0442 05       		.byte	0x5
 1011 0443 BD       		.byte	0xbd
 1012 0444 20       		.uleb128 0x20
 1013 0445 40010000 		.4byte	.LASF43
 1014 0449 40010000 		.4byte	.LASF43
 1015 044d 05       		.byte	0x5
 1016 044e C3       		.byte	0xc3
 1017 044f 00       		.byte	0
 1018              		.section	.debug_abbrev,"",%progbits
 1019              	.Ldebug_abbrev0:
 1020 0000 01       		.uleb128 0x1
 1021 0001 11       		.uleb128 0x11
 1022 0002 01       		.byte	0x1
 1023 0003 25       		.uleb128 0x25
 1024 0004 0E       		.uleb128 0xe
 1025 0005 13       		.uleb128 0x13
 1026 0006 0B       		.uleb128 0xb
 1027 0007 03       		.uleb128 0x3
 1028 0008 0E       		.uleb128 0xe
 1029 0009 1B       		.uleb128 0x1b
 1030 000a 0E       		.uleb128 0xe
 1031 000b 55       		.uleb128 0x55
 1032 000c 17       		.uleb128 0x17
 1033 000d 11       		.uleb128 0x11
 1034 000e 01       		.uleb128 0x1
 1035 000f 10       		.uleb128 0x10
 1036 0010 17       		.uleb128 0x17
 1037 0011 00       		.byte	0
 1038 0012 00       		.byte	0
 1039 0013 02       		.uleb128 0x2
 1040 0014 24       		.uleb128 0x24
 1041 0015 00       		.byte	0
 1042 0016 0B       		.uleb128 0xb
 1043 0017 0B       		.uleb128 0xb
 1044 0018 3E       		.uleb128 0x3e
 1045 0019 0B       		.uleb128 0xb
 1046 001a 03       		.uleb128 0x3
 1047 001b 08       		.uleb128 0x8
 1048 001c 00       		.byte	0
 1049 001d 00       		.byte	0
 1050 001e 03       		.uleb128 0x3
 1051 001f 16       		.uleb128 0x16
 1052 0020 00       		.byte	0
 1053 0021 03       		.uleb128 0x3
 1054 0022 0E       		.uleb128 0xe
 1055 0023 3A       		.uleb128 0x3a
 1056 0024 0B       		.uleb128 0xb
 1057 0025 3B       		.uleb128 0x3b
 1058 0026 0B       		.uleb128 0xb
 1059 0027 49       		.uleb128 0x49
ARM GAS  C:\Users\JANUSD~1\AppData\Local\Temp\ccanNdUc.s 			page 27


 1060 0028 13       		.uleb128 0x13
 1061 0029 00       		.byte	0
 1062 002a 00       		.byte	0
 1063 002b 04       		.uleb128 0x4
 1064 002c 24       		.uleb128 0x24
 1065 002d 00       		.byte	0
 1066 002e 0B       		.uleb128 0xb
 1067 002f 0B       		.uleb128 0xb
 1068 0030 3E       		.uleb128 0x3e
 1069 0031 0B       		.uleb128 0xb
 1070 0032 03       		.uleb128 0x3
 1071 0033 0E       		.uleb128 0xe
 1072 0034 00       		.byte	0
 1073 0035 00       		.byte	0
 1074 0036 05       		.uleb128 0x5
 1075 0037 0F       		.uleb128 0xf
 1076 0038 00       		.byte	0
 1077 0039 0B       		.uleb128 0xb
 1078 003a 0B       		.uleb128 0xb
 1079 003b 00       		.byte	0
 1080 003c 00       		.byte	0
 1081 003d 06       		.uleb128 0x6
 1082 003e 16       		.uleb128 0x16
 1083 003f 00       		.byte	0
 1084 0040 03       		.uleb128 0x3
 1085 0041 0E       		.uleb128 0xe
 1086 0042 3A       		.uleb128 0x3a
 1087 0043 0B       		.uleb128 0xb
 1088 0044 3B       		.uleb128 0x3b
 1089 0045 05       		.uleb128 0x5
 1090 0046 49       		.uleb128 0x49
 1091 0047 13       		.uleb128 0x13
 1092 0048 00       		.byte	0
 1093 0049 00       		.byte	0
 1094 004a 07       		.uleb128 0x7
 1095 004b 35       		.uleb128 0x35
 1096 004c 00       		.byte	0
 1097 004d 49       		.uleb128 0x49
 1098 004e 13       		.uleb128 0x13
 1099 004f 00       		.byte	0
 1100 0050 00       		.byte	0
 1101 0051 08       		.uleb128 0x8
 1102 0052 13       		.uleb128 0x13
 1103 0053 01       		.byte	0x1
 1104 0054 0B       		.uleb128 0xb
 1105 0055 0B       		.uleb128 0xb
 1106 0056 3A       		.uleb128 0x3a
 1107 0057 0B       		.uleb128 0xb
 1108 0058 3B       		.uleb128 0x3b
 1109 0059 0B       		.uleb128 0xb
 1110 005a 01       		.uleb128 0x1
 1111 005b 13       		.uleb128 0x13
 1112 005c 00       		.byte	0
 1113 005d 00       		.byte	0
 1114 005e 09       		.uleb128 0x9
 1115 005f 0D       		.uleb128 0xd
 1116 0060 00       		.byte	0
ARM GAS  C:\Users\JANUSD~1\AppData\Local\Temp\ccanNdUc.s 			page 28


 1117 0061 03       		.uleb128 0x3
 1118 0062 0E       		.uleb128 0xe
 1119 0063 3A       		.uleb128 0x3a
 1120 0064 0B       		.uleb128 0xb
 1121 0065 3B       		.uleb128 0x3b
 1122 0066 0B       		.uleb128 0xb
 1123 0067 49       		.uleb128 0x49
 1124 0068 13       		.uleb128 0x13
 1125 0069 38       		.uleb128 0x38
 1126 006a 0B       		.uleb128 0xb
 1127 006b 00       		.byte	0
 1128 006c 00       		.byte	0
 1129 006d 0A       		.uleb128 0xa
 1130 006e 2E       		.uleb128 0x2e
 1131 006f 01       		.byte	0x1
 1132 0070 03       		.uleb128 0x3
 1133 0071 0E       		.uleb128 0xe
 1134 0072 3A       		.uleb128 0x3a
 1135 0073 0B       		.uleb128 0xb
 1136 0074 3B       		.uleb128 0x3b
 1137 0075 0B       		.uleb128 0xb
 1138 0076 27       		.uleb128 0x27
 1139 0077 19       		.uleb128 0x19
 1140 0078 11       		.uleb128 0x11
 1141 0079 01       		.uleb128 0x1
 1142 007a 12       		.uleb128 0x12
 1143 007b 06       		.uleb128 0x6
 1144 007c 40       		.uleb128 0x40
 1145 007d 18       		.uleb128 0x18
 1146 007e 9742     		.uleb128 0x2117
 1147 0080 19       		.uleb128 0x19
 1148 0081 01       		.uleb128 0x1
 1149 0082 13       		.uleb128 0x13
 1150 0083 00       		.byte	0
 1151 0084 00       		.byte	0
 1152 0085 0B       		.uleb128 0xb
 1153 0086 05       		.uleb128 0x5
 1154 0087 00       		.byte	0
 1155 0088 03       		.uleb128 0x3
 1156 0089 0E       		.uleb128 0xe
 1157 008a 3A       		.uleb128 0x3a
 1158 008b 0B       		.uleb128 0xb
 1159 008c 3B       		.uleb128 0x3b
 1160 008d 0B       		.uleb128 0xb
 1161 008e 49       		.uleb128 0x49
 1162 008f 13       		.uleb128 0x13
 1163 0090 02       		.uleb128 0x2
 1164 0091 18       		.uleb128 0x18
 1165 0092 00       		.byte	0
 1166 0093 00       		.byte	0
 1167 0094 0C       		.uleb128 0xc
 1168 0095 34       		.uleb128 0x34
 1169 0096 00       		.byte	0
 1170 0097 03       		.uleb128 0x3
 1171 0098 08       		.uleb128 0x8
 1172 0099 3A       		.uleb128 0x3a
 1173 009a 0B       		.uleb128 0xb
ARM GAS  C:\Users\JANUSD~1\AppData\Local\Temp\ccanNdUc.s 			page 29


 1174 009b 3B       		.uleb128 0x3b
 1175 009c 0B       		.uleb128 0xb
 1176 009d 49       		.uleb128 0x49
 1177 009e 13       		.uleb128 0x13
 1178 009f 02       		.uleb128 0x2
 1179 00a0 17       		.uleb128 0x17
 1180 00a1 00       		.byte	0
 1181 00a2 00       		.byte	0
 1182 00a3 0D       		.uleb128 0xd
 1183 00a4 0B       		.uleb128 0xb
 1184 00a5 01       		.byte	0x1
 1185 00a6 11       		.uleb128 0x11
 1186 00a7 01       		.uleb128 0x1
 1187 00a8 12       		.uleb128 0x12
 1188 00a9 06       		.uleb128 0x6
 1189 00aa 00       		.byte	0
 1190 00ab 00       		.byte	0
 1191 00ac 0E       		.uleb128 0xe
 1192 00ad 34       		.uleb128 0x34
 1193 00ae 00       		.byte	0
 1194 00af 03       		.uleb128 0x3
 1195 00b0 0E       		.uleb128 0xe
 1196 00b1 3A       		.uleb128 0x3a
 1197 00b2 0B       		.uleb128 0xb
 1198 00b3 3B       		.uleb128 0x3b
 1199 00b4 0B       		.uleb128 0xb
 1200 00b5 49       		.uleb128 0x49
 1201 00b6 13       		.uleb128 0x13
 1202 00b7 02       		.uleb128 0x2
 1203 00b8 17       		.uleb128 0x17
 1204 00b9 00       		.byte	0
 1205 00ba 00       		.byte	0
 1206 00bb 0F       		.uleb128 0xf
 1207 00bc 0F       		.uleb128 0xf
 1208 00bd 00       		.byte	0
 1209 00be 0B       		.uleb128 0xb
 1210 00bf 0B       		.uleb128 0xb
 1211 00c0 49       		.uleb128 0x49
 1212 00c1 13       		.uleb128 0x13
 1213 00c2 00       		.byte	0
 1214 00c3 00       		.byte	0
 1215 00c4 10       		.uleb128 0x10
 1216 00c5 26       		.uleb128 0x26
 1217 00c6 00       		.byte	0
 1218 00c7 49       		.uleb128 0x49
 1219 00c8 13       		.uleb128 0x13
 1220 00c9 00       		.byte	0
 1221 00ca 00       		.byte	0
 1222 00cb 11       		.uleb128 0x11
 1223 00cc 2E       		.uleb128 0x2e
 1224 00cd 00       		.byte	0
 1225 00ce 03       		.uleb128 0x3
 1226 00cf 0E       		.uleb128 0xe
 1227 00d0 3A       		.uleb128 0x3a
 1228 00d1 0B       		.uleb128 0xb
 1229 00d2 3B       		.uleb128 0x3b
 1230 00d3 05       		.uleb128 0x5
ARM GAS  C:\Users\JANUSD~1\AppData\Local\Temp\ccanNdUc.s 			page 30


 1231 00d4 27       		.uleb128 0x27
 1232 00d5 19       		.uleb128 0x19
 1233 00d6 11       		.uleb128 0x11
 1234 00d7 01       		.uleb128 0x1
 1235 00d8 12       		.uleb128 0x12
 1236 00d9 06       		.uleb128 0x6
 1237 00da 40       		.uleb128 0x40
 1238 00db 18       		.uleb128 0x18
 1239 00dc 9742     		.uleb128 0x2117
 1240 00de 19       		.uleb128 0x19
 1241 00df 00       		.byte	0
 1242 00e0 00       		.byte	0
 1243 00e1 12       		.uleb128 0x12
 1244 00e2 05       		.uleb128 0x5
 1245 00e3 00       		.byte	0
 1246 00e4 03       		.uleb128 0x3
 1247 00e5 08       		.uleb128 0x8
 1248 00e6 3A       		.uleb128 0x3a
 1249 00e7 0B       		.uleb128 0xb
 1250 00e8 3B       		.uleb128 0x3b
 1251 00e9 0B       		.uleb128 0xb
 1252 00ea 49       		.uleb128 0x49
 1253 00eb 13       		.uleb128 0x13
 1254 00ec 02       		.uleb128 0x2
 1255 00ed 17       		.uleb128 0x17
 1256 00ee 00       		.byte	0
 1257 00ef 00       		.byte	0
 1258 00f0 13       		.uleb128 0x13
 1259 00f1 898201   		.uleb128 0x4109
 1260 00f4 01       		.byte	0x1
 1261 00f5 11       		.uleb128 0x11
 1262 00f6 01       		.uleb128 0x1
 1263 00f7 31       		.uleb128 0x31
 1264 00f8 13       		.uleb128 0x13
 1265 00f9 00       		.byte	0
 1266 00fa 00       		.byte	0
 1267 00fb 14       		.uleb128 0x14
 1268 00fc 8A8201   		.uleb128 0x410a
 1269 00ff 00       		.byte	0
 1270 0100 02       		.uleb128 0x2
 1271 0101 18       		.uleb128 0x18
 1272 0102 9142     		.uleb128 0x2111
 1273 0104 18       		.uleb128 0x18
 1274 0105 00       		.byte	0
 1275 0106 00       		.byte	0
 1276 0107 15       		.uleb128 0x15
 1277 0108 898201   		.uleb128 0x4109
 1278 010b 00       		.byte	0
 1279 010c 11       		.uleb128 0x11
 1280 010d 01       		.uleb128 0x1
 1281 010e 31       		.uleb128 0x31
 1282 010f 13       		.uleb128 0x13
 1283 0110 00       		.byte	0
 1284 0111 00       		.byte	0
 1285 0112 16       		.uleb128 0x16
 1286 0113 898201   		.uleb128 0x4109
 1287 0116 01       		.byte	0x1
ARM GAS  C:\Users\JANUSD~1\AppData\Local\Temp\ccanNdUc.s 			page 31


 1288 0117 11       		.uleb128 0x11
 1289 0118 01       		.uleb128 0x1
 1290 0119 31       		.uleb128 0x31
 1291 011a 13       		.uleb128 0x13
 1292 011b 01       		.uleb128 0x1
 1293 011c 13       		.uleb128 0x13
 1294 011d 00       		.byte	0
 1295 011e 00       		.byte	0
 1296 011f 17       		.uleb128 0x17
 1297 0120 2E       		.uleb128 0x2e
 1298 0121 01       		.byte	0x1
 1299 0122 3F       		.uleb128 0x3f
 1300 0123 19       		.uleb128 0x19
 1301 0124 03       		.uleb128 0x3
 1302 0125 0E       		.uleb128 0xe
 1303 0126 3A       		.uleb128 0x3a
 1304 0127 0B       		.uleb128 0xb
 1305 0128 3B       		.uleb128 0x3b
 1306 0129 05       		.uleb128 0x5
 1307 012a 27       		.uleb128 0x27
 1308 012b 19       		.uleb128 0x19
 1309 012c 11       		.uleb128 0x11
 1310 012d 01       		.uleb128 0x1
 1311 012e 12       		.uleb128 0x12
 1312 012f 06       		.uleb128 0x6
 1313 0130 40       		.uleb128 0x40
 1314 0131 18       		.uleb128 0x18
 1315 0132 9742     		.uleb128 0x2117
 1316 0134 19       		.uleb128 0x19
 1317 0135 01       		.uleb128 0x1
 1318 0136 13       		.uleb128 0x13
 1319 0137 00       		.byte	0
 1320 0138 00       		.byte	0
 1321 0139 18       		.uleb128 0x18
 1322 013a 0B       		.uleb128 0xb
 1323 013b 01       		.byte	0x1
 1324 013c 11       		.uleb128 0x11
 1325 013d 01       		.uleb128 0x1
 1326 013e 12       		.uleb128 0x12
 1327 013f 06       		.uleb128 0x6
 1328 0140 01       		.uleb128 0x1
 1329 0141 13       		.uleb128 0x13
 1330 0142 00       		.byte	0
 1331 0143 00       		.byte	0
 1332 0144 19       		.uleb128 0x19
 1333 0145 34       		.uleb128 0x34
 1334 0146 00       		.byte	0
 1335 0147 03       		.uleb128 0x3
 1336 0148 0E       		.uleb128 0xe
 1337 0149 3A       		.uleb128 0x3a
 1338 014a 0B       		.uleb128 0xb
 1339 014b 3B       		.uleb128 0x3b
 1340 014c 05       		.uleb128 0x5
 1341 014d 49       		.uleb128 0x49
 1342 014e 13       		.uleb128 0x13
 1343 014f 02       		.uleb128 0x2
 1344 0150 18       		.uleb128 0x18
ARM GAS  C:\Users\JANUSD~1\AppData\Local\Temp\ccanNdUc.s 			page 32


 1345 0151 00       		.byte	0
 1346 0152 00       		.byte	0
 1347 0153 1A       		.uleb128 0x1a
 1348 0154 13       		.uleb128 0x13
 1349 0155 01       		.byte	0x1
 1350 0156 0B       		.uleb128 0xb
 1351 0157 0B       		.uleb128 0xb
 1352 0158 3A       		.uleb128 0x3a
 1353 0159 0B       		.uleb128 0xb
 1354 015a 3B       		.uleb128 0x3b
 1355 015b 05       		.uleb128 0x5
 1356 015c 01       		.uleb128 0x1
 1357 015d 13       		.uleb128 0x13
 1358 015e 00       		.byte	0
 1359 015f 00       		.byte	0
 1360 0160 1B       		.uleb128 0x1b
 1361 0161 0D       		.uleb128 0xd
 1362 0162 00       		.byte	0
 1363 0163 03       		.uleb128 0x3
 1364 0164 0E       		.uleb128 0xe
 1365 0165 3A       		.uleb128 0x3a
 1366 0166 0B       		.uleb128 0xb
 1367 0167 3B       		.uleb128 0x3b
 1368 0168 05       		.uleb128 0x5
 1369 0169 49       		.uleb128 0x49
 1370 016a 13       		.uleb128 0x13
 1371 016b 38       		.uleb128 0x38
 1372 016c 0B       		.uleb128 0xb
 1373 016d 00       		.byte	0
 1374 016e 00       		.byte	0
 1375 016f 1C       		.uleb128 0x1c
 1376 0170 01       		.uleb128 0x1
 1377 0171 01       		.byte	0x1
 1378 0172 49       		.uleb128 0x49
 1379 0173 13       		.uleb128 0x13
 1380 0174 01       		.uleb128 0x1
 1381 0175 13       		.uleb128 0x13
 1382 0176 00       		.byte	0
 1383 0177 00       		.byte	0
 1384 0178 1D       		.uleb128 0x1d
 1385 0179 21       		.uleb128 0x21
 1386 017a 00       		.byte	0
 1387 017b 49       		.uleb128 0x49
 1388 017c 13       		.uleb128 0x13
 1389 017d 2F       		.uleb128 0x2f
 1390 017e 0B       		.uleb128 0xb
 1391 017f 00       		.byte	0
 1392 0180 00       		.byte	0
 1393 0181 1E       		.uleb128 0x1e
 1394 0182 34       		.uleb128 0x34
 1395 0183 00       		.byte	0
 1396 0184 03       		.uleb128 0x3
 1397 0185 08       		.uleb128 0x8
 1398 0186 3A       		.uleb128 0x3a
 1399 0187 0B       		.uleb128 0xb
 1400 0188 3B       		.uleb128 0x3b
 1401 0189 05       		.uleb128 0x5
ARM GAS  C:\Users\JANUSD~1\AppData\Local\Temp\ccanNdUc.s 			page 33


 1402 018a 49       		.uleb128 0x49
 1403 018b 13       		.uleb128 0x13
 1404 018c 02       		.uleb128 0x2
 1405 018d 17       		.uleb128 0x17
 1406 018e 00       		.byte	0
 1407 018f 00       		.byte	0
 1408 0190 1F       		.uleb128 0x1f
 1409 0191 2E       		.uleb128 0x2e
 1410 0192 00       		.byte	0
 1411 0193 3F       		.uleb128 0x3f
 1412 0194 19       		.uleb128 0x19
 1413 0195 3C       		.uleb128 0x3c
 1414 0196 19       		.uleb128 0x19
 1415 0197 6E       		.uleb128 0x6e
 1416 0198 0E       		.uleb128 0xe
 1417 0199 03       		.uleb128 0x3
 1418 019a 0E       		.uleb128 0xe
 1419 019b 00       		.byte	0
 1420 019c 00       		.byte	0
 1421 019d 20       		.uleb128 0x20
 1422 019e 2E       		.uleb128 0x2e
 1423 019f 00       		.byte	0
 1424 01a0 3F       		.uleb128 0x3f
 1425 01a1 19       		.uleb128 0x19
 1426 01a2 3C       		.uleb128 0x3c
 1427 01a3 19       		.uleb128 0x19
 1428 01a4 6E       		.uleb128 0x6e
 1429 01a5 0E       		.uleb128 0xe
 1430 01a6 03       		.uleb128 0x3
 1431 01a7 0E       		.uleb128 0xe
 1432 01a8 3A       		.uleb128 0x3a
 1433 01a9 0B       		.uleb128 0xb
 1434 01aa 3B       		.uleb128 0x3b
 1435 01ab 0B       		.uleb128 0xb
 1436 01ac 00       		.byte	0
 1437 01ad 00       		.byte	0
 1438 01ae 00       		.byte	0
 1439              		.section	.debug_loc,"",%progbits
 1440              	.Ldebug_loc0:
 1441              	.LLST0:
 1442 0000 02000000 		.4byte	.LVL1
 1443 0004 08000000 		.4byte	.LVL2
 1444 0008 0200     		.2byte	0x2
 1445 000a 30       		.byte	0x30
 1446 000b 9F       		.byte	0x9f
 1447 000c 08000000 		.4byte	.LVL2
 1448 0010 30000000 		.4byte	.LVL11
 1449 0014 0100     		.2byte	0x1
 1450 0016 57       		.byte	0x57
 1451 0017 00000000 		.4byte	0
 1452 001b 00000000 		.4byte	0
 1453              	.LLST1:
 1454 001f 02000000 		.4byte	.LVL1
 1455 0023 08000000 		.4byte	.LVL2
 1456 0027 0200     		.2byte	0x2
 1457 0029 30       		.byte	0x30
 1458 002a 9F       		.byte	0x9f
ARM GAS  C:\Users\JANUSD~1\AppData\Local\Temp\ccanNdUc.s 			page 34


 1459 002b 08000000 		.4byte	.LVL2
 1460 002f 30000000 		.4byte	.LVL10
 1461 0033 0100     		.2byte	0x1
 1462 0035 55       		.byte	0x55
 1463 0036 00000000 		.4byte	0
 1464 003a 00000000 		.4byte	0
 1465              	.LLST2:
 1466 003e 0C000000 		.4byte	.LVL3
 1467 0042 2C000000 		.4byte	.LVL9
 1468 0046 0100     		.2byte	0x1
 1469 0048 56       		.byte	0x56
 1470 0049 00000000 		.4byte	0
 1471 004d 00000000 		.4byte	0
 1472              	.LLST3:
 1473 0051 0E000000 		.4byte	.LVL4
 1474 0055 24000000 		.4byte	.LVL7
 1475 0059 0100     		.2byte	0x1
 1476 005b 53       		.byte	0x53
 1477 005c 26000000 		.4byte	.LVL8
 1478 0060 2C000000 		.4byte	.LVL9
 1479 0064 0100     		.2byte	0x1
 1480 0066 53       		.byte	0x53
 1481 0067 00000000 		.4byte	0
 1482 006b 00000000 		.4byte	0
 1483              	.LLST4:
 1484 006f 00000000 		.4byte	.LVL12
 1485 0073 09000000 		.4byte	.LVL14-1
 1486 0077 0100     		.2byte	0x1
 1487 0079 50       		.byte	0x50
 1488 007a 09000000 		.4byte	.LVL14-1
 1489 007e 0C000000 		.4byte	.LFE2
 1490 0082 0400     		.2byte	0x4
 1491 0084 F3       		.byte	0xf3
 1492 0085 01       		.uleb128 0x1
 1493 0086 50       		.byte	0x50
 1494 0087 9F       		.byte	0x9f
 1495 0088 00000000 		.4byte	0
 1496 008c 00000000 		.4byte	0
 1497              	.LLST5:
 1498 0090 00000000 		.4byte	.LVL12
 1499 0094 06000000 		.4byte	.LVL13
 1500 0098 0100     		.2byte	0x1
 1501 009a 51       		.byte	0x51
 1502 009b 06000000 		.4byte	.LVL13
 1503 009f 09000000 		.4byte	.LVL14-1
 1504 00a3 0100     		.2byte	0x1
 1505 00a5 52       		.byte	0x52
 1506 00a6 09000000 		.4byte	.LVL14-1
 1507 00aa 0C000000 		.4byte	.LFE2
 1508 00ae 0400     		.2byte	0x4
 1509 00b0 F3       		.byte	0xf3
 1510 00b1 01       		.uleb128 0x1
 1511 00b2 51       		.byte	0x51
 1512 00b3 9F       		.byte	0x9f
 1513 00b4 00000000 		.4byte	0
 1514 00b8 00000000 		.4byte	0
 1515              	.LLST6:
ARM GAS  C:\Users\JANUSD~1\AppData\Local\Temp\ccanNdUc.s 			page 35


 1516 00bc E2000000 		.4byte	.LVL23
 1517 00c0 E6000000 		.4byte	.LVL24
 1518 00c4 0200     		.2byte	0x2
 1519 00c6 30       		.byte	0x30
 1520 00c7 9F       		.byte	0x9f
 1521 00c8 E6000000 		.4byte	.LVL24
 1522 00cc 04010000 		.4byte	.LVL26
 1523 00d0 0100     		.2byte	0x1
 1524 00d2 54       		.byte	0x54
 1525 00d3 06010000 		.4byte	.LVL27
 1526 00d7 70010000 		.4byte	.LVL31
 1527 00db 0100     		.2byte	0x1
 1528 00dd 54       		.byte	0x54
 1529 00de 00000000 		.4byte	0
 1530 00e2 00000000 		.4byte	0
 1531              	.LLST7:
 1532 00e6 E6000000 		.4byte	.LVL24
 1533 00ea 04010000 		.4byte	.LVL26
 1534 00ee 0B00     		.2byte	0xb
 1535 00f0 74       		.byte	0x74
 1536 00f1 00       		.sleb128 0
 1537 00f2 36       		.byte	0x36
 1538 00f3 1E       		.byte	0x1e
 1539 00f4 03       		.byte	0x3
 1540 00f5 00000000 		.4byte	cfg_memset_list.4916
 1541 00f9 22       		.byte	0x22
 1542 00fa 9F       		.byte	0x9f
 1543 00fb 04010000 		.4byte	.LVL26
 1544 00ff 06010000 		.4byte	.LVL27
 1545 0103 0B00     		.2byte	0xb
 1546 0105 74       		.byte	0x74
 1547 0106 7F       		.sleb128 -1
 1548 0107 36       		.byte	0x36
 1549 0108 1E       		.byte	0x1e
 1550 0109 03       		.byte	0x3
 1551 010a 00000000 		.4byte	cfg_memset_list.4916
 1552 010e 22       		.byte	0x22
 1553 010f 9F       		.byte	0x9f
 1554 0110 00000000 		.4byte	0
 1555 0114 00000000 		.4byte	0
 1556              		.section	.debug_aranges,"",%progbits
 1557 0000 3C000000 		.4byte	0x3c
 1558 0004 0200     		.2byte	0x2
 1559 0006 00000000 		.4byte	.Ldebug_info0
 1560 000a 04       		.byte	0x4
 1561 000b 00       		.byte	0
 1562 000c 0000     		.2byte	0
 1563 000e 0000     		.2byte	0
 1564 0010 00000000 		.4byte	.LFB5
 1565 0014 32000000 		.4byte	.LFE5-.LFB5
 1566 0018 00000000 		.4byte	.LFB7
 1567 001c 20000000 		.4byte	.LFE7-.LFB7
 1568 0020 00000000 		.4byte	.LFB2
 1569 0024 0C000000 		.4byte	.LFE2-.LFB2
 1570 0028 00000000 		.4byte	.LFB6
 1571 002c D8000000 		.4byte	.LFE6-.LFB6
 1572 0030 D8000000 		.4byte	.LFB8
ARM GAS  C:\Users\JANUSD~1\AppData\Local\Temp\ccanNdUc.s 			page 36


 1573 0034 D8000000 		.4byte	.LFE8-.LFB8
 1574 0038 00000000 		.4byte	0
 1575 003c 00000000 		.4byte	0
 1576              		.section	.debug_ranges,"",%progbits
 1577              	.Ldebug_ranges0:
 1578 0000 00000000 		.4byte	.LFB5
 1579 0004 32000000 		.4byte	.LFE5
 1580 0008 00000000 		.4byte	.LFB7
 1581 000c 20000000 		.4byte	.LFE7
 1582 0010 00000000 		.4byte	.LFB2
 1583 0014 0C000000 		.4byte	.LFE2
 1584 0018 00000000 		.4byte	.LFB6
 1585 001c D8000000 		.4byte	.LFE6
 1586 0020 D8000000 		.4byte	.LFB8
 1587 0024 B0010000 		.4byte	.LFE8
 1588 0028 00000000 		.4byte	0
 1589 002c 00000000 		.4byte	0
 1590              		.section	.debug_line,"",%progbits
 1591              	.Ldebug_line0:
 1592 0000 89010000 		.section	.debug_str,"MS",%progbits,1
 1592      0200E300 
 1592      00000201 
 1592      FB0E0D00 
 1592      01010101 
 1593              	.LASF37:
 1594 0000 43794465 		.ascii	"CyDelayCycles\000"
 1594      6C617943 
 1594      79636C65 
 1594      7300
 1595              	.LASF19:
 1596 000e 72656733 		.ascii	"reg32\000"
 1596      3200
 1597              	.LASF12:
 1598 0014 73697A65 		.ascii	"size_t\000"
 1598      5F7400
 1599              	.LASF47:
 1600 001b 416E616C 		.ascii	"AnalogSetDefault\000"
 1600      6F675365 
 1600      74446566 
 1600      61756C74 
 1600      00
 1601              	.LASF42:
 1602 002c 4379496E 		.ascii	"CyIntSetVector\000"
 1602      74536574 
 1602      56656374 
 1602      6F7200
 1603              	.LASF21:
 1604 003b 76616C75 		.ascii	"value\000"
 1604      6500
 1605              	.LASF26:
 1606 0041 636F756E 		.ascii	"count\000"
 1606      7400
 1607              	.LASF29:
 1608 0047 436C6F63 		.ascii	"ClockSetup\000"
 1608      6B536574 
 1608      757000
 1609              	.LASF30:
ARM GAS  C:\Users\JANUSD~1\AppData\Local\Temp\ccanNdUc.s 			page 37


 1610 0052 63795F63 		.ascii	"cy_cfg_addr_table\000"
 1610      66675F61 
 1610      6464725F 
 1610      7461626C 
 1610      6500
 1611              	.LASF31:
 1612 0064 63795F63 		.ascii	"cy_cfg_data_table\000"
 1612      66675F64 
 1612      6174615F 
 1612      7461626C 
 1612      6500
 1613              	.LASF46:
 1614 0076 433A5C55 		.ascii	"C:\\Users\\janusdg-win\\UCU\\Projects\\Design04.cyd"
 1614      73657273 
 1614      5C6A616E 
 1614      75736467 
 1614      2D77696E 
 1615 00a4 736E00   		.ascii	"sn\000"
 1616              	.LASF16:
 1617 00a7 666C6F61 		.ascii	"float\000"
 1617      7400
 1618              	.LASF35:
 1619 00ad 6366675F 		.ascii	"cfg_memset_list\000"
 1619      6D656D73 
 1619      65745F6C 
 1619      69737400 
 1620              	.LASF33:
 1621 00bd 73697A65 		.ascii	"size\000"
 1621      00
 1622              	.LASF38:
 1623 00c2 43795379 		.ascii	"CySysClkWcoSetPowerMode\000"
 1623      73436C6B 
 1623      57636F53 
 1623      6574506F 
 1623      7765724D 
 1624              	.LASF18:
 1625 00da 72656738 		.ascii	"reg8\000"
 1625      00
 1626              	.LASF8:
 1627 00df 6C6F6E67 		.ascii	"long unsigned int\000"
 1627      20756E73 
 1627      69676E65 
 1627      6420696E 
 1627      7400
 1628              	.LASF13:
 1629 00f1 75696E74 		.ascii	"uint8\000"
 1629      3800
 1630              	.LASF36:
 1631 00f7 43795379 		.ascii	"CySysClkWcoStart\000"
 1631      73436C6B 
 1631      57636F53 
 1631      74617274 
 1631      00
 1632              	.LASF28:
 1633 0108 43594D45 		.ascii	"CYMEMZERO\000"
 1633      4D5A4552 
 1633      4F00
ARM GAS  C:\Users\JANUSD~1\AppData\Local\Temp\ccanNdUc.s 			page 38


 1634              	.LASF4:
 1635 0112 756E7369 		.ascii	"unsigned char\000"
 1635      676E6564 
 1635      20636861 
 1635      7200
 1636              	.LASF49:
 1637 0120 6D656D73 		.ascii	"memset\000"
 1637      657400
 1638              	.LASF17:
 1639 0127 646F7562 		.ascii	"double\000"
 1639      6C6500
 1640              	.LASF27:
 1641 012e 6366675F 		.ascii	"cfg_write_bytes32\000"
 1641      77726974 
 1641      655F6279 
 1641      74657333 
 1641      3200
 1642              	.LASF43:
 1643 0140 4379496E 		.ascii	"CyIntEnable\000"
 1643      74456E61 
 1643      626C6500 
 1644              	.LASF23:
 1645 014c 61646472 		.ascii	"addr_table\000"
 1645      5F746162 
 1645      6C6500
 1646              	.LASF14:
 1647 0157 75696E74 		.ascii	"uint16\000"
 1647      313600
 1648              	.LASF24:
 1649 015e 64617461 		.ascii	"data_table\000"
 1649      5F746162 
 1649      6C6500
 1650              	.LASF15:
 1651 0169 75696E74 		.ascii	"uint32\000"
 1651      333200
 1652              	.LASF0:
 1653 0170 756E7369 		.ascii	"unsigned int\000"
 1653      676E6564 
 1653      20696E74 
 1653      00
 1654              	.LASF48:
 1655 017d 63796669 		.ascii	"cyfitter_cfg\000"
 1655      74746572 
 1655      5F636667 
 1655      00
 1656              	.LASF32:
 1657 018a 61646472 		.ascii	"address\000"
 1657      65737300 
 1658              	.LASF9:
 1659 0192 6C6F6E67 		.ascii	"long long unsigned int\000"
 1659      206C6F6E 
 1659      6720756E 
 1659      7369676E 
 1659      65642069 
 1660              	.LASF44:
 1661 01a9 474E5520 		.ascii	"GNU C11 5.4.1 20160609 (release) [ARM/embedded-5-br"
 1661      43313120 
ARM GAS  C:\Users\JANUSD~1\AppData\Local\Temp\ccanNdUc.s 			page 39


 1661      352E342E 
 1661      31203230 
 1661      31363036 
 1662 01dc 616E6368 		.ascii	"anch revision 237715] -mcpu=cortex-m0 -mthumb -g -O"
 1662      20726576 
 1662      6973696F 
 1662      6E203233 
 1662      37373135 
 1663 020f 67202D66 		.ascii	"g -ffunction-sections -ffat-lto-objects\000"
 1663      66756E63 
 1663      74696F6E 
 1663      2D736563 
 1663      74696F6E 
 1664              	.LASF34:
 1665 0237 6366675F 		.ascii	"cfg_memset_t\000"
 1665      6D656D73 
 1665      65745F74 
 1665      00
 1666              	.LASF25:
 1667 0244 62617365 		.ascii	"baseAddr\000"
 1667      41646472 
 1667      00
 1668              	.LASF10:
 1669 024d 73697A65 		.ascii	"sizetype\000"
 1669      74797065 
 1669      00
 1670              	.LASF6:
 1671 0256 73686F72 		.ascii	"short unsigned int\000"
 1671      7420756E 
 1671      7369676E 
 1671      65642069 
 1671      6E7400
 1672              	.LASF1:
 1673 0269 6C6F6E67 		.ascii	"long long int\000"
 1673      206C6F6E 
 1673      6720696E 
 1673      7400
 1674              	.LASF41:
 1675 0277 43794465 		.ascii	"CyDelayUs\000"
 1675      6C617955 
 1675      7300
 1676              	.LASF11:
 1677 0281 63686172 		.ascii	"char\000"
 1677      00
 1678              	.LASF40:
 1679 0286 43795379 		.ascii	"CySysClkEcoStart\000"
 1679      73436C6B 
 1679      45636F53 
 1679      74617274 
 1679      00
 1680              	.LASF22:
 1681 0297 63795F63 		.ascii	"cy_cfg_addrvalue_t\000"
 1681      66675F61 
 1681      64647276 
 1681      616C7565 
 1681      5F7400
 1682              	.LASF20:
ARM GAS  C:\Users\JANUSD~1\AppData\Local\Temp\ccanNdUc.s 			page 40


 1683 02aa 6F666673 		.ascii	"offset\000"
 1683      657400
 1684              	.LASF5:
 1685 02b1 73686F72 		.ascii	"short int\000"
 1685      7420696E 
 1685      7400
 1686              	.LASF39:
 1687 02bb 43795379 		.ascii	"CySysClkWriteImoFreq\000"
 1687      73436C6B 
 1687      57726974 
 1687      65496D6F 
 1687      46726571 
 1688              	.LASF7:
 1689 02d0 6C6F6E67 		.ascii	"long int\000"
 1689      20696E74 
 1689      00
 1690              	.LASF2:
 1691 02d9 6C6F6E67 		.ascii	"long double\000"
 1691      20646F75 
 1691      626C6500 
 1692              	.LASF3:
 1693 02e5 7369676E 		.ascii	"signed char\000"
 1693      65642063 
 1693      68617200 
 1694              	.LASF45:
 1695 02f1 47656E65 		.ascii	"Generated_Source\\PSoC4\\cyfitter_cfg.c\000"
 1695      72617465 
 1695      645F536F 
 1695      75726365 
 1695      5C50536F 
 1696              		.ident	"GCC: (GNU Tools for ARM Embedded Processors) 5.4.1 20160609 (release) [ARM/embedded-5-bran
