ARM GAS  C:\Users\ASUS\AppData\Local\Temp\cchfHRHg.s 			page 1


   1              		.syntax unified
   2              		.cpu cortex-m0
   3              		.fpu softvfp
   4              		.eabi_attribute 20, 1
   5              		.eabi_attribute 21, 1
   6              		.eabi_attribute 23, 3
   7              		.eabi_attribute 24, 1
   8              		.eabi_attribute 25, 1
   9              		.eabi_attribute 26, 1
  10              		.eabi_attribute 30, 6
  11              		.eabi_attribute 34, 0
  12              		.eabi_attribute 18, 4
  13              		.thumb
  14              		.syntax unified
  15              		.file	"debug.c"
  16              		.text
  17              	.Ltext0:
  18              		.cfi_sections	.debug_frame
  19              		.comm	current_watchdog_counter,2,2
  20              		.section	.text.SendBLEStatetoUART,"ax",%progbits
  21              		.align	2
  22              		.global	SendBLEStatetoUART
  23              		.code	16
  24              		.thumb_func
  25              		.type	SendBLEStatetoUART, %function
  26              	SendBLEStatetoUART:
  27              	.LFB35:
  28              		.file 1 "debug.c"
   1:debug.c       **** /*******************************************************************************
   2:debug.c       **** * File Name: debug.c
   3:debug.c       **** *
   4:debug.c       **** * Version: 1.0
   5:debug.c       **** *
   6:debug.c       **** * Description:
   7:debug.c       **** * This file contains the definiton for debug functions, using UART as communication
   8:debug.c       **** * medium. These function sends UART data to KitProg/PSoC 5LP, which enumerats as
   9:debug.c       **** * COM port on connected PC.
  10:debug.c       **** *
  11:debug.c       **** ********************************************************************************
  12:debug.c       **** * Copyright 2015, Cypress Semiconductor Corporation.  All rights reserved.
  13:debug.c       **** * You may use this file only in accordance with the license, terms, conditions,
  14:debug.c       **** * disclaimers, and limitations in the end user license agreement accompanying
  15:debug.c       **** * the software package with which this file was provided.
  16:debug.c       **** *******************************************************************************/
  17:debug.c       **** #include <debug.h>
  18:debug.c       **** 
  19:debug.c       **** /*******************************************************************************
  20:debug.c       **** * Function Name: SendBLEStatetoUART
  21:debug.c       **** ********************************************************************************
  22:debug.c       **** * Summary:
  23:debug.c       **** *        Sends the string to UART corresponding to the present BLE state
  24:debug.c       **** *
  25:debug.c       **** * Parameters:
  26:debug.c       **** *  ble_state: current state of the BLE.
  27:debug.c       **** *
  28:debug.c       **** * Return:
  29:debug.c       **** *  void
ARM GAS  C:\Users\ASUS\AppData\Local\Temp\cchfHRHg.s 			page 2


  30:debug.c       **** *
  31:debug.c       **** *******************************************************************************/
  32:debug.c       **** void SendBLEStatetoUART(CYBLE_STATE_T ble_state)
  33:debug.c       **** {
  29              		.loc 1 33 0
  30              		.cfi_startproc
  31              		@ args = 0, pretend = 0, frame = 8
  32              		@ frame_needed = 1, uses_anonymous_args = 0
  33 0000 80B5     		push	{r7, lr}
  34              		.cfi_def_cfa_offset 8
  35              		.cfi_offset 7, -8
  36              		.cfi_offset 14, -4
  37 0002 82B0     		sub	sp, sp, #8
  38              		.cfi_def_cfa_offset 16
  39 0004 00AF     		add	r7, sp, #0
  40              		.cfi_def_cfa_register 7
  41 0006 0200     		movs	r2, r0
  42 0008 FB1D     		adds	r3, r7, #7
  43 000a 1A70     		strb	r2, [r3]
  34:debug.c       **** 	switch(ble_state)
  44              		.loc 1 34 0
  45 000c FB1D     		adds	r3, r7, #7
  46 000e 1B78     		ldrb	r3, [r3]
  47 0010 062B     		cmp	r3, #6
  48 0012 04D8     		bhi	.L12
  49 0014 9A00     		lsls	r2, r3, #2
  50 0016 054B     		ldr	r3, .L14
  51 0018 D318     		adds	r3, r2, r3
  52 001a 1B68     		ldr	r3, [r3]
  53 001c 9F46     		mov	pc, r3
  54              		.section	.rodata
  55              		.align	2
  56              	.L4:
  57 0000 22000000 		.word	.L13
  58 0004 22000000 		.word	.L13
  59 0008 22000000 		.word	.L13
  60 000c 22000000 		.word	.L13
  61 0010 22000000 		.word	.L13
  62 0014 22000000 		.word	.L13
  63 0018 22000000 		.word	.L13
  64              		.section	.text.SendBLEStatetoUART
  65              	.L12:
  35:debug.c       **** 	{
  36:debug.c       **** 		case CYBLE_STATE_STOPPED:
  37:debug.c       **** 		#ifdef DEBUG_ENABLED
  38:debug.c       **** 			UART_UartPutString(" |BLE State: CYBLE_STATE_STOPPED ");
  39:debug.c       **** 		#endif
  40:debug.c       **** 		break;
  41:debug.c       **** 		
  42:debug.c       **** 		case CYBLE_STATE_INITIALIZING:
  43:debug.c       **** 		#ifdef DEBUG_ENABLED
  44:debug.c       **** 			UART_UartPutString(" |BLE State: CYBLE_STATE_INITIALIZING ");
  45:debug.c       **** 		#endif
  46:debug.c       **** 		break;
  47:debug.c       **** 		
  48:debug.c       **** 		case CYBLE_STATE_CONNECTED:
  49:debug.c       **** 		#ifdef DEBUG_ENABLED
ARM GAS  C:\Users\ASUS\AppData\Local\Temp\cchfHRHg.s 			page 3


  50:debug.c       **** 			UART_UartPutString(" |BLE State: CYBLE_STATE_CONNECTED ");
  51:debug.c       **** 		#endif
  52:debug.c       **** 		break;
  53:debug.c       **** 		
  54:debug.c       **** 		case CYBLE_STATE_ADVERTISING:
  55:debug.c       **** 		#ifdef DEBUG_ENABLED
  56:debug.c       **** 			UART_UartPutString(" |BLE State: CYBLE_STATE_ADVERTISING ");
  57:debug.c       **** 		#endif
  58:debug.c       **** 		break;
  59:debug.c       **** 		
  60:debug.c       **** 		case CYBLE_STATE_SCANNING:
  61:debug.c       **** 		#ifdef DEBUG_ENABLED
  62:debug.c       **** 			UART_UartPutString(" |BLE State: CYBLE_STATE_SCANNING ");
  63:debug.c       **** 		#endif
  64:debug.c       **** 		break;
  65:debug.c       **** 		
  66:debug.c       **** 		case CYBLE_STATE_CONNECTING:
  67:debug.c       **** 		#ifdef DEBUG_ENABLED
  68:debug.c       **** 			UART_UartPutString(" |BLE State: CYBLE_STATE_CONNECTING ");
  69:debug.c       **** 		#endif
  70:debug.c       **** 		break;
  71:debug.c       **** 		
  72:debug.c       **** 		case CYBLE_STATE_DISCONNECTED:
  73:debug.c       **** 		#ifdef DEBUG_ENABLED
  74:debug.c       **** 			UART_UartPutString(" |BLE State: CYBLE_STATE_DISCONNECTED ");
  75:debug.c       **** 		#endif
  76:debug.c       **** 		break;
  77:debug.c       **** 		
  78:debug.c       **** 		default:
  79:debug.c       **** 		#ifdef DEBUG_ENABLED
  80:debug.c       **** 			UART_UartPutString(" |BLE State: UNKNOWN STATE ");
  81:debug.c       **** 		#endif
  82:debug.c       **** 		break;
  66              		.loc 1 82 0
  67 001e C046     		nop
  68 0020 00E0     		b	.L11
  69              	.L13:
  76:debug.c       **** 		
  70              		.loc 1 76 0
  71 0022 C046     		nop
  72              	.L11:
  83:debug.c       **** 	}
  84:debug.c       **** }
  73              		.loc 1 84 0
  74 0024 C046     		nop
  75 0026 BD46     		mov	sp, r7
  76 0028 02B0     		add	sp, sp, #8
  77              		@ sp needed
  78 002a 80BD     		pop	{r7, pc}
  79              	.L15:
  80              		.align	2
  81              	.L14:
  82 002c 00000000 		.word	.L4
  83              		.cfi_endproc
  84              	.LFE35:
  85              		.size	SendBLEStatetoUART, .-SendBLEStatetoUART
  86              		.section	.text.PrintNum,"ax",%progbits
ARM GAS  C:\Users\ASUS\AppData\Local\Temp\cchfHRHg.s 			page 4


  87              		.align	2
  88              		.global	PrintNum
  89              		.code	16
  90              		.thumb_func
  91              		.type	PrintNum, %function
  92              	PrintNum:
  93              	.LFB36:
  85:debug.c       **** 
  86:debug.c       **** /*******************************************************************************
  87:debug.c       **** * Function Name: PrintNum
  88:debug.c       **** ********************************************************************************
  89:debug.c       **** * Summary:
  90:debug.c       **** *        Converts decimal number to characters in ASCII that can be printed on 
  91:debug.c       **** * terminal.
  92:debug.c       **** *
  93:debug.c       **** * Parameters:
  94:debug.c       **** *  num: number to be converted to string.
  95:debug.c       **** *
  96:debug.c       **** * Return:
  97:debug.c       **** *  void
  98:debug.c       **** *
  99:debug.c       **** *******************************************************************************/
 100:debug.c       **** void PrintNum(uint8 num)
 101:debug.c       **** {
  94              		.loc 1 101 0
  95              		.cfi_startproc
  96              		@ args = 0, pretend = 0, frame = 8
  97              		@ frame_needed = 1, uses_anonymous_args = 0
  98 0000 80B5     		push	{r7, lr}
  99              		.cfi_def_cfa_offset 8
 100              		.cfi_offset 7, -8
 101              		.cfi_offset 14, -4
 102 0002 82B0     		sub	sp, sp, #8
 103              		.cfi_def_cfa_offset 16
 104 0004 00AF     		add	r7, sp, #0
 105              		.cfi_def_cfa_register 7
 106 0006 0200     		movs	r2, r0
 107 0008 FB1D     		adds	r3, r7, #7
 108 000a 1A70     		strb	r2, [r3]
 102:debug.c       **** 	#ifdef DEBUG_ENABLED
 103:debug.c       **** 	uint8 temp[3];
 104:debug.c       **** 	
 105:debug.c       **** 	temp[0] = num%10;
 106:debug.c       **** 	num = num/10;
 107:debug.c       **** 	temp[1] = num%10;
 108:debug.c       **** 	num = num/10;
 109:debug.c       **** 	temp[2] = num%10;
 110:debug.c       **** 	
 111:debug.c       **** 	if(temp[2] == 0)
 112:debug.c       **** 	{
 113:debug.c       **** 		if(temp[1] == 0)
 114:debug.c       **** 		{
 115:debug.c       **** 			UART_UartPutChar('0' + temp[0]);
 116:debug.c       **** 		}
 117:debug.c       **** 		else
 118:debug.c       **** 		{
 119:debug.c       **** 			UART_UartPutChar('0' + temp[1]);
ARM GAS  C:\Users\ASUS\AppData\Local\Temp\cchfHRHg.s 			page 5


 120:debug.c       **** 			UART_UartPutChar('0' + temp[0]);	
 121:debug.c       **** 		}
 122:debug.c       **** 	}
 123:debug.c       **** 	else
 124:debug.c       **** 	{
 125:debug.c       **** 		UART_UartPutChar('0' + temp[2]);
 126:debug.c       **** 		UART_UartPutChar('0' + temp[1]);
 127:debug.c       **** 		UART_UartPutChar('0' + temp[0]);
 128:debug.c       **** 	}
 129:debug.c       **** 	#else
 130:debug.c       **** 		num = num;
 109              		.loc 1 130 0
 110 000c FB1D     		adds	r3, r7, #7
 111 000e FA1D     		adds	r2, r7, #7
 112 0010 1278     		ldrb	r2, [r2]
 113 0012 1A70     		strb	r2, [r3]
 131:debug.c       **** 	#endif
 132:debug.c       **** }
 114              		.loc 1 132 0
 115 0014 C046     		nop
 116 0016 BD46     		mov	sp, r7
 117 0018 02B0     		add	sp, sp, #8
 118              		@ sp needed
 119 001a 80BD     		pop	{r7, pc}
 120              		.cfi_endproc
 121              	.LFE36:
 122              		.size	PrintNum, .-PrintNum
 123              		.section	.text.PrintHex,"ax",%progbits
 124              		.align	2
 125              		.global	PrintHex
 126              		.code	16
 127              		.thumb_func
 128              		.type	PrintHex, %function
 129              	PrintHex:
 130              	.LFB37:
 133:debug.c       **** 
 134:debug.c       **** /*******************************************************************************
 135:debug.c       **** * Function Name: PrintHex
 136:debug.c       **** ********************************************************************************
 137:debug.c       **** * Summary:
 138:debug.c       **** *        Converts HEX number to characters in ASCII that can be printed on 
 139:debug.c       **** * terminal.
 140:debug.c       **** *
 141:debug.c       **** * Parameters:
 142:debug.c       **** *  num: HEX to be converted to string.
 143:debug.c       **** *
 144:debug.c       **** * Return:
 145:debug.c       **** *  void
 146:debug.c       **** *
 147:debug.c       **** *******************************************************************************/
 148:debug.c       **** void PrintHex(uint8 num)
 149:debug.c       **** {
 131              		.loc 1 149 0
 132              		.cfi_startproc
 133              		@ args = 0, pretend = 0, frame = 8
 134              		@ frame_needed = 1, uses_anonymous_args = 0
 135 0000 80B5     		push	{r7, lr}
ARM GAS  C:\Users\ASUS\AppData\Local\Temp\cchfHRHg.s 			page 6


 136              		.cfi_def_cfa_offset 8
 137              		.cfi_offset 7, -8
 138              		.cfi_offset 14, -4
 139 0002 82B0     		sub	sp, sp, #8
 140              		.cfi_def_cfa_offset 16
 141 0004 00AF     		add	r7, sp, #0
 142              		.cfi_def_cfa_register 7
 143 0006 0200     		movs	r2, r0
 144 0008 FB1D     		adds	r3, r7, #7
 145 000a 1A70     		strb	r2, [r3]
 150:debug.c       **** 	#ifdef DEBUG_ENABLED
 151:debug.c       **** 	uint8 temp[2];
 152:debug.c       **** 	
 153:debug.c       **** 	temp[0] = num%16;
 154:debug.c       **** 	num = num/16;
 155:debug.c       **** 	temp[1] = num%16;
 156:debug.c       **** 
 157:debug.c       **** 	UART_UartPutString("0x");
 158:debug.c       **** 	if(temp[1] < 10)
 159:debug.c       **** 	{
 160:debug.c       **** 		UART_UartPutChar('0' + temp[1]);
 161:debug.c       **** 	}
 162:debug.c       **** 	else
 163:debug.c       **** 	{
 164:debug.c       **** 		UART_UartPutChar('A' + (temp[1] - 10));
 165:debug.c       **** 	}
 166:debug.c       **** 
 167:debug.c       **** 	if(temp[0] < 10)
 168:debug.c       **** 	{
 169:debug.c       **** 		UART_UartPutChar('0' + temp[0]);
 170:debug.c       **** 	}
 171:debug.c       **** 	else
 172:debug.c       **** 	{
 173:debug.c       **** 		UART_UartPutChar('A' + (temp[0] - 10));
 174:debug.c       **** 	}	
 175:debug.c       **** 	#else
 176:debug.c       **** 		num = num;
 146              		.loc 1 176 0
 147 000c FB1D     		adds	r3, r7, #7
 148 000e FA1D     		adds	r2, r7, #7
 149 0010 1278     		ldrb	r2, [r2]
 150 0012 1A70     		strb	r2, [r3]
 177:debug.c       **** 	#endif
 178:debug.c       **** }
 151              		.loc 1 178 0
 152 0014 C046     		nop
 153 0016 BD46     		mov	sp, r7
 154 0018 02B0     		add	sp, sp, #8
 155              		@ sp needed
 156 001a 80BD     		pop	{r7, pc}
 157              		.cfi_endproc
 158              	.LFE37:
 159              		.size	PrintHex, .-PrintHex
 160              		.text
 161              	.Letext0:
 162              		.file 2 "Generated_Source\\PSoC4/cytypes.h"
 163              		.file 3 "Generated_Source\\PSoC4/BLE_Stack.h"
ARM GAS  C:\Users\ASUS\AppData\Local\Temp\cchfHRHg.s 			page 7


 164              		.file 4 "Generated_Source\\PSoC4/BLE_eventHandler.h"
 165              		.file 5 "./main.h"
 166              		.section	.debug_info,"",%progbits
 167              	.Ldebug_info0:
 168 0000 53030000 		.4byte	0x353
 169 0004 0400     		.2byte	0x4
 170 0006 00000000 		.4byte	.Ldebug_abbrev0
 171 000a 04       		.byte	0x4
 172 000b 01       		.uleb128 0x1
 173 000c 0C050000 		.4byte	.LASF105
 174 0010 0C       		.byte	0xc
 175 0011 5A060000 		.4byte	.LASF106
 176 0015 38000000 		.4byte	.LASF107
 177 0019 00000000 		.4byte	.Ldebug_ranges0+0
 178 001d 00000000 		.4byte	0
 179 0021 00000000 		.4byte	.Ldebug_line0
 180 0025 02       		.uleb128 0x2
 181 0026 01       		.byte	0x1
 182 0027 06       		.byte	0x6
 183 0028 62060000 		.4byte	.LASF0
 184 002c 02       		.uleb128 0x2
 185 002d 01       		.byte	0x1
 186 002e 08       		.byte	0x8
 187 002f 0E060000 		.4byte	.LASF1
 188 0033 02       		.uleb128 0x2
 189 0034 02       		.byte	0x2
 190 0035 05       		.byte	0x5
 191 0036 2A010000 		.4byte	.LASF2
 192 003a 02       		.uleb128 0x2
 193 003b 02       		.byte	0x2
 194 003c 07       		.byte	0x7
 195 003d A3070000 		.4byte	.LASF3
 196 0041 02       		.uleb128 0x2
 197 0042 04       		.byte	0x4
 198 0043 05       		.byte	0x5
 199 0044 30040000 		.4byte	.LASF4
 200 0048 02       		.uleb128 0x2
 201 0049 04       		.byte	0x4
 202 004a 07       		.byte	0x7
 203 004b F3060000 		.4byte	.LASF5
 204 004f 02       		.uleb128 0x2
 205 0050 08       		.byte	0x8
 206 0051 05       		.byte	0x5
 207 0052 CB010000 		.4byte	.LASF6
 208 0056 02       		.uleb128 0x2
 209 0057 08       		.byte	0x8
 210 0058 07       		.byte	0x7
 211 0059 DF030000 		.4byte	.LASF7
 212 005d 03       		.uleb128 0x3
 213 005e 04       		.byte	0x4
 214 005f 05       		.byte	0x5
 215 0060 696E7400 		.ascii	"int\000"
 216 0064 02       		.uleb128 0x2
 217 0065 04       		.byte	0x4
 218 0066 07       		.byte	0x7
 219 0067 CB060000 		.4byte	.LASF8
 220 006b 04       		.uleb128 0x4
ARM GAS  C:\Users\ASUS\AppData\Local\Temp\cchfHRHg.s 			page 8


 221 006c 58080000 		.4byte	.LASF9
 222 0070 02       		.byte	0x2
 223 0071 E601     		.2byte	0x1e6
 224 0073 2C000000 		.4byte	0x2c
 225 0077 04       		.uleb128 0x4
 226 0078 8B020000 		.4byte	.LASF10
 227 007c 02       		.byte	0x2
 228 007d E701     		.2byte	0x1e7
 229 007f 3A000000 		.4byte	0x3a
 230 0083 02       		.uleb128 0x2
 231 0084 04       		.byte	0x4
 232 0085 04       		.byte	0x4
 233 0086 76030000 		.4byte	.LASF11
 234 008a 02       		.uleb128 0x2
 235 008b 08       		.byte	0x8
 236 008c 04       		.byte	0x4
 237 008d 28090000 		.4byte	.LASF12
 238 0091 02       		.uleb128 0x2
 239 0092 01       		.byte	0x1
 240 0093 08       		.byte	0x8
 241 0094 1E080000 		.4byte	.LASF13
 242 0098 05       		.uleb128 0x5
 243 0099 77000000 		.4byte	0x77
 244 009d 02       		.uleb128 0x2
 245 009e 08       		.byte	0x8
 246 009f 04       		.byte	0x4
 247 00a0 DC050000 		.4byte	.LASF14
 248 00a4 02       		.uleb128 0x2
 249 00a5 04       		.byte	0x4
 250 00a6 07       		.byte	0x7
 251 00a7 7F010000 		.4byte	.LASF15
 252 00ab 06       		.uleb128 0x6
 253 00ac 01       		.byte	0x1
 254 00ad 2C000000 		.4byte	0x2c
 255 00b1 03       		.byte	0x3
 256 00b2 3501     		.2byte	0x135
 257 00b4 69020000 		.4byte	0x269
 258 00b8 07       		.uleb128 0x7
 259 00b9 F6020000 		.4byte	.LASF16
 260 00bd 00       		.byte	0
 261 00be 07       		.uleb128 0x7
 262 00bf 0F020000 		.4byte	.LASF17
 263 00c3 01       		.byte	0x1
 264 00c4 07       		.uleb128 0x7
 265 00c5 A00A0000 		.4byte	.LASF18
 266 00c9 02       		.byte	0x2
 267 00ca 07       		.uleb128 0x7
 268 00cb 97090000 		.4byte	.LASF19
 269 00cf 03       		.byte	0x3
 270 00d0 07       		.uleb128 0x7
 271 00d1 D9010000 		.4byte	.LASF20
 272 00d5 04       		.byte	0x4
 273 00d6 07       		.uleb128 0x7
 274 00d7 CA040000 		.4byte	.LASF21
 275 00db 05       		.byte	0x5
 276 00dc 07       		.uleb128 0x7
 277 00dd C1000000 		.4byte	.LASF22
ARM GAS  C:\Users\ASUS\AppData\Local\Temp\cchfHRHg.s 			page 9


 278 00e1 06       		.byte	0x6
 279 00e2 07       		.uleb128 0x7
 280 00e3 F5090000 		.4byte	.LASF23
 281 00e7 20       		.byte	0x20
 282 00e8 07       		.uleb128 0x7
 283 00e9 05070000 		.4byte	.LASF24
 284 00ed 21       		.byte	0x21
 285 00ee 07       		.uleb128 0x7
 286 00ef 14000000 		.4byte	.LASF25
 287 00f3 22       		.byte	0x22
 288 00f4 07       		.uleb128 0x7
 289 00f5 E6040000 		.4byte	.LASF26
 290 00f9 23       		.byte	0x23
 291 00fa 07       		.uleb128 0x7
 292 00fb AF060000 		.4byte	.LASF27
 293 00ff 24       		.byte	0x24
 294 0100 07       		.uleb128 0x7
 295 0101 34010000 		.4byte	.LASF28
 296 0105 25       		.byte	0x25
 297 0106 07       		.uleb128 0x7
 298 0107 6F090000 		.4byte	.LASF29
 299 010b 26       		.byte	0x26
 300 010c 07       		.uleb128 0x7
 301 010d 6A040000 		.4byte	.LASF30
 302 0111 27       		.byte	0x27
 303 0112 07       		.uleb128 0x7
 304 0113 520B0000 		.4byte	.LASF31
 305 0117 28       		.byte	0x28
 306 0118 07       		.uleb128 0x7
 307 0119 4B070000 		.4byte	.LASF32
 308 011d 29       		.byte	0x29
 309 011e 07       		.uleb128 0x7
 310 011f CE070000 		.4byte	.LASF33
 311 0123 2A       		.byte	0x2a
 312 0124 07       		.uleb128 0x7
 313 0125 C8080000 		.4byte	.LASF34
 314 0129 2B       		.byte	0x2b
 315 012a 07       		.uleb128 0x7
 316 012b 92020000 		.4byte	.LASF35
 317 012f 2C       		.byte	0x2c
 318 0130 07       		.uleb128 0x7
 319 0131 95030000 		.4byte	.LASF36
 320 0135 2D       		.byte	0x2d
 321 0136 07       		.uleb128 0x7
 322 0137 06010000 		.4byte	.LASF37
 323 013b 2E       		.byte	0x2e
 324 013c 07       		.uleb128 0x7
 325 013d AF0B0000 		.4byte	.LASF38
 326 0141 2F       		.byte	0x2f
 327 0142 07       		.uleb128 0x7
 328 0143 AA010000 		.4byte	.LASF39
 329 0147 30       		.byte	0x30
 330 0148 07       		.uleb128 0x7
 331 0149 B8050000 		.4byte	.LASF40
 332 014d 31       		.byte	0x31
 333 014e 07       		.uleb128 0x7
 334 014f BE030000 		.4byte	.LASF41
ARM GAS  C:\Users\ASUS\AppData\Local\Temp\cchfHRHg.s 			page 10


 335 0153 32       		.byte	0x32
 336 0154 07       		.uleb128 0x7
 337 0155 F7070000 		.4byte	.LASF42
 338 0159 33       		.byte	0x33
 339 015a 07       		.uleb128 0x7
 340 015b 68070000 		.4byte	.LASF43
 341 015f 34       		.byte	0x34
 342 0160 07       		.uleb128 0x7
 343 0161 52090000 		.4byte	.LASF44
 344 0165 35       		.byte	0x35
 345 0166 07       		.uleb128 0x7
 346 0167 F6030000 		.4byte	.LASF45
 347 016b 36       		.byte	0x36
 348 016c 07       		.uleb128 0x7
 349 016d 38020000 		.4byte	.LASF46
 350 0171 37       		.byte	0x37
 351 0172 07       		.uleb128 0x7
 352 0173 DA000000 		.4byte	.LASF47
 353 0177 40       		.byte	0x40
 354 0178 07       		.uleb128 0x7
 355 0179 D8060000 		.4byte	.LASF48
 356 017d 41       		.byte	0x41
 357 017e 07       		.uleb128 0x7
 358 017f 4E010000 		.4byte	.LASF49
 359 0183 42       		.byte	0x42
 360 0184 07       		.uleb128 0x7
 361 0185 6D020000 		.4byte	.LASF50
 362 0189 43       		.byte	0x43
 363 018a 07       		.uleb128 0x7
 364 018b 5E0A0000 		.4byte	.LASF51
 365 018f 44       		.byte	0x44
 366 0190 07       		.uleb128 0x7
 367 0191 190A0000 		.4byte	.LASF52
 368 0195 45       		.byte	0x45
 369 0196 07       		.uleb128 0x7
 370 0197 EE010000 		.4byte	.LASF53
 371 019b 46       		.byte	0x46
 372 019c 07       		.uleb128 0x7
 373 019d E90A0000 		.4byte	.LASF54
 374 01a1 47       		.byte	0x47
 375 01a2 07       		.uleb128 0x7
 376 01a3 88060000 		.4byte	.LASF55
 377 01a7 48       		.byte	0x48
 378 01a8 07       		.uleb128 0x7
 379 01a9 7C030000 		.4byte	.LASF56
 380 01ad 49       		.byte	0x49
 381 01ae 07       		.uleb128 0x7
 382 01af 73080000 		.4byte	.LASF57
 383 01b3 4A       		.byte	0x4a
 384 01b4 07       		.uleb128 0x7
 385 01b5 B6020000 		.4byte	.LASF58
 386 01b9 4B       		.byte	0x4b
 387 01ba 07       		.uleb128 0x7
 388 01bb 6E060000 		.4byte	.LASF59
 389 01bf 4C       		.byte	0x4c
 390 01c0 07       		.uleb128 0x7
 391 01c1 A7000000 		.4byte	.LASF60
ARM GAS  C:\Users\ASUS\AppData\Local\Temp\cchfHRHg.s 			page 11


 392 01c5 4D       		.byte	0x4d
 393 01c6 07       		.uleb128 0x7
 394 01c7 400A0000 		.4byte	.LASF61
 395 01cb 4E       		.byte	0x4e
 396 01cc 07       		.uleb128 0x7
 397 01cd 1C060000 		.4byte	.LASF62
 398 01d1 4F       		.byte	0x4f
 399 01d2 07       		.uleb128 0x7
 400 01d3 330B0000 		.4byte	.LASF63
 401 01d7 50       		.byte	0x50
 402 01d8 07       		.uleb128 0x7
 403 01d9 A9080000 		.4byte	.LASF64
 404 01dd 51       		.byte	0x51
 405 01de 07       		.uleb128 0x7
 406 01df A9040000 		.4byte	.LASF65
 407 01e3 52       		.byte	0x52
 408 01e4 07       		.uleb128 0x7
 409 01e5 39040000 		.4byte	.LASF66
 410 01e9 53       		.byte	0x53
 411 01ea 07       		.uleb128 0x7
 412 01eb D5020000 		.4byte	.LASF67
 413 01ef 54       		.byte	0x54
 414 01f0 07       		.uleb128 0x7
 415 01f1 740B0000 		.4byte	.LASF68
 416 01f5 55       		.byte	0x55
 417 01f6 07       		.uleb128 0x7
 418 01f7 070B0000 		.4byte	.LASF69
 419 01fb 56       		.byte	0x56
 420 01fc 07       		.uleb128 0x7
 421 01fd C00A0000 		.4byte	.LASF70
 422 0201 57       		.byte	0x57
 423 0202 07       		.uleb128 0x7
 424 0203 80070000 		.4byte	.LASF71
 425 0207 58       		.byte	0x58
 426 0208 07       		.uleb128 0x7
 427 0209 E8050000 		.4byte	.LASF72
 428 020d 70       		.byte	0x70
 429 020e 07       		.uleb128 0x7
 430 020f CF090000 		.4byte	.LASF73
 431 0213 71       		.byte	0x71
 432 0214 07       		.uleb128 0x7
 433 0215 23080000 		.4byte	.LASF74
 434 0219 72       		.byte	0x72
 435 021a 07       		.uleb128 0x7
 436 021b 1E030000 		.4byte	.LASF75
 437 021f 73       		.byte	0x73
 438 0220 07       		.uleb128 0x7
 439 0221 9A050000 		.4byte	.LASF76
 440 0225 74       		.byte	0x74
 441 0226 07       		.uleb128 0x7
 442 0227 2A070000 		.4byte	.LASF77
 443 022b 75       		.byte	0x75
 444 022c 07       		.uleb128 0x7
 445 022d 3C030000 		.4byte	.LASF78
 446 0231 76       		.byte	0x76
 447 0232 07       		.uleb128 0x7
 448 0233 B0090000 		.4byte	.LASF79
ARM GAS  C:\Users\ASUS\AppData\Local\Temp\cchfHRHg.s 			page 12


 449 0237 77       		.byte	0x77
 450 0238 07       		.uleb128 0x7
 451 0239 05090000 		.4byte	.LASF80
 452 023d 78       		.byte	0x78
 453 023e 07       		.uleb128 0x7
 454 023f 2F090000 		.4byte	.LASF81
 455 0243 79       		.byte	0x79
 456 0244 07       		.uleb128 0x7
 457 0245 7C0A0000 		.4byte	.LASF82
 458 0249 7A       		.byte	0x7a
 459 024a 07       		.uleb128 0x7
 460 024b E7080000 		.4byte	.LASF83
 461 024f FA       		.byte	0xfa
 462 0250 07       		.uleb128 0x7
 463 0251 3B060000 		.4byte	.LASF84
 464 0255 FB       		.byte	0xfb
 465 0256 07       		.uleb128 0x7
 466 0257 F4000000 		.4byte	.LASF85
 467 025b FC       		.byte	0xfc
 468 025c 07       		.uleb128 0x7
 469 025d B6070000 		.4byte	.LASF86
 470 0261 FD       		.byte	0xfd
 471 0262 07       		.uleb128 0x7
 472 0263 B20A0000 		.4byte	.LASF87
 473 0267 FF       		.byte	0xff
 474 0268 00       		.byte	0
 475 0269 06       		.uleb128 0x6
 476 026a 01       		.byte	0x1
 477 026b 2C000000 		.4byte	0x2c
 478 026f 04       		.byte	0x4
 479 0270 A808     		.2byte	0x8a8
 480 0272 A1020000 		.4byte	0x2a1
 481 0276 07       		.uleb128 0x7
 482 0277 00000000 		.4byte	.LASF88
 483 027b 00       		.byte	0
 484 027c 07       		.uleb128 0x7
 485 027d 5D030000 		.4byte	.LASF89
 486 0281 01       		.byte	0x1
 487 0282 07       		.uleb128 0x7
 488 0283 22020000 		.4byte	.LASF90
 489 0287 02       		.byte	0x2
 490 0288 07       		.uleb128 0x7
 491 0289 91080000 		.4byte	.LASF91
 492 028d 03       		.byte	0x3
 493 028e 07       		.uleb128 0x7
 494 028f 5E080000 		.4byte	.LASF92
 495 0293 04       		.byte	0x4
 496 0294 07       		.uleb128 0x7
 497 0295 980B0000 		.4byte	.LASF93
 498 0299 05       		.byte	0x5
 499 029a 07       		.uleb128 0x7
 500 029b 3F080000 		.4byte	.LASF94
 501 029f 06       		.byte	0x6
 502 02a0 00       		.byte	0
 503 02a1 04       		.uleb128 0x4
 504 02a2 1C070000 		.4byte	.LASF95
 505 02a6 04       		.byte	0x4
ARM GAS  C:\Users\ASUS\AppData\Local\Temp\cchfHRHg.s 			page 13


 506 02a7 B608     		.2byte	0x8b6
 507 02a9 69020000 		.4byte	0x269
 508 02ad 06       		.uleb128 0x6
 509 02ae 01       		.byte	0x1
 510 02af 2C000000 		.4byte	0x2c
 511 02b3 04       		.byte	0x4
 512 02b4 EB08     		.2byte	0x8eb
 513 02b6 D9020000 		.4byte	0x2d9
 514 02ba 07       		.uleb128 0x7
 515 02bb 9B010000 		.4byte	.LASF96
 516 02bf 00       		.byte	0
 517 02c0 07       		.uleb128 0x7
 518 02c1 5A040000 		.4byte	.LASF97
 519 02c5 01       		.byte	0x1
 520 02c6 07       		.uleb128 0x7
 521 02c7 6C010000 		.4byte	.LASF98
 522 02cb 02       		.byte	0x2
 523 02cc 07       		.uleb128 0x7
 524 02cd 92040000 		.4byte	.LASF99
 525 02d1 02       		.byte	0x2
 526 02d2 07       		.uleb128 0x7
 527 02d3 0D030000 		.4byte	.LASF100
 528 02d7 03       		.byte	0x3
 529 02d8 00       		.byte	0
 530 02d9 08       		.uleb128 0x8
 531 02da 88010000 		.4byte	.LASF101
 532 02de 01       		.byte	0x1
 533 02df 20       		.byte	0x20
 534 02e0 00000000 		.4byte	.LFB35
 535 02e4 30000000 		.4byte	.LFE35-.LFB35
 536 02e8 01       		.uleb128 0x1
 537 02e9 9C       		.byte	0x9c
 538 02ea FD020000 		.4byte	0x2fd
 539 02ee 09       		.uleb128 0x9
 540 02ef 290B0000 		.4byte	.LASF103
 541 02f3 01       		.byte	0x1
 542 02f4 20       		.byte	0x20
 543 02f5 A1020000 		.4byte	0x2a1
 544 02f9 02       		.uleb128 0x2
 545 02fa 91       		.byte	0x91
 546 02fb 77       		.sleb128 -9
 547 02fc 00       		.byte	0
 548 02fd 08       		.uleb128 0x8
 549 02fe 89040000 		.4byte	.LASF102
 550 0302 01       		.byte	0x1
 551 0303 64       		.byte	0x64
 552 0304 00000000 		.4byte	.LFB36
 553 0308 1C000000 		.4byte	.LFE36-.LFB36
 554 030c 01       		.uleb128 0x1
 555 030d 9C       		.byte	0x9c
 556 030e 21030000 		.4byte	0x321
 557 0312 0A       		.uleb128 0xa
 558 0313 6E756D00 		.ascii	"num\000"
 559 0317 01       		.byte	0x1
 560 0318 64       		.byte	0x64
 561 0319 6B000000 		.4byte	0x6b
 562 031d 02       		.uleb128 0x2
ARM GAS  C:\Users\ASUS\AppData\Local\Temp\cchfHRHg.s 			page 14


 563 031e 91       		.byte	0x91
 564 031f 77       		.sleb128 -9
 565 0320 00       		.byte	0
 566 0321 08       		.uleb128 0x8
 567 0322 9E000000 		.4byte	.LASF104
 568 0326 01       		.byte	0x1
 569 0327 94       		.byte	0x94
 570 0328 00000000 		.4byte	.LFB37
 571 032c 1C000000 		.4byte	.LFE37-.LFB37
 572 0330 01       		.uleb128 0x1
 573 0331 9C       		.byte	0x9c
 574 0332 45030000 		.4byte	0x345
 575 0336 0A       		.uleb128 0xa
 576 0337 6E756D00 		.ascii	"num\000"
 577 033b 01       		.byte	0x1
 578 033c 94       		.byte	0x94
 579 033d 6B000000 		.4byte	0x6b
 580 0341 02       		.uleb128 0x2
 581 0342 91       		.byte	0x91
 582 0343 77       		.sleb128 -9
 583 0344 00       		.byte	0
 584 0345 0B       		.uleb128 0xb
 585 0346 17040000 		.4byte	.LASF108
 586 034a 05       		.byte	0x5
 587 034b 21       		.byte	0x21
 588 034c 98000000 		.4byte	0x98
 589 0350 05       		.uleb128 0x5
 590 0351 03       		.byte	0x3
 591 0352 00000000 		.4byte	current_watchdog_counter
 592 0356 00       		.byte	0
 593              		.section	.debug_abbrev,"",%progbits
 594              	.Ldebug_abbrev0:
 595 0000 01       		.uleb128 0x1
 596 0001 11       		.uleb128 0x11
 597 0002 01       		.byte	0x1
 598 0003 25       		.uleb128 0x25
 599 0004 0E       		.uleb128 0xe
 600 0005 13       		.uleb128 0x13
 601 0006 0B       		.uleb128 0xb
 602 0007 03       		.uleb128 0x3
 603 0008 0E       		.uleb128 0xe
 604 0009 1B       		.uleb128 0x1b
 605 000a 0E       		.uleb128 0xe
 606 000b 55       		.uleb128 0x55
 607 000c 17       		.uleb128 0x17
 608 000d 11       		.uleb128 0x11
 609 000e 01       		.uleb128 0x1
 610 000f 10       		.uleb128 0x10
 611 0010 17       		.uleb128 0x17
 612 0011 00       		.byte	0
 613 0012 00       		.byte	0
 614 0013 02       		.uleb128 0x2
 615 0014 24       		.uleb128 0x24
 616 0015 00       		.byte	0
 617 0016 0B       		.uleb128 0xb
 618 0017 0B       		.uleb128 0xb
 619 0018 3E       		.uleb128 0x3e
ARM GAS  C:\Users\ASUS\AppData\Local\Temp\cchfHRHg.s 			page 15


 620 0019 0B       		.uleb128 0xb
 621 001a 03       		.uleb128 0x3
 622 001b 0E       		.uleb128 0xe
 623 001c 00       		.byte	0
 624 001d 00       		.byte	0
 625 001e 03       		.uleb128 0x3
 626 001f 24       		.uleb128 0x24
 627 0020 00       		.byte	0
 628 0021 0B       		.uleb128 0xb
 629 0022 0B       		.uleb128 0xb
 630 0023 3E       		.uleb128 0x3e
 631 0024 0B       		.uleb128 0xb
 632 0025 03       		.uleb128 0x3
 633 0026 08       		.uleb128 0x8
 634 0027 00       		.byte	0
 635 0028 00       		.byte	0
 636 0029 04       		.uleb128 0x4
 637 002a 16       		.uleb128 0x16
 638 002b 00       		.byte	0
 639 002c 03       		.uleb128 0x3
 640 002d 0E       		.uleb128 0xe
 641 002e 3A       		.uleb128 0x3a
 642 002f 0B       		.uleb128 0xb
 643 0030 3B       		.uleb128 0x3b
 644 0031 05       		.uleb128 0x5
 645 0032 49       		.uleb128 0x49
 646 0033 13       		.uleb128 0x13
 647 0034 00       		.byte	0
 648 0035 00       		.byte	0
 649 0036 05       		.uleb128 0x5
 650 0037 35       		.uleb128 0x35
 651 0038 00       		.byte	0
 652 0039 49       		.uleb128 0x49
 653 003a 13       		.uleb128 0x13
 654 003b 00       		.byte	0
 655 003c 00       		.byte	0
 656 003d 06       		.uleb128 0x6
 657 003e 04       		.uleb128 0x4
 658 003f 01       		.byte	0x1
 659 0040 0B       		.uleb128 0xb
 660 0041 0B       		.uleb128 0xb
 661 0042 49       		.uleb128 0x49
 662 0043 13       		.uleb128 0x13
 663 0044 3A       		.uleb128 0x3a
 664 0045 0B       		.uleb128 0xb
 665 0046 3B       		.uleb128 0x3b
 666 0047 05       		.uleb128 0x5
 667 0048 01       		.uleb128 0x1
 668 0049 13       		.uleb128 0x13
 669 004a 00       		.byte	0
 670 004b 00       		.byte	0
 671 004c 07       		.uleb128 0x7
 672 004d 28       		.uleb128 0x28
 673 004e 00       		.byte	0
 674 004f 03       		.uleb128 0x3
 675 0050 0E       		.uleb128 0xe
 676 0051 1C       		.uleb128 0x1c
ARM GAS  C:\Users\ASUS\AppData\Local\Temp\cchfHRHg.s 			page 16


 677 0052 0B       		.uleb128 0xb
 678 0053 00       		.byte	0
 679 0054 00       		.byte	0
 680 0055 08       		.uleb128 0x8
 681 0056 2E       		.uleb128 0x2e
 682 0057 01       		.byte	0x1
 683 0058 3F       		.uleb128 0x3f
 684 0059 19       		.uleb128 0x19
 685 005a 03       		.uleb128 0x3
 686 005b 0E       		.uleb128 0xe
 687 005c 3A       		.uleb128 0x3a
 688 005d 0B       		.uleb128 0xb
 689 005e 3B       		.uleb128 0x3b
 690 005f 0B       		.uleb128 0xb
 691 0060 27       		.uleb128 0x27
 692 0061 19       		.uleb128 0x19
 693 0062 11       		.uleb128 0x11
 694 0063 01       		.uleb128 0x1
 695 0064 12       		.uleb128 0x12
 696 0065 06       		.uleb128 0x6
 697 0066 40       		.uleb128 0x40
 698 0067 18       		.uleb128 0x18
 699 0068 9742     		.uleb128 0x2117
 700 006a 19       		.uleb128 0x19
 701 006b 01       		.uleb128 0x1
 702 006c 13       		.uleb128 0x13
 703 006d 00       		.byte	0
 704 006e 00       		.byte	0
 705 006f 09       		.uleb128 0x9
 706 0070 05       		.uleb128 0x5
 707 0071 00       		.byte	0
 708 0072 03       		.uleb128 0x3
 709 0073 0E       		.uleb128 0xe
 710 0074 3A       		.uleb128 0x3a
 711 0075 0B       		.uleb128 0xb
 712 0076 3B       		.uleb128 0x3b
 713 0077 0B       		.uleb128 0xb
 714 0078 49       		.uleb128 0x49
 715 0079 13       		.uleb128 0x13
 716 007a 02       		.uleb128 0x2
 717 007b 18       		.uleb128 0x18
 718 007c 00       		.byte	0
 719 007d 00       		.byte	0
 720 007e 0A       		.uleb128 0xa
 721 007f 05       		.uleb128 0x5
 722 0080 00       		.byte	0
 723 0081 03       		.uleb128 0x3
 724 0082 08       		.uleb128 0x8
 725 0083 3A       		.uleb128 0x3a
 726 0084 0B       		.uleb128 0xb
 727 0085 3B       		.uleb128 0x3b
 728 0086 0B       		.uleb128 0xb
 729 0087 49       		.uleb128 0x49
 730 0088 13       		.uleb128 0x13
 731 0089 02       		.uleb128 0x2
 732 008a 18       		.uleb128 0x18
 733 008b 00       		.byte	0
ARM GAS  C:\Users\ASUS\AppData\Local\Temp\cchfHRHg.s 			page 17


 734 008c 00       		.byte	0
 735 008d 0B       		.uleb128 0xb
 736 008e 34       		.uleb128 0x34
 737 008f 00       		.byte	0
 738 0090 03       		.uleb128 0x3
 739 0091 0E       		.uleb128 0xe
 740 0092 3A       		.uleb128 0x3a
 741 0093 0B       		.uleb128 0xb
 742 0094 3B       		.uleb128 0x3b
 743 0095 0B       		.uleb128 0xb
 744 0096 49       		.uleb128 0x49
 745 0097 13       		.uleb128 0x13
 746 0098 3F       		.uleb128 0x3f
 747 0099 19       		.uleb128 0x19
 748 009a 02       		.uleb128 0x2
 749 009b 18       		.uleb128 0x18
 750 009c 00       		.byte	0
 751 009d 00       		.byte	0
 752 009e 00       		.byte	0
 753              		.section	.debug_aranges,"",%progbits
 754 0000 2C000000 		.4byte	0x2c
 755 0004 0200     		.2byte	0x2
 756 0006 00000000 		.4byte	.Ldebug_info0
 757 000a 04       		.byte	0x4
 758 000b 00       		.byte	0
 759 000c 0000     		.2byte	0
 760 000e 0000     		.2byte	0
 761 0010 00000000 		.4byte	.LFB35
 762 0014 30000000 		.4byte	.LFE35-.LFB35
 763 0018 00000000 		.4byte	.LFB36
 764 001c 1C000000 		.4byte	.LFE36-.LFB36
 765 0020 00000000 		.4byte	.LFB37
 766 0024 1C000000 		.4byte	.LFE37-.LFB37
 767 0028 00000000 		.4byte	0
 768 002c 00000000 		.4byte	0
 769              		.section	.debug_ranges,"",%progbits
 770              	.Ldebug_ranges0:
 771 0000 00000000 		.4byte	.LFB35
 772 0004 30000000 		.4byte	.LFE35
 773 0008 00000000 		.4byte	.LFB36
 774 000c 1C000000 		.4byte	.LFE36
 775 0010 00000000 		.4byte	.LFB37
 776 0014 1C000000 		.4byte	.LFE37
 777 0018 00000000 		.4byte	0
 778 001c 00000000 		.4byte	0
 779              		.section	.debug_line,"",%progbits
 780              	.Ldebug_line0:
 781 0000 B8000000 		.section	.debug_str,"MS",%progbits,1
 781      02007300 
 781      00000201 
 781      FB0E0D00 
 781      01010101 
 782              	.LASF88:
 783 0000 4359424C 		.ascii	"CYBLE_STATE_STOPPED\000"
 783      455F5354 
 783      4154455F 
 783      53544F50 
ARM GAS  C:\Users\ASUS\AppData\Local\Temp\cchfHRHg.s 			page 18


 783      50454400 
 784              	.LASF25:
 785 0014 4359424C 		.ascii	"CYBLE_EVT_GAP_PASSKEY_ENTRY_REQUEST\000"
 785      455F4556 
 785      545F4741 
 785      505F5041 
 785      53534B45 
 786              	.LASF107:
 787 0038 443A5C75 		.ascii	"D:\\ucu\\2_course1_term\\POC\\programs\\my_works\\S"
 787      63755C32 
 787      5F636F75 
 787      72736531 
 787      5F746572 
 788 0065 6D617274 		.ascii	"mart_lightning_system\\Mesh_Flood_PSoC4BLE_Original"
 788      5F6C6967 
 788      68746E69 
 788      6E675F73 
 788      79737465 
 789 0097 2E637964 		.ascii	".cydsn\000"
 789      736E00
 790              	.LASF104:
 791 009e 5072696E 		.ascii	"PrintHex\000"
 791      74486578 
 791      00
 792              	.LASF60:
 793 00a7 4359424C 		.ascii	"CYBLE_EVT_GATTC_WRITE_RSP\000"
 793      455F4556 
 793      545F4741 
 793      5454435F 
 793      57524954 
 794              	.LASF22:
 795 00c1 4359424C 		.ascii	"CYBLE_EVT_MEMORY_REQUEST\000"
 795      455F4556 
 795      545F4D45 
 795      4D4F5259 
 795      5F524551 
 796              	.LASF47:
 797 00da 4359424C 		.ascii	"CYBLE_EVT_GATTC_ERROR_RSP\000"
 797      455F4556 
 797      545F4741 
 797      5454435F 
 797      4552524F 
 798              	.LASF85:
 799 00f4 4359424C 		.ascii	"CYBLE_EVT_HCI_PKT\000"
 799      455F4556 
 799      545F4843 
 799      495F504B 
 799      5400
 800              	.LASF37:
 801 0106 4359424C 		.ascii	"CYBLE_EVT_GAP_KEYPRESS_NOTIFICATION\000"
 801      455F4556 
 801      545F4741 
 801      505F4B45 
 801      59505245 
 802              	.LASF2:
 803 012a 73686F72 		.ascii	"short int\000"
 803      7420696E 
ARM GAS  C:\Users\ASUS\AppData\Local\Temp\cchfHRHg.s 			page 19


 803      7400
 804              	.LASF28:
 805 0134 4359424C 		.ascii	"CYBLE_EVT_GAP_AUTH_FAILED\000"
 805      455F4556 
 805      545F4741 
 805      505F4155 
 805      54485F46 
 806              	.LASF49:
 807 014e 4359424C 		.ascii	"CYBLE_EVT_GATT_DISCONNECT_IND\000"
 807      455F4556 
 807      545F4741 
 807      54545F44 
 807      4953434F 
 808              	.LASF98:
 809 016c 4359424C 		.ascii	"CYBLE_SRVI_CUSTOMS\000"
 809      455F5352 
 809      56495F43 
 809      5553544F 
 809      4D5300
 810              	.LASF15:
 811 017f 73697A65 		.ascii	"sizetype\000"
 811      74797065 
 811      00
 812              	.LASF101:
 813 0188 53656E64 		.ascii	"SendBLEStatetoUART\000"
 813      424C4553 
 813      74617465 
 813      746F5541 
 813      525400
 814              	.LASF96:
 815 019b 4359424C 		.ascii	"CYBLE_SRVI_GAP\000"
 815      455F5352 
 815      56495F47 
 815      415000
 816              	.LASF39:
 817 01aa 4359424C 		.ascii	"CYBLE_EVT_GAP_DATA_LENGTH_CHANGE\000"
 817      455F4556 
 817      545F4741 
 817      505F4441 
 817      54415F4C 
 818              	.LASF6:
 819 01cb 6C6F6E67 		.ascii	"long long int\000"
 819      206C6F6E 
 819      6720696E 
 819      7400
 820              	.LASF20:
 821 01d9 4359424C 		.ascii	"CYBLE_EVT_HCI_STATUS\000"
 821      455F4556 
 821      545F4843 
 821      495F5354 
 821      41545553 
 822              	.LASF53:
 823 01ee 4359424C 		.ascii	"CYBLE_EVT_GATTC_READ_BY_TYPE_RSP\000"
 823      455F4556 
 823      545F4741 
 823      5454435F 
 823      52454144 
ARM GAS  C:\Users\ASUS\AppData\Local\Temp\cchfHRHg.s 			page 20


 824              	.LASF17:
 825 020f 4359424C 		.ascii	"CYBLE_EVT_STACK_ON\000"
 825      455F4556 
 825      545F5354 
 825      41434B5F 
 825      4F4E00
 826              	.LASF90:
 827 0222 4359424C 		.ascii	"CYBLE_STATE_CONNECTED\000"
 827      455F5354 
 827      4154455F 
 827      434F4E4E 
 827      45435445 
 828              	.LASF46:
 829 0238 4359424C 		.ascii	"CYBLE_EVT_GAP_SMP_LOC_P256_KEYS_GEN_AND_SET_COMPLET"
 829      455F4556 
 829      545F4741 
 829      505F534D 
 829      505F4C4F 
 830 026b 4500     		.ascii	"E\000"
 831              	.LASF50:
 832 026d 4359424C 		.ascii	"CYBLE_EVT_GATTS_XCNHG_MTU_REQ\000"
 832      455F4556 
 832      545F4741 
 832      5454535F 
 832      58434E48 
 833              	.LASF10:
 834 028b 75696E74 		.ascii	"uint16\000"
 834      313600
 835              	.LASF35:
 836 0292 4359424C 		.ascii	"CYBLE_EVT_GAP_KEYINFO_EXCHNGE_CMPLT\000"
 836      455F4556 
 836      545F4741 
 836      505F4B45 
 836      59494E46 
 837              	.LASF58:
 838 02b6 4359424C 		.ascii	"CYBLE_EVT_GATTC_READ_MULTI_RSP\000"
 838      455F4556 
 838      545F4741 
 838      5454435F 
 838      52454144 
 839              	.LASF67:
 840 02d5 4359424C 		.ascii	"CYBLE_EVT_GATTS_HANDLE_VALUE_CNF\000"
 840      455F4556 
 840      545F4741 
 840      5454535F 
 840      48414E44 
 841              	.LASF16:
 842 02f6 4359424C 		.ascii	"CYBLE_EVT_HOST_INVALID\000"
 842      455F4556 
 842      545F484F 
 842      53545F49 
 842      4E56414C 
 843              	.LASF100:
 844 030d 4359424C 		.ascii	"CYBLE_SRVI_COUNT\000"
 844      455F5352 
 844      56495F43 
 844      4F554E54 
ARM GAS  C:\Users\ASUS\AppData\Local\Temp\cchfHRHg.s 			page 21


 844      00
 845              	.LASF75:
 846 031e 4359424C 		.ascii	"CYBLE_EVT_L2CAP_CBFC_CONN_IND\000"
 846      455F4556 
 846      545F4C32 
 846      4341505F 
 846      43424643 
 847              	.LASF78:
 848 033c 4359424C 		.ascii	"CYBLE_EVT_L2CAP_CBFC_DISCONN_CNF\000"
 848      455F4556 
 848      545F4C32 
 848      4341505F 
 848      43424643 
 849              	.LASF89:
 850 035d 4359424C 		.ascii	"CYBLE_STATE_INITIALIZING\000"
 850      455F5354 
 850      4154455F 
 850      494E4954 
 850      49414C49 
 851              	.LASF11:
 852 0376 666C6F61 		.ascii	"float\000"
 852      7400
 853              	.LASF56:
 854 037c 4359424C 		.ascii	"CYBLE_EVT_GATTC_READ_RSP\000"
 854      455F4556 
 854      545F4741 
 854      5454435F 
 854      52454144 
 855              	.LASF36:
 856 0395 4359424C 		.ascii	"CYBLE_EVT_GAP_NUMERIC_COMPARISON_REQUEST\000"
 856      455F4556 
 856      545F4741 
 856      505F4E55 
 856      4D455249 
 857              	.LASF41:
 858 03be 4359424C 		.ascii	"CYBLE_EVT_GAPC_DIRECT_ADV_REPORT\000"
 858      455F4556 
 858      545F4741 
 858      50435F44 
 858      49524543 
 859              	.LASF7:
 860 03df 6C6F6E67 		.ascii	"long long unsigned int\000"
 860      206C6F6E 
 860      6720756E 
 860      7369676E 
 860      65642069 
 861              	.LASF45:
 862 03f6 4359424C 		.ascii	"CYBLE_EVT_GAP_AUTH_REQ_REPLY_ERR\000"
 862      455F4556 
 862      545F4741 
 862      505F4155 
 862      54485F52 
 863              	.LASF108:
 864 0417 63757272 		.ascii	"current_watchdog_counter\000"
 864      656E745F 
 864      77617463 
 864      68646F67 
ARM GAS  C:\Users\ASUS\AppData\Local\Temp\cchfHRHg.s 			page 22


 864      5F636F75 
 865              	.LASF4:
 866 0430 6C6F6E67 		.ascii	"long int\000"
 866      20696E74 
 866      00
 867              	.LASF66:
 868 0439 4359424C 		.ascii	"CYBLE_EVT_GATTC_HANDLE_VALUE_IND\000"
 868      455F4556 
 868      545F4741 
 868      5454435F 
 868      48414E44 
 869              	.LASF97:
 870 045a 4359424C 		.ascii	"CYBLE_SRVI_GATT\000"
 870      455F5352 
 870      56495F47 
 870      41545400 
 871              	.LASF30:
 872 046a 4359424C 		.ascii	"CYBLE_EVT_GAP_DEVICE_CONNECTED\000"
 872      455F4556 
 872      545F4741 
 872      505F4445 
 872      56494345 
 873              	.LASF102:
 874 0489 5072696E 		.ascii	"PrintNum\000"
 874      744E756D 
 874      00
 875              	.LASF99:
 876 0492 4359424C 		.ascii	"CYBLE_SRVI_CUSTOMS_END\000"
 876      455F5352 
 876      56495F43 
 876      5553544F 
 876      4D535F45 
 877              	.LASF65:
 878 04a9 4359424C 		.ascii	"CYBLE_EVT_GATTC_HANDLE_VALUE_NTF\000"
 878      455F4556 
 878      545F4741 
 878      5454435F 
 878      48414E44 
 879              	.LASF21:
 880 04ca 4359424C 		.ascii	"CYBLE_EVT_STACK_BUSY_STATUS\000"
 880      455F4556 
 880      545F5354 
 880      41434B5F 
 880      42555359 
 881              	.LASF26:
 882 04e6 4359424C 		.ascii	"CYBLE_EVT_GAP_PASSKEY_DISPLAY_REQUEST\000"
 882      455F4556 
 882      545F4741 
 882      505F5041 
 882      53534B45 
 883              	.LASF105:
 884 050c 474E5520 		.ascii	"GNU C11 5.4.1 20160609 (release) [ARM/embedded-5-br"
 884      43313120 
 884      352E342E 
 884      31203230 
 884      31363036 
 885 053f 616E6368 		.ascii	"anch revision 237715] -mcpu=cortex-m0 -mthumb -g -O"
ARM GAS  C:\Users\ASUS\AppData\Local\Temp\cchfHRHg.s 			page 23


 885      20726576 
 885      6973696F 
 885      6E203233 
 885      37373135 
 886 0572 30202D66 		.ascii	"0 -ffunction-sections -ffat-lto-objects\000"
 886      66756E63 
 886      74696F6E 
 886      2D736563 
 886      74696F6E 
 887              	.LASF76:
 888 059a 4359424C 		.ascii	"CYBLE_EVT_L2CAP_CBFC_CONN_CNF\000"
 888      455F4556 
 888      545F4C32 
 888      4341505F 
 888      43424643 
 889              	.LASF40:
 890 05b8 4359424C 		.ascii	"CYBLE_EVT_GAP_ENHANCE_CONN_COMPLETE\000"
 890      455F4556 
 890      545F4741 
 890      505F454E 
 890      48414E43 
 891              	.LASF14:
 892 05dc 6C6F6E67 		.ascii	"long double\000"
 892      20646F75 
 892      626C6500 
 893              	.LASF72:
 894 05e8 4359424C 		.ascii	"CYBLE_EVT_L2CAP_CONN_PARAM_UPDATE_REQ\000"
 894      455F4556 
 894      545F4C32 
 894      4341505F 
 894      434F4E4E 
 895              	.LASF1:
 896 060e 756E7369 		.ascii	"unsigned char\000"
 896      676E6564 
 896      20636861 
 896      7200
 897              	.LASF62:
 898 061c 4359424C 		.ascii	"CYBLE_EVT_GATTS_PREP_WRITE_REQ\000"
 898      455F4556 
 898      545F4741 
 898      5454535F 
 898      50524550 
 899              	.LASF84:
 900 063b 4359424C 		.ascii	"CYBLE_EVT_LE_PING_AUTH_TIMEOUT\000"
 900      455F4556 
 900      545F4C45 
 900      5F50494E 
 900      475F4155 
 901              	.LASF106:
 902 065a 64656275 		.ascii	"debug.c\000"
 902      672E6300 
 903              	.LASF0:
 904 0662 7369676E 		.ascii	"signed char\000"
 904      65642063 
 904      68617200 
 905              	.LASF59:
 906 066e 4359424C 		.ascii	"CYBLE_EVT_GATTS_WRITE_REQ\000"
ARM GAS  C:\Users\ASUS\AppData\Local\Temp\cchfHRHg.s 			page 24


 906      455F4556 
 906      545F4741 
 906      5454535F 
 906      57524954 
 907              	.LASF55:
 908 0688 4359424C 		.ascii	"CYBLE_EVT_GATTC_FIND_BY_TYPE_VALUE_RSP\000"
 908      455F4556 
 908      545F4741 
 908      5454435F 
 908      46494E44 
 909              	.LASF27:
 910 06af 4359424C 		.ascii	"CYBLE_EVT_GAP_AUTH_COMPLETE\000"
 910      455F4556 
 910      545F4741 
 910      505F4155 
 910      54485F43 
 911              	.LASF8:
 912 06cb 756E7369 		.ascii	"unsigned int\000"
 912      676E6564 
 912      20696E74 
 912      00
 913              	.LASF48:
 914 06d8 4359424C 		.ascii	"CYBLE_EVT_GATT_CONNECT_IND\000"
 914      455F4556 
 914      545F4741 
 914      54545F43 
 914      4F4E4E45 
 915              	.LASF5:
 916 06f3 6C6F6E67 		.ascii	"long unsigned int\000"
 916      20756E73 
 916      69676E65 
 916      6420696E 
 916      7400
 917              	.LASF24:
 918 0705 4359424C 		.ascii	"CYBLE_EVT_GAP_AUTH_REQ\000"
 918      455F4556 
 918      545F4741 
 918      505F4155 
 918      54485F52 
 919              	.LASF95:
 920 071c 4359424C 		.ascii	"CYBLE_STATE_T\000"
 920      455F5354 
 920      4154455F 
 920      5400
 921              	.LASF77:
 922 072a 4359424C 		.ascii	"CYBLE_EVT_L2CAP_CBFC_DISCONN_IND\000"
 922      455F4556 
 922      545F4C32 
 922      4341505F 
 922      43424643 
 923              	.LASF32:
 924 074b 4359424C 		.ascii	"CYBLE_EVT_GAP_ENCRYPT_CHANGE\000"
 924      455F4556 
 924      545F4741 
 924      505F454E 
 924      43525950 
 925              	.LASF43:
ARM GAS  C:\Users\ASUS\AppData\Local\Temp\cchfHRHg.s 			page 25


 926 0768 4359424C 		.ascii	"CYBLE_EVT_GAP_CONN_ESTB\000"
 926      455F4556 
 926      545F4741 
 926      505F434F 
 926      4E4E5F45 
 927              	.LASF71:
 928 0780 4359424C 		.ascii	"CYBLE_EVT_GATTC_LONG_PROCEDURE_END\000"
 928      455F4556 
 928      545F4741 
 928      5454435F 
 928      4C4F4E47 
 929              	.LASF3:
 930 07a3 73686F72 		.ascii	"short unsigned int\000"
 930      7420756E 
 930      7369676E 
 930      65642069 
 930      6E7400
 931              	.LASF86:
 932 07b6 4359424C 		.ascii	"CYBLE_EVT_FLASH_CORRUPT\000"
 932      455F4556 
 932      545F464C 
 932      4153485F 
 932      434F5252 
 933              	.LASF33:
 934 07ce 4359424C 		.ascii	"CYBLE_EVT_GAP_CONNECTION_UPDATE_COMPLETE\000"
 934      455F4556 
 934      545F4741 
 934      505F434F 
 934      4E4E4543 
 935              	.LASF42:
 936 07f7 4359424C 		.ascii	"CYBLE_EVT_GAP_SMP_NEGOTIATED_AUTH_INFO\000"
 936      455F4556 
 936      545F4741 
 936      505F534D 
 936      505F4E45 
 937              	.LASF13:
 938 081e 63686172 		.ascii	"char\000"
 938      00
 939              	.LASF74:
 940 0823 4359424C 		.ascii	"CYBLE_EVT_L2CAP_COMMAND_REJ\000"
 940      455F4556 
 940      545F4C32 
 940      4341505F 
 940      434F4D4D 
 941              	.LASF94:
 942 083f 4359424C 		.ascii	"CYBLE_STATE_DISCONNECTED\000"
 942      455F5354 
 942      4154455F 
 942      44495343 
 942      4F4E4E45 
 943              	.LASF9:
 944 0858 75696E74 		.ascii	"uint8\000"
 944      3800
 945              	.LASF92:
 946 085e 4359424C 		.ascii	"CYBLE_STATE_SCANNING\000"
 946      455F5354 
 946      4154455F 
ARM GAS  C:\Users\ASUS\AppData\Local\Temp\cchfHRHg.s 			page 26


 946      5343414E 
 946      4E494E47 
 947              	.LASF57:
 948 0873 4359424C 		.ascii	"CYBLE_EVT_GATTC_READ_BLOB_RSP\000"
 948      455F4556 
 948      545F4741 
 948      5454435F 
 948      52454144 
 949              	.LASF91:
 950 0891 4359424C 		.ascii	"CYBLE_STATE_ADVERTISING\000"
 950      455F5354 
 950      4154455F 
 950      41445645 
 950      52544953 
 951              	.LASF64:
 952 08a9 4359424C 		.ascii	"CYBLE_EVT_GATTC_EXEC_WRITE_RSP\000"
 952      455F4556 
 952      545F4741 
 952      5454435F 
 952      45584543 
 953              	.LASF34:
 954 08c8 4359424C 		.ascii	"CYBLE_EVT_GAPC_SCAN_START_STOP\000"
 954      455F4556 
 954      545F4741 
 954      50435F53 
 954      43414E5F 
 955              	.LASF83:
 956 08e7 4359424C 		.ascii	"CYBLE_EVT_PENDING_FLASH_WRITE\000"
 956      455F4556 
 956      545F5045 
 956      4E44494E 
 956      475F464C 
 957              	.LASF80:
 958 0905 4359424C 		.ascii	"CYBLE_EVT_L2CAP_CBFC_RX_CREDIT_IND\000"
 958      455F4556 
 958      545F4C32 
 958      4341505F 
 958      43424643 
 959              	.LASF12:
 960 0928 646F7562 		.ascii	"double\000"
 960      6C6500
 961              	.LASF81:
 962 092f 4359424C 		.ascii	"CYBLE_EVT_L2CAP_CBFC_TX_CREDIT_IND\000"
 962      455F4556 
 962      545F4C32 
 962      4341505F 
 962      43424643 
 963              	.LASF44:
 964 0952 4359424C 		.ascii	"CYBLE_EVT_GAP_SCAN_REQ_RECVD\000"
 964      455F4556 
 964      545F4741 
 964      505F5343 
 964      414E5F52 
 965              	.LASF29:
 966 096f 4359424C 		.ascii	"CYBLE_EVT_GAPP_ADVERTISEMENT_START_STOP\000"
 966      455F4556 
 966      545F4741 
ARM GAS  C:\Users\ASUS\AppData\Local\Temp\cchfHRHg.s 			page 27


 966      50505F41 
 966      44564552 
 967              	.LASF19:
 968 0997 4359424C 		.ascii	"CYBLE_EVT_HARDWARE_ERROR\000"
 968      455F4556 
 968      545F4841 
 968      52445741 
 968      52455F45 
 969              	.LASF79:
 970 09b0 4359424C 		.ascii	"CYBLE_EVT_L2CAP_CBFC_DATA_READ\000"
 970      455F4556 
 970      545F4C32 
 970      4341505F 
 970      43424643 
 971              	.LASF73:
 972 09cf 4359424C 		.ascii	"CYBLE_EVT_L2CAP_CONN_PARAM_UPDATE_RSP\000"
 972      455F4556 
 972      545F4C32 
 972      4341505F 
 972      434F4E4E 
 973              	.LASF23:
 974 09f5 4359424C 		.ascii	"CYBLE_EVT_GAPC_SCAN_PROGRESS_RESULT\000"
 974      455F4556 
 974      545F4741 
 974      50435F53 
 974      43414E5F 
 975              	.LASF52:
 976 0a19 4359424C 		.ascii	"CYBLE_EVT_GATTC_READ_BY_GROUP_TYPE_RSP\000"
 976      455F4556 
 976      545F4741 
 976      5454435F 
 976      52454144 
 977              	.LASF61:
 978 0a40 4359424C 		.ascii	"CYBLE_EVT_GATTS_WRITE_CMD_REQ\000"
 978      455F4556 
 978      545F4741 
 978      5454535F 
 978      57524954 
 979              	.LASF51:
 980 0a5e 4359424C 		.ascii	"CYBLE_EVT_GATTC_XCHNG_MTU_RSP\000"
 980      455F4556 
 980      545F4741 
 980      5454435F 
 980      5843484E 
 981              	.LASF82:
 982 0a7c 4359424C 		.ascii	"CYBLE_EVT_L2CAP_CBFC_DATA_WRITE_IND\000"
 982      455F4556 
 982      545F4C32 
 982      4341505F 
 982      43424643 
 983              	.LASF18:
 984 0aa0 4359424C 		.ascii	"CYBLE_EVT_TIMEOUT\000"
 984      455F4556 
 984      545F5449 
 984      4D454F55 
 984      5400
 985              	.LASF87:
ARM GAS  C:\Users\ASUS\AppData\Local\Temp\cchfHRHg.s 			page 28


 986 0ab2 4359424C 		.ascii	"CYBLE_EVT_MAX\000"
 986      455F4556 
 986      545F4D41 
 986      5800
 987              	.LASF70:
 988 0ac0 4359424C 		.ascii	"CYBLE_EVT_GATTS_READ_CHAR_VAL_ACCESS_REQ\000"
 988      455F4556 
 988      545F4741 
 988      5454535F 
 988      52454144 
 989              	.LASF54:
 990 0ae9 4359424C 		.ascii	"CYBLE_EVT_GATTC_FIND_INFO_RSP\000"
 990      455F4556 
 990      545F4741 
 990      5454435F 
 990      46494E44 
 991              	.LASF69:
 992 0b07 4359424C 		.ascii	"CYBLE_EVT_GATTC_STOP_CMD_COMPLETE\000"
 992      455F4556 
 992      545F4741 
 992      5454435F 
 992      53544F50 
 993              	.LASF103:
 994 0b29 626C655F 		.ascii	"ble_state\000"
 994      73746174 
 994      6500
 995              	.LASF63:
 996 0b33 4359424C 		.ascii	"CYBLE_EVT_GATTS_EXEC_WRITE_REQ\000"
 996      455F4556 
 996      545F4741 
 996      5454535F 
 996      45584543 
 997              	.LASF31:
 998 0b52 4359424C 		.ascii	"CYBLE_EVT_GAP_DEVICE_DISCONNECTED\000"
 998      455F4556 
 998      545F4741 
 998      505F4445 
 998      56494345 
 999              	.LASF68:
 1000 0b74 4359424C 		.ascii	"CYBLE_EVT_GATTS_DATA_SIGNED_CMD_REQ\000"
 1000      455F4556 
 1000      545F4741 
 1000      5454535F 
 1000      44415441 
 1001              	.LASF93:
 1002 0b98 4359424C 		.ascii	"CYBLE_STATE_CONNECTING\000"
 1002      455F5354 
 1002      4154455F 
 1002      434F4E4E 
 1002      45435449 
 1003              	.LASF38:
 1004 0baf 4359424C 		.ascii	"CYBLE_EVT_GAP_OOB_GENERATED_NOTIFICATION\000"
 1004      455F4556 
 1004      545F4741 
 1004      505F4F4F 
 1004      425F4745 
 1005              		.ident	"GCC: (GNU Tools for ARM Embedded Processors) 5.4.1 20160609 (release) [ARM/embedded-5-bran
ARM GAS  C:\Users\ASUS\AppData\Local\Temp\cchfHRHg.s 			page 29


