ARM GAS  C:\Users\JANUSD~1\AppData\Local\Temp\ccQtzEA8.s 			page 1


   1              		.syntax unified
   2              		.cpu cortex-m0
   3              		.fpu softvfp
   4              		.eabi_attribute 20, 1
   5              		.eabi_attribute 21, 1
   6              		.eabi_attribute 23, 3
   7              		.eabi_attribute 24, 1
   8              		.eabi_attribute 25, 1
   9              		.eabi_attribute 26, 1
  10              		.eabi_attribute 30, 1
  11              		.eabi_attribute 34, 0
  12              		.eabi_attribute 18, 4
  13              		.thumb
  14              		.syntax unified
  15              		.file	"cyfitter_cfg.c"
  16              		.text
  17              	.Ltext0:
  18              		.cfi_sections	.debug_frame
  19              		.section	.text.cfg_write_bytes32,"ax",%progbits
  20              		.align	2
  21              		.code	16
  22              		.thumb_func
  23              		.type	cfg_write_bytes32, %function
  24              	cfg_write_bytes32:
  25              	.LFB5:
  26              		.file 1 "Generated_Source\\PSoC4\\cyfitter_cfg.c"
   1:Generated_Source\PSoC4/cyfitter_cfg.c **** 
   2:Generated_Source\PSoC4/cyfitter_cfg.c **** /*******************************************************************************
   3:Generated_Source\PSoC4/cyfitter_cfg.c **** * File Name: cyfitter_cfg.c
   4:Generated_Source\PSoC4/cyfitter_cfg.c **** * 
   5:Generated_Source\PSoC4/cyfitter_cfg.c **** * PSoC Creator  4.2
   6:Generated_Source\PSoC4/cyfitter_cfg.c **** *
   7:Generated_Source\PSoC4/cyfitter_cfg.c **** * Description:
   8:Generated_Source\PSoC4/cyfitter_cfg.c **** * This file contains device initialization code.
   9:Generated_Source\PSoC4/cyfitter_cfg.c **** * Except for the user defined sections in CyClockStartupError(), this file should not be modified.
  10:Generated_Source\PSoC4/cyfitter_cfg.c **** * This file is automatically generated by PSoC Creator.
  11:Generated_Source\PSoC4/cyfitter_cfg.c **** *
  12:Generated_Source\PSoC4/cyfitter_cfg.c **** ********************************************************************************
  13:Generated_Source\PSoC4/cyfitter_cfg.c **** * Copyright (c) 2007-2018 Cypress Semiconductor.  All rights reserved.
  14:Generated_Source\PSoC4/cyfitter_cfg.c **** * You may use this file only in accordance with the license, terms, conditions, 
  15:Generated_Source\PSoC4/cyfitter_cfg.c **** * disclaimers, and limitations in the end user license agreement accompanying 
  16:Generated_Source\PSoC4/cyfitter_cfg.c **** * the software package with which this file was provided.
  17:Generated_Source\PSoC4/cyfitter_cfg.c **** ********************************************************************************/
  18:Generated_Source\PSoC4/cyfitter_cfg.c **** 
  19:Generated_Source\PSoC4/cyfitter_cfg.c **** #include <string.h>
  20:Generated_Source\PSoC4/cyfitter_cfg.c **** #include "cytypes.h"
  21:Generated_Source\PSoC4/cyfitter_cfg.c **** #include "cydevice_trm.h"
  22:Generated_Source\PSoC4/cyfitter_cfg.c **** #include "cyfitter.h"
  23:Generated_Source\PSoC4/cyfitter_cfg.c **** #include "CyLib.h"
  24:Generated_Source\PSoC4/cyfitter_cfg.c **** #include "CyLFClk.h"
  25:Generated_Source\PSoC4/cyfitter_cfg.c **** #include "cyfitter_cfg.h"
  26:Generated_Source\PSoC4/cyfitter_cfg.c **** #include "cyapicallbacks.h"
  27:Generated_Source\PSoC4/cyfitter_cfg.c **** 
  28:Generated_Source\PSoC4/cyfitter_cfg.c **** 
  29:Generated_Source\PSoC4/cyfitter_cfg.c **** #if defined(__GNUC__) || defined(__ARMCC_VERSION)
  30:Generated_Source\PSoC4/cyfitter_cfg.c ****     #define CYPACKED 
  31:Generated_Source\PSoC4/cyfitter_cfg.c ****     #define CYPACKED_ATTR __attribute__ ((packed))
ARM GAS  C:\Users\JANUSD~1\AppData\Local\Temp\ccQtzEA8.s 			page 2


  32:Generated_Source\PSoC4/cyfitter_cfg.c ****     #define CYALIGNED __attribute__ ((aligned))
  33:Generated_Source\PSoC4/cyfitter_cfg.c ****     #define CY_CFG_UNUSED __attribute__ ((unused))
  34:Generated_Source\PSoC4/cyfitter_cfg.c ****     #ifndef CY_CFG_SECTION
  35:Generated_Source\PSoC4/cyfitter_cfg.c ****         #define CY_CFG_SECTION __attribute__ ((section(".psocinit")))
  36:Generated_Source\PSoC4/cyfitter_cfg.c ****     #endif
  37:Generated_Source\PSoC4/cyfitter_cfg.c ****     
  38:Generated_Source\PSoC4/cyfitter_cfg.c ****     #if defined(__ARMCC_VERSION)
  39:Generated_Source\PSoC4/cyfitter_cfg.c ****         #define CY_CFG_MEMORY_BARRIER() __memory_changed()
  40:Generated_Source\PSoC4/cyfitter_cfg.c ****     #else
  41:Generated_Source\PSoC4/cyfitter_cfg.c ****         #define CY_CFG_MEMORY_BARRIER() __sync_synchronize()
  42:Generated_Source\PSoC4/cyfitter_cfg.c ****     #endif
  43:Generated_Source\PSoC4/cyfitter_cfg.c ****     
  44:Generated_Source\PSoC4/cyfitter_cfg.c **** #elif defined(__ICCARM__)
  45:Generated_Source\PSoC4/cyfitter_cfg.c ****     #include <intrinsics.h>
  46:Generated_Source\PSoC4/cyfitter_cfg.c **** 
  47:Generated_Source\PSoC4/cyfitter_cfg.c ****     #define CYPACKED __packed
  48:Generated_Source\PSoC4/cyfitter_cfg.c ****     #define CYPACKED_ATTR 
  49:Generated_Source\PSoC4/cyfitter_cfg.c ****     #define CYALIGNED _Pragma("data_alignment=4")
  50:Generated_Source\PSoC4/cyfitter_cfg.c ****     #define CY_CFG_UNUSED _Pragma("diag_suppress=Pe177")
  51:Generated_Source\PSoC4/cyfitter_cfg.c ****     #define CY_CFG_SECTION _Pragma("location=\".psocinit\"")
  52:Generated_Source\PSoC4/cyfitter_cfg.c ****     
  53:Generated_Source\PSoC4/cyfitter_cfg.c ****     #define CY_CFG_MEMORY_BARRIER() __DMB()
  54:Generated_Source\PSoC4/cyfitter_cfg.c ****     
  55:Generated_Source\PSoC4/cyfitter_cfg.c **** #else
  56:Generated_Source\PSoC4/cyfitter_cfg.c ****     #error Unsupported toolchain
  57:Generated_Source\PSoC4/cyfitter_cfg.c **** #endif
  58:Generated_Source\PSoC4/cyfitter_cfg.c **** 
  59:Generated_Source\PSoC4/cyfitter_cfg.c **** #ifndef CYCODE
  60:Generated_Source\PSoC4/cyfitter_cfg.c ****     #define CYCODE
  61:Generated_Source\PSoC4/cyfitter_cfg.c **** #endif
  62:Generated_Source\PSoC4/cyfitter_cfg.c **** #ifndef CYDATA
  63:Generated_Source\PSoC4/cyfitter_cfg.c ****     #define CYDATA
  64:Generated_Source\PSoC4/cyfitter_cfg.c **** #endif
  65:Generated_Source\PSoC4/cyfitter_cfg.c **** #ifndef CYFAR
  66:Generated_Source\PSoC4/cyfitter_cfg.c ****     #define CYFAR
  67:Generated_Source\PSoC4/cyfitter_cfg.c **** #endif
  68:Generated_Source\PSoC4/cyfitter_cfg.c **** #ifndef CYXDATA
  69:Generated_Source\PSoC4/cyfitter_cfg.c ****     #define CYXDATA
  70:Generated_Source\PSoC4/cyfitter_cfg.c **** #endif
  71:Generated_Source\PSoC4/cyfitter_cfg.c **** 
  72:Generated_Source\PSoC4/cyfitter_cfg.c **** 
  73:Generated_Source\PSoC4/cyfitter_cfg.c **** CY_CFG_UNUSED
  74:Generated_Source\PSoC4/cyfitter_cfg.c **** static void CYMEMZERO(void *s, size_t n);
  75:Generated_Source\PSoC4/cyfitter_cfg.c **** CY_CFG_UNUSED
  76:Generated_Source\PSoC4/cyfitter_cfg.c **** static void CYMEMZERO(void *s, size_t n)
  77:Generated_Source\PSoC4/cyfitter_cfg.c **** {
  78:Generated_Source\PSoC4/cyfitter_cfg.c **** 	(void)memset(s, 0, n);
  79:Generated_Source\PSoC4/cyfitter_cfg.c **** }
  80:Generated_Source\PSoC4/cyfitter_cfg.c **** CY_CFG_UNUSED
  81:Generated_Source\PSoC4/cyfitter_cfg.c **** static void CYCONFIGCPY(void *dest, const void *src, size_t n);
  82:Generated_Source\PSoC4/cyfitter_cfg.c **** CY_CFG_UNUSED
  83:Generated_Source\PSoC4/cyfitter_cfg.c **** static void CYCONFIGCPY(void *dest, const void *src, size_t n)
  84:Generated_Source\PSoC4/cyfitter_cfg.c **** {
  85:Generated_Source\PSoC4/cyfitter_cfg.c **** 	(void)memcpy(dest, src, n);
  86:Generated_Source\PSoC4/cyfitter_cfg.c **** }
  87:Generated_Source\PSoC4/cyfitter_cfg.c **** CY_CFG_UNUSED
  88:Generated_Source\PSoC4/cyfitter_cfg.c **** static void CYCONFIGCPYCODE(void *dest, const void *src, size_t n);
ARM GAS  C:\Users\JANUSD~1\AppData\Local\Temp\ccQtzEA8.s 			page 3


  89:Generated_Source\PSoC4/cyfitter_cfg.c **** CY_CFG_UNUSED
  90:Generated_Source\PSoC4/cyfitter_cfg.c **** static void CYCONFIGCPYCODE(void *dest, const void *src, size_t n)
  91:Generated_Source\PSoC4/cyfitter_cfg.c **** {
  92:Generated_Source\PSoC4/cyfitter_cfg.c **** 	(void)memcpy(dest, src, n);
  93:Generated_Source\PSoC4/cyfitter_cfg.c **** }
  94:Generated_Source\PSoC4/cyfitter_cfg.c **** 
  95:Generated_Source\PSoC4/cyfitter_cfg.c **** 
  96:Generated_Source\PSoC4/cyfitter_cfg.c **** 
  97:Generated_Source\PSoC4/cyfitter_cfg.c **** 
  98:Generated_Source\PSoC4/cyfitter_cfg.c **** /* Clock startup error codes                                                   */
  99:Generated_Source\PSoC4/cyfitter_cfg.c **** #define CYCLOCKSTART_NO_ERROR    0u
 100:Generated_Source\PSoC4/cyfitter_cfg.c **** #define CYCLOCKSTART_XTAL_ERROR  1u
 101:Generated_Source\PSoC4/cyfitter_cfg.c **** #define CYCLOCKSTART_32KHZ_ERROR 2u
 102:Generated_Source\PSoC4/cyfitter_cfg.c **** #define CYCLOCKSTART_PLL_ERROR   3u
 103:Generated_Source\PSoC4/cyfitter_cfg.c **** #define CYCLOCKSTART_FLL_ERROR   4u
 104:Generated_Source\PSoC4/cyfitter_cfg.c **** #define CYCLOCKSTART_WCO_ERROR   5u
 105:Generated_Source\PSoC4/cyfitter_cfg.c **** 
 106:Generated_Source\PSoC4/cyfitter_cfg.c **** 
 107:Generated_Source\PSoC4/cyfitter_cfg.c **** #ifdef CY_NEED_CYCLOCKSTARTUPERROR
 108:Generated_Source\PSoC4/cyfitter_cfg.c **** /*******************************************************************************
 109:Generated_Source\PSoC4/cyfitter_cfg.c **** * Function Name: CyClockStartupError
 110:Generated_Source\PSoC4/cyfitter_cfg.c **** ********************************************************************************
 111:Generated_Source\PSoC4/cyfitter_cfg.c **** * Summary:
 112:Generated_Source\PSoC4/cyfitter_cfg.c **** *  If an error is encountered during clock configuration (crystal startup error,
 113:Generated_Source\PSoC4/cyfitter_cfg.c **** *  PLL lock error, etc.), the system will end up here.  Unless reimplemented by
 114:Generated_Source\PSoC4/cyfitter_cfg.c **** *  the customer, this function will stop in an infinite loop.
 115:Generated_Source\PSoC4/cyfitter_cfg.c **** *
 116:Generated_Source\PSoC4/cyfitter_cfg.c **** * Parameters:
 117:Generated_Source\PSoC4/cyfitter_cfg.c **** *   void
 118:Generated_Source\PSoC4/cyfitter_cfg.c **** *
 119:Generated_Source\PSoC4/cyfitter_cfg.c **** * Return:
 120:Generated_Source\PSoC4/cyfitter_cfg.c **** *   void
 121:Generated_Source\PSoC4/cyfitter_cfg.c **** *
 122:Generated_Source\PSoC4/cyfitter_cfg.c **** *******************************************************************************/
 123:Generated_Source\PSoC4/cyfitter_cfg.c **** CY_CFG_UNUSED
 124:Generated_Source\PSoC4/cyfitter_cfg.c **** static void CyClockStartupError(uint8 errorCode);
 125:Generated_Source\PSoC4/cyfitter_cfg.c **** CY_CFG_UNUSED
 126:Generated_Source\PSoC4/cyfitter_cfg.c **** static void CyClockStartupError(uint8 errorCode)
 127:Generated_Source\PSoC4/cyfitter_cfg.c **** {
 128:Generated_Source\PSoC4/cyfitter_cfg.c ****     /* To remove the compiler warning if errorCode not used.                */
 129:Generated_Source\PSoC4/cyfitter_cfg.c ****     errorCode = errorCode;
 130:Generated_Source\PSoC4/cyfitter_cfg.c **** 
 131:Generated_Source\PSoC4/cyfitter_cfg.c ****     /* If we have a clock startup error (bad MHz crystal, PLL lock, etc.),  */
 132:Generated_Source\PSoC4/cyfitter_cfg.c ****     /* we will end up here to allow the customer to implement something to  */
 133:Generated_Source\PSoC4/cyfitter_cfg.c ****     /* deal with the clock condition.                                       */
 134:Generated_Source\PSoC4/cyfitter_cfg.c **** 
 135:Generated_Source\PSoC4/cyfitter_cfg.c **** #ifdef CY_CFG_CLOCK_STARTUP_ERROR_CALLBACK
 136:Generated_Source\PSoC4/cyfitter_cfg.c ****     CY_CFG_Clock_Startup_ErrorCallback();
 137:Generated_Source\PSoC4/cyfitter_cfg.c **** #else
 138:Generated_Source\PSoC4/cyfitter_cfg.c ****     /*  If not using CY_CFG_CLOCK_STARTUP_ERROR_CALLBACK, place your clock startup code here. */
 139:Generated_Source\PSoC4/cyfitter_cfg.c ****     /* `#START CyClockStartupError` */
 140:Generated_Source\PSoC4/cyfitter_cfg.c **** 
 141:Generated_Source\PSoC4/cyfitter_cfg.c **** 
 142:Generated_Source\PSoC4/cyfitter_cfg.c **** 
 143:Generated_Source\PSoC4/cyfitter_cfg.c ****     /* `#END` */
 144:Generated_Source\PSoC4/cyfitter_cfg.c **** 
 145:Generated_Source\PSoC4/cyfitter_cfg.c ****     while(1) {}
ARM GAS  C:\Users\JANUSD~1\AppData\Local\Temp\ccQtzEA8.s 			page 4


 146:Generated_Source\PSoC4/cyfitter_cfg.c **** #endif /* CY_CFG_CLOCK_STARTUP_ERROR_CALLBACK */
 147:Generated_Source\PSoC4/cyfitter_cfg.c **** }
 148:Generated_Source\PSoC4/cyfitter_cfg.c **** #endif
 149:Generated_Source\PSoC4/cyfitter_cfg.c **** 
 150:Generated_Source\PSoC4/cyfitter_cfg.c **** #define CY_CFG_BASE_ADDR_COUNT 3u
 151:Generated_Source\PSoC4/cyfitter_cfg.c **** CYPACKED typedef struct
 152:Generated_Source\PSoC4/cyfitter_cfg.c **** {
 153:Generated_Source\PSoC4/cyfitter_cfg.c **** 	uint8 offset;
 154:Generated_Source\PSoC4/cyfitter_cfg.c **** 	uint8 value;
 155:Generated_Source\PSoC4/cyfitter_cfg.c **** } CYPACKED_ATTR cy_cfg_addrvalue_t;
 156:Generated_Source\PSoC4/cyfitter_cfg.c **** 
 157:Generated_Source\PSoC4/cyfitter_cfg.c **** 
 158:Generated_Source\PSoC4/cyfitter_cfg.c **** 
 159:Generated_Source\PSoC4/cyfitter_cfg.c **** /*******************************************************************************
 160:Generated_Source\PSoC4/cyfitter_cfg.c **** * Function Name: cfg_write_bytes32
 161:Generated_Source\PSoC4/cyfitter_cfg.c **** ********************************************************************************
 162:Generated_Source\PSoC4/cyfitter_cfg.c **** * Summary:
 163:Generated_Source\PSoC4/cyfitter_cfg.c **** *  This function is used for setting up the chip configuration areas that
 164:Generated_Source\PSoC4/cyfitter_cfg.c **** *  contain relatively sparse data.
 165:Generated_Source\PSoC4/cyfitter_cfg.c **** *
 166:Generated_Source\PSoC4/cyfitter_cfg.c **** * Parameters:
 167:Generated_Source\PSoC4/cyfitter_cfg.c **** *   void
 168:Generated_Source\PSoC4/cyfitter_cfg.c **** *
 169:Generated_Source\PSoC4/cyfitter_cfg.c **** * Return:
 170:Generated_Source\PSoC4/cyfitter_cfg.c **** *   void
 171:Generated_Source\PSoC4/cyfitter_cfg.c **** *
 172:Generated_Source\PSoC4/cyfitter_cfg.c **** *******************************************************************************/
 173:Generated_Source\PSoC4/cyfitter_cfg.c **** static void cfg_write_bytes32(const uint32 addr_table[], const cy_cfg_addrvalue_t data_table[]);
 174:Generated_Source\PSoC4/cyfitter_cfg.c **** static void cfg_write_bytes32(const uint32 addr_table[], const cy_cfg_addrvalue_t data_table[])
 175:Generated_Source\PSoC4/cyfitter_cfg.c **** {
  27              		.loc 1 175 0
  28              		.cfi_startproc
  29              		@ args = 0, pretend = 0, frame = 0
  30              		@ frame_needed = 0, uses_anonymous_args = 0
  31              	.LVL0:
  32 0000 F0B5     		push	{r4, r5, r6, r7, lr}
  33              		.cfi_def_cfa_offset 20
  34              		.cfi_offset 4, -20
  35              		.cfi_offset 5, -16
  36              		.cfi_offset 6, -12
  37              		.cfi_offset 7, -8
  38              		.cfi_offset 14, -4
  39              	.LVL1:
 176:Generated_Source\PSoC4/cyfitter_cfg.c **** 	/* For 32-bit little-endian architectures */
 177:Generated_Source\PSoC4/cyfitter_cfg.c **** 	uint32 i, j = 0u;
  40              		.loc 1 177 0
  41 0002 0025     		movs	r5, #0
 178:Generated_Source\PSoC4/cyfitter_cfg.c **** 	for (i = 0u; i < CY_CFG_BASE_ADDR_COUNT; i++)
  42              		.loc 1 178 0
  43 0004 0027     		movs	r7, #0
  44 0006 11E0     		b	.L2
  45              	.LVL2:
  46              	.L5:
  47              	.LBB2:
 179:Generated_Source\PSoC4/cyfitter_cfg.c **** 	{
 180:Generated_Source\PSoC4/cyfitter_cfg.c **** 		uint32 baseAddr = addr_table[i];
  48              		.loc 1 180 0
ARM GAS  C:\Users\JANUSD~1\AppData\Local\Temp\ccQtzEA8.s 			page 5


  49 0008 BB00     		lsls	r3, r7, #2
  50 000a C658     		ldr	r6, [r0, r3]
  51              	.LVL3:
 181:Generated_Source\PSoC4/cyfitter_cfg.c **** 		uint8 count = (uint8)baseAddr;
  52              		.loc 1 181 0
  53 000c F3B2     		uxtb	r3, r6
  54              	.LVL4:
 182:Generated_Source\PSoC4/cyfitter_cfg.c **** 		baseAddr &= 0xFFFFFF00u;
  55              		.loc 1 182 0
  56 000e FF22     		movs	r2, #255
  57 0010 9643     		bics	r6, r2
  58              	.LVL5:
 183:Generated_Source\PSoC4/cyfitter_cfg.c **** 		while (count != 0u)
  59              		.loc 1 183 0
  60 0012 08E0     		b	.L3
  61              	.L4:
 184:Generated_Source\PSoC4/cyfitter_cfg.c **** 		{
 185:Generated_Source\PSoC4/cyfitter_cfg.c **** 			CY_SET_REG8((void *)(baseAddr + data_table[j].offset), data_table[j].value);
  62              		.loc 1 185 0
  63 0014 6A00     		lsls	r2, r5, #1
  64 0016 8A18     		adds	r2, r1, r2
  65 0018 1478     		ldrb	r4, [r2]
  66 001a A419     		adds	r4, r4, r6
  67 001c 5278     		ldrb	r2, [r2, #1]
  68 001e 2270     		strb	r2, [r4]
 186:Generated_Source\PSoC4/cyfitter_cfg.c **** 			j++;
  69              		.loc 1 186 0
  70 0020 0135     		adds	r5, r5, #1
  71              	.LVL6:
 187:Generated_Source\PSoC4/cyfitter_cfg.c **** 			count--;
  72              		.loc 1 187 0
  73 0022 013B     		subs	r3, r3, #1
  74              	.LVL7:
  75 0024 DBB2     		uxtb	r3, r3
  76              	.LVL8:
  77              	.L3:
 183:Generated_Source\PSoC4/cyfitter_cfg.c **** 		{
  78              		.loc 1 183 0
  79 0026 002B     		cmp	r3, #0
  80 0028 F4D1     		bne	.L4
  81              	.LBE2:
 178:Generated_Source\PSoC4/cyfitter_cfg.c **** 	{
  82              		.loc 1 178 0 discriminator 2
  83 002a 0137     		adds	r7, r7, #1
  84              	.LVL9:
  85              	.L2:
 178:Generated_Source\PSoC4/cyfitter_cfg.c **** 	{
  86              		.loc 1 178 0 is_stmt 0 discriminator 1
  87 002c 022F     		cmp	r7, #2
  88 002e EBD9     		bls	.L5
 188:Generated_Source\PSoC4/cyfitter_cfg.c **** 		}
 189:Generated_Source\PSoC4/cyfitter_cfg.c **** 	}
 190:Generated_Source\PSoC4/cyfitter_cfg.c **** }
  89              		.loc 1 190 0 is_stmt 1
  90              		@ sp needed
  91              	.LVL10:
  92              	.LVL11:
ARM GAS  C:\Users\JANUSD~1\AppData\Local\Temp\ccQtzEA8.s 			page 6


  93 0030 F0BD     		pop	{r4, r5, r6, r7, pc}
  94              		.cfi_endproc
  95              	.LFE5:
  96              		.size	cfg_write_bytes32, .-cfg_write_bytes32
  97 0032 C046     		.section	.text.AnalogSetDefault,"ax",%progbits
  98              		.align	2
  99              		.code	16
 100              		.thumb_func
 101              		.type	AnalogSetDefault, %function
 102              	AnalogSetDefault:
 103              	.LFB7:
 191:Generated_Source\PSoC4/cyfitter_cfg.c **** 
 192:Generated_Source\PSoC4/cyfitter_cfg.c **** 
 193:Generated_Source\PSoC4/cyfitter_cfg.c **** /*******************************************************************************
 194:Generated_Source\PSoC4/cyfitter_cfg.c **** * Function Name: ClockSetup
 195:Generated_Source\PSoC4/cyfitter_cfg.c **** ********************************************************************************
 196:Generated_Source\PSoC4/cyfitter_cfg.c **** *
 197:Generated_Source\PSoC4/cyfitter_cfg.c **** * Summary:
 198:Generated_Source\PSoC4/cyfitter_cfg.c **** *   Performs the initialization of all of the clocks in the device based on the
 199:Generated_Source\PSoC4/cyfitter_cfg.c **** *   settings in the Clock tab of the DWR.  This includes enabling the requested
 200:Generated_Source\PSoC4/cyfitter_cfg.c **** *   clocks and setting the necessary dividers to produce the desired frequency. 
 201:Generated_Source\PSoC4/cyfitter_cfg.c **** *
 202:Generated_Source\PSoC4/cyfitter_cfg.c **** * Parameters:
 203:Generated_Source\PSoC4/cyfitter_cfg.c **** *   void
 204:Generated_Source\PSoC4/cyfitter_cfg.c **** *
 205:Generated_Source\PSoC4/cyfitter_cfg.c **** * Return:
 206:Generated_Source\PSoC4/cyfitter_cfg.c **** *   void
 207:Generated_Source\PSoC4/cyfitter_cfg.c **** *
 208:Generated_Source\PSoC4/cyfitter_cfg.c **** *******************************************************************************/
 209:Generated_Source\PSoC4/cyfitter_cfg.c **** static void ClockSetup(void);
 210:Generated_Source\PSoC4/cyfitter_cfg.c **** CY_CFG_SECTION
 211:Generated_Source\PSoC4/cyfitter_cfg.c **** static void ClockSetup(void)
 212:Generated_Source\PSoC4/cyfitter_cfg.c **** {
 213:Generated_Source\PSoC4/cyfitter_cfg.c **** 
 214:Generated_Source\PSoC4/cyfitter_cfg.c **** 	/* Set Flash Cycles based on max possible frequency in case a glitch occurs during ClockSetup(). *
 215:Generated_Source\PSoC4/cyfitter_cfg.c **** 	CY_SET_REG32((void CYXDATA *)(CYREG_CPUSS_FLASH_CTL), (0x0012u));
 216:Generated_Source\PSoC4/cyfitter_cfg.c **** 
 217:Generated_Source\PSoC4/cyfitter_cfg.c **** 	/* Start the WCO */
 218:Generated_Source\PSoC4/cyfitter_cfg.c **** 	CySysClkWcoStart();
 219:Generated_Source\PSoC4/cyfitter_cfg.c **** 	CyDelayCycles(12000000u); /* WCO may take up to 500ms to start */
 220:Generated_Source\PSoC4/cyfitter_cfg.c **** 	(void)CySysClkWcoSetPowerMode(CY_SYS_CLK_WCO_LPM);    /* Switch to the low power mode */
 221:Generated_Source\PSoC4/cyfitter_cfg.c **** 
 222:Generated_Source\PSoC4/cyfitter_cfg.c **** 	/* Setup and trim IMO based on desired frequency. */
 223:Generated_Source\PSoC4/cyfitter_cfg.c **** 	CySysClkWriteImoFreq(48u);
 224:Generated_Source\PSoC4/cyfitter_cfg.c **** 	/* CYDEV_CLK_ILO_CONFIG Starting address: CYDEV_CLK_ILO_CONFIG */
 225:Generated_Source\PSoC4/cyfitter_cfg.c **** 	CY_SET_REG32((void *)(CYREG_CLK_ILO_CONFIG), 0x80000006u);
 226:Generated_Source\PSoC4/cyfitter_cfg.c **** 
 227:Generated_Source\PSoC4/cyfitter_cfg.c **** 	/* CYDEV_WDT_CONFIG Starting address: CYDEV_WDT_CONFIG */
 228:Generated_Source\PSoC4/cyfitter_cfg.c **** 	CY_SET_REG32((void *)(CYREG_WDT_CONFIG), 0x40000000u);
 229:Generated_Source\PSoC4/cyfitter_cfg.c **** 
 230:Generated_Source\PSoC4/cyfitter_cfg.c **** 
 231:Generated_Source\PSoC4/cyfitter_cfg.c **** 	/* Enable fast start mode for XO */
 232:Generated_Source\PSoC4/cyfitter_cfg.c **** 	CY_SET_REG32((void*)CYREG_BLE_BLERD_BB_XO, CY_GET_REG32((void*)CYREG_BLE_BLERD_BB_XO) | (uint32)0x
 233:Generated_Source\PSoC4/cyfitter_cfg.c **** 	CY_SET_REG32((void *)(CYREG_BLE_BLERD_BB_XO_CAPTRIM), 0x00003E2Du);
 234:Generated_Source\PSoC4/cyfitter_cfg.c **** 	/*Set XTAL(ECO) divider*/
 235:Generated_Source\PSoC4/cyfitter_cfg.c **** 	CY_SET_REG32((void *)(CYREG_BLE_BLESS_XTAL_CLK_DIV_CONFIG), 0x00000000u);
 236:Generated_Source\PSoC4/cyfitter_cfg.c **** 	/* Disable Crystal Stable Interrupt before enabling ECO */
ARM GAS  C:\Users\JANUSD~1\AppData\Local\Temp\ccQtzEA8.s 			page 7


 237:Generated_Source\PSoC4/cyfitter_cfg.c **** 	CY_SET_REG32((void*)CYREG_BLE_BLESS_LL_DSM_CTRL, CY_GET_REG32((void*)CYREG_BLE_BLESS_LL_DSM_CTRL) 
 238:Generated_Source\PSoC4/cyfitter_cfg.c **** 	/* Start the ECO and do not check status since it is not needed for HFCLK */
 239:Generated_Source\PSoC4/cyfitter_cfg.c **** 	(void)CySysClkEcoStart(2000u);
 240:Generated_Source\PSoC4/cyfitter_cfg.c **** 	CyDelayUs(1500u); /* Wait to stabilize */
 241:Generated_Source\PSoC4/cyfitter_cfg.c **** 
 242:Generated_Source\PSoC4/cyfitter_cfg.c **** 	/* Setup phase aligned clocks */
 243:Generated_Source\PSoC4/cyfitter_cfg.c **** 	CY_SET_REG32((void *)CYREG_PERI_DIV_16_CTL0, 0x00001900u);
 244:Generated_Source\PSoC4/cyfitter_cfg.c **** 	CY_SET_REG32((void *)CYREG_PERI_DIV_CMD, 0x8000FF40u);
 245:Generated_Source\PSoC4/cyfitter_cfg.c **** 
 246:Generated_Source\PSoC4/cyfitter_cfg.c **** 	/* CYDEV_CLK_IMO_CONFIG Starting address: CYDEV_CLK_IMO_CONFIG */
 247:Generated_Source\PSoC4/cyfitter_cfg.c **** 	CY_SET_REG32((void *)(CYREG_CLK_IMO_CONFIG), 0x80000000u);
 248:Generated_Source\PSoC4/cyfitter_cfg.c **** 
 249:Generated_Source\PSoC4/cyfitter_cfg.c **** 	/* CYDEV_CLK_SELECT Starting address: CYDEV_CLK_SELECT */
 250:Generated_Source\PSoC4/cyfitter_cfg.c **** 	CY_SET_REG32((void *)(CYREG_CLK_SELECT), 0x00040000u);
 251:Generated_Source\PSoC4/cyfitter_cfg.c **** 
 252:Generated_Source\PSoC4/cyfitter_cfg.c **** 	/* CYDEV_PERI_PCLK_CTL1 Starting address: CYDEV_PERI_PCLK_CTL1 */
 253:Generated_Source\PSoC4/cyfitter_cfg.c **** 	CY_SET_REG32((void *)(CYREG_PERI_PCLK_CTL1), 0x00000040u);
 254:Generated_Source\PSoC4/cyfitter_cfg.c **** 
 255:Generated_Source\PSoC4/cyfitter_cfg.c **** 	(void)CyIntSetVector(8u, &CySysWdtIsr);
 256:Generated_Source\PSoC4/cyfitter_cfg.c **** 	CyIntEnable(8u);
 257:Generated_Source\PSoC4/cyfitter_cfg.c **** 	CY_SET_REG32((void *)(CYREG_WDT_CONFIG), 0x40000000u);
 258:Generated_Source\PSoC4/cyfitter_cfg.c **** }
 259:Generated_Source\PSoC4/cyfitter_cfg.c **** 
 260:Generated_Source\PSoC4/cyfitter_cfg.c **** 
 261:Generated_Source\PSoC4/cyfitter_cfg.c **** /* Analog API Functions */
 262:Generated_Source\PSoC4/cyfitter_cfg.c **** 
 263:Generated_Source\PSoC4/cyfitter_cfg.c **** 
 264:Generated_Source\PSoC4/cyfitter_cfg.c **** /*******************************************************************************
 265:Generated_Source\PSoC4/cyfitter_cfg.c **** * Function Name: AnalogSetDefault
 266:Generated_Source\PSoC4/cyfitter_cfg.c **** ********************************************************************************
 267:Generated_Source\PSoC4/cyfitter_cfg.c **** *
 268:Generated_Source\PSoC4/cyfitter_cfg.c **** * Summary:
 269:Generated_Source\PSoC4/cyfitter_cfg.c **** *  Sets up the analog portions of the chip to default values based on chip
 270:Generated_Source\PSoC4/cyfitter_cfg.c **** *  configuration options from the project.
 271:Generated_Source\PSoC4/cyfitter_cfg.c **** *
 272:Generated_Source\PSoC4/cyfitter_cfg.c **** * Parameters:
 273:Generated_Source\PSoC4/cyfitter_cfg.c **** *  void
 274:Generated_Source\PSoC4/cyfitter_cfg.c **** *
 275:Generated_Source\PSoC4/cyfitter_cfg.c **** * Return:
 276:Generated_Source\PSoC4/cyfitter_cfg.c **** *  void
 277:Generated_Source\PSoC4/cyfitter_cfg.c **** *
 278:Generated_Source\PSoC4/cyfitter_cfg.c **** *******************************************************************************/
 279:Generated_Source\PSoC4/cyfitter_cfg.c **** static void AnalogSetDefault(void);
 280:Generated_Source\PSoC4/cyfitter_cfg.c **** static void AnalogSetDefault(void)
 281:Generated_Source\PSoC4/cyfitter_cfg.c **** {
 104              		.loc 1 281 0
 105              		.cfi_startproc
 106              		@ args = 0, pretend = 0, frame = 0
 107              		@ frame_needed = 0, uses_anonymous_args = 0
 108              		@ link register save eliminated.
 282:Generated_Source\PSoC4/cyfitter_cfg.c **** 	CY_SET_XTND_REG32((void CYFAR *)CYREG_CTBM0_DFT_CTRL, 0x00000003u);
 109              		.loc 1 282 0
 110 0000 0323     		movs	r3, #3
 111 0002 044A     		ldr	r2, .L7
 112 0004 1360     		str	r3, [r2]
 283:Generated_Source\PSoC4/cyfitter_cfg.c **** 	CY_SET_XTND_REG32((void CYFAR *)CYREG_CTBM1_DFT_CTRL, 0x00000003u);
 113              		.loc 1 283 0
ARM GAS  C:\Users\JANUSD~1\AppData\Local\Temp\ccQtzEA8.s 			page 8


 114 0006 044A     		ldr	r2, .L7+4
 115 0008 1360     		str	r3, [r2]
 284:Generated_Source\PSoC4/cyfitter_cfg.c **** 	CY_SET_XTND_REG32((void CYFAR *)CYREG_PASS_DSAB_DSAB_CTRL, 0x00000000u);
 116              		.loc 1 284 0
 117 000a 0022     		movs	r2, #0
 118 000c 034B     		ldr	r3, .L7+8
 119 000e 1A60     		str	r2, [r3]
 285:Generated_Source\PSoC4/cyfitter_cfg.c **** }
 120              		.loc 1 285 0
 121              		@ sp needed
 122 0010 7047     		bx	lr
 123              	.L8:
 124 0012 C046     		.align	2
 125              	.L7:
 126 0014 30003040 		.word	1076887600
 127 0018 30003140 		.word	1076953136
 128 001c 000E3F40 		.word	1077874176
 129              		.cfi_endproc
 130              	.LFE7:
 131              		.size	AnalogSetDefault, .-AnalogSetDefault
 132              		.section	.text.CYMEMZERO,"ax",%progbits
 133              		.align	2
 134              		.code	16
 135              		.thumb_func
 136              		.type	CYMEMZERO, %function
 137              	CYMEMZERO:
 138              	.LFB2:
  77:Generated_Source\PSoC4/cyfitter_cfg.c **** 	(void)memset(s, 0, n);
 139              		.loc 1 77 0
 140              		.cfi_startproc
 141              		@ args = 0, pretend = 0, frame = 0
 142              		@ frame_needed = 0, uses_anonymous_args = 0
 143              	.LVL12:
 144 0000 10B5     		push	{r4, lr}
 145              		.cfi_def_cfa_offset 8
 146              		.cfi_offset 4, -8
 147              		.cfi_offset 14, -4
 148 0002 0A00     		movs	r2, r1
  78:Generated_Source\PSoC4/cyfitter_cfg.c **** }
 149              		.loc 1 78 0
 150 0004 0021     		movs	r1, #0
 151              	.LVL13:
 152 0006 FFF7FEFF 		bl	memset
 153              	.LVL14:
  79:Generated_Source\PSoC4/cyfitter_cfg.c **** CY_CFG_UNUSED
 154              		.loc 1 79 0
 155              		@ sp needed
 156 000a 10BD     		pop	{r4, pc}
 157              		.cfi_endproc
 158              	.LFE2:
 159              		.size	CYMEMZERO, .-CYMEMZERO
 160              		.section	.psocinit,"ax",%progbits
 161              		.align	2
 162              		.code	16
 163              		.thumb_func
 164              		.type	ClockSetup, %function
 165              	ClockSetup:
ARM GAS  C:\Users\JANUSD~1\AppData\Local\Temp\ccQtzEA8.s 			page 9


 166              	.LFB6:
 212:Generated_Source\PSoC4/cyfitter_cfg.c **** 
 167              		.loc 1 212 0
 168              		.cfi_startproc
 169              		@ args = 0, pretend = 0, frame = 0
 170              		@ frame_needed = 0, uses_anonymous_args = 0
 171 0000 70B5     		push	{r4, r5, r6, lr}
 172              		.cfi_def_cfa_offset 16
 173              		.cfi_offset 4, -16
 174              		.cfi_offset 5, -12
 175              		.cfi_offset 6, -8
 176              		.cfi_offset 14, -4
 215:Generated_Source\PSoC4/cyfitter_cfg.c **** 
 177              		.loc 1 215 0
 178 0002 1222     		movs	r2, #18
 179 0004 224B     		ldr	r3, .L11
 180 0006 1A60     		str	r2, [r3]
 218:Generated_Source\PSoC4/cyfitter_cfg.c **** 	CyDelayCycles(12000000u); /* WCO may take up to 500ms to start */
 181              		.loc 1 218 0
 182 0008 FFF7FEFF 		bl	CySysClkWcoStart
 183              	.LVL15:
 219:Generated_Source\PSoC4/cyfitter_cfg.c **** 	(void)CySysClkWcoSetPowerMode(CY_SYS_CLK_WCO_LPM);    /* Switch to the low power mode */
 184              		.loc 1 219 0
 185 000c 2148     		ldr	r0, .L11+4
 186 000e FFF7FEFF 		bl	CyDelayCycles
 187              	.LVL16:
 220:Generated_Source\PSoC4/cyfitter_cfg.c **** 
 188              		.loc 1 220 0
 189 0012 0120     		movs	r0, #1
 190 0014 FFF7FEFF 		bl	CySysClkWcoSetPowerMode
 191              	.LVL17:
 223:Generated_Source\PSoC4/cyfitter_cfg.c **** 	/* CYDEV_CLK_ILO_CONFIG Starting address: CYDEV_CLK_ILO_CONFIG */
 192              		.loc 1 223 0
 193 0018 3020     		movs	r0, #48
 194 001a FFF7FEFF 		bl	CySysClkWriteImoFreq
 195              	.LVL18:
 225:Generated_Source\PSoC4/cyfitter_cfg.c **** 
 196              		.loc 1 225 0
 197 001e 1E4A     		ldr	r2, .L11+8
 198 0020 1E4B     		ldr	r3, .L11+12
 199 0022 1A60     		str	r2, [r3]
 228:Generated_Source\PSoC4/cyfitter_cfg.c **** 
 200              		.loc 1 228 0
 201 0024 1E4C     		ldr	r4, .L11+16
 202 0026 8025     		movs	r5, #128
 203 0028 ED05     		lsls	r5, r5, #23
 204 002a 2560     		str	r5, [r4]
 232:Generated_Source\PSoC4/cyfitter_cfg.c **** 	CY_SET_REG32((void *)(CYREG_BLE_BLERD_BB_XO_CAPTRIM), 0x00003E2Du);
 205              		.loc 1 232 0
 206 002c 1D4A     		ldr	r2, .L11+20
 207 002e 1168     		ldr	r1, [r2]
 208 0030 0223     		movs	r3, #2
 209 0032 0B43     		orrs	r3, r1
 210 0034 1360     		str	r3, [r2]
 233:Generated_Source\PSoC4/cyfitter_cfg.c **** 	/*Set XTAL(ECO) divider*/
 211              		.loc 1 233 0
 212 0036 1C4A     		ldr	r2, .L11+24
ARM GAS  C:\Users\JANUSD~1\AppData\Local\Temp\ccQtzEA8.s 			page 10


 213 0038 1C4B     		ldr	r3, .L11+28
 214 003a 1A60     		str	r2, [r3]
 235:Generated_Source\PSoC4/cyfitter_cfg.c **** 	/* Disable Crystal Stable Interrupt before enabling ECO */
 215              		.loc 1 235 0
 216 003c 0022     		movs	r2, #0
 217 003e 1C4B     		ldr	r3, .L11+32
 218 0040 1A60     		str	r2, [r3]
 237:Generated_Source\PSoC4/cyfitter_cfg.c **** 	/* Start the ECO and do not check status since it is not needed for HFCLK */
 219              		.loc 1 237 0
 220 0042 1C4A     		ldr	r2, .L11+36
 221 0044 1368     		ldr	r3, [r2]
 222 0046 0821     		movs	r1, #8
 223 0048 8B43     		bics	r3, r1
 224 004a 1360     		str	r3, [r2]
 239:Generated_Source\PSoC4/cyfitter_cfg.c **** 	CyDelayUs(1500u); /* Wait to stabilize */
 225              		.loc 1 239 0
 226 004c FA20     		movs	r0, #250
 227 004e C000     		lsls	r0, r0, #3
 228 0050 FFF7FEFF 		bl	CySysClkEcoStart
 229              	.LVL19:
 240:Generated_Source\PSoC4/cyfitter_cfg.c **** 
 230              		.loc 1 240 0
 231 0054 1848     		ldr	r0, .L11+40
 232 0056 FFF7FEFF 		bl	CyDelayUs
 233              	.LVL20:
 243:Generated_Source\PSoC4/cyfitter_cfg.c **** 	CY_SET_REG32((void *)CYREG_PERI_DIV_CMD, 0x8000FF40u);
 234              		.loc 1 243 0
 235 005a C822     		movs	r2, #200
 236 005c 5201     		lsls	r2, r2, #5
 237 005e 174B     		ldr	r3, .L11+44
 238 0060 1A60     		str	r2, [r3]
 244:Generated_Source\PSoC4/cyfitter_cfg.c **** 
 239              		.loc 1 244 0
 240 0062 174A     		ldr	r2, .L11+48
 241 0064 174B     		ldr	r3, .L11+52
 242 0066 1A60     		str	r2, [r3]
 247:Generated_Source\PSoC4/cyfitter_cfg.c **** 
 243              		.loc 1 247 0
 244 0068 8022     		movs	r2, #128
 245 006a 1206     		lsls	r2, r2, #24
 246 006c 164B     		ldr	r3, .L11+56
 247 006e 1A60     		str	r2, [r3]
 250:Generated_Source\PSoC4/cyfitter_cfg.c **** 
 248              		.loc 1 250 0
 249 0070 8022     		movs	r2, #128
 250 0072 D202     		lsls	r2, r2, #11
 251 0074 154B     		ldr	r3, .L11+60
 252 0076 1A60     		str	r2, [r3]
 253:Generated_Source\PSoC4/cyfitter_cfg.c **** 
 253              		.loc 1 253 0
 254 0078 4022     		movs	r2, #64
 255 007a 154B     		ldr	r3, .L11+64
 256 007c 1A60     		str	r2, [r3]
 255:Generated_Source\PSoC4/cyfitter_cfg.c **** 	CyIntEnable(8u);
 257              		.loc 1 255 0
 258 007e 1549     		ldr	r1, .L11+68
 259 0080 0820     		movs	r0, #8
ARM GAS  C:\Users\JANUSD~1\AppData\Local\Temp\ccQtzEA8.s 			page 11


 260 0082 FFF7FEFF 		bl	CyIntSetVector
 261              	.LVL21:
 256:Generated_Source\PSoC4/cyfitter_cfg.c **** 	CY_SET_REG32((void *)(CYREG_WDT_CONFIG), 0x40000000u);
 262              		.loc 1 256 0
 263 0086 0820     		movs	r0, #8
 264 0088 FFF7FEFF 		bl	CyIntEnable
 265              	.LVL22:
 257:Generated_Source\PSoC4/cyfitter_cfg.c **** }
 266              		.loc 1 257 0
 267 008c 2560     		str	r5, [r4]
 258:Generated_Source\PSoC4/cyfitter_cfg.c **** 
 268              		.loc 1 258 0
 269              		@ sp needed
 270 008e 70BD     		pop	{r4, r5, r6, pc}
 271              	.L12:
 272              		.align	2
 273              	.L11:
 274 0090 30001040 		.word	1074790448
 275 0094 001BB700 		.word	12000000
 276 0098 06000080 		.word	-2147483642
 277 009c 04010B40 		.word	1074462980
 278 00a0 0C020B40 		.word	1074463244
 279 00a4 78002E40 		.word	1076756600
 280 00a8 2D3E0000 		.word	15917
 281 00ac 7C002E40 		.word	1076756604
 282 00b0 64F02E40 		.word	1076818020
 283 00b4 6CF02E40 		.word	1076818028
 284 00b8 DC050000 		.word	1500
 285 00bc 00030140 		.word	1073808128
 286 00c0 40FF0080 		.word	-2147418304
 287 00c4 00000140 		.word	1073807360
 288 00c8 08010B40 		.word	1074462984
 289 00cc 00010B40 		.word	1074462976
 290 00d0 04010140 		.word	1073807620
 291 00d4 00000000 		.word	CySysWdtIsr
 292              		.cfi_endproc
 293              	.LFE6:
 294              		.size	ClockSetup, .-ClockSetup
 295              		.align	2
 296              		.global	cyfitter_cfg
 297              		.code	16
 298              		.thumb_func
 299              		.type	cyfitter_cfg, %function
 300              	cyfitter_cfg:
 301              	.LFB8:
 286:Generated_Source\PSoC4/cyfitter_cfg.c **** 
 287:Generated_Source\PSoC4/cyfitter_cfg.c **** 
 288:Generated_Source\PSoC4/cyfitter_cfg.c **** 
 289:Generated_Source\PSoC4/cyfitter_cfg.c **** 
 290:Generated_Source\PSoC4/cyfitter_cfg.c **** /*******************************************************************************
 291:Generated_Source\PSoC4/cyfitter_cfg.c **** * Function Name: cyfitter_cfg
 292:Generated_Source\PSoC4/cyfitter_cfg.c **** ********************************************************************************
 293:Generated_Source\PSoC4/cyfitter_cfg.c **** * Summary:
 294:Generated_Source\PSoC4/cyfitter_cfg.c **** *  This function is called by the start-up code for the selected device. It
 295:Generated_Source\PSoC4/cyfitter_cfg.c **** *  performs all of the necessary device configuration based on the design
 296:Generated_Source\PSoC4/cyfitter_cfg.c **** *  settings.  This includes settings from the Design Wide Resources (DWR) such
 297:Generated_Source\PSoC4/cyfitter_cfg.c **** *  as Clocks and Pins as well as any component configuration that is necessary.
ARM GAS  C:\Users\JANUSD~1\AppData\Local\Temp\ccQtzEA8.s 			page 12


 298:Generated_Source\PSoC4/cyfitter_cfg.c **** *
 299:Generated_Source\PSoC4/cyfitter_cfg.c **** * Parameters:
 300:Generated_Source\PSoC4/cyfitter_cfg.c **** *   void
 301:Generated_Source\PSoC4/cyfitter_cfg.c **** *
 302:Generated_Source\PSoC4/cyfitter_cfg.c **** * Return:
 303:Generated_Source\PSoC4/cyfitter_cfg.c **** *   void
 304:Generated_Source\PSoC4/cyfitter_cfg.c **** *
 305:Generated_Source\PSoC4/cyfitter_cfg.c **** *******************************************************************************/
 306:Generated_Source\PSoC4/cyfitter_cfg.c **** CY_CFG_SECTION
 307:Generated_Source\PSoC4/cyfitter_cfg.c **** void cyfitter_cfg(void)
 308:Generated_Source\PSoC4/cyfitter_cfg.c **** {
 302              		.loc 1 308 0
 303              		.cfi_startproc
 304              		@ args = 0, pretend = 0, frame = 0
 305              		@ frame_needed = 0, uses_anonymous_args = 0
 306 00d8 10B5     		push	{r4, lr}
 307              		.cfi_def_cfa_offset 8
 308              		.cfi_offset 4, -8
 309              		.cfi_offset 14, -4
 309:Generated_Source\PSoC4/cyfitter_cfg.c **** 	/* Disable interrupts by default. Let user enable if/when they want. */
 310:Generated_Source\PSoC4/cyfitter_cfg.c **** 	CyGlobalIntDisable;
 310              		.loc 1 310 0
 311              		.syntax divided
 312              	@ 310 "Generated_Source\PSoC4\cyfitter_cfg.c" 1
 313 00da 72B6     		CPSID   i
 314              	@ 0 "" 2
 311:Generated_Source\PSoC4/cyfitter_cfg.c **** 
 312:Generated_Source\PSoC4/cyfitter_cfg.c **** 	CY_SET_REG32((void *)(CYREG_BLE_BLESS_LL_DSM_CTRL), 0x00000000u);
 315              		.loc 1 312 0
 316              		.thumb
 317              		.syntax unified
 318 00dc 0022     		movs	r2, #0
 319 00de 284B     		ldr	r3, .L16
 320 00e0 1A60     		str	r2, [r3]
 321              	.LVL23:
 322              	.LBB3:
 313:Generated_Source\PSoC4/cyfitter_cfg.c **** 
 314:Generated_Source\PSoC4/cyfitter_cfg.c **** 	{
 315:Generated_Source\PSoC4/cyfitter_cfg.c **** 		static const uint32 CYCODE cy_cfg_addr_table[] = {
 316:Generated_Source\PSoC4/cyfitter_cfg.c **** 			0x400F3301u, /* Base address: 0x400F3300 Count: 1 */
 317:Generated_Source\PSoC4/cyfitter_cfg.c **** 			0x400F4104u, /* Base address: 0x400F4100 Count: 4 */
 318:Generated_Source\PSoC4/cyfitter_cfg.c **** 			0x400F4303u, /* Base address: 0x400F4300 Count: 3 */
 319:Generated_Source\PSoC4/cyfitter_cfg.c **** 		};
 320:Generated_Source\PSoC4/cyfitter_cfg.c **** 
 321:Generated_Source\PSoC4/cyfitter_cfg.c **** 		static const cy_cfg_addrvalue_t CYCODE cy_cfg_data_table[] = {
 322:Generated_Source\PSoC4/cyfitter_cfg.c **** 			{0xE0u, 0x02u},
 323:Generated_Source\PSoC4/cyfitter_cfg.c **** 			{0x02u, 0x10u},
 324:Generated_Source\PSoC4/cyfitter_cfg.c **** 			{0x86u, 0x10u},
 325:Generated_Source\PSoC4/cyfitter_cfg.c **** 			{0xC0u, 0x10u},
 326:Generated_Source\PSoC4/cyfitter_cfg.c **** 			{0xE0u, 0x40u},
 327:Generated_Source\PSoC4/cyfitter_cfg.c **** 			{0x61u, 0x08u},
 328:Generated_Source\PSoC4/cyfitter_cfg.c **** 			{0x85u, 0x08u},
 329:Generated_Source\PSoC4/cyfitter_cfg.c **** 			{0xD8u, 0x02u},
 330:Generated_Source\PSoC4/cyfitter_cfg.c **** 		};
 331:Generated_Source\PSoC4/cyfitter_cfg.c **** 
 332:Generated_Source\PSoC4/cyfitter_cfg.c **** 
 333:Generated_Source\PSoC4/cyfitter_cfg.c **** 
ARM GAS  C:\Users\JANUSD~1\AppData\Local\Temp\ccQtzEA8.s 			page 13


 334:Generated_Source\PSoC4/cyfitter_cfg.c **** 		CYPACKED typedef struct {
 335:Generated_Source\PSoC4/cyfitter_cfg.c **** 			void CYFAR *address;
 336:Generated_Source\PSoC4/cyfitter_cfg.c **** 			uint16 size;
 337:Generated_Source\PSoC4/cyfitter_cfg.c **** 		} CYPACKED_ATTR cfg_memset_t;
 338:Generated_Source\PSoC4/cyfitter_cfg.c **** 
 339:Generated_Source\PSoC4/cyfitter_cfg.c **** 		static const cfg_memset_t CYCODE cfg_memset_list[] = {
 340:Generated_Source\PSoC4/cyfitter_cfg.c **** 			/* address, size */
 341:Generated_Source\PSoC4/cyfitter_cfg.c **** 			{(void CYFAR *)(CYDEV_UDB_P0_U0_BASE), 1024u},
 342:Generated_Source\PSoC4/cyfitter_cfg.c **** 			{(void CYFAR *)(CYDEV_UDB_DSI0_BASE), 1024u},
 343:Generated_Source\PSoC4/cyfitter_cfg.c **** 		};
 344:Generated_Source\PSoC4/cyfitter_cfg.c **** 
 345:Generated_Source\PSoC4/cyfitter_cfg.c **** 		uint8 CYDATA i;
 346:Generated_Source\PSoC4/cyfitter_cfg.c **** 
 347:Generated_Source\PSoC4/cyfitter_cfg.c **** 		/* Zero out critical memory blocks before beginning configuration */
 348:Generated_Source\PSoC4/cyfitter_cfg.c **** 		for (i = 0u; i < (sizeof(cfg_memset_list)/sizeof(cfg_memset_list[0])); i++)
 323              		.loc 1 348 0
 324 00e2 0024     		movs	r4, #0
 325 00e4 0FE0     		b	.L14
 326              	.LVL24:
 327              	.L15:
 328              	.LBB4:
 349:Generated_Source\PSoC4/cyfitter_cfg.c **** 		{
 350:Generated_Source\PSoC4/cyfitter_cfg.c **** 			const cfg_memset_t CYCODE * CYDATA ms = &cfg_memset_list[i];
 351:Generated_Source\PSoC4/cyfitter_cfg.c **** 			CYMEMZERO(ms->address, (size_t)(uint32)(ms->size));
 329              		.loc 1 351 0 discriminator 3
 330 00e6 2748     		ldr	r0, .L16+4
 331 00e8 6200     		lsls	r2, r4, #1
 332 00ea 1319     		adds	r3, r2, r4
 333 00ec 5900     		lsls	r1, r3, #1
 334 00ee 0B00     		movs	r3, r1
 335 00f0 4118     		adds	r1, r0, r1
 336 00f2 8988     		ldrh	r1, [r1, #4]
 337 00f4 1A5A     		ldrh	r2, [r3, r0]
 338 00f6 C318     		adds	r3, r0, r3
 339 00f8 5888     		ldrh	r0, [r3, #2]
 340 00fa 0004     		lsls	r0, r0, #16
 341 00fc 1043     		orrs	r0, r2
 342 00fe FFF7FEFF 		bl	CYMEMZERO
 343              	.LVL25:
 344              	.LBE4:
 348:Generated_Source\PSoC4/cyfitter_cfg.c **** 		{
 345              		.loc 1 348 0 discriminator 3
 346 0102 0134     		adds	r4, r4, #1
 347              	.LVL26:
 348 0104 E4B2     		uxtb	r4, r4
 349              	.LVL27:
 350              	.L14:
 348:Generated_Source\PSoC4/cyfitter_cfg.c **** 		{
 351              		.loc 1 348 0 is_stmt 0 discriminator 1
 352 0106 012C     		cmp	r4, #1
 353 0108 EDD9     		bls	.L15
 352:Generated_Source\PSoC4/cyfitter_cfg.c **** 		}
 353:Generated_Source\PSoC4/cyfitter_cfg.c **** 
 354:Generated_Source\PSoC4/cyfitter_cfg.c **** 		cfg_write_bytes32(cy_cfg_addr_table, cy_cfg_data_table);
 354              		.loc 1 354 0 is_stmt 1
 355 010a 1E48     		ldr	r0, .L16+4
 356 010c 0100     		movs	r1, r0
ARM GAS  C:\Users\JANUSD~1\AppData\Local\Temp\ccQtzEA8.s 			page 14


 357 010e 0C31     		adds	r1, r1, #12
 358 0110 1C30     		adds	r0, r0, #28
 359 0112 FFF7FEFF 		bl	cfg_write_bytes32
 360              	.LVL28:
 355:Generated_Source\PSoC4/cyfitter_cfg.c **** 
 356:Generated_Source\PSoC4/cyfitter_cfg.c **** 		/* HSIOM Starting address: CYDEV_HSIOM_BASE */
 357:Generated_Source\PSoC4/cyfitter_cfg.c **** 		CY_SET_REG32((void *)(CYDEV_HSIOM_BASE), 0xEE000000u);
 361              		.loc 1 357 0
 362 0116 EE22     		movs	r2, #238
 363 0118 1206     		lsls	r2, r2, #24
 364 011a 1B4B     		ldr	r3, .L16+8
 365 011c 1A60     		str	r2, [r3]
 358:Generated_Source\PSoC4/cyfitter_cfg.c **** 		CY_SET_REG32((void *)(CYREG_HSIOM_PORT_SEL1), 0x00990000u);
 366              		.loc 1 358 0
 367 011e 9923     		movs	r3, #153
 368 0120 1B04     		lsls	r3, r3, #16
 369 0122 1A4A     		ldr	r2, .L16+12
 370 0124 1360     		str	r3, [r2]
 359:Generated_Source\PSoC4/cyfitter_cfg.c **** 		CY_SET_REG32((void *)(CYREG_HSIOM_PORT_SEL3), 0x03000000u);
 371              		.loc 1 359 0
 372 0126 C021     		movs	r1, #192
 373 0128 8904     		lsls	r1, r1, #18
 374 012a 194A     		ldr	r2, .L16+16
 375 012c 1160     		str	r1, [r2]
 360:Generated_Source\PSoC4/cyfitter_cfg.c **** 
 361:Generated_Source\PSoC4/cyfitter_cfg.c **** 		/* UDB_PA_0 Starting address: CYDEV_UDB_PA0_BASE */
 362:Generated_Source\PSoC4/cyfitter_cfg.c **** 		CY_SET_REG32((void *)(CYDEV_UDB_PA0_BASE), 0x00990000u);
 376              		.loc 1 362 0
 377 012e 194A     		ldr	r2, .L16+20
 378 0130 1360     		str	r3, [r2]
 363:Generated_Source\PSoC4/cyfitter_cfg.c **** 
 364:Generated_Source\PSoC4/cyfitter_cfg.c **** 		/* UDB_PA_1 Starting address: CYDEV_UDB_PA1_BASE */
 365:Generated_Source\PSoC4/cyfitter_cfg.c **** 		CY_SET_REG32((void *)(CYDEV_UDB_PA1_BASE), 0x00990000u);
 379              		.loc 1 365 0
 380 0132 194A     		ldr	r2, .L16+24
 381 0134 1360     		str	r3, [r2]
 366:Generated_Source\PSoC4/cyfitter_cfg.c **** 
 367:Generated_Source\PSoC4/cyfitter_cfg.c **** 		/* UDB_PA_3 Starting address: CYDEV_UDB_PA3_BASE */
 368:Generated_Source\PSoC4/cyfitter_cfg.c **** 		CY_SET_REG32((void *)(CYDEV_UDB_PA3_BASE), 0x00990000u);
 382              		.loc 1 368 0
 383 0136 194A     		ldr	r2, .L16+28
 384 0138 1360     		str	r3, [r2]
 369:Generated_Source\PSoC4/cyfitter_cfg.c **** 		CY_SET_REG32((void *)(CYREG_UDB_PA3_CFG8), 0x20000000u);
 385              		.loc 1 369 0
 386 013a 8022     		movs	r2, #128
 387 013c 9205     		lsls	r2, r2, #22
 388 013e 184B     		ldr	r3, .L16+32
 389 0140 1A60     		str	r2, [r3]
 370:Generated_Source\PSoC4/cyfitter_cfg.c **** 
 371:Generated_Source\PSoC4/cyfitter_cfg.c **** 		/* Enable digital routing */
 372:Generated_Source\PSoC4/cyfitter_cfg.c **** 		CY_SET_XTND_REG8((void *)CYREG_UDB_UDBIF_BANK_CTL, (uint8)(CY_GET_XTND_REG8((void *)CYREG_UDB_UDB
 390              		.loc 1 372 0
 391 0142 184A     		ldr	r2, .L16+36
 392 0144 1178     		ldrb	r1, [r2]
 393 0146 0623     		movs	r3, #6
 394 0148 0B43     		orrs	r3, r1
 395 014a DBB2     		uxtb	r3, r3
ARM GAS  C:\Users\JANUSD~1\AppData\Local\Temp\ccQtzEA8.s 			page 15


 396 014c 1370     		strb	r3, [r2]
 397              	.LBE3:
 373:Generated_Source\PSoC4/cyfitter_cfg.c **** 	}
 374:Generated_Source\PSoC4/cyfitter_cfg.c **** 
 375:Generated_Source\PSoC4/cyfitter_cfg.c **** 	/* Perform second pass device configuration. These items must be configured in specific order afte
 376:Generated_Source\PSoC4/cyfitter_cfg.c **** 	/* IOPINS0_0 Starting address: CYDEV_GPIO_PRT0_BASE */
 377:Generated_Source\PSoC4/cyfitter_cfg.c **** 	CY_SET_REG32((void *)(CYREG_GPIO_PRT0_PC), 0x00D80000u);
 398              		.loc 1 377 0
 399 014e D822     		movs	r2, #216
 400 0150 1204     		lsls	r2, r2, #16
 401 0152 154B     		ldr	r3, .L16+40
 402 0154 1A60     		str	r2, [r3]
 378:Generated_Source\PSoC4/cyfitter_cfg.c **** 
 379:Generated_Source\PSoC4/cyfitter_cfg.c **** 	/* IOPINS0_1 Starting address: CYDEV_GPIO_PRT1_BASE */
 380:Generated_Source\PSoC4/cyfitter_cfg.c **** 	CY_SET_REG32((void *)(CYDEV_GPIO_PRT1_BASE), 0x00000020u);
 403              		.loc 1 380 0
 404 0156 2023     		movs	r3, #32
 405 0158 144A     		ldr	r2, .L16+44
 406 015a 1360     		str	r3, [r2]
 381:Generated_Source\PSoC4/cyfitter_cfg.c **** 	CY_SET_REG32((void *)(CYREG_GPIO_PRT1_PC), 0x00031001u);
 407              		.loc 1 381 0
 408 015c 1449     		ldr	r1, .L16+48
 409 015e 154A     		ldr	r2, .L16+52
 410 0160 1160     		str	r1, [r2]
 382:Generated_Source\PSoC4/cyfitter_cfg.c **** 	CY_SET_REG32((void *)(CYREG_GPIO_PRT1_PC2), 0x00000020u);
 411              		.loc 1 382 0
 412 0162 154A     		ldr	r2, .L16+56
 413 0164 1360     		str	r3, [r2]
 383:Generated_Source\PSoC4/cyfitter_cfg.c **** 
 384:Generated_Source\PSoC4/cyfitter_cfg.c **** 	/* IOPINS0_3 Starting address: CYDEV_GPIO_PRT3_BASE */
 385:Generated_Source\PSoC4/cyfitter_cfg.c **** 	CY_SET_REG32((void *)(CYDEV_GPIO_PRT3_BASE), 0x00000040u);
 414              		.loc 1 385 0
 415 0166 4022     		movs	r2, #64
 416 0168 144B     		ldr	r3, .L16+60
 417 016a 1A60     		str	r2, [r3]
 386:Generated_Source\PSoC4/cyfitter_cfg.c **** 	CY_SET_REG32((void *)(CYREG_GPIO_PRT3_PC), 0x00180000u);
 418              		.loc 1 386 0
 419 016c C022     		movs	r2, #192
 420 016e 5203     		lsls	r2, r2, #13
 421 0170 134B     		ldr	r3, .L16+64
 422 0172 1A60     		str	r2, [r3]
 387:Generated_Source\PSoC4/cyfitter_cfg.c **** 
 388:Generated_Source\PSoC4/cyfitter_cfg.c **** 
 389:Generated_Source\PSoC4/cyfitter_cfg.c **** 	/* Setup clocks based on selections from Clock DWR */
 390:Generated_Source\PSoC4/cyfitter_cfg.c **** 	ClockSetup();
 423              		.loc 1 390 0
 424 0174 FFF744FF 		bl	ClockSetup
 425              	.LVL29:
 391:Generated_Source\PSoC4/cyfitter_cfg.c **** 
 392:Generated_Source\PSoC4/cyfitter_cfg.c **** 	/* Perform basic analog initialization to defaults */
 393:Generated_Source\PSoC4/cyfitter_cfg.c **** 	AnalogSetDefault();
 426              		.loc 1 393 0
 427 0178 FFF7FEFF 		bl	AnalogSetDefault
 428              	.LVL30:
 394:Generated_Source\PSoC4/cyfitter_cfg.c **** 
 395:Generated_Source\PSoC4/cyfitter_cfg.c **** }
 429              		.loc 1 395 0
ARM GAS  C:\Users\JANUSD~1\AppData\Local\Temp\ccQtzEA8.s 			page 16


 430              		@ sp needed
 431              	.LVL31:
 432 017c 10BD     		pop	{r4, pc}
 433              	.L17:
 434 017e C046     		.align	2
 435              	.L16:
 436 0180 6CF02E40 		.word	1076818028
 437 0184 00000000 		.word	.LANCHOR0
 438 0188 00000240 		.word	1073872896
 439 018c 00010240 		.word	1073873152
 440 0190 00030240 		.word	1073873664
 441 0194 00500F40 		.word	1074745344
 442 0198 10500F40 		.word	1074745360
 443 019c 30500F40 		.word	1074745392
 444 01a0 38500F40 		.word	1074745400
 445 01a4 00700F40 		.word	1074753536
 446 01a8 08000440 		.word	1074003976
 447 01ac 00010440 		.word	1074004224
 448 01b0 01100300 		.word	200705
 449 01b4 08010440 		.word	1074004232
 450 01b8 18010440 		.word	1074004248
 451 01bc 00030440 		.word	1074004736
 452 01c0 08030440 		.word	1074004744
 453              		.cfi_endproc
 454              	.LFE8:
 455              		.size	cyfitter_cfg, .-cyfitter_cfg
 456              		.section	.rodata
 457              		.align	2
 458              		.set	.LANCHOR0,. + 0
 459              		.type	cfg_memset_list.4916, %object
 460              		.size	cfg_memset_list.4916, 12
 461              	cfg_memset_list.4916:
 462 0000 00300F40 		.word	1074737152
 463 0004 0004     		.short	1024
 464 0006 00400F40 		.4byte	1074741248
 465 000a 0004     		.short	1024
 466              		.type	cy_cfg_data_table.4911, %object
 467              		.size	cy_cfg_data_table.4911, 16
 468              	cy_cfg_data_table.4911:
 469 000c E0       		.byte	-32
 470 000d 02       		.byte	2
 471 000e 02       		.byte	2
 472 000f 10       		.byte	16
 473 0010 86       		.byte	-122
 474 0011 10       		.byte	16
 475 0012 C0       		.byte	-64
 476 0013 10       		.byte	16
 477 0014 E0       		.byte	-32
 478 0015 40       		.byte	64
 479 0016 61       		.byte	97
 480 0017 08       		.byte	8
 481 0018 85       		.byte	-123
 482 0019 08       		.byte	8
 483 001a D8       		.byte	-40
 484 001b 02       		.byte	2
 485              		.type	cy_cfg_addr_table.4910, %object
 486              		.size	cy_cfg_addr_table.4910, 12
ARM GAS  C:\Users\JANUSD~1\AppData\Local\Temp\ccQtzEA8.s 			page 17


 487              	cy_cfg_addr_table.4910:
 488 001c 01330F40 		.word	1074737921
 489 0020 04410F40 		.word	1074741508
 490 0024 03430F40 		.word	1074742019
 491              		.text
 492              	.Letext0:
 493              		.file 2 "c:\\program files (x86)\\cypress\\psoc creator\\4.2\\psoc creator\\import\\gnu\\arm\\5.4.
 494              		.file 3 "Generated_Source\\PSoC4\\cytypes.h"
 495              		.file 4 "Generated_Source\\PSoC4\\CyLFClk.h"
 496              		.file 5 "Generated_Source\\PSoC4\\CyLib.h"
 497              		.section	.debug_info,"",%progbits
 498              	.Ldebug_info0:
 499 0000 4C040000 		.4byte	0x44c
 500 0004 0400     		.2byte	0x4
 501 0006 00000000 		.4byte	.Ldebug_abbrev0
 502 000a 04       		.byte	0x4
 503 000b 01       		.uleb128 0x1
 504 000c AA010000 		.4byte	.LASF44
 505 0010 0C       		.byte	0xc
 506 0011 F8020000 		.4byte	.LASF45
 507 0015 3B000000 		.4byte	.LASF46
 508 0019 00000000 		.4byte	.Ldebug_ranges0+0
 509 001d 00000000 		.4byte	0
 510 0021 00000000 		.4byte	.Ldebug_line0
 511 0025 02       		.uleb128 0x2
 512 0026 04       		.byte	0x4
 513 0027 05       		.byte	0x5
 514 0028 696E7400 		.ascii	"int\000"
 515 002c 03       		.uleb128 0x3
 516 002d 14000000 		.4byte	.LASF12
 517 0031 02       		.byte	0x2
 518 0032 D8       		.byte	0xd8
 519 0033 37000000 		.4byte	0x37
 520 0037 04       		.uleb128 0x4
 521 0038 04       		.byte	0x4
 522 0039 07       		.byte	0x7
 523 003a 71010000 		.4byte	.LASF0
 524 003e 04       		.uleb128 0x4
 525 003f 08       		.byte	0x8
 526 0040 05       		.byte	0x5
 527 0041 6A020000 		.4byte	.LASF1
 528 0045 04       		.uleb128 0x4
 529 0046 08       		.byte	0x8
 530 0047 04       		.byte	0x4
 531 0048 E0020000 		.4byte	.LASF2
 532 004c 04       		.uleb128 0x4
 533 004d 01       		.byte	0x1
 534 004e 06       		.byte	0x6
 535 004f EC020000 		.4byte	.LASF3
 536 0053 04       		.uleb128 0x4
 537 0054 01       		.byte	0x1
 538 0055 08       		.byte	0x8
 539 0056 13010000 		.4byte	.LASF4
 540 005a 04       		.uleb128 0x4
 541 005b 02       		.byte	0x2
 542 005c 05       		.byte	0x5
 543 005d B8020000 		.4byte	.LASF5
ARM GAS  C:\Users\JANUSD~1\AppData\Local\Temp\ccQtzEA8.s 			page 18


 544 0061 04       		.uleb128 0x4
 545 0062 02       		.byte	0x2
 546 0063 07       		.byte	0x7
 547 0064 57020000 		.4byte	.LASF6
 548 0068 04       		.uleb128 0x4
 549 0069 04       		.byte	0x4
 550 006a 05       		.byte	0x5
 551 006b D7020000 		.4byte	.LASF7
 552 006f 04       		.uleb128 0x4
 553 0070 04       		.byte	0x4
 554 0071 07       		.byte	0x7
 555 0072 E0000000 		.4byte	.LASF8
 556 0076 04       		.uleb128 0x4
 557 0077 08       		.byte	0x8
 558 0078 07       		.byte	0x7
 559 0079 93010000 		.4byte	.LASF9
 560 007d 04       		.uleb128 0x4
 561 007e 04       		.byte	0x4
 562 007f 07       		.byte	0x7
 563 0080 4E020000 		.4byte	.LASF10
 564 0084 05       		.uleb128 0x5
 565 0085 04       		.byte	0x4
 566 0086 04       		.uleb128 0x4
 567 0087 01       		.byte	0x1
 568 0088 08       		.byte	0x8
 569 0089 82020000 		.4byte	.LASF11
 570 008d 06       		.uleb128 0x6
 571 008e F2000000 		.4byte	.LASF13
 572 0092 03       		.byte	0x3
 573 0093 E601     		.2byte	0x1e6
 574 0095 53000000 		.4byte	0x53
 575 0099 06       		.uleb128 0x6
 576 009a 58010000 		.4byte	.LASF14
 577 009e 03       		.byte	0x3
 578 009f E701     		.2byte	0x1e7
 579 00a1 61000000 		.4byte	0x61
 580 00a5 06       		.uleb128 0x6
 581 00a6 6A010000 		.4byte	.LASF15
 582 00aa 03       		.byte	0x3
 583 00ab E801     		.2byte	0x1e8
 584 00ad 6F000000 		.4byte	0x6f
 585 00b1 04       		.uleb128 0x4
 586 00b2 04       		.byte	0x4
 587 00b3 04       		.byte	0x4
 588 00b4 A8000000 		.4byte	.LASF16
 589 00b8 04       		.uleb128 0x4
 590 00b9 08       		.byte	0x8
 591 00ba 04       		.byte	0x4
 592 00bb 28010000 		.4byte	.LASF17
 593 00bf 06       		.uleb128 0x6
 594 00c0 DB000000 		.4byte	.LASF18
 595 00c4 03       		.byte	0x3
 596 00c5 9002     		.2byte	0x290
 597 00c7 CB000000 		.4byte	0xcb
 598 00cb 07       		.uleb128 0x7
 599 00cc 8D000000 		.4byte	0x8d
 600 00d0 06       		.uleb128 0x6
ARM GAS  C:\Users\JANUSD~1\AppData\Local\Temp\ccQtzEA8.s 			page 19


 601 00d1 0E000000 		.4byte	.LASF19
 602 00d5 03       		.byte	0x3
 603 00d6 9202     		.2byte	0x292
 604 00d8 DC000000 		.4byte	0xdc
 605 00dc 07       		.uleb128 0x7
 606 00dd A5000000 		.4byte	0xa5
 607 00e1 08       		.uleb128 0x8
 608 00e2 02       		.byte	0x2
 609 00e3 01       		.byte	0x1
 610 00e4 97       		.byte	0x97
 611 00e5 02010000 		.4byte	0x102
 612 00e9 09       		.uleb128 0x9
 613 00ea B1020000 		.4byte	.LASF20
 614 00ee 01       		.byte	0x1
 615 00ef 99       		.byte	0x99
 616 00f0 8D000000 		.4byte	0x8d
 617 00f4 00       		.byte	0
 618 00f5 09       		.uleb128 0x9
 619 00f6 98020000 		.4byte	.LASF21
 620 00fa 01       		.byte	0x1
 621 00fb 9A       		.byte	0x9a
 622 00fc 8D000000 		.4byte	0x8d
 623 0100 01       		.byte	0x1
 624 0101 00       		.byte	0
 625 0102 03       		.uleb128 0x3
 626 0103 9E020000 		.4byte	.LASF22
 627 0107 01       		.byte	0x1
 628 0108 9B       		.byte	0x9b
 629 0109 E1000000 		.4byte	0xe1
 630 010d 0A       		.uleb128 0xa
 631 010e 2F010000 		.4byte	.LASF27
 632 0112 01       		.byte	0x1
 633 0113 AE       		.byte	0xae
 634 0114 00000000 		.4byte	.LFB5
 635 0118 32000000 		.4byte	.LFE5-.LFB5
 636 011c 01       		.uleb128 0x1
 637 011d 9C       		.byte	0x9c
 638 011e 7F010000 		.4byte	0x17f
 639 0122 0B       		.uleb128 0xb
 640 0123 4D010000 		.4byte	.LASF23
 641 0127 01       		.byte	0x1
 642 0128 AE       		.byte	0xae
 643 0129 7F010000 		.4byte	0x17f
 644 012d 01       		.uleb128 0x1
 645 012e 50       		.byte	0x50
 646 012f 0B       		.uleb128 0xb
 647 0130 5F010000 		.4byte	.LASF24
 648 0134 01       		.byte	0x1
 649 0135 AE       		.byte	0xae
 650 0136 8A010000 		.4byte	0x18a
 651 013a 01       		.uleb128 0x1
 652 013b 51       		.byte	0x51
 653 013c 0C       		.uleb128 0xc
 654 013d 6900     		.ascii	"i\000"
 655 013f 01       		.byte	0x1
 656 0140 B1       		.byte	0xb1
 657 0141 A5000000 		.4byte	0xa5
ARM GAS  C:\Users\JANUSD~1\AppData\Local\Temp\ccQtzEA8.s 			page 20


 658 0145 00000000 		.4byte	.LLST0
 659 0149 0C       		.uleb128 0xc
 660 014a 6A00     		.ascii	"j\000"
 661 014c 01       		.byte	0x1
 662 014d B1       		.byte	0xb1
 663 014e A5000000 		.4byte	0xa5
 664 0152 1F000000 		.4byte	.LLST1
 665 0156 0D       		.uleb128 0xd
 666 0157 08000000 		.4byte	.LBB2
 667 015b 22000000 		.4byte	.LBE2-.LBB2
 668 015f 0E       		.uleb128 0xe
 669 0160 45020000 		.4byte	.LASF25
 670 0164 01       		.byte	0x1
 671 0165 B4       		.byte	0xb4
 672 0166 A5000000 		.4byte	0xa5
 673 016a 3E000000 		.4byte	.LLST2
 674 016e 0E       		.uleb128 0xe
 675 016f 73000000 		.4byte	.LASF26
 676 0173 01       		.byte	0x1
 677 0174 B5       		.byte	0xb5
 678 0175 8D000000 		.4byte	0x8d
 679 0179 51000000 		.4byte	.LLST3
 680 017d 00       		.byte	0
 681 017e 00       		.byte	0
 682 017f 0F       		.uleb128 0xf
 683 0180 04       		.byte	0x4
 684 0181 85010000 		.4byte	0x185
 685 0185 10       		.uleb128 0x10
 686 0186 A5000000 		.4byte	0xa5
 687 018a 0F       		.uleb128 0xf
 688 018b 04       		.byte	0x4
 689 018c 90010000 		.4byte	0x190
 690 0190 10       		.uleb128 0x10
 691 0191 02010000 		.4byte	0x102
 692 0195 11       		.uleb128 0x11
 693 0196 1B000000 		.4byte	.LASF47
 694 019a 01       		.byte	0x1
 695 019b 1801     		.2byte	0x118
 696 019d 00000000 		.4byte	.LFB7
 697 01a1 20000000 		.4byte	.LFE7-.LFB7
 698 01a5 01       		.uleb128 0x1
 699 01a6 9C       		.byte	0x9c
 700 01a7 0A       		.uleb128 0xa
 701 01a8 09010000 		.4byte	.LASF28
 702 01ac 01       		.byte	0x1
 703 01ad 4C       		.byte	0x4c
 704 01ae 00000000 		.4byte	.LFB2
 705 01b2 0C000000 		.4byte	.LFE2-.LFB2
 706 01b6 01       		.uleb128 0x1
 707 01b7 9C       		.byte	0x9c
 708 01b8 F4010000 		.4byte	0x1f4
 709 01bc 12       		.uleb128 0x12
 710 01bd 7300     		.ascii	"s\000"
 711 01bf 01       		.byte	0x1
 712 01c0 4C       		.byte	0x4c
 713 01c1 84000000 		.4byte	0x84
 714 01c5 6F000000 		.4byte	.LLST4
ARM GAS  C:\Users\JANUSD~1\AppData\Local\Temp\ccQtzEA8.s 			page 21


 715 01c9 12       		.uleb128 0x12
 716 01ca 6E00     		.ascii	"n\000"
 717 01cc 01       		.byte	0x1
 718 01cd 4C       		.byte	0x4c
 719 01ce 2C000000 		.4byte	0x2c
 720 01d2 90000000 		.4byte	.LLST5
 721 01d6 13       		.uleb128 0x13
 722 01d7 0A000000 		.4byte	.LVL14
 723 01db EE030000 		.4byte	0x3ee
 724 01df 14       		.uleb128 0x14
 725 01e0 01       		.uleb128 0x1
 726 01e1 50       		.byte	0x50
 727 01e2 03       		.uleb128 0x3
 728 01e3 F3       		.byte	0xf3
 729 01e4 01       		.uleb128 0x1
 730 01e5 50       		.byte	0x50
 731 01e6 14       		.uleb128 0x14
 732 01e7 01       		.uleb128 0x1
 733 01e8 51       		.byte	0x51
 734 01e9 01       		.uleb128 0x1
 735 01ea 30       		.byte	0x30
 736 01eb 14       		.uleb128 0x14
 737 01ec 01       		.uleb128 0x1
 738 01ed 52       		.byte	0x52
 739 01ee 03       		.uleb128 0x3
 740 01ef F3       		.byte	0xf3
 741 01f0 01       		.uleb128 0x1
 742 01f1 51       		.byte	0x51
 743 01f2 00       		.byte	0
 744 01f3 00       		.byte	0
 745 01f4 0A       		.uleb128 0xa
 746 01f5 79000000 		.4byte	.LASF29
 747 01f9 01       		.byte	0x1
 748 01fa D3       		.byte	0xd3
 749 01fb 00000000 		.4byte	.LFB6
 750 01ff D8000000 		.4byte	.LFE6-.LFB6
 751 0203 01       		.uleb128 0x1
 752 0204 9C       		.byte	0x9c
 753 0205 9D020000 		.4byte	0x29d
 754 0209 15       		.uleb128 0x15
 755 020a 0C000000 		.4byte	.LVL15
 756 020e F7030000 		.4byte	0x3f7
 757 0212 16       		.uleb128 0x16
 758 0213 12000000 		.4byte	.LVL16
 759 0217 02040000 		.4byte	0x402
 760 021b 29020000 		.4byte	0x229
 761 021f 14       		.uleb128 0x14
 762 0220 01       		.uleb128 0x1
 763 0221 50       		.byte	0x50
 764 0222 05       		.uleb128 0x5
 765 0223 0C       		.byte	0xc
 766 0224 001BB700 		.4byte	0xb71b00
 767 0228 00       		.byte	0
 768 0229 16       		.uleb128 0x16
 769 022a 18000000 		.4byte	.LVL17
 770 022e 0D040000 		.4byte	0x40d
 771 0232 3C020000 		.4byte	0x23c
ARM GAS  C:\Users\JANUSD~1\AppData\Local\Temp\ccQtzEA8.s 			page 22


 772 0236 14       		.uleb128 0x14
 773 0237 01       		.uleb128 0x1
 774 0238 50       		.byte	0x50
 775 0239 01       		.uleb128 0x1
 776 023a 31       		.byte	0x31
 777 023b 00       		.byte	0
 778 023c 16       		.uleb128 0x16
 779 023d 1E000000 		.4byte	.LVL18
 780 0241 18040000 		.4byte	0x418
 781 0245 50020000 		.4byte	0x250
 782 0249 14       		.uleb128 0x14
 783 024a 01       		.uleb128 0x1
 784 024b 50       		.byte	0x50
 785 024c 02       		.uleb128 0x2
 786 024d 08       		.byte	0x8
 787 024e 30       		.byte	0x30
 788 024f 00       		.byte	0
 789 0250 16       		.uleb128 0x16
 790 0251 54000000 		.4byte	.LVL19
 791 0255 23040000 		.4byte	0x423
 792 0259 65020000 		.4byte	0x265
 793 025d 14       		.uleb128 0x14
 794 025e 01       		.uleb128 0x1
 795 025f 50       		.byte	0x50
 796 0260 03       		.uleb128 0x3
 797 0261 0A       		.byte	0xa
 798 0262 D007     		.2byte	0x7d0
 799 0264 00       		.byte	0
 800 0265 16       		.uleb128 0x16
 801 0266 5A000000 		.4byte	.LVL20
 802 026a 2E040000 		.4byte	0x42e
 803 026e 7A020000 		.4byte	0x27a
 804 0272 14       		.uleb128 0x14
 805 0273 01       		.uleb128 0x1
 806 0274 50       		.byte	0x50
 807 0275 03       		.uleb128 0x3
 808 0276 0A       		.byte	0xa
 809 0277 DC05     		.2byte	0x5dc
 810 0279 00       		.byte	0
 811 027a 16       		.uleb128 0x16
 812 027b 86000000 		.4byte	.LVL21
 813 027f 39040000 		.4byte	0x439
 814 0283 8D020000 		.4byte	0x28d
 815 0287 14       		.uleb128 0x14
 816 0288 01       		.uleb128 0x1
 817 0289 50       		.byte	0x50
 818 028a 01       		.uleb128 0x1
 819 028b 38       		.byte	0x38
 820 028c 00       		.byte	0
 821 028d 13       		.uleb128 0x13
 822 028e 8C000000 		.4byte	.LVL22
 823 0292 44040000 		.4byte	0x444
 824 0296 14       		.uleb128 0x14
 825 0297 01       		.uleb128 0x1
 826 0298 50       		.byte	0x50
 827 0299 01       		.uleb128 0x1
 828 029a 38       		.byte	0x38
ARM GAS  C:\Users\JANUSD~1\AppData\Local\Temp\ccQtzEA8.s 			page 23


 829 029b 00       		.byte	0
 830 029c 00       		.byte	0
 831 029d 17       		.uleb128 0x17
 832 029e 7E010000 		.4byte	.LASF48
 833 02a2 01       		.byte	0x1
 834 02a3 3301     		.2byte	0x133
 835 02a5 D8000000 		.4byte	.LFB8
 836 02a9 EC000000 		.4byte	.LFE8-.LFB8
 837 02ad 01       		.uleb128 0x1
 838 02ae 9C       		.byte	0x9c
 839 02af C4030000 		.4byte	0x3c4
 840 02b3 18       		.uleb128 0x18
 841 02b4 E2000000 		.4byte	.LBB3
 842 02b8 6C000000 		.4byte	.LBE3-.LBB3
 843 02bc B1030000 		.4byte	0x3b1
 844 02c0 19       		.uleb128 0x19
 845 02c1 84000000 		.4byte	.LASF30
 846 02c5 01       		.byte	0x1
 847 02c6 3B01     		.2byte	0x13b
 848 02c8 D4030000 		.4byte	0x3d4
 849 02cc 05       		.uleb128 0x5
 850 02cd 03       		.byte	0x3
 851 02ce 1C000000 		.4byte	cy_cfg_addr_table.4910
 852 02d2 19       		.uleb128 0x19
 853 02d3 96000000 		.4byte	.LASF31
 854 02d7 01       		.byte	0x1
 855 02d8 4101     		.2byte	0x141
 856 02da E9030000 		.4byte	0x3e9
 857 02de 05       		.uleb128 0x5
 858 02df 03       		.byte	0x3
 859 02e0 0C000000 		.4byte	cy_cfg_data_table.4911
 860 02e4 1A       		.uleb128 0x1a
 861 02e5 06       		.byte	0x6
 862 02e6 01       		.byte	0x1
 863 02e7 4E01     		.2byte	0x14e
 864 02e9 08030000 		.4byte	0x308
 865 02ed 1B       		.uleb128 0x1b
 866 02ee 8B010000 		.4byte	.LASF32
 867 02f2 01       		.byte	0x1
 868 02f3 4F01     		.2byte	0x14f
 869 02f5 84000000 		.4byte	0x84
 870 02f9 00       		.byte	0
 871 02fa 1B       		.uleb128 0x1b
 872 02fb BE000000 		.4byte	.LASF33
 873 02ff 01       		.byte	0x1
 874 0300 5001     		.2byte	0x150
 875 0302 99000000 		.4byte	0x99
 876 0306 04       		.byte	0x4
 877 0307 00       		.byte	0
 878 0308 06       		.uleb128 0x6
 879 0309 38020000 		.4byte	.LASF34
 880 030d 01       		.byte	0x1
 881 030e 5101     		.2byte	0x151
 882 0310 E4020000 		.4byte	0x2e4
 883 0314 1C       		.uleb128 0x1c
 884 0315 24030000 		.4byte	0x324
 885 0319 24030000 		.4byte	0x324
ARM GAS  C:\Users\JANUSD~1\AppData\Local\Temp\ccQtzEA8.s 			page 24


 886 031d 1D       		.uleb128 0x1d
 887 031e 7D000000 		.4byte	0x7d
 888 0322 01       		.byte	0x1
 889 0323 00       		.byte	0
 890 0324 10       		.uleb128 0x10
 891 0325 08030000 		.4byte	0x308
 892 0329 19       		.uleb128 0x19
 893 032a AE000000 		.4byte	.LASF35
 894 032e 01       		.byte	0x1
 895 032f 5301     		.2byte	0x153
 896 0331 3B030000 		.4byte	0x33b
 897 0335 05       		.uleb128 0x5
 898 0336 03       		.byte	0x3
 899 0337 00000000 		.4byte	cfg_memset_list.4916
 900 033b 10       		.uleb128 0x10
 901 033c 14030000 		.4byte	0x314
 902 0340 1E       		.uleb128 0x1e
 903 0341 6900     		.ascii	"i\000"
 904 0343 01       		.byte	0x1
 905 0344 5901     		.2byte	0x159
 906 0346 8D000000 		.4byte	0x8d
 907 034a BC000000 		.4byte	.LLST6
 908 034e 18       		.uleb128 0x18
 909 034f E6000000 		.4byte	.LBB4
 910 0353 1C000000 		.4byte	.LBE4-.LBB4
 911 0357 94030000 		.4byte	0x394
 912 035b 1E       		.uleb128 0x1e
 913 035c 6D7300   		.ascii	"ms\000"
 914 035f 01       		.byte	0x1
 915 0360 5E01     		.2byte	0x15e
 916 0362 6A030000 		.4byte	0x36a
 917 0366 E6000000 		.4byte	.LLST7
 918 036a 0F       		.uleb128 0xf
 919 036b 04       		.byte	0x4
 920 036c 24030000 		.4byte	0x324
 921 0370 13       		.uleb128 0x13
 922 0371 02010000 		.4byte	.LVL25
 923 0375 A7010000 		.4byte	0x1a7
 924 0379 14       		.uleb128 0x14
 925 037a 01       		.uleb128 0x1
 926 037b 51       		.byte	0x51
 927 037c 15       		.uleb128 0x15
 928 037d 74       		.byte	0x74
 929 037e 00       		.sleb128 0
 930 037f 31       		.byte	0x31
 931 0380 24       		.byte	0x24
 932 0381 74       		.byte	0x74
 933 0382 00       		.sleb128 0
 934 0383 22       		.byte	0x22
 935 0384 31       		.byte	0x31
 936 0385 24       		.byte	0x24
 937 0386 03       		.byte	0x3
 938 0387 04000000 		.4byte	.LANCHOR0+4
 939 038b 22       		.byte	0x22
 940 038c 94       		.byte	0x94
 941 038d 02       		.byte	0x2
 942 038e 0A       		.byte	0xa
ARM GAS  C:\Users\JANUSD~1\AppData\Local\Temp\ccQtzEA8.s 			page 25


 943 038f FFFF     		.2byte	0xffff
 944 0391 1A       		.byte	0x1a
 945 0392 00       		.byte	0
 946 0393 00       		.byte	0
 947 0394 13       		.uleb128 0x13
 948 0395 16010000 		.4byte	.LVL28
 949 0399 0D010000 		.4byte	0x10d
 950 039d 14       		.uleb128 0x14
 951 039e 01       		.uleb128 0x1
 952 039f 50       		.byte	0x50
 953 03a0 05       		.uleb128 0x5
 954 03a1 03       		.byte	0x3
 955 03a2 1C000000 		.4byte	.LANCHOR0+28
 956 03a6 14       		.uleb128 0x14
 957 03a7 01       		.uleb128 0x1
 958 03a8 51       		.byte	0x51
 959 03a9 05       		.uleb128 0x5
 960 03aa 03       		.byte	0x3
 961 03ab 0C000000 		.4byte	.LANCHOR0+12
 962 03af 00       		.byte	0
 963 03b0 00       		.byte	0
 964 03b1 15       		.uleb128 0x15
 965 03b2 78010000 		.4byte	.LVL29
 966 03b6 F4010000 		.4byte	0x1f4
 967 03ba 15       		.uleb128 0x15
 968 03bb 7C010000 		.4byte	.LVL30
 969 03bf 95010000 		.4byte	0x195
 970 03c3 00       		.byte	0
 971 03c4 1C       		.uleb128 0x1c
 972 03c5 85010000 		.4byte	0x185
 973 03c9 D4030000 		.4byte	0x3d4
 974 03cd 1D       		.uleb128 0x1d
 975 03ce 7D000000 		.4byte	0x7d
 976 03d2 02       		.byte	0x2
 977 03d3 00       		.byte	0
 978 03d4 10       		.uleb128 0x10
 979 03d5 C4030000 		.4byte	0x3c4
 980 03d9 1C       		.uleb128 0x1c
 981 03da 90010000 		.4byte	0x190
 982 03de E9030000 		.4byte	0x3e9
 983 03e2 1D       		.uleb128 0x1d
 984 03e3 7D000000 		.4byte	0x7d
 985 03e7 07       		.byte	0x7
 986 03e8 00       		.byte	0
 987 03e9 10       		.uleb128 0x10
 988 03ea D9030000 		.4byte	0x3d9
 989 03ee 1F       		.uleb128 0x1f
 990 03ef 21010000 		.4byte	.LASF49
 991 03f3 21010000 		.4byte	.LASF49
 992 03f7 20       		.uleb128 0x20
 993 03f8 F8000000 		.4byte	.LASF36
 994 03fc F8000000 		.4byte	.LASF36
 995 0400 04       		.byte	0x4
 996 0401 4E       		.byte	0x4e
 997 0402 20       		.uleb128 0x20
 998 0403 00000000 		.4byte	.LASF37
 999 0407 00000000 		.4byte	.LASF37
ARM GAS  C:\Users\JANUSD~1\AppData\Local\Temp\ccQtzEA8.s 			page 26


 1000 040b 05       		.byte	0x5
 1001 040c DC       		.byte	0xdc
 1002 040d 20       		.uleb128 0x20
 1003 040e C3000000 		.4byte	.LASF38
 1004 0412 C3000000 		.4byte	.LASF38
 1005 0416 04       		.byte	0x4
 1006 0417 50       		.byte	0x50
 1007 0418 20       		.uleb128 0x20
 1008 0419 C2020000 		.4byte	.LASF39
 1009 041d C2020000 		.4byte	.LASF39
 1010 0421 05       		.byte	0x5
 1011 0422 6C       		.byte	0x6c
 1012 0423 20       		.uleb128 0x20
 1013 0424 87020000 		.4byte	.LASF40
 1014 0428 87020000 		.4byte	.LASF40
 1015 042c 05       		.byte	0x5
 1016 042d 84       		.byte	0x84
 1017 042e 20       		.uleb128 0x20
 1018 042f 78020000 		.4byte	.LASF41
 1019 0433 78020000 		.4byte	.LASF41
 1020 0437 05       		.byte	0x5
 1021 0438 DA       		.byte	0xda
 1022 0439 20       		.uleb128 0x20
 1023 043a 2C000000 		.4byte	.LASF42
 1024 043e 2C000000 		.4byte	.LASF42
 1025 0442 05       		.byte	0x5
 1026 0443 BD       		.byte	0xbd
 1027 0444 20       		.uleb128 0x20
 1028 0445 41010000 		.4byte	.LASF43
 1029 0449 41010000 		.4byte	.LASF43
 1030 044d 05       		.byte	0x5
 1031 044e C3       		.byte	0xc3
 1032 044f 00       		.byte	0
 1033              		.section	.debug_abbrev,"",%progbits
 1034              	.Ldebug_abbrev0:
 1035 0000 01       		.uleb128 0x1
 1036 0001 11       		.uleb128 0x11
 1037 0002 01       		.byte	0x1
 1038 0003 25       		.uleb128 0x25
 1039 0004 0E       		.uleb128 0xe
 1040 0005 13       		.uleb128 0x13
 1041 0006 0B       		.uleb128 0xb
 1042 0007 03       		.uleb128 0x3
 1043 0008 0E       		.uleb128 0xe
 1044 0009 1B       		.uleb128 0x1b
 1045 000a 0E       		.uleb128 0xe
 1046 000b 55       		.uleb128 0x55
 1047 000c 17       		.uleb128 0x17
 1048 000d 11       		.uleb128 0x11
 1049 000e 01       		.uleb128 0x1
 1050 000f 10       		.uleb128 0x10
 1051 0010 17       		.uleb128 0x17
 1052 0011 00       		.byte	0
 1053 0012 00       		.byte	0
 1054 0013 02       		.uleb128 0x2
 1055 0014 24       		.uleb128 0x24
 1056 0015 00       		.byte	0
ARM GAS  C:\Users\JANUSD~1\AppData\Local\Temp\ccQtzEA8.s 			page 27


 1057 0016 0B       		.uleb128 0xb
 1058 0017 0B       		.uleb128 0xb
 1059 0018 3E       		.uleb128 0x3e
 1060 0019 0B       		.uleb128 0xb
 1061 001a 03       		.uleb128 0x3
 1062 001b 08       		.uleb128 0x8
 1063 001c 00       		.byte	0
 1064 001d 00       		.byte	0
 1065 001e 03       		.uleb128 0x3
 1066 001f 16       		.uleb128 0x16
 1067 0020 00       		.byte	0
 1068 0021 03       		.uleb128 0x3
 1069 0022 0E       		.uleb128 0xe
 1070 0023 3A       		.uleb128 0x3a
 1071 0024 0B       		.uleb128 0xb
 1072 0025 3B       		.uleb128 0x3b
 1073 0026 0B       		.uleb128 0xb
 1074 0027 49       		.uleb128 0x49
 1075 0028 13       		.uleb128 0x13
 1076 0029 00       		.byte	0
 1077 002a 00       		.byte	0
 1078 002b 04       		.uleb128 0x4
 1079 002c 24       		.uleb128 0x24
 1080 002d 00       		.byte	0
 1081 002e 0B       		.uleb128 0xb
 1082 002f 0B       		.uleb128 0xb
 1083 0030 3E       		.uleb128 0x3e
 1084 0031 0B       		.uleb128 0xb
 1085 0032 03       		.uleb128 0x3
 1086 0033 0E       		.uleb128 0xe
 1087 0034 00       		.byte	0
 1088 0035 00       		.byte	0
 1089 0036 05       		.uleb128 0x5
 1090 0037 0F       		.uleb128 0xf
 1091 0038 00       		.byte	0
 1092 0039 0B       		.uleb128 0xb
 1093 003a 0B       		.uleb128 0xb
 1094 003b 00       		.byte	0
 1095 003c 00       		.byte	0
 1096 003d 06       		.uleb128 0x6
 1097 003e 16       		.uleb128 0x16
 1098 003f 00       		.byte	0
 1099 0040 03       		.uleb128 0x3
 1100 0041 0E       		.uleb128 0xe
 1101 0042 3A       		.uleb128 0x3a
 1102 0043 0B       		.uleb128 0xb
 1103 0044 3B       		.uleb128 0x3b
 1104 0045 05       		.uleb128 0x5
 1105 0046 49       		.uleb128 0x49
 1106 0047 13       		.uleb128 0x13
 1107 0048 00       		.byte	0
 1108 0049 00       		.byte	0
 1109 004a 07       		.uleb128 0x7
 1110 004b 35       		.uleb128 0x35
 1111 004c 00       		.byte	0
 1112 004d 49       		.uleb128 0x49
 1113 004e 13       		.uleb128 0x13
ARM GAS  C:\Users\JANUSD~1\AppData\Local\Temp\ccQtzEA8.s 			page 28


 1114 004f 00       		.byte	0
 1115 0050 00       		.byte	0
 1116 0051 08       		.uleb128 0x8
 1117 0052 13       		.uleb128 0x13
 1118 0053 01       		.byte	0x1
 1119 0054 0B       		.uleb128 0xb
 1120 0055 0B       		.uleb128 0xb
 1121 0056 3A       		.uleb128 0x3a
 1122 0057 0B       		.uleb128 0xb
 1123 0058 3B       		.uleb128 0x3b
 1124 0059 0B       		.uleb128 0xb
 1125 005a 01       		.uleb128 0x1
 1126 005b 13       		.uleb128 0x13
 1127 005c 00       		.byte	0
 1128 005d 00       		.byte	0
 1129 005e 09       		.uleb128 0x9
 1130 005f 0D       		.uleb128 0xd
 1131 0060 00       		.byte	0
 1132 0061 03       		.uleb128 0x3
 1133 0062 0E       		.uleb128 0xe
 1134 0063 3A       		.uleb128 0x3a
 1135 0064 0B       		.uleb128 0xb
 1136 0065 3B       		.uleb128 0x3b
 1137 0066 0B       		.uleb128 0xb
 1138 0067 49       		.uleb128 0x49
 1139 0068 13       		.uleb128 0x13
 1140 0069 38       		.uleb128 0x38
 1141 006a 0B       		.uleb128 0xb
 1142 006b 00       		.byte	0
 1143 006c 00       		.byte	0
 1144 006d 0A       		.uleb128 0xa
 1145 006e 2E       		.uleb128 0x2e
 1146 006f 01       		.byte	0x1
 1147 0070 03       		.uleb128 0x3
 1148 0071 0E       		.uleb128 0xe
 1149 0072 3A       		.uleb128 0x3a
 1150 0073 0B       		.uleb128 0xb
 1151 0074 3B       		.uleb128 0x3b
 1152 0075 0B       		.uleb128 0xb
 1153 0076 27       		.uleb128 0x27
 1154 0077 19       		.uleb128 0x19
 1155 0078 11       		.uleb128 0x11
 1156 0079 01       		.uleb128 0x1
 1157 007a 12       		.uleb128 0x12
 1158 007b 06       		.uleb128 0x6
 1159 007c 40       		.uleb128 0x40
 1160 007d 18       		.uleb128 0x18
 1161 007e 9742     		.uleb128 0x2117
 1162 0080 19       		.uleb128 0x19
 1163 0081 01       		.uleb128 0x1
 1164 0082 13       		.uleb128 0x13
 1165 0083 00       		.byte	0
 1166 0084 00       		.byte	0
 1167 0085 0B       		.uleb128 0xb
 1168 0086 05       		.uleb128 0x5
 1169 0087 00       		.byte	0
 1170 0088 03       		.uleb128 0x3
ARM GAS  C:\Users\JANUSD~1\AppData\Local\Temp\ccQtzEA8.s 			page 29


 1171 0089 0E       		.uleb128 0xe
 1172 008a 3A       		.uleb128 0x3a
 1173 008b 0B       		.uleb128 0xb
 1174 008c 3B       		.uleb128 0x3b
 1175 008d 0B       		.uleb128 0xb
 1176 008e 49       		.uleb128 0x49
 1177 008f 13       		.uleb128 0x13
 1178 0090 02       		.uleb128 0x2
 1179 0091 18       		.uleb128 0x18
 1180 0092 00       		.byte	0
 1181 0093 00       		.byte	0
 1182 0094 0C       		.uleb128 0xc
 1183 0095 34       		.uleb128 0x34
 1184 0096 00       		.byte	0
 1185 0097 03       		.uleb128 0x3
 1186 0098 08       		.uleb128 0x8
 1187 0099 3A       		.uleb128 0x3a
 1188 009a 0B       		.uleb128 0xb
 1189 009b 3B       		.uleb128 0x3b
 1190 009c 0B       		.uleb128 0xb
 1191 009d 49       		.uleb128 0x49
 1192 009e 13       		.uleb128 0x13
 1193 009f 02       		.uleb128 0x2
 1194 00a0 17       		.uleb128 0x17
 1195 00a1 00       		.byte	0
 1196 00a2 00       		.byte	0
 1197 00a3 0D       		.uleb128 0xd
 1198 00a4 0B       		.uleb128 0xb
 1199 00a5 01       		.byte	0x1
 1200 00a6 11       		.uleb128 0x11
 1201 00a7 01       		.uleb128 0x1
 1202 00a8 12       		.uleb128 0x12
 1203 00a9 06       		.uleb128 0x6
 1204 00aa 00       		.byte	0
 1205 00ab 00       		.byte	0
 1206 00ac 0E       		.uleb128 0xe
 1207 00ad 34       		.uleb128 0x34
 1208 00ae 00       		.byte	0
 1209 00af 03       		.uleb128 0x3
 1210 00b0 0E       		.uleb128 0xe
 1211 00b1 3A       		.uleb128 0x3a
 1212 00b2 0B       		.uleb128 0xb
 1213 00b3 3B       		.uleb128 0x3b
 1214 00b4 0B       		.uleb128 0xb
 1215 00b5 49       		.uleb128 0x49
 1216 00b6 13       		.uleb128 0x13
 1217 00b7 02       		.uleb128 0x2
 1218 00b8 17       		.uleb128 0x17
 1219 00b9 00       		.byte	0
 1220 00ba 00       		.byte	0
 1221 00bb 0F       		.uleb128 0xf
 1222 00bc 0F       		.uleb128 0xf
 1223 00bd 00       		.byte	0
 1224 00be 0B       		.uleb128 0xb
 1225 00bf 0B       		.uleb128 0xb
 1226 00c0 49       		.uleb128 0x49
 1227 00c1 13       		.uleb128 0x13
ARM GAS  C:\Users\JANUSD~1\AppData\Local\Temp\ccQtzEA8.s 			page 30


 1228 00c2 00       		.byte	0
 1229 00c3 00       		.byte	0
 1230 00c4 10       		.uleb128 0x10
 1231 00c5 26       		.uleb128 0x26
 1232 00c6 00       		.byte	0
 1233 00c7 49       		.uleb128 0x49
 1234 00c8 13       		.uleb128 0x13
 1235 00c9 00       		.byte	0
 1236 00ca 00       		.byte	0
 1237 00cb 11       		.uleb128 0x11
 1238 00cc 2E       		.uleb128 0x2e
 1239 00cd 00       		.byte	0
 1240 00ce 03       		.uleb128 0x3
 1241 00cf 0E       		.uleb128 0xe
 1242 00d0 3A       		.uleb128 0x3a
 1243 00d1 0B       		.uleb128 0xb
 1244 00d2 3B       		.uleb128 0x3b
 1245 00d3 05       		.uleb128 0x5
 1246 00d4 27       		.uleb128 0x27
 1247 00d5 19       		.uleb128 0x19
 1248 00d6 11       		.uleb128 0x11
 1249 00d7 01       		.uleb128 0x1
 1250 00d8 12       		.uleb128 0x12
 1251 00d9 06       		.uleb128 0x6
 1252 00da 40       		.uleb128 0x40
 1253 00db 18       		.uleb128 0x18
 1254 00dc 9742     		.uleb128 0x2117
 1255 00de 19       		.uleb128 0x19
 1256 00df 00       		.byte	0
 1257 00e0 00       		.byte	0
 1258 00e1 12       		.uleb128 0x12
 1259 00e2 05       		.uleb128 0x5
 1260 00e3 00       		.byte	0
 1261 00e4 03       		.uleb128 0x3
 1262 00e5 08       		.uleb128 0x8
 1263 00e6 3A       		.uleb128 0x3a
 1264 00e7 0B       		.uleb128 0xb
 1265 00e8 3B       		.uleb128 0x3b
 1266 00e9 0B       		.uleb128 0xb
 1267 00ea 49       		.uleb128 0x49
 1268 00eb 13       		.uleb128 0x13
 1269 00ec 02       		.uleb128 0x2
 1270 00ed 17       		.uleb128 0x17
 1271 00ee 00       		.byte	0
 1272 00ef 00       		.byte	0
 1273 00f0 13       		.uleb128 0x13
 1274 00f1 898201   		.uleb128 0x4109
 1275 00f4 01       		.byte	0x1
 1276 00f5 11       		.uleb128 0x11
 1277 00f6 01       		.uleb128 0x1
 1278 00f7 31       		.uleb128 0x31
 1279 00f8 13       		.uleb128 0x13
 1280 00f9 00       		.byte	0
 1281 00fa 00       		.byte	0
 1282 00fb 14       		.uleb128 0x14
 1283 00fc 8A8201   		.uleb128 0x410a
 1284 00ff 00       		.byte	0
ARM GAS  C:\Users\JANUSD~1\AppData\Local\Temp\ccQtzEA8.s 			page 31


 1285 0100 02       		.uleb128 0x2
 1286 0101 18       		.uleb128 0x18
 1287 0102 9142     		.uleb128 0x2111
 1288 0104 18       		.uleb128 0x18
 1289 0105 00       		.byte	0
 1290 0106 00       		.byte	0
 1291 0107 15       		.uleb128 0x15
 1292 0108 898201   		.uleb128 0x4109
 1293 010b 00       		.byte	0
 1294 010c 11       		.uleb128 0x11
 1295 010d 01       		.uleb128 0x1
 1296 010e 31       		.uleb128 0x31
 1297 010f 13       		.uleb128 0x13
 1298 0110 00       		.byte	0
 1299 0111 00       		.byte	0
 1300 0112 16       		.uleb128 0x16
 1301 0113 898201   		.uleb128 0x4109
 1302 0116 01       		.byte	0x1
 1303 0117 11       		.uleb128 0x11
 1304 0118 01       		.uleb128 0x1
 1305 0119 31       		.uleb128 0x31
 1306 011a 13       		.uleb128 0x13
 1307 011b 01       		.uleb128 0x1
 1308 011c 13       		.uleb128 0x13
 1309 011d 00       		.byte	0
 1310 011e 00       		.byte	0
 1311 011f 17       		.uleb128 0x17
 1312 0120 2E       		.uleb128 0x2e
 1313 0121 01       		.byte	0x1
 1314 0122 3F       		.uleb128 0x3f
 1315 0123 19       		.uleb128 0x19
 1316 0124 03       		.uleb128 0x3
 1317 0125 0E       		.uleb128 0xe
 1318 0126 3A       		.uleb128 0x3a
 1319 0127 0B       		.uleb128 0xb
 1320 0128 3B       		.uleb128 0x3b
 1321 0129 05       		.uleb128 0x5
 1322 012a 27       		.uleb128 0x27
 1323 012b 19       		.uleb128 0x19
 1324 012c 11       		.uleb128 0x11
 1325 012d 01       		.uleb128 0x1
 1326 012e 12       		.uleb128 0x12
 1327 012f 06       		.uleb128 0x6
 1328 0130 40       		.uleb128 0x40
 1329 0131 18       		.uleb128 0x18
 1330 0132 9742     		.uleb128 0x2117
 1331 0134 19       		.uleb128 0x19
 1332 0135 01       		.uleb128 0x1
 1333 0136 13       		.uleb128 0x13
 1334 0137 00       		.byte	0
 1335 0138 00       		.byte	0
 1336 0139 18       		.uleb128 0x18
 1337 013a 0B       		.uleb128 0xb
 1338 013b 01       		.byte	0x1
 1339 013c 11       		.uleb128 0x11
 1340 013d 01       		.uleb128 0x1
 1341 013e 12       		.uleb128 0x12
ARM GAS  C:\Users\JANUSD~1\AppData\Local\Temp\ccQtzEA8.s 			page 32


 1342 013f 06       		.uleb128 0x6
 1343 0140 01       		.uleb128 0x1
 1344 0141 13       		.uleb128 0x13
 1345 0142 00       		.byte	0
 1346 0143 00       		.byte	0
 1347 0144 19       		.uleb128 0x19
 1348 0145 34       		.uleb128 0x34
 1349 0146 00       		.byte	0
 1350 0147 03       		.uleb128 0x3
 1351 0148 0E       		.uleb128 0xe
 1352 0149 3A       		.uleb128 0x3a
 1353 014a 0B       		.uleb128 0xb
 1354 014b 3B       		.uleb128 0x3b
 1355 014c 05       		.uleb128 0x5
 1356 014d 49       		.uleb128 0x49
 1357 014e 13       		.uleb128 0x13
 1358 014f 02       		.uleb128 0x2
 1359 0150 18       		.uleb128 0x18
 1360 0151 00       		.byte	0
 1361 0152 00       		.byte	0
 1362 0153 1A       		.uleb128 0x1a
 1363 0154 13       		.uleb128 0x13
 1364 0155 01       		.byte	0x1
 1365 0156 0B       		.uleb128 0xb
 1366 0157 0B       		.uleb128 0xb
 1367 0158 3A       		.uleb128 0x3a
 1368 0159 0B       		.uleb128 0xb
 1369 015a 3B       		.uleb128 0x3b
 1370 015b 05       		.uleb128 0x5
 1371 015c 01       		.uleb128 0x1
 1372 015d 13       		.uleb128 0x13
 1373 015e 00       		.byte	0
 1374 015f 00       		.byte	0
 1375 0160 1B       		.uleb128 0x1b
 1376 0161 0D       		.uleb128 0xd
 1377 0162 00       		.byte	0
 1378 0163 03       		.uleb128 0x3
 1379 0164 0E       		.uleb128 0xe
 1380 0165 3A       		.uleb128 0x3a
 1381 0166 0B       		.uleb128 0xb
 1382 0167 3B       		.uleb128 0x3b
 1383 0168 05       		.uleb128 0x5
 1384 0169 49       		.uleb128 0x49
 1385 016a 13       		.uleb128 0x13
 1386 016b 38       		.uleb128 0x38
 1387 016c 0B       		.uleb128 0xb
 1388 016d 00       		.byte	0
 1389 016e 00       		.byte	0
 1390 016f 1C       		.uleb128 0x1c
 1391 0170 01       		.uleb128 0x1
 1392 0171 01       		.byte	0x1
 1393 0172 49       		.uleb128 0x49
 1394 0173 13       		.uleb128 0x13
 1395 0174 01       		.uleb128 0x1
 1396 0175 13       		.uleb128 0x13
 1397 0176 00       		.byte	0
 1398 0177 00       		.byte	0
ARM GAS  C:\Users\JANUSD~1\AppData\Local\Temp\ccQtzEA8.s 			page 33


 1399 0178 1D       		.uleb128 0x1d
 1400 0179 21       		.uleb128 0x21
 1401 017a 00       		.byte	0
 1402 017b 49       		.uleb128 0x49
 1403 017c 13       		.uleb128 0x13
 1404 017d 2F       		.uleb128 0x2f
 1405 017e 0B       		.uleb128 0xb
 1406 017f 00       		.byte	0
 1407 0180 00       		.byte	0
 1408 0181 1E       		.uleb128 0x1e
 1409 0182 34       		.uleb128 0x34
 1410 0183 00       		.byte	0
 1411 0184 03       		.uleb128 0x3
 1412 0185 08       		.uleb128 0x8
 1413 0186 3A       		.uleb128 0x3a
 1414 0187 0B       		.uleb128 0xb
 1415 0188 3B       		.uleb128 0x3b
 1416 0189 05       		.uleb128 0x5
 1417 018a 49       		.uleb128 0x49
 1418 018b 13       		.uleb128 0x13
 1419 018c 02       		.uleb128 0x2
 1420 018d 17       		.uleb128 0x17
 1421 018e 00       		.byte	0
 1422 018f 00       		.byte	0
 1423 0190 1F       		.uleb128 0x1f
 1424 0191 2E       		.uleb128 0x2e
 1425 0192 00       		.byte	0
 1426 0193 3F       		.uleb128 0x3f
 1427 0194 19       		.uleb128 0x19
 1428 0195 3C       		.uleb128 0x3c
 1429 0196 19       		.uleb128 0x19
 1430 0197 6E       		.uleb128 0x6e
 1431 0198 0E       		.uleb128 0xe
 1432 0199 03       		.uleb128 0x3
 1433 019a 0E       		.uleb128 0xe
 1434 019b 00       		.byte	0
 1435 019c 00       		.byte	0
 1436 019d 20       		.uleb128 0x20
 1437 019e 2E       		.uleb128 0x2e
 1438 019f 00       		.byte	0
 1439 01a0 3F       		.uleb128 0x3f
 1440 01a1 19       		.uleb128 0x19
 1441 01a2 3C       		.uleb128 0x3c
 1442 01a3 19       		.uleb128 0x19
 1443 01a4 6E       		.uleb128 0x6e
 1444 01a5 0E       		.uleb128 0xe
 1445 01a6 03       		.uleb128 0x3
 1446 01a7 0E       		.uleb128 0xe
 1447 01a8 3A       		.uleb128 0x3a
 1448 01a9 0B       		.uleb128 0xb
 1449 01aa 3B       		.uleb128 0x3b
 1450 01ab 0B       		.uleb128 0xb
 1451 01ac 00       		.byte	0
 1452 01ad 00       		.byte	0
 1453 01ae 00       		.byte	0
 1454              		.section	.debug_loc,"",%progbits
 1455              	.Ldebug_loc0:
ARM GAS  C:\Users\JANUSD~1\AppData\Local\Temp\ccQtzEA8.s 			page 34


 1456              	.LLST0:
 1457 0000 02000000 		.4byte	.LVL1
 1458 0004 08000000 		.4byte	.LVL2
 1459 0008 0200     		.2byte	0x2
 1460 000a 30       		.byte	0x30
 1461 000b 9F       		.byte	0x9f
 1462 000c 08000000 		.4byte	.LVL2
 1463 0010 30000000 		.4byte	.LVL11
 1464 0014 0100     		.2byte	0x1
 1465 0016 57       		.byte	0x57
 1466 0017 00000000 		.4byte	0
 1467 001b 00000000 		.4byte	0
 1468              	.LLST1:
 1469 001f 02000000 		.4byte	.LVL1
 1470 0023 08000000 		.4byte	.LVL2
 1471 0027 0200     		.2byte	0x2
 1472 0029 30       		.byte	0x30
 1473 002a 9F       		.byte	0x9f
 1474 002b 08000000 		.4byte	.LVL2
 1475 002f 30000000 		.4byte	.LVL10
 1476 0033 0100     		.2byte	0x1
 1477 0035 55       		.byte	0x55
 1478 0036 00000000 		.4byte	0
 1479 003a 00000000 		.4byte	0
 1480              	.LLST2:
 1481 003e 0C000000 		.4byte	.LVL3
 1482 0042 2C000000 		.4byte	.LVL9
 1483 0046 0100     		.2byte	0x1
 1484 0048 56       		.byte	0x56
 1485 0049 00000000 		.4byte	0
 1486 004d 00000000 		.4byte	0
 1487              	.LLST3:
 1488 0051 0E000000 		.4byte	.LVL4
 1489 0055 24000000 		.4byte	.LVL7
 1490 0059 0100     		.2byte	0x1
 1491 005b 53       		.byte	0x53
 1492 005c 26000000 		.4byte	.LVL8
 1493 0060 2C000000 		.4byte	.LVL9
 1494 0064 0100     		.2byte	0x1
 1495 0066 53       		.byte	0x53
 1496 0067 00000000 		.4byte	0
 1497 006b 00000000 		.4byte	0
 1498              	.LLST4:
 1499 006f 00000000 		.4byte	.LVL12
 1500 0073 09000000 		.4byte	.LVL14-1
 1501 0077 0100     		.2byte	0x1
 1502 0079 50       		.byte	0x50
 1503 007a 09000000 		.4byte	.LVL14-1
 1504 007e 0C000000 		.4byte	.LFE2
 1505 0082 0400     		.2byte	0x4
 1506 0084 F3       		.byte	0xf3
 1507 0085 01       		.uleb128 0x1
 1508 0086 50       		.byte	0x50
 1509 0087 9F       		.byte	0x9f
 1510 0088 00000000 		.4byte	0
 1511 008c 00000000 		.4byte	0
 1512              	.LLST5:
ARM GAS  C:\Users\JANUSD~1\AppData\Local\Temp\ccQtzEA8.s 			page 35


 1513 0090 00000000 		.4byte	.LVL12
 1514 0094 06000000 		.4byte	.LVL13
 1515 0098 0100     		.2byte	0x1
 1516 009a 51       		.byte	0x51
 1517 009b 06000000 		.4byte	.LVL13
 1518 009f 09000000 		.4byte	.LVL14-1
 1519 00a3 0100     		.2byte	0x1
 1520 00a5 52       		.byte	0x52
 1521 00a6 09000000 		.4byte	.LVL14-1
 1522 00aa 0C000000 		.4byte	.LFE2
 1523 00ae 0400     		.2byte	0x4
 1524 00b0 F3       		.byte	0xf3
 1525 00b1 01       		.uleb128 0x1
 1526 00b2 51       		.byte	0x51
 1527 00b3 9F       		.byte	0x9f
 1528 00b4 00000000 		.4byte	0
 1529 00b8 00000000 		.4byte	0
 1530              	.LLST6:
 1531 00bc E2000000 		.4byte	.LVL23
 1532 00c0 E6000000 		.4byte	.LVL24
 1533 00c4 0200     		.2byte	0x2
 1534 00c6 30       		.byte	0x30
 1535 00c7 9F       		.byte	0x9f
 1536 00c8 E6000000 		.4byte	.LVL24
 1537 00cc 04010000 		.4byte	.LVL26
 1538 00d0 0100     		.2byte	0x1
 1539 00d2 54       		.byte	0x54
 1540 00d3 06010000 		.4byte	.LVL27
 1541 00d7 7C010000 		.4byte	.LVL31
 1542 00db 0100     		.2byte	0x1
 1543 00dd 54       		.byte	0x54
 1544 00de 00000000 		.4byte	0
 1545 00e2 00000000 		.4byte	0
 1546              	.LLST7:
 1547 00e6 E6000000 		.4byte	.LVL24
 1548 00ea 04010000 		.4byte	.LVL26
 1549 00ee 0B00     		.2byte	0xb
 1550 00f0 74       		.byte	0x74
 1551 00f1 00       		.sleb128 0
 1552 00f2 36       		.byte	0x36
 1553 00f3 1E       		.byte	0x1e
 1554 00f4 03       		.byte	0x3
 1555 00f5 00000000 		.4byte	cfg_memset_list.4916
 1556 00f9 22       		.byte	0x22
 1557 00fa 9F       		.byte	0x9f
 1558 00fb 04010000 		.4byte	.LVL26
 1559 00ff 06010000 		.4byte	.LVL27
 1560 0103 0B00     		.2byte	0xb
 1561 0105 74       		.byte	0x74
 1562 0106 7F       		.sleb128 -1
 1563 0107 36       		.byte	0x36
 1564 0108 1E       		.byte	0x1e
 1565 0109 03       		.byte	0x3
 1566 010a 00000000 		.4byte	cfg_memset_list.4916
 1567 010e 22       		.byte	0x22
 1568 010f 9F       		.byte	0x9f
 1569 0110 00000000 		.4byte	0
ARM GAS  C:\Users\JANUSD~1\AppData\Local\Temp\ccQtzEA8.s 			page 36


 1570 0114 00000000 		.4byte	0
 1571              		.section	.debug_aranges,"",%progbits
 1572 0000 3C000000 		.4byte	0x3c
 1573 0004 0200     		.2byte	0x2
 1574 0006 00000000 		.4byte	.Ldebug_info0
 1575 000a 04       		.byte	0x4
 1576 000b 00       		.byte	0
 1577 000c 0000     		.2byte	0
 1578 000e 0000     		.2byte	0
 1579 0010 00000000 		.4byte	.LFB5
 1580 0014 32000000 		.4byte	.LFE5-.LFB5
 1581 0018 00000000 		.4byte	.LFB7
 1582 001c 20000000 		.4byte	.LFE7-.LFB7
 1583 0020 00000000 		.4byte	.LFB2
 1584 0024 0C000000 		.4byte	.LFE2-.LFB2
 1585 0028 00000000 		.4byte	.LFB6
 1586 002c D8000000 		.4byte	.LFE6-.LFB6
 1587 0030 D8000000 		.4byte	.LFB8
 1588 0034 EC000000 		.4byte	.LFE8-.LFB8
 1589 0038 00000000 		.4byte	0
 1590 003c 00000000 		.4byte	0
 1591              		.section	.debug_ranges,"",%progbits
 1592              	.Ldebug_ranges0:
 1593 0000 00000000 		.4byte	.LFB5
 1594 0004 32000000 		.4byte	.LFE5
 1595 0008 00000000 		.4byte	.LFB7
 1596 000c 20000000 		.4byte	.LFE7
 1597 0010 00000000 		.4byte	.LFB2
 1598 0014 0C000000 		.4byte	.LFE2
 1599 0018 00000000 		.4byte	.LFB6
 1600 001c D8000000 		.4byte	.LFE6
 1601 0020 D8000000 		.4byte	.LFB8
 1602 0024 C4010000 		.4byte	.LFE8
 1603 0028 00000000 		.4byte	0
 1604 002c 00000000 		.4byte	0
 1605              		.section	.debug_line,"",%progbits
 1606              	.Ldebug_line0:
 1607 0000 8B010000 		.section	.debug_str,"MS",%progbits,1
 1607      0200E300 
 1607      00000201 
 1607      FB0E0D00 
 1607      01010101 
 1608              	.LASF37:
 1609 0000 43794465 		.ascii	"CyDelayCycles\000"
 1609      6C617943 
 1609      79636C65 
 1609      7300
 1610              	.LASF19:
 1611 000e 72656733 		.ascii	"reg32\000"
 1611      3200
 1612              	.LASF12:
 1613 0014 73697A65 		.ascii	"size_t\000"
 1613      5F7400
 1614              	.LASF47:
 1615 001b 416E616C 		.ascii	"AnalogSetDefault\000"
 1615      6F675365 
 1615      74446566 
ARM GAS  C:\Users\JANUSD~1\AppData\Local\Temp\ccQtzEA8.s 			page 37


 1615      61756C74 
 1615      00
 1616              	.LASF42:
 1617 002c 4379496E 		.ascii	"CyIntSetVector\000"
 1617      74536574 
 1617      56656374 
 1617      6F7200
 1618              	.LASF46:
 1619 003b 433A5C55 		.ascii	"C:\\Users\\janusdg-win\\UCU\\Sample_1\\Workspace\\M"
 1619      73657273 
 1619      5C6A616E 
 1619      75736467 
 1619      2D77696E 
 1620 0068 6963726F 		.ascii	"icro.cydsn\000"
 1620      2E637964 
 1620      736E00
 1621              	.LASF26:
 1622 0073 636F756E 		.ascii	"count\000"
 1622      7400
 1623              	.LASF29:
 1624 0079 436C6F63 		.ascii	"ClockSetup\000"
 1624      6B536574 
 1624      757000
 1625              	.LASF30:
 1626 0084 63795F63 		.ascii	"cy_cfg_addr_table\000"
 1626      66675F61 
 1626      6464725F 
 1626      7461626C 
 1626      6500
 1627              	.LASF31:
 1628 0096 63795F63 		.ascii	"cy_cfg_data_table\000"
 1628      66675F64 
 1628      6174615F 
 1628      7461626C 
 1628      6500
 1629              	.LASF16:
 1630 00a8 666C6F61 		.ascii	"float\000"
 1630      7400
 1631              	.LASF35:
 1632 00ae 6366675F 		.ascii	"cfg_memset_list\000"
 1632      6D656D73 
 1632      65745F6C 
 1632      69737400 
 1633              	.LASF33:
 1634 00be 73697A65 		.ascii	"size\000"
 1634      00
 1635              	.LASF38:
 1636 00c3 43795379 		.ascii	"CySysClkWcoSetPowerMode\000"
 1636      73436C6B 
 1636      57636F53 
 1636      6574506F 
 1636      7765724D 
 1637              	.LASF18:
 1638 00db 72656738 		.ascii	"reg8\000"
 1638      00
 1639              	.LASF8:
 1640 00e0 6C6F6E67 		.ascii	"long unsigned int\000"
ARM GAS  C:\Users\JANUSD~1\AppData\Local\Temp\ccQtzEA8.s 			page 38


 1640      20756E73 
 1640      69676E65 
 1640      6420696E 
 1640      7400
 1641              	.LASF13:
 1642 00f2 75696E74 		.ascii	"uint8\000"
 1642      3800
 1643              	.LASF36:
 1644 00f8 43795379 		.ascii	"CySysClkWcoStart\000"
 1644      73436C6B 
 1644      57636F53 
 1644      74617274 
 1644      00
 1645              	.LASF28:
 1646 0109 43594D45 		.ascii	"CYMEMZERO\000"
 1646      4D5A4552 
 1646      4F00
 1647              	.LASF4:
 1648 0113 756E7369 		.ascii	"unsigned char\000"
 1648      676E6564 
 1648      20636861 
 1648      7200
 1649              	.LASF49:
 1650 0121 6D656D73 		.ascii	"memset\000"
 1650      657400
 1651              	.LASF17:
 1652 0128 646F7562 		.ascii	"double\000"
 1652      6C6500
 1653              	.LASF27:
 1654 012f 6366675F 		.ascii	"cfg_write_bytes32\000"
 1654      77726974 
 1654      655F6279 
 1654      74657333 
 1654      3200
 1655              	.LASF43:
 1656 0141 4379496E 		.ascii	"CyIntEnable\000"
 1656      74456E61 
 1656      626C6500 
 1657              	.LASF23:
 1658 014d 61646472 		.ascii	"addr_table\000"
 1658      5F746162 
 1658      6C6500
 1659              	.LASF14:
 1660 0158 75696E74 		.ascii	"uint16\000"
 1660      313600
 1661              	.LASF24:
 1662 015f 64617461 		.ascii	"data_table\000"
 1662      5F746162 
 1662      6C6500
 1663              	.LASF15:
 1664 016a 75696E74 		.ascii	"uint32\000"
 1664      333200
 1665              	.LASF0:
 1666 0171 756E7369 		.ascii	"unsigned int\000"
 1666      676E6564 
 1666      20696E74 
 1666      00
ARM GAS  C:\Users\JANUSD~1\AppData\Local\Temp\ccQtzEA8.s 			page 39


 1667              	.LASF48:
 1668 017e 63796669 		.ascii	"cyfitter_cfg\000"
 1668      74746572 
 1668      5F636667 
 1668      00
 1669              	.LASF32:
 1670 018b 61646472 		.ascii	"address\000"
 1670      65737300 
 1671              	.LASF9:
 1672 0193 6C6F6E67 		.ascii	"long long unsigned int\000"
 1672      206C6F6E 
 1672      6720756E 
 1672      7369676E 
 1672      65642069 
 1673              	.LASF44:
 1674 01aa 474E5520 		.ascii	"GNU C11 5.4.1 20160609 (release) [ARM/embedded-5-br"
 1674      43313120 
 1674      352E342E 
 1674      31203230 
 1674      31363036 
 1675 01dd 616E6368 		.ascii	"anch revision 237715] -mcpu=cortex-m0 -mthumb -g -O"
 1675      20726576 
 1675      6973696F 
 1675      6E203233 
 1675      37373135 
 1676 0210 67202D66 		.ascii	"g -ffunction-sections -ffat-lto-objects\000"
 1676      66756E63 
 1676      74696F6E 
 1676      2D736563 
 1676      74696F6E 
 1677              	.LASF34:
 1678 0238 6366675F 		.ascii	"cfg_memset_t\000"
 1678      6D656D73 
 1678      65745F74 
 1678      00
 1679              	.LASF25:
 1680 0245 62617365 		.ascii	"baseAddr\000"
 1680      41646472 
 1680      00
 1681              	.LASF10:
 1682 024e 73697A65 		.ascii	"sizetype\000"
 1682      74797065 
 1682      00
 1683              	.LASF6:
 1684 0257 73686F72 		.ascii	"short unsigned int\000"
 1684      7420756E 
 1684      7369676E 
 1684      65642069 
 1684      6E7400
 1685              	.LASF1:
 1686 026a 6C6F6E67 		.ascii	"long long int\000"
 1686      206C6F6E 
 1686      6720696E 
 1686      7400
 1687              	.LASF41:
 1688 0278 43794465 		.ascii	"CyDelayUs\000"
 1688      6C617955 
ARM GAS  C:\Users\JANUSD~1\AppData\Local\Temp\ccQtzEA8.s 			page 40


 1688      7300
 1689              	.LASF11:
 1690 0282 63686172 		.ascii	"char\000"
 1690      00
 1691              	.LASF40:
 1692 0287 43795379 		.ascii	"CySysClkEcoStart\000"
 1692      73436C6B 
 1692      45636F53 
 1692      74617274 
 1692      00
 1693              	.LASF21:
 1694 0298 76616C75 		.ascii	"value\000"
 1694      6500
 1695              	.LASF22:
 1696 029e 63795F63 		.ascii	"cy_cfg_addrvalue_t\000"
 1696      66675F61 
 1696      64647276 
 1696      616C7565 
 1696      5F7400
 1697              	.LASF20:
 1698 02b1 6F666673 		.ascii	"offset\000"
 1698      657400
 1699              	.LASF5:
 1700 02b8 73686F72 		.ascii	"short int\000"
 1700      7420696E 
 1700      7400
 1701              	.LASF39:
 1702 02c2 43795379 		.ascii	"CySysClkWriteImoFreq\000"
 1702      73436C6B 
 1702      57726974 
 1702      65496D6F 
 1702      46726571 
 1703              	.LASF7:
 1704 02d7 6C6F6E67 		.ascii	"long int\000"
 1704      20696E74 
 1704      00
 1705              	.LASF2:
 1706 02e0 6C6F6E67 		.ascii	"long double\000"
 1706      20646F75 
 1706      626C6500 
 1707              	.LASF3:
 1708 02ec 7369676E 		.ascii	"signed char\000"
 1708      65642063 
 1708      68617200 
 1709              	.LASF45:
 1710 02f8 47656E65 		.ascii	"Generated_Source\\PSoC4\\cyfitter_cfg.c\000"
 1710      72617465 
 1710      645F536F 
 1710      75726365 
 1710      5C50536F 
 1711              		.ident	"GCC: (GNU Tools for ARM Embedded Processors) 5.4.1 20160609 (release) [ARM/embedded-5-bran
