--------------- Build Started: 01/08/2021 17:53:35 Project: Mesh_Flood_Main_Auto_Reassignment2, Configuration: ARM GCC 5.4-2016-q2-update Debug ---------------
cydsfit.exe -.appdatapath "C:\Users\ASUS\AppData\Local\Cypress Semiconductor\PSoC Creator\4.2" -.fdsnotice -.fdswarpdepfile=warp_dependencies.txt -.fdselabdepfile=elab_dependencies.txt -.fdsbldfile=generated_files.txt -.fdsreffile=referenced_files.txt -p D:\ucu\2_course1_term\POC\programs\my_works\Smart_lightning_system\Mesh_Flood_Main_Auto_Reassignment2.cydsn\Mesh_Flood_Main_Auto_Reassignment2.cyprj -d CY8C4248FLI-BL583 -s D:\ucu\2_course1_term\POC\programs\my_works\Smart_lightning_system\Mesh_Flood_Main_Auto_Reassignment2.cydsn\Generated_Source\PSoC4 -- -yv2 -q10 -ygs -o2 -v3 -.fftcfgtype=LE
Elaborating Design...
HDL Generation...
Synthesis...
Tech Mapping...
Analog Placement...
Analog Routing...
Analog Code Generation...
Digital Placement...
Digital Routing...
Bitstream Generation...
Bitstream Verification...
Static timing analysis...
API Generation...
Dependency Generation...
Cleanup...
arm-none-eabi-gcc.exe -mcpu=cortex-m0 -mthumb -I. -IGenerated_Source\PSoC4 -Wa,-alh=.\CortexM0\ARM_GCC_541\Debug/main.lst -g -D DEBUG -Wall -ffunction-sections -ffat-lto-objects -O0 -c main.c -o .\CortexM0\ARM_GCC_541\Debug\main.o
arm-none-eabi-gcc.exe -mcpu=cortex-m0 -mthumb -I. -IGenerated_Source\PSoC4 -Wa,-alh=.\CortexM0\ARM_GCC_541\Debug/debug.lst -g -D DEBUG -Wall -ffunction-sections -ffat-lto-objects -O0 -c debug.c -o .\CortexM0\ARM_GCC_541\Debug\debug.o
arm-none-eabi-gcc.exe -mcpu=cortex-m0 -mthumb -I. -IGenerated_Source\PSoC4 -Wa,-alh=.\CortexM0\ARM_GCC_541\Debug/WDT.lst -g -D DEBUG -Wall -ffunction-sections -ffat-lto-objects -O0 -c WDT.c -o .\CortexM0\ARM_GCC_541\Debug\WDT.o
arm-none-eabi-gcc.exe -mcpu=cortex-m0 -mthumb -I. -IGenerated_Source\PSoC4 -Wa,-alh=.\CortexM0\ARM_GCC_541\Debug/ble_process.lst -g -D DEBUG -Wall -ffunction-sections -ffat-lto-objects -O0 -c ble_process.c -o .\CortexM0\ARM_GCC_541\Debug\ble_process.o
ble_process.c: In function 'GenericEventHandler':
ble_process.c:94:7: warning: 'apiResult' may be used uninitialized in this function [-Wmaybe-uninitialized]
     if(apiResult == CYBLE_ERROR_OK)
       ^
arm-none-eabi-gcc.exe -mcpu=cortex-m0 -mthumb -I. -IGenerated_Source\PSoC4 -Wa,-alh=.\CortexM0\ARM_GCC_541\Debug/customize.lst -g -D DEBUG -Wall -ffunction-sections -ffat-lto-objects -O0 -c customize.c -o .\CortexM0\ARM_GCC_541\Debug\customize.o
arm-none-eabi-gcc.exe -mcpu=cortex-m0 -mthumb -I. -IGenerated_Source\PSoC4 -Wa,-alh=.\CortexM0\ARM_GCC_541\Debug/PWM_1sWindow.lst -g -D DEBUG -Wall -ffunction-sections -ffat-lto-objects -O0 -c Generated_Source\PSoC4\PWM_1sWindow.c -o .\CortexM0\ARM_GCC_541\Debug\PWM_1sWindow.o
arm-none-eabi-gcc.exe -mcpu=cortex-m0 -mthumb -I. -IGenerated_Source\PSoC4 -Wa,-alh=.\CortexM0\ARM_GCC_541\Debug/PWM_1sWindow_PM.lst -g -D DEBUG -Wall -ffunction-sections -ffat-lto-objects -O0 -c Generated_Source\PSoC4\PWM_1sWindow_PM.c -o .\CortexM0\ARM_GCC_541\Debug\PWM_1sWindow_PM.o
arm-none-eabi-ar.exe -rs .\CortexM0\ARM_GCC_541\Debug\Mesh_Flood_Main_Auto_Reassignment2.a .\CortexM0\ARM_GCC_541\Debug\BLE.o .\CortexM0\ARM_GCC_541\Debug\BLE_gatt.o .\CortexM0\ARM_GCC_541\Debug\BLE_eventHandler.o .\CortexM0\ARM_GCC_541\Debug\BLE_HAL_INT.o .\CortexM0\ARM_GCC_541\Debug\BLE_HAL_PVT.o .\CortexM0\ARM_GCC_541\Debug\BLE_custom.o .\CortexM0\ARM_GCC_541\Debug\PrISM_1.o .\CortexM0\ARM_GCC_541\Debug\PrISM_1_PM.o .\CortexM0\ARM_GCC_541\Debug\PrISM_Clock.o .\CortexM0\ARM_GCC_541\Debug\RED.o .\CortexM0\ARM_GCC_541\Debug\RED_PM.o .\CortexM0\ARM_GCC_541\Debug\GREEN.o .\CortexM0\ARM_GCC_541\Debug\GREEN_PM.o .\CortexM0\ARM_GCC_541\Debug\BLUE.o .\CortexM0\ARM_GCC_541\Debug\BLUE_PM.o .\CortexM0\ARM_GCC_541\Debug\PrISM_2.o .\CortexM0\ARM_GCC_541\Debug\PrISM_2_PM.o .\CortexM0\ARM_GCC_541\Debug\isr_WDT.o .\CortexM0\ARM_GCC_541\Debug\UART.o .\CortexM0\ARM_GCC_541\Debug\UART_SPI_UART.o .\CortexM0\ARM_GCC_541\Debug\UART_SPI_UART_INT.o .\CortexM0\ARM_GCC_541\Debug\UART_PM.o .\CortexM0\ARM_GCC_541\Debug\UART_UART.o .\CortexM0\ARM_GCC_541\Debug\UART_BOOT.o .\CortexM0\ARM_GCC_541\Debug\UART_UART_BOOT.o .\CortexM0\ARM_GCC_541\Debug\BLE_bless_isr.o .\CortexM0\ARM_GCC_541\Debug\UART_SCBCLK.o .\CortexM0\ARM_GCC_541\Debug\UART_tx.o .\CortexM0\ARM_GCC_541\Debug\UART_tx_PM.o .\CortexM0\ARM_GCC_541\Debug\UART_rx.o .\CortexM0\ARM_GCC_541\Debug\UART_rx_PM.o .\CortexM0\ARM_GCC_541\Debug\CyFlash.o .\CortexM0\ARM_GCC_541\Debug\CyLib.o .\CortexM0\ARM_GCC_541\Debug\cyPm.o .\CortexM0\ARM_GCC_541\Debug\cyutils.o .\CortexM0\ARM_GCC_541\Debug\CyDMA.o .\CortexM0\ARM_GCC_541\Debug\CyLFClk.o .\CortexM0\ARM_GCC_541\Debug\cy_em_eeprom.o .\CortexM0\ARM_GCC_541\Debug\PWM_1sWindow.o .\CortexM0\ARM_GCC_541\Debug\PWM_1sWindow_PM.o .\CortexM0\ARM_GCC_541\Debug\Clock_1kHz.o .\CortexM0\ARM_GCC_541\Debug\isr_Counter.o .\CortexM0\ARM_GCC_541\Debug\CyBootAsmGnu.o
arm-none-eabi-ar.exe: creating .\CortexM0\ARM_GCC_541\Debug\Mesh_Flood_Main_Auto_Reassignment2.a
arm-none-eabi-gcc.exe -Wl,--start-group -o D:\ucu\2_course1_term\POC\programs\my_works\Smart_lightning_system\Mesh_Flood_Main_Auto_Reassignment2.cydsn\CortexM0\ARM_GCC_541\Debug\Mesh_Flood_Main_Auto_Reassignment2.elf .\CortexM0\ARM_GCC_541\Debug\main.o .\CortexM0\ARM_GCC_541\Debug\debug.o .\CortexM0\ARM_GCC_541\Debug\WDT.o .\CortexM0\ARM_GCC_541\Debug\ble_process.o .\CortexM0\ARM_GCC_541\Debug\customize.o .\CortexM0\ARM_GCC_541\Debug\cyfitter_cfg.o .\CortexM0\ARM_GCC_541\Debug\cymetadata.o .\CortexM0\ARM_GCC_541\Debug\Cm0Start.o .\CortexM0\ARM_GCC_541\Debug\Mesh_Flood_Main_Auto_Reassignment2.a "C:\Users\ASUS\Documents\PSoC Creator\4.2\Downloads ( 4.2).cylib\BLE_v3_66\Library\gccCyBLEStack_BLE_SOC_CENTRAL_PERIPHERAL.a" -mcpu=cortex-m0 -mthumb -L Generated_Source\PSoC4 -Wl,-Map,.\CortexM0\ARM_GCC_541\Debug/Mesh_Flood_Main_Auto_Reassignment2.map -T Generated_Source\PSoC4\cm0gcc.ld -specs=nano.specs -Wl,--gc-sections -g -ffunction-sections -O0 -ffat-lto-objects -Wl,--end-group
cyelftool.exe -C D:\ucu\2_course1_term\POC\programs\my_works\Smart_lightning_system\Mesh_Flood_Main_Auto_Reassignment2.cydsn\CortexM0\ARM_GCC_541\Debug\Mesh_Flood_Main_Auto_Reassignment2.elf --flash_row_size 256 --flash_size 262144 --flash_offset 0x00000000
No ELF section .cychecksum found, creating one
Application checksum calculated and stored in ELF section .cychecksum
Checksum calculated and stored in ELF section .cymeta
cyelftool.exe -S D:\ucu\2_course1_term\POC\programs\my_works\Smart_lightning_system\Mesh_Flood_Main_Auto_Reassignment2.cydsn\CortexM0\ARM_GCC_541\Debug\Mesh_Flood_Main_Auto_Reassignment2.elf
Flash used: 106687 of 262144 bytes (40,7%).
SRAM used: 11328 of 32768 bytes (34,6%). Stack: 2048 bytes. Heap: 128 bytes.
--------------- Build Succeeded: 01/08/2021 17:53:47 ---------------
