--------------- Build Started: 01/16/2021 23:57:48 Project: Mesh_Flood_PSoC4BLE_Main_Brightness, Configuration: ARM GCC 5.4-2016-q2-update Debug ---------------
The code generation step is up to date.
arm-none-eabi-gcc.exe -mcpu=cortex-m0 -mthumb -I. -IGenerated_Source\PSoC4 -Wa,-alh=.\CortexM0\ARM_GCC_541\Debug/main.lst -g -D DEBUG -Wall -ffunction-sections -ffat-lto-objects -O0 -c main.c -o .\CortexM0\ARM_GCC_541\Debug\main.o
main.c: In function 'InitializeSystem':
main.c:247:12: warning: unused variable 'init_val' [-Wunused-variable]
     uint16 init_val = ADC_MIC_GetResult16(0);
            ^
main.c:246:12: warning: unused variable 'prev_val' [-Wunused-variable]
     uint16 prev_val;
            ^
main.c:245:12: warning: unused variable 'val' [-Wunused-variable]
     uint16 val = ADC_MIC_GetResult16(0);
            ^
arm-none-eabi-ar.exe -rs .\CortexM0\ARM_GCC_541\Debug\Mesh_Flood_PSoC4BLE_Main_Brightness.a .\CortexM0\ARM_GCC_541\Debug\BLE.o .\CortexM0\ARM_GCC_541\Debug\BLE_gatt.o .\CortexM0\ARM_GCC_541\Debug\BLE_eventHandler.o .\CortexM0\ARM_GCC_541\Debug\BLE_HAL_INT.o .\CortexM0\ARM_GCC_541\Debug\BLE_HAL_PVT.o .\CortexM0\ARM_GCC_541\Debug\BLE_custom.o .\CortexM0\ARM_GCC_541\Debug\PrISM_1.o .\CortexM0\ARM_GCC_541\Debug\PrISM_1_PM.o .\CortexM0\ARM_GCC_541\Debug\PrISM_Clock.o .\CortexM0\ARM_GCC_541\Debug\RED.o .\CortexM0\ARM_GCC_541\Debug\RED_PM.o .\CortexM0\ARM_GCC_541\Debug\GREEN.o .\CortexM0\ARM_GCC_541\Debug\GREEN_PM.o .\CortexM0\ARM_GCC_541\Debug\BLUE.o .\CortexM0\ARM_GCC_541\Debug\BLUE_PM.o .\CortexM0\ARM_GCC_541\Debug\PrISM_2.o .\CortexM0\ARM_GCC_541\Debug\PrISM_2_PM.o .\CortexM0\ARM_GCC_541\Debug\isr_WDT.o .\CortexM0\ARM_GCC_541\Debug\UART.o .\CortexM0\ARM_GCC_541\Debug\UART_SPI_UART.o .\CortexM0\ARM_GCC_541\Debug\UART_SPI_UART_INT.o .\CortexM0\ARM_GCC_541\Debug\UART_PM.o .\CortexM0\ARM_GCC_541\Debug\UART_UART.o .\CortexM0\ARM_GCC_541\Debug\UART_BOOT.o .\CortexM0\ARM_GCC_541\Debug\UART_UART_BOOT.o .\CortexM0\ARM_GCC_541\Debug\BLE_bless_isr.o .\CortexM0\ARM_GCC_541\Debug\UART_SCBCLK.o .\CortexM0\ARM_GCC_541\Debug\UART_tx.o .\CortexM0\ARM_GCC_541\Debug\UART_tx_PM.o .\CortexM0\ARM_GCC_541\Debug\UART_rx.o .\CortexM0\ARM_GCC_541\Debug\UART_rx_PM.o .\CortexM0\ARM_GCC_541\Debug\CyFlash.o .\CortexM0\ARM_GCC_541\Debug\CyLib.o .\CortexM0\ARM_GCC_541\Debug\cyPm.o .\CortexM0\ARM_GCC_541\Debug\cyutils.o .\CortexM0\ARM_GCC_541\Debug\CyDMA.o .\CortexM0\ARM_GCC_541\Debug\CyLFClk.o .\CortexM0\ARM_GCC_541\Debug\cy_em_eeprom.o .\CortexM0\ARM_GCC_541\Debug\isr_Counter.o .\CortexM0\ARM_GCC_541\Debug\Pin_Mic_D.o .\CortexM0\ARM_GCC_541\Debug\Pin_Mic_D_PM.o .\CortexM0\ARM_GCC_541\Debug\Pin_DLed.o .\CortexM0\ARM_GCC_541\Debug\Pin_DLed_PM.o .\CortexM0\ARM_GCC_541\Debug\Pin_Mic_A.o .\CortexM0\ARM_GCC_541\Debug\Pin_Mic_A_PM.o .\CortexM0\ARM_GCC_541\Debug\ADC_MIC.o .\CortexM0\ARM_GCC_541\Debug\ADC_MIC_PM.o .\CortexM0\ARM_GCC_541\Debug\ADC_MIC_INT.o .\CortexM0\ARM_GCC_541\Debug\PWM_Brightness.o .\CortexM0\ARM_GCC_541\Debug\PWM_Brightness_PM.o .\CortexM0\ARM_GCC_541\Debug\Pin_ALed.o .\CortexM0\ARM_GCC_541\Debug\Pin_ALed_PM.o .\CortexM0\ARM_GCC_541\Debug\Clock_1.o .\CortexM0\ARM_GCC_541\Debug\ADC_MIC_IRQ.o .\CortexM0\ARM_GCC_541\Debug\ADC_MIC_intClock.o .\CortexM0\ARM_GCC_541\Debug\Clock_2.o .\CortexM0\ARM_GCC_541\Debug\Timer_Claps.o .\CortexM0\ARM_GCC_541\Debug\Timer_Claps_PM.o .\CortexM0\ARM_GCC_541\Debug\isr_timer.o .\CortexM0\ARM_GCC_541\Debug\Pin_Timer_Clear.o .\CortexM0\ARM_GCC_541\Debug\Pin_Timer_Clear_PM.o .\CortexM0\ARM_GCC_541\Debug\isr_complete.o .\CortexM0\ARM_GCC_541\Debug\Pin_Led_Int.o .\CortexM0\ARM_GCC_541\Debug\Pin_Led_Int_PM.o .\CortexM0\ARM_GCC_541\Debug\CyBootAsmGnu.o
arm-none-eabi-ar.exe: creating .\CortexM0\ARM_GCC_541\Debug\Mesh_Flood_PSoC4BLE_Main_Brightness.a
arm-none-eabi-gcc.exe -Wl,--start-group -o C:\Users\janusdg-win\UCU\Smart_lightning_system\Mesh_Flood_PSoC4BLE_Main_Brightness.cydsn\CortexM0\ARM_GCC_541\Debug\Mesh_Flood_PSoC4BLE_Main_Brightness.elf .\CortexM0\ARM_GCC_541\Debug\main.o .\CortexM0\ARM_GCC_541\Debug\debug.o .\CortexM0\ARM_GCC_541\Debug\WDT.o .\CortexM0\ARM_GCC_541\Debug\ble_process.o .\CortexM0\ARM_GCC_541\Debug\customize.o .\CortexM0\ARM_GCC_541\Debug\cyfitter_cfg.o .\CortexM0\ARM_GCC_541\Debug\cymetadata.o .\CortexM0\ARM_GCC_541\Debug\Cm0Start.o .\CortexM0\ARM_GCC_541\Debug\Mesh_Flood_PSoC4BLE_Main_Brightness.a "..\..\..\Documents\PSoC Creator\4.2\Downloads ( 4.2).cylib\BLE_v3_66\Library\gccCyBLEStack_BLE_SOC_CENTRAL_PERIPHERAL.a" -mcpu=cortex-m0 -mthumb -L Generated_Source\PSoC4 -Wl,-Map,.\CortexM0\ARM_GCC_541\Debug/Mesh_Flood_PSoC4BLE_Main_Brightness.map -T Generated_Source\PSoC4\cm0gcc.ld -specs=nano.specs -Wl,--gc-sections -g -ffunction-sections -O0 -ffat-lto-objects -Wl,--end-group
cyelftool.exe -C C:\Users\janusdg-win\UCU\Smart_lightning_system\Mesh_Flood_PSoC4BLE_Main_Brightness.cydsn\CortexM0\ARM_GCC_541\Debug\Mesh_Flood_PSoC4BLE_Main_Brightness.elf --flash_row_size 256 --flash_size 262144 --flash_offset 0x00000000
No ELF section .cychecksum found, creating one
Application checksum calculated and stored in ELF section .cychecksum
Checksum calculated and stored in ELF section .cymeta
cyelftool.exe -S C:\Users\janusdg-win\UCU\Smart_lightning_system\Mesh_Flood_PSoC4BLE_Main_Brightness.cydsn\CortexM0\ARM_GCC_541\Debug\Mesh_Flood_PSoC4BLE_Main_Brightness.elf
Flash used: 108837 of 262144 bytes (41.5%).
SRAM used: 11376 of 32768 bytes (34.7%). Stack: 2048 bytes. Heap: 128 bytes.
--------------- Build Succeeded: 01/16/2021 23:57:50 ---------------
