ARM GAS  C:\Users\JANUSD~1\AppData\Local\Temp\ccQkXt8Z.s 			page 1


   1              		.syntax unified
   2              		.cpu cortex-m0
   3              		.fpu softvfp
   4              		.eabi_attribute 20, 1
   5              		.eabi_attribute 21, 1
   6              		.eabi_attribute 23, 3
   7              		.eabi_attribute 24, 1
   8              		.eabi_attribute 25, 1
   9              		.eabi_attribute 26, 1
  10              		.eabi_attribute 30, 1
  11              		.eabi_attribute 34, 0
  12              		.eabi_attribute 18, 4
  13              		.thumb
  14              		.syntax unified
  15              		.file	"main.c"
  16              		.text
  17              	.Ltext0:
  18              		.cfi_sections	.debug_frame
  19              		.section	.text.main,"ax",%progbits
  20              		.align	2
  21              		.global	main
  22              		.code	16
  23              		.thumb_func
  24              		.type	main, %function
  25              	main:
  26              	.LFB35:
  27              		.file 1 "main.c"
   1:main.c        **** /* ========================================
   2:main.c        ****  *
   3:main.c        ****  * Copyright YOUR COMPANY, THE YEAR
   4:main.c        ****  * All Rights Reserved
   5:main.c        ****  * UNPUBLISHED, LICENSED SOFTWARE.
   6:main.c        ****  *
   7:main.c        ****  * CONFIDENTIAL AND PROPRIETARY INFORMATION
   8:main.c        ****  * WHICH IS THE PROPERTY OF your company.
   9:main.c        ****  *
  10:main.c        ****  * ========================================
  11:main.c        **** */
  12:main.c        **** #include "project.h"
  13:main.c        **** 
  14:main.c        **** 
  15:main.c        **** 
  16:main.c        **** int main(void)
  17:main.c        **** {
  28              		.loc 1 17 0
  29              		.cfi_startproc
  30              		@ args = 0, pretend = 0, frame = 0
  31              		@ frame_needed = 0, uses_anonymous_args = 0
  32 0000 10B5     		push	{r4, lr}
  33              		.cfi_def_cfa_offset 8
  34              		.cfi_offset 4, -8
  35              		.cfi_offset 14, -4
  18:main.c        ****     CyGlobalIntEnable; /* Enable global interrupts. */
  36              		.loc 1 18 0
  37              		.syntax divided
  38              	@ 18 "main.c" 1
  39 0002 62B6     		CPSIE   i
ARM GAS  C:\Users\JANUSD~1\AppData\Local\Temp\ccQkXt8Z.s 			page 2


  40              	@ 0 "" 2
  19:main.c        ****     
  20:main.c        ****     PWM_1_Start();
  41              		.loc 1 20 0
  42              		.thumb
  43              		.syntax unified
  44 0004 FFF7FEFF 		bl	PWM_1_Start
  45              	.LVL0:
  21:main.c        ****     /* Place your initialization/startup code here (e.g. MyInst_Start()) */
  22:main.c        ****     int i = 0;
  46              		.loc 1 22 0
  47 0008 0024     		movs	r4, #0
  48 000a 00E0     		b	.L2
  49              	.LVL1:
  50              	.L5:
  23:main.c        ****     for(;;)
  24:main.c        ****     {
  25:main.c        ****         // Pin_Red_Write( Pin_SW2_Read() );
  26:main.c        ****         // Pin_Blue_Write(~Pin_Blue_Read());
  27:main.c        ****         PWM_1_WriteCompare(i);
  28:main.c        ****         CyDelay(100);
  29:main.c        ****         i += 100;
  30:main.c        ****         if (i >= 9000) i = 0;
  51              		.loc 1 30 0
  52 000c 0024     		movs	r4, #0
  53              	.LVL2:
  54              	.L2:
  27:main.c        ****         CyDelay(100);
  55              		.loc 1 27 0
  56 000e 2000     		movs	r0, r4
  57 0010 FFF7FEFF 		bl	PWM_1_WriteCompare
  58              	.LVL3:
  28:main.c        ****         i += 100;
  59              		.loc 1 28 0
  60 0014 6420     		movs	r0, #100
  61 0016 FFF7FEFF 		bl	CyDelay
  62              	.LVL4:
  29:main.c        ****         if (i >= 9000) i = 0;
  63              		.loc 1 29 0
  64 001a 6434     		adds	r4, r4, #100
  65              	.LVL5:
  66              		.loc 1 30 0
  67 001c 014B     		ldr	r3, .L6
  68 001e 9C42     		cmp	r4, r3
  69 0020 F4DC     		bgt	.L5
  70 0022 F4E7     		b	.L2
  71              	.L7:
  72              		.align	2
  73              	.L6:
  74 0024 27230000 		.word	8999
  75              		.cfi_endproc
  76              	.LFE35:
  77              		.size	main, .-main
  78              		.text
  79              	.Letext0:
  80              		.file 2 "Generated_Source\\PSoC4/PWM_1.h"
  81              		.file 3 "Generated_Source\\PSoC4/CyLib.h"
ARM GAS  C:\Users\JANUSD~1\AppData\Local\Temp\ccQkXt8Z.s 			page 3


  82              		.section	.debug_info,"",%progbits
  83              	.Ldebug_info0:
  84 0000 02010000 		.4byte	0x102
  85 0004 0400     		.2byte	0x4
  86 0006 00000000 		.4byte	.Ldebug_abbrev0
  87 000a 04       		.byte	0x4
  88 000b 01       		.uleb128 0x1
  89 000c C2000000 		.4byte	.LASF17
  90 0010 0C       		.byte	0xc
  91 0011 1B000000 		.4byte	.LASF18
  92 0015 33000000 		.4byte	.LASF19
  93 0019 00000000 		.4byte	.Ldebug_ranges0+0
  94 001d 00000000 		.4byte	0
  95 0021 00000000 		.4byte	.Ldebug_line0
  96 0025 02       		.uleb128 0x2
  97 0026 01       		.byte	0x1
  98 0027 06       		.byte	0x6
  99 0028 63010000 		.4byte	.LASF0
 100 002c 02       		.uleb128 0x2
 101 002d 01       		.byte	0x1
 102 002e 08       		.byte	0x8
 103 002f 9F000000 		.4byte	.LASF1
 104 0033 02       		.uleb128 0x2
 105 0034 02       		.byte	0x2
 106 0035 05       		.byte	0x5
 107 0036 8E010000 		.4byte	.LASF2
 108 003a 02       		.uleb128 0x2
 109 003b 02       		.byte	0x2
 110 003c 07       		.byte	0x7
 111 003d 50010000 		.4byte	.LASF3
 112 0041 02       		.uleb128 0x2
 113 0042 04       		.byte	0x4
 114 0043 05       		.byte	0x5
 115 0044 B2000000 		.4byte	.LASF4
 116 0048 02       		.uleb128 0x2
 117 0049 04       		.byte	0x4
 118 004a 07       		.byte	0x7
 119 004b 70000000 		.4byte	.LASF5
 120 004f 02       		.uleb128 0x2
 121 0050 08       		.byte	0x8
 122 0051 05       		.byte	0x5
 123 0052 00000000 		.4byte	.LASF6
 124 0056 02       		.uleb128 0x2
 125 0057 08       		.byte	0x8
 126 0058 07       		.byte	0x7
 127 0059 82000000 		.4byte	.LASF7
 128 005d 03       		.uleb128 0x3
 129 005e 04       		.byte	0x4
 130 005f 05       		.byte	0x5
 131 0060 696E7400 		.ascii	"int\000"
 132 0064 02       		.uleb128 0x2
 133 0065 04       		.byte	0x4
 134 0066 07       		.byte	0x7
 135 0067 0E000000 		.4byte	.LASF8
 136 006b 02       		.uleb128 0x2
 137 006c 04       		.byte	0x4
 138 006d 04       		.byte	0x4
ARM GAS  C:\Users\JANUSD~1\AppData\Local\Temp\ccQkXt8Z.s 			page 4


 139 006e 99000000 		.4byte	.LASF9
 140 0072 02       		.uleb128 0x2
 141 0073 08       		.byte	0x8
 142 0074 04       		.byte	0x4
 143 0075 BB000000 		.4byte	.LASF10
 144 0079 02       		.uleb128 0x2
 145 007a 01       		.byte	0x1
 146 007b 08       		.byte	0x8
 147 007c AD000000 		.4byte	.LASF11
 148 0080 02       		.uleb128 0x2
 149 0081 08       		.byte	0x8
 150 0082 04       		.byte	0x4
 151 0083 82010000 		.4byte	.LASF12
 152 0087 02       		.uleb128 0x2
 153 0088 04       		.byte	0x4
 154 0089 07       		.byte	0x7
 155 008a 98010000 		.4byte	.LASF13
 156 008e 04       		.uleb128 0x4
 157 008f 22000000 		.4byte	.LASF20
 158 0093 01       		.byte	0x1
 159 0094 10       		.byte	0x10
 160 0095 5D000000 		.4byte	0x5d
 161 0099 00000000 		.4byte	.LFB35
 162 009d 28000000 		.4byte	.LFE35-.LFB35
 163 00a1 01       		.uleb128 0x1
 164 00a2 9C       		.byte	0x9c
 165 00a3 E2000000 		.4byte	0xe2
 166 00a7 05       		.uleb128 0x5
 167 00a8 6900     		.ascii	"i\000"
 168 00aa 01       		.byte	0x1
 169 00ab 16       		.byte	0x16
 170 00ac 5D000000 		.4byte	0x5d
 171 00b0 00000000 		.4byte	.LLST0
 172 00b4 06       		.uleb128 0x6
 173 00b5 08000000 		.4byte	.LVL0
 174 00b9 E2000000 		.4byte	0xe2
 175 00bd 07       		.uleb128 0x7
 176 00be 14000000 		.4byte	.LVL3
 177 00c2 EE000000 		.4byte	0xee
 178 00c6 D1000000 		.4byte	0xd1
 179 00ca 08       		.uleb128 0x8
 180 00cb 01       		.uleb128 0x1
 181 00cc 50       		.byte	0x50
 182 00cd 02       		.uleb128 0x2
 183 00ce 74       		.byte	0x74
 184 00cf 00       		.sleb128 0
 185 00d0 00       		.byte	0
 186 00d1 09       		.uleb128 0x9
 187 00d2 1A000000 		.4byte	.LVL4
 188 00d6 FA000000 		.4byte	0xfa
 189 00da 08       		.uleb128 0x8
 190 00db 01       		.uleb128 0x1
 191 00dc 50       		.byte	0x50
 192 00dd 02       		.uleb128 0x2
 193 00de 08       		.byte	0x8
 194 00df 64       		.byte	0x64
 195 00e0 00       		.byte	0
ARM GAS  C:\Users\JANUSD~1\AppData\Local\Temp\ccQkXt8Z.s 			page 5


 196 00e1 00       		.byte	0
 197 00e2 0A       		.uleb128 0xa
 198 00e3 27000000 		.4byte	.LASF14
 199 00e7 27000000 		.4byte	.LASF14
 200 00eb 02       		.byte	0x2
 201 00ec 3201     		.2byte	0x132
 202 00ee 0A       		.uleb128 0xa
 203 00ef 6F010000 		.4byte	.LASF15
 204 00f3 6F010000 		.4byte	.LASF15
 205 00f7 02       		.byte	0x2
 206 00f8 5501     		.2byte	0x155
 207 00fa 0B       		.uleb128 0xb
 208 00fb 68000000 		.4byte	.LASF16
 209 00ff 68000000 		.4byte	.LASF16
 210 0103 03       		.byte	0x3
 211 0104 D9       		.byte	0xd9
 212 0105 00       		.byte	0
 213              		.section	.debug_abbrev,"",%progbits
 214              	.Ldebug_abbrev0:
 215 0000 01       		.uleb128 0x1
 216 0001 11       		.uleb128 0x11
 217 0002 01       		.byte	0x1
 218 0003 25       		.uleb128 0x25
 219 0004 0E       		.uleb128 0xe
 220 0005 13       		.uleb128 0x13
 221 0006 0B       		.uleb128 0xb
 222 0007 03       		.uleb128 0x3
 223 0008 0E       		.uleb128 0xe
 224 0009 1B       		.uleb128 0x1b
 225 000a 0E       		.uleb128 0xe
 226 000b 55       		.uleb128 0x55
 227 000c 17       		.uleb128 0x17
 228 000d 11       		.uleb128 0x11
 229 000e 01       		.uleb128 0x1
 230 000f 10       		.uleb128 0x10
 231 0010 17       		.uleb128 0x17
 232 0011 00       		.byte	0
 233 0012 00       		.byte	0
 234 0013 02       		.uleb128 0x2
 235 0014 24       		.uleb128 0x24
 236 0015 00       		.byte	0
 237 0016 0B       		.uleb128 0xb
 238 0017 0B       		.uleb128 0xb
 239 0018 3E       		.uleb128 0x3e
 240 0019 0B       		.uleb128 0xb
 241 001a 03       		.uleb128 0x3
 242 001b 0E       		.uleb128 0xe
 243 001c 00       		.byte	0
 244 001d 00       		.byte	0
 245 001e 03       		.uleb128 0x3
 246 001f 24       		.uleb128 0x24
 247 0020 00       		.byte	0
 248 0021 0B       		.uleb128 0xb
 249 0022 0B       		.uleb128 0xb
 250 0023 3E       		.uleb128 0x3e
 251 0024 0B       		.uleb128 0xb
 252 0025 03       		.uleb128 0x3
ARM GAS  C:\Users\JANUSD~1\AppData\Local\Temp\ccQkXt8Z.s 			page 6


 253 0026 08       		.uleb128 0x8
 254 0027 00       		.byte	0
 255 0028 00       		.byte	0
 256 0029 04       		.uleb128 0x4
 257 002a 2E       		.uleb128 0x2e
 258 002b 01       		.byte	0x1
 259 002c 3F       		.uleb128 0x3f
 260 002d 19       		.uleb128 0x19
 261 002e 03       		.uleb128 0x3
 262 002f 0E       		.uleb128 0xe
 263 0030 3A       		.uleb128 0x3a
 264 0031 0B       		.uleb128 0xb
 265 0032 3B       		.uleb128 0x3b
 266 0033 0B       		.uleb128 0xb
 267 0034 27       		.uleb128 0x27
 268 0035 19       		.uleb128 0x19
 269 0036 49       		.uleb128 0x49
 270 0037 13       		.uleb128 0x13
 271 0038 8701     		.uleb128 0x87
 272 003a 19       		.uleb128 0x19
 273 003b 11       		.uleb128 0x11
 274 003c 01       		.uleb128 0x1
 275 003d 12       		.uleb128 0x12
 276 003e 06       		.uleb128 0x6
 277 003f 40       		.uleb128 0x40
 278 0040 18       		.uleb128 0x18
 279 0041 9742     		.uleb128 0x2117
 280 0043 19       		.uleb128 0x19
 281 0044 01       		.uleb128 0x1
 282 0045 13       		.uleb128 0x13
 283 0046 00       		.byte	0
 284 0047 00       		.byte	0
 285 0048 05       		.uleb128 0x5
 286 0049 34       		.uleb128 0x34
 287 004a 00       		.byte	0
 288 004b 03       		.uleb128 0x3
 289 004c 08       		.uleb128 0x8
 290 004d 3A       		.uleb128 0x3a
 291 004e 0B       		.uleb128 0xb
 292 004f 3B       		.uleb128 0x3b
 293 0050 0B       		.uleb128 0xb
 294 0051 49       		.uleb128 0x49
 295 0052 13       		.uleb128 0x13
 296 0053 02       		.uleb128 0x2
 297 0054 17       		.uleb128 0x17
 298 0055 00       		.byte	0
 299 0056 00       		.byte	0
 300 0057 06       		.uleb128 0x6
 301 0058 898201   		.uleb128 0x4109
 302 005b 00       		.byte	0
 303 005c 11       		.uleb128 0x11
 304 005d 01       		.uleb128 0x1
 305 005e 31       		.uleb128 0x31
 306 005f 13       		.uleb128 0x13
 307 0060 00       		.byte	0
 308 0061 00       		.byte	0
 309 0062 07       		.uleb128 0x7
ARM GAS  C:\Users\JANUSD~1\AppData\Local\Temp\ccQkXt8Z.s 			page 7


 310 0063 898201   		.uleb128 0x4109
 311 0066 01       		.byte	0x1
 312 0067 11       		.uleb128 0x11
 313 0068 01       		.uleb128 0x1
 314 0069 31       		.uleb128 0x31
 315 006a 13       		.uleb128 0x13
 316 006b 01       		.uleb128 0x1
 317 006c 13       		.uleb128 0x13
 318 006d 00       		.byte	0
 319 006e 00       		.byte	0
 320 006f 08       		.uleb128 0x8
 321 0070 8A8201   		.uleb128 0x410a
 322 0073 00       		.byte	0
 323 0074 02       		.uleb128 0x2
 324 0075 18       		.uleb128 0x18
 325 0076 9142     		.uleb128 0x2111
 326 0078 18       		.uleb128 0x18
 327 0079 00       		.byte	0
 328 007a 00       		.byte	0
 329 007b 09       		.uleb128 0x9
 330 007c 898201   		.uleb128 0x4109
 331 007f 01       		.byte	0x1
 332 0080 11       		.uleb128 0x11
 333 0081 01       		.uleb128 0x1
 334 0082 31       		.uleb128 0x31
 335 0083 13       		.uleb128 0x13
 336 0084 00       		.byte	0
 337 0085 00       		.byte	0
 338 0086 0A       		.uleb128 0xa
 339 0087 2E       		.uleb128 0x2e
 340 0088 00       		.byte	0
 341 0089 3F       		.uleb128 0x3f
 342 008a 19       		.uleb128 0x19
 343 008b 3C       		.uleb128 0x3c
 344 008c 19       		.uleb128 0x19
 345 008d 6E       		.uleb128 0x6e
 346 008e 0E       		.uleb128 0xe
 347 008f 03       		.uleb128 0x3
 348 0090 0E       		.uleb128 0xe
 349 0091 3A       		.uleb128 0x3a
 350 0092 0B       		.uleb128 0xb
 351 0093 3B       		.uleb128 0x3b
 352 0094 05       		.uleb128 0x5
 353 0095 00       		.byte	0
 354 0096 00       		.byte	0
 355 0097 0B       		.uleb128 0xb
 356 0098 2E       		.uleb128 0x2e
 357 0099 00       		.byte	0
 358 009a 3F       		.uleb128 0x3f
 359 009b 19       		.uleb128 0x19
 360 009c 3C       		.uleb128 0x3c
 361 009d 19       		.uleb128 0x19
 362 009e 6E       		.uleb128 0x6e
 363 009f 0E       		.uleb128 0xe
 364 00a0 03       		.uleb128 0x3
 365 00a1 0E       		.uleb128 0xe
 366 00a2 3A       		.uleb128 0x3a
ARM GAS  C:\Users\JANUSD~1\AppData\Local\Temp\ccQkXt8Z.s 			page 8


 367 00a3 0B       		.uleb128 0xb
 368 00a4 3B       		.uleb128 0x3b
 369 00a5 0B       		.uleb128 0xb
 370 00a6 00       		.byte	0
 371 00a7 00       		.byte	0
 372 00a8 00       		.byte	0
 373              		.section	.debug_loc,"",%progbits
 374              	.Ldebug_loc0:
 375              	.LLST0:
 376 0000 08000000 		.4byte	.LVL0
 377 0004 0C000000 		.4byte	.LVL1
 378 0008 0200     		.2byte	0x2
 379 000a 30       		.byte	0x30
 380 000b 9F       		.byte	0x9f
 381 000c 0C000000 		.4byte	.LVL1
 382 0010 28000000 		.4byte	.LFE35
 383 0014 0100     		.2byte	0x1
 384 0016 54       		.byte	0x54
 385 0017 00000000 		.4byte	0
 386 001b 00000000 		.4byte	0
 387              		.section	.debug_aranges,"",%progbits
 388 0000 1C000000 		.4byte	0x1c
 389 0004 0200     		.2byte	0x2
 390 0006 00000000 		.4byte	.Ldebug_info0
 391 000a 04       		.byte	0x4
 392 000b 00       		.byte	0
 393 000c 0000     		.2byte	0
 394 000e 0000     		.2byte	0
 395 0010 00000000 		.4byte	.LFB35
 396 0014 28000000 		.4byte	.LFE35-.LFB35
 397 0018 00000000 		.4byte	0
 398 001c 00000000 		.4byte	0
 399              		.section	.debug_ranges,"",%progbits
 400              	.Ldebug_ranges0:
 401 0000 00000000 		.4byte	.LFB35
 402 0004 28000000 		.4byte	.LFE35
 403 0008 00000000 		.4byte	0
 404 000c 00000000 		.4byte	0
 405              		.section	.debug_line,"",%progbits
 406              	.Ldebug_line0:
 407 0000 67000000 		.section	.debug_str,"MS",%progbits,1
 407      02004A00 
 407      00000201 
 407      FB0E0D00 
 407      01010101 
 408              	.LASF6:
 409 0000 6C6F6E67 		.ascii	"long long int\000"
 409      206C6F6E 
 409      6720696E 
 409      7400
 410              	.LASF8:
 411 000e 756E7369 		.ascii	"unsigned int\000"
 411      676E6564 
 411      20696E74 
 411      00
 412              	.LASF18:
 413 001b 6D61696E 		.ascii	"main.c\000"
ARM GAS  C:\Users\JANUSD~1\AppData\Local\Temp\ccQkXt8Z.s 			page 9


 413      2E6300
 414              	.LASF20:
 415 0022 6D61696E 		.ascii	"main\000"
 415      00
 416              	.LASF14:
 417 0027 50574D5F 		.ascii	"PWM_1_Start\000"
 417      315F5374 
 417      61727400 
 418              	.LASF19:
 419 0033 433A5C55 		.ascii	"C:\\Users\\janusdg-win\\UCU\\Projects\\Design05_PWM"
 419      73657273 
 419      5C6A616E 
 419      75736467 
 419      2D77696E 
 420 0061 2E637964 		.ascii	".cydsn\000"
 420      736E00
 421              	.LASF16:
 422 0068 43794465 		.ascii	"CyDelay\000"
 422      6C617900 
 423              	.LASF5:
 424 0070 6C6F6E67 		.ascii	"long unsigned int\000"
 424      20756E73 
 424      69676E65 
 424      6420696E 
 424      7400
 425              	.LASF7:
 426 0082 6C6F6E67 		.ascii	"long long unsigned int\000"
 426      206C6F6E 
 426      6720756E 
 426      7369676E 
 426      65642069 
 427              	.LASF9:
 428 0099 666C6F61 		.ascii	"float\000"
 428      7400
 429              	.LASF1:
 430 009f 756E7369 		.ascii	"unsigned char\000"
 430      676E6564 
 430      20636861 
 430      7200
 431              	.LASF11:
 432 00ad 63686172 		.ascii	"char\000"
 432      00
 433              	.LASF4:
 434 00b2 6C6F6E67 		.ascii	"long int\000"
 434      20696E74 
 434      00
 435              	.LASF10:
 436 00bb 646F7562 		.ascii	"double\000"
 436      6C6500
 437              	.LASF17:
 438 00c2 474E5520 		.ascii	"GNU C11 5.4.1 20160609 (release) [ARM/embedded-5-br"
 438      43313120 
 438      352E342E 
 438      31203230 
 438      31363036 
 439 00f5 616E6368 		.ascii	"anch revision 237715] -mcpu=cortex-m0 -mthumb -g -O"
 439      20726576 
ARM GAS  C:\Users\JANUSD~1\AppData\Local\Temp\ccQkXt8Z.s 			page 10


 439      6973696F 
 439      6E203233 
 439      37373135 
 440 0128 67202D66 		.ascii	"g -ffunction-sections -ffat-lto-objects\000"
 440      66756E63 
 440      74696F6E 
 440      2D736563 
 440      74696F6E 
 441              	.LASF3:
 442 0150 73686F72 		.ascii	"short unsigned int\000"
 442      7420756E 
 442      7369676E 
 442      65642069 
 442      6E7400
 443              	.LASF0:
 444 0163 7369676E 		.ascii	"signed char\000"
 444      65642063 
 444      68617200 
 445              	.LASF15:
 446 016f 50574D5F 		.ascii	"PWM_1_WriteCompare\000"
 446      315F5772 
 446      69746543 
 446      6F6D7061 
 446      726500
 447              	.LASF12:
 448 0182 6C6F6E67 		.ascii	"long double\000"
 448      20646F75 
 448      626C6500 
 449              	.LASF2:
 450 018e 73686F72 		.ascii	"short int\000"
 450      7420696E 
 450      7400
 451              	.LASF13:
 452 0198 73697A65 		.ascii	"sizetype\000"
 452      74797065 
 452      00
 453              		.ident	"GCC: (GNU Tools for ARM Embedded Processors) 5.4.1 20160609 (release) [ARM/embedded-5-bran
