ARM GAS  C:\Users\ASUS\AppData\Local\Temp\cc7X9v6n.s 			page 1


   1              		.syntax unified
   2              		.cpu cortex-m0
   3              		.fpu softvfp
   4              		.eabi_attribute 20, 1
   5              		.eabi_attribute 21, 1
   6              		.eabi_attribute 23, 3
   7              		.eabi_attribute 24, 1
   8              		.eabi_attribute 25, 1
   9              		.eabi_attribute 26, 1
  10              		.eabi_attribute 30, 1
  11              		.eabi_attribute 34, 0
  12              		.eabi_attribute 18, 4
  13              		.thumb
  14              		.syntax unified
  15              		.file	"cyfitter_cfg.c"
  16              		.text
  17              	.Ltext0:
  18              		.cfi_sections	.debug_frame
  19              		.section	.text.cfg_write_bytes32,"ax",%progbits
  20              		.align	2
  21              		.code	16
  22              		.thumb_func
  23              		.type	cfg_write_bytes32, %function
  24              	cfg_write_bytes32:
  25              	.LFB5:
  26              		.file 1 "Generated_Source\\PSoC4\\cyfitter_cfg.c"
   1:Generated_Source\PSoC4/cyfitter_cfg.c **** 
   2:Generated_Source\PSoC4/cyfitter_cfg.c **** /*******************************************************************************
   3:Generated_Source\PSoC4/cyfitter_cfg.c **** * File Name: cyfitter_cfg.c
   4:Generated_Source\PSoC4/cyfitter_cfg.c **** * 
   5:Generated_Source\PSoC4/cyfitter_cfg.c **** * PSoC Creator  4.3
   6:Generated_Source\PSoC4/cyfitter_cfg.c **** *
   7:Generated_Source\PSoC4/cyfitter_cfg.c **** * Description:
   8:Generated_Source\PSoC4/cyfitter_cfg.c **** * This file contains device initialization code.
   9:Generated_Source\PSoC4/cyfitter_cfg.c **** * Except for the user defined sections in CyClockStartupError(), this file should not be modified.
  10:Generated_Source\PSoC4/cyfitter_cfg.c **** * This file is automatically generated by PSoC Creator.
  11:Generated_Source\PSoC4/cyfitter_cfg.c **** *
  12:Generated_Source\PSoC4/cyfitter_cfg.c **** ********************************************************************************
  13:Generated_Source\PSoC4/cyfitter_cfg.c **** * Copyright (c) 2007-2019 Cypress Semiconductor.  All rights reserved.
  14:Generated_Source\PSoC4/cyfitter_cfg.c **** * You may use this file only in accordance with the license, terms, conditions, 
  15:Generated_Source\PSoC4/cyfitter_cfg.c **** * disclaimers, and limitations in the end user license agreement accompanying 
  16:Generated_Source\PSoC4/cyfitter_cfg.c **** * the software package with which this file was provided.
  17:Generated_Source\PSoC4/cyfitter_cfg.c **** ********************************************************************************/
  18:Generated_Source\PSoC4/cyfitter_cfg.c **** 
  19:Generated_Source\PSoC4/cyfitter_cfg.c **** #include <string.h>
  20:Generated_Source\PSoC4/cyfitter_cfg.c **** #include "cytypes.h"
  21:Generated_Source\PSoC4/cyfitter_cfg.c **** #include "cydevice_trm.h"
  22:Generated_Source\PSoC4/cyfitter_cfg.c **** #include "cyfitter.h"
  23:Generated_Source\PSoC4/cyfitter_cfg.c **** #include "CyLib.h"
  24:Generated_Source\PSoC4/cyfitter_cfg.c **** #include "CyLFClk.h"
  25:Generated_Source\PSoC4/cyfitter_cfg.c **** #include "cyfitter_cfg.h"
  26:Generated_Source\PSoC4/cyfitter_cfg.c **** #include "cyapicallbacks.h"
  27:Generated_Source\PSoC4/cyfitter_cfg.c **** 
  28:Generated_Source\PSoC4/cyfitter_cfg.c **** 
  29:Generated_Source\PSoC4/cyfitter_cfg.c **** #if defined(__GNUC__) || defined(__ARMCC_VERSION)
  30:Generated_Source\PSoC4/cyfitter_cfg.c ****     #define CYPACKED 
  31:Generated_Source\PSoC4/cyfitter_cfg.c ****     #define CYPACKED_ATTR __attribute__ ((packed))
ARM GAS  C:\Users\ASUS\AppData\Local\Temp\cc7X9v6n.s 			page 2


  32:Generated_Source\PSoC4/cyfitter_cfg.c ****     #define CYALIGNED __attribute__ ((aligned))
  33:Generated_Source\PSoC4/cyfitter_cfg.c ****     #define CY_CFG_UNUSED __attribute__ ((unused))
  34:Generated_Source\PSoC4/cyfitter_cfg.c ****     #ifndef CY_CFG_SECTION
  35:Generated_Source\PSoC4/cyfitter_cfg.c ****         #define CY_CFG_SECTION __attribute__ ((section(".psocinit")))
  36:Generated_Source\PSoC4/cyfitter_cfg.c ****     #endif
  37:Generated_Source\PSoC4/cyfitter_cfg.c ****     
  38:Generated_Source\PSoC4/cyfitter_cfg.c ****     #if defined(__ARMCC_VERSION)
  39:Generated_Source\PSoC4/cyfitter_cfg.c ****         #define CY_CFG_MEMORY_BARRIER() __memory_changed()
  40:Generated_Source\PSoC4/cyfitter_cfg.c ****     #else
  41:Generated_Source\PSoC4/cyfitter_cfg.c ****         #define CY_CFG_MEMORY_BARRIER() __sync_synchronize()
  42:Generated_Source\PSoC4/cyfitter_cfg.c ****     #endif
  43:Generated_Source\PSoC4/cyfitter_cfg.c ****     
  44:Generated_Source\PSoC4/cyfitter_cfg.c **** #elif defined(__ICCARM__)
  45:Generated_Source\PSoC4/cyfitter_cfg.c ****     #include <intrinsics.h>
  46:Generated_Source\PSoC4/cyfitter_cfg.c **** 
  47:Generated_Source\PSoC4/cyfitter_cfg.c ****     #define CYPACKED __packed
  48:Generated_Source\PSoC4/cyfitter_cfg.c ****     #define CYPACKED_ATTR 
  49:Generated_Source\PSoC4/cyfitter_cfg.c ****     #define CYALIGNED _Pragma("data_alignment=4")
  50:Generated_Source\PSoC4/cyfitter_cfg.c ****     #define CY_CFG_UNUSED _Pragma("diag_suppress=Pe177")
  51:Generated_Source\PSoC4/cyfitter_cfg.c ****     #define CY_CFG_SECTION _Pragma("location=\".psocinit\"")
  52:Generated_Source\PSoC4/cyfitter_cfg.c ****     
  53:Generated_Source\PSoC4/cyfitter_cfg.c ****     #define CY_CFG_MEMORY_BARRIER() __DMB()
  54:Generated_Source\PSoC4/cyfitter_cfg.c ****     
  55:Generated_Source\PSoC4/cyfitter_cfg.c **** #else
  56:Generated_Source\PSoC4/cyfitter_cfg.c ****     #error Unsupported toolchain
  57:Generated_Source\PSoC4/cyfitter_cfg.c **** #endif
  58:Generated_Source\PSoC4/cyfitter_cfg.c **** 
  59:Generated_Source\PSoC4/cyfitter_cfg.c **** #ifndef CYCODE
  60:Generated_Source\PSoC4/cyfitter_cfg.c ****     #define CYCODE
  61:Generated_Source\PSoC4/cyfitter_cfg.c **** #endif
  62:Generated_Source\PSoC4/cyfitter_cfg.c **** #ifndef CYDATA
  63:Generated_Source\PSoC4/cyfitter_cfg.c ****     #define CYDATA
  64:Generated_Source\PSoC4/cyfitter_cfg.c **** #endif
  65:Generated_Source\PSoC4/cyfitter_cfg.c **** #ifndef CYFAR
  66:Generated_Source\PSoC4/cyfitter_cfg.c ****     #define CYFAR
  67:Generated_Source\PSoC4/cyfitter_cfg.c **** #endif
  68:Generated_Source\PSoC4/cyfitter_cfg.c **** #ifndef CYXDATA
  69:Generated_Source\PSoC4/cyfitter_cfg.c ****     #define CYXDATA
  70:Generated_Source\PSoC4/cyfitter_cfg.c **** #endif
  71:Generated_Source\PSoC4/cyfitter_cfg.c **** 
  72:Generated_Source\PSoC4/cyfitter_cfg.c **** 
  73:Generated_Source\PSoC4/cyfitter_cfg.c **** CY_CFG_UNUSED
  74:Generated_Source\PSoC4/cyfitter_cfg.c **** static void CYMEMZERO(void *s, size_t n);
  75:Generated_Source\PSoC4/cyfitter_cfg.c **** CY_CFG_UNUSED
  76:Generated_Source\PSoC4/cyfitter_cfg.c **** static void CYMEMZERO(void *s, size_t n)
  77:Generated_Source\PSoC4/cyfitter_cfg.c **** {
  78:Generated_Source\PSoC4/cyfitter_cfg.c **** 	(void)memset(s, 0, n);
  79:Generated_Source\PSoC4/cyfitter_cfg.c **** }
  80:Generated_Source\PSoC4/cyfitter_cfg.c **** CY_CFG_UNUSED
  81:Generated_Source\PSoC4/cyfitter_cfg.c **** static void CYCONFIGCPY(void *dest, const void *src, size_t n);
  82:Generated_Source\PSoC4/cyfitter_cfg.c **** CY_CFG_UNUSED
  83:Generated_Source\PSoC4/cyfitter_cfg.c **** static void CYCONFIGCPY(void *dest, const void *src, size_t n)
  84:Generated_Source\PSoC4/cyfitter_cfg.c **** {
  85:Generated_Source\PSoC4/cyfitter_cfg.c **** 	(void)memcpy(dest, src, n);
  86:Generated_Source\PSoC4/cyfitter_cfg.c **** }
  87:Generated_Source\PSoC4/cyfitter_cfg.c **** CY_CFG_UNUSED
  88:Generated_Source\PSoC4/cyfitter_cfg.c **** static void CYCONFIGCPYCODE(void *dest, const void *src, size_t n);
ARM GAS  C:\Users\ASUS\AppData\Local\Temp\cc7X9v6n.s 			page 3


  89:Generated_Source\PSoC4/cyfitter_cfg.c **** CY_CFG_UNUSED
  90:Generated_Source\PSoC4/cyfitter_cfg.c **** static void CYCONFIGCPYCODE(void *dest, const void *src, size_t n)
  91:Generated_Source\PSoC4/cyfitter_cfg.c **** {
  92:Generated_Source\PSoC4/cyfitter_cfg.c **** 	(void)memcpy(dest, src, n);
  93:Generated_Source\PSoC4/cyfitter_cfg.c **** }
  94:Generated_Source\PSoC4/cyfitter_cfg.c **** 
  95:Generated_Source\PSoC4/cyfitter_cfg.c **** 
  96:Generated_Source\PSoC4/cyfitter_cfg.c **** 
  97:Generated_Source\PSoC4/cyfitter_cfg.c **** 
  98:Generated_Source\PSoC4/cyfitter_cfg.c **** /* Clock startup error codes                                                   */
  99:Generated_Source\PSoC4/cyfitter_cfg.c **** #define CYCLOCKSTART_NO_ERROR    0u
 100:Generated_Source\PSoC4/cyfitter_cfg.c **** #define CYCLOCKSTART_XTAL_ERROR  1u
 101:Generated_Source\PSoC4/cyfitter_cfg.c **** #define CYCLOCKSTART_32KHZ_ERROR 2u
 102:Generated_Source\PSoC4/cyfitter_cfg.c **** #define CYCLOCKSTART_PLL_ERROR   3u
 103:Generated_Source\PSoC4/cyfitter_cfg.c **** #define CYCLOCKSTART_FLL_ERROR   4u
 104:Generated_Source\PSoC4/cyfitter_cfg.c **** #define CYCLOCKSTART_WCO_ERROR   5u
 105:Generated_Source\PSoC4/cyfitter_cfg.c **** 
 106:Generated_Source\PSoC4/cyfitter_cfg.c **** 
 107:Generated_Source\PSoC4/cyfitter_cfg.c **** #ifdef CY_NEED_CYCLOCKSTARTUPERROR
 108:Generated_Source\PSoC4/cyfitter_cfg.c **** /*******************************************************************************
 109:Generated_Source\PSoC4/cyfitter_cfg.c **** * Function Name: CyClockStartupError
 110:Generated_Source\PSoC4/cyfitter_cfg.c **** ********************************************************************************
 111:Generated_Source\PSoC4/cyfitter_cfg.c **** * Summary:
 112:Generated_Source\PSoC4/cyfitter_cfg.c **** *  If an error is encountered during clock configuration (crystal startup error,
 113:Generated_Source\PSoC4/cyfitter_cfg.c **** *  PLL lock error, etc.), the system will end up here.  Unless reimplemented by
 114:Generated_Source\PSoC4/cyfitter_cfg.c **** *  the customer, this function will stop in an infinite loop.
 115:Generated_Source\PSoC4/cyfitter_cfg.c **** *
 116:Generated_Source\PSoC4/cyfitter_cfg.c **** * Parameters:
 117:Generated_Source\PSoC4/cyfitter_cfg.c **** *   void
 118:Generated_Source\PSoC4/cyfitter_cfg.c **** *
 119:Generated_Source\PSoC4/cyfitter_cfg.c **** * Return:
 120:Generated_Source\PSoC4/cyfitter_cfg.c **** *   void
 121:Generated_Source\PSoC4/cyfitter_cfg.c **** *
 122:Generated_Source\PSoC4/cyfitter_cfg.c **** *******************************************************************************/
 123:Generated_Source\PSoC4/cyfitter_cfg.c **** CY_CFG_UNUSED
 124:Generated_Source\PSoC4/cyfitter_cfg.c **** static void CyClockStartupError(uint8 errorCode);
 125:Generated_Source\PSoC4/cyfitter_cfg.c **** CY_CFG_UNUSED
 126:Generated_Source\PSoC4/cyfitter_cfg.c **** static void CyClockStartupError(uint8 errorCode)
 127:Generated_Source\PSoC4/cyfitter_cfg.c **** {
 128:Generated_Source\PSoC4/cyfitter_cfg.c ****     /* To remove the compiler warning if errorCode not used.                */
 129:Generated_Source\PSoC4/cyfitter_cfg.c ****     errorCode = errorCode;
 130:Generated_Source\PSoC4/cyfitter_cfg.c **** 
 131:Generated_Source\PSoC4/cyfitter_cfg.c ****     /* If we have a clock startup error (bad MHz crystal, PLL lock, etc.),  */
 132:Generated_Source\PSoC4/cyfitter_cfg.c ****     /* we will end up here to allow the customer to implement something to  */
 133:Generated_Source\PSoC4/cyfitter_cfg.c ****     /* deal with the clock condition.                                       */
 134:Generated_Source\PSoC4/cyfitter_cfg.c **** 
 135:Generated_Source\PSoC4/cyfitter_cfg.c **** #ifdef CY_CFG_CLOCK_STARTUP_ERROR_CALLBACK
 136:Generated_Source\PSoC4/cyfitter_cfg.c ****     CY_CFG_Clock_Startup_ErrorCallback();
 137:Generated_Source\PSoC4/cyfitter_cfg.c **** #else
 138:Generated_Source\PSoC4/cyfitter_cfg.c ****     /*  If not using CY_CFG_CLOCK_STARTUP_ERROR_CALLBACK, place your clock startup code here. */
 139:Generated_Source\PSoC4/cyfitter_cfg.c ****     /* `#START CyClockStartupError` */
 140:Generated_Source\PSoC4/cyfitter_cfg.c **** 
 141:Generated_Source\PSoC4/cyfitter_cfg.c **** 
 142:Generated_Source\PSoC4/cyfitter_cfg.c **** 
 143:Generated_Source\PSoC4/cyfitter_cfg.c ****     /* `#END` */
 144:Generated_Source\PSoC4/cyfitter_cfg.c **** 
 145:Generated_Source\PSoC4/cyfitter_cfg.c ****     while(1) {}
ARM GAS  C:\Users\ASUS\AppData\Local\Temp\cc7X9v6n.s 			page 4


 146:Generated_Source\PSoC4/cyfitter_cfg.c **** #endif /* CY_CFG_CLOCK_STARTUP_ERROR_CALLBACK */
 147:Generated_Source\PSoC4/cyfitter_cfg.c **** }
 148:Generated_Source\PSoC4/cyfitter_cfg.c **** #endif
 149:Generated_Source\PSoC4/cyfitter_cfg.c **** 
 150:Generated_Source\PSoC4/cyfitter_cfg.c **** #define CY_CFG_BASE_ADDR_COUNT 1u
 151:Generated_Source\PSoC4/cyfitter_cfg.c **** CYPACKED typedef struct
 152:Generated_Source\PSoC4/cyfitter_cfg.c **** {
 153:Generated_Source\PSoC4/cyfitter_cfg.c **** 	uint8 offset;
 154:Generated_Source\PSoC4/cyfitter_cfg.c **** 	uint8 value;
 155:Generated_Source\PSoC4/cyfitter_cfg.c **** } CYPACKED_ATTR cy_cfg_addrvalue_t;
 156:Generated_Source\PSoC4/cyfitter_cfg.c **** 
 157:Generated_Source\PSoC4/cyfitter_cfg.c **** 
 158:Generated_Source\PSoC4/cyfitter_cfg.c **** 
 159:Generated_Source\PSoC4/cyfitter_cfg.c **** /*******************************************************************************
 160:Generated_Source\PSoC4/cyfitter_cfg.c **** * Function Name: cfg_write_bytes32
 161:Generated_Source\PSoC4/cyfitter_cfg.c **** ********************************************************************************
 162:Generated_Source\PSoC4/cyfitter_cfg.c **** * Summary:
 163:Generated_Source\PSoC4/cyfitter_cfg.c **** *  This function is used for setting up the chip configuration areas that
 164:Generated_Source\PSoC4/cyfitter_cfg.c **** *  contain relatively sparse data.
 165:Generated_Source\PSoC4/cyfitter_cfg.c **** *
 166:Generated_Source\PSoC4/cyfitter_cfg.c **** * Parameters:
 167:Generated_Source\PSoC4/cyfitter_cfg.c **** *   void
 168:Generated_Source\PSoC4/cyfitter_cfg.c **** *
 169:Generated_Source\PSoC4/cyfitter_cfg.c **** * Return:
 170:Generated_Source\PSoC4/cyfitter_cfg.c **** *   void
 171:Generated_Source\PSoC4/cyfitter_cfg.c **** *
 172:Generated_Source\PSoC4/cyfitter_cfg.c **** *******************************************************************************/
 173:Generated_Source\PSoC4/cyfitter_cfg.c **** static void cfg_write_bytes32(const uint32 addr_table[], const cy_cfg_addrvalue_t data_table[]);
 174:Generated_Source\PSoC4/cyfitter_cfg.c **** static void cfg_write_bytes32(const uint32 addr_table[], const cy_cfg_addrvalue_t data_table[])
 175:Generated_Source\PSoC4/cyfitter_cfg.c **** {
  27              		.loc 1 175 0
  28              		.cfi_startproc
  29              		@ args = 0, pretend = 0, frame = 0
  30              		@ frame_needed = 0, uses_anonymous_args = 0
  31              	.LVL0:
  32 0000 F0B5     		push	{r4, r5, r6, r7, lr}
  33              		.cfi_def_cfa_offset 20
  34              		.cfi_offset 4, -20
  35              		.cfi_offset 5, -16
  36              		.cfi_offset 6, -12
  37              		.cfi_offset 7, -8
  38              		.cfi_offset 14, -4
  39              	.LVL1:
 176:Generated_Source\PSoC4/cyfitter_cfg.c **** 	/* For 32-bit little-endian architectures */
 177:Generated_Source\PSoC4/cyfitter_cfg.c **** 	uint32 i, j = 0u;
  40              		.loc 1 177 0
  41 0002 0025     		movs	r5, #0
 178:Generated_Source\PSoC4/cyfitter_cfg.c **** 	for (i = 0u; i < CY_CFG_BASE_ADDR_COUNT; i++)
  42              		.loc 1 178 0
  43 0004 0027     		movs	r7, #0
  44 0006 11E0     		b	.L2
  45              	.LVL2:
  46              	.L5:
  47              	.LBB2:
 179:Generated_Source\PSoC4/cyfitter_cfg.c **** 	{
 180:Generated_Source\PSoC4/cyfitter_cfg.c **** 		uint32 baseAddr = addr_table[i];
  48              		.loc 1 180 0
ARM GAS  C:\Users\ASUS\AppData\Local\Temp\cc7X9v6n.s 			page 5


  49 0008 BB00     		lsls	r3, r7, #2
  50 000a C658     		ldr	r6, [r0, r3]
  51              	.LVL3:
 181:Generated_Source\PSoC4/cyfitter_cfg.c **** 		uint8 count = (uint8)baseAddr;
  52              		.loc 1 181 0
  53 000c F3B2     		uxtb	r3, r6
  54              	.LVL4:
 182:Generated_Source\PSoC4/cyfitter_cfg.c **** 		baseAddr &= 0xFFFFFF00u;
  55              		.loc 1 182 0
  56 000e FF22     		movs	r2, #255
  57 0010 9643     		bics	r6, r2
  58              	.LVL5:
 183:Generated_Source\PSoC4/cyfitter_cfg.c **** 		while (count != 0u)
  59              		.loc 1 183 0
  60 0012 08E0     		b	.L3
  61              	.L4:
 184:Generated_Source\PSoC4/cyfitter_cfg.c **** 		{
 185:Generated_Source\PSoC4/cyfitter_cfg.c **** 			CY_SET_REG8((void *)(baseAddr + data_table[j].offset), data_table[j].value);
  62              		.loc 1 185 0
  63 0014 6A00     		lsls	r2, r5, #1
  64 0016 8A18     		adds	r2, r1, r2
  65 0018 1478     		ldrb	r4, [r2]
  66 001a A419     		adds	r4, r4, r6
  67 001c 5278     		ldrb	r2, [r2, #1]
  68 001e 2270     		strb	r2, [r4]
 186:Generated_Source\PSoC4/cyfitter_cfg.c **** 			j++;
  69              		.loc 1 186 0
  70 0020 0135     		adds	r5, r5, #1
  71              	.LVL6:
 187:Generated_Source\PSoC4/cyfitter_cfg.c **** 			count--;
  72              		.loc 1 187 0
  73 0022 013B     		subs	r3, r3, #1
  74              	.LVL7:
  75 0024 DBB2     		uxtb	r3, r3
  76              	.LVL8:
  77              	.L3:
 183:Generated_Source\PSoC4/cyfitter_cfg.c **** 		{
  78              		.loc 1 183 0
  79 0026 002B     		cmp	r3, #0
  80 0028 F4D1     		bne	.L4
  81              	.LBE2:
 178:Generated_Source\PSoC4/cyfitter_cfg.c **** 	{
  82              		.loc 1 178 0 discriminator 2
  83 002a 0137     		adds	r7, r7, #1
  84              	.LVL9:
  85              	.L2:
 178:Generated_Source\PSoC4/cyfitter_cfg.c **** 	{
  86              		.loc 1 178 0 is_stmt 0 discriminator 1
  87 002c 002F     		cmp	r7, #0
  88 002e EBD0     		beq	.L5
 188:Generated_Source\PSoC4/cyfitter_cfg.c **** 		}
 189:Generated_Source\PSoC4/cyfitter_cfg.c **** 	}
 190:Generated_Source\PSoC4/cyfitter_cfg.c **** }
  89              		.loc 1 190 0 is_stmt 1
  90              		@ sp needed
  91              	.LVL10:
  92              	.LVL11:
ARM GAS  C:\Users\ASUS\AppData\Local\Temp\cc7X9v6n.s 			page 6


  93 0030 F0BD     		pop	{r4, r5, r6, r7, pc}
  94              		.cfi_endproc
  95              	.LFE5:
  96              		.size	cfg_write_bytes32, .-cfg_write_bytes32
  97 0032 C046     		.section	.text.AnalogSetDefault,"ax",%progbits
  98              		.align	2
  99              		.code	16
 100              		.thumb_func
 101              		.type	AnalogSetDefault, %function
 102              	AnalogSetDefault:
 103              	.LFB7:
 191:Generated_Source\PSoC4/cyfitter_cfg.c **** 
 192:Generated_Source\PSoC4/cyfitter_cfg.c **** 
 193:Generated_Source\PSoC4/cyfitter_cfg.c **** /*******************************************************************************
 194:Generated_Source\PSoC4/cyfitter_cfg.c **** * Function Name: ClockSetup
 195:Generated_Source\PSoC4/cyfitter_cfg.c **** ********************************************************************************
 196:Generated_Source\PSoC4/cyfitter_cfg.c **** *
 197:Generated_Source\PSoC4/cyfitter_cfg.c **** * Summary:
 198:Generated_Source\PSoC4/cyfitter_cfg.c **** *   Performs the initialization of all of the clocks in the device based on the
 199:Generated_Source\PSoC4/cyfitter_cfg.c **** *   settings in the Clock tab of the DWR.  This includes enabling the requested
 200:Generated_Source\PSoC4/cyfitter_cfg.c **** *   clocks and setting the necessary dividers to produce the desired frequency. 
 201:Generated_Source\PSoC4/cyfitter_cfg.c **** *
 202:Generated_Source\PSoC4/cyfitter_cfg.c **** * Parameters:
 203:Generated_Source\PSoC4/cyfitter_cfg.c **** *   void
 204:Generated_Source\PSoC4/cyfitter_cfg.c **** *
 205:Generated_Source\PSoC4/cyfitter_cfg.c **** * Return:
 206:Generated_Source\PSoC4/cyfitter_cfg.c **** *   void
 207:Generated_Source\PSoC4/cyfitter_cfg.c **** *
 208:Generated_Source\PSoC4/cyfitter_cfg.c **** *******************************************************************************/
 209:Generated_Source\PSoC4/cyfitter_cfg.c **** static void ClockSetup(void);
 210:Generated_Source\PSoC4/cyfitter_cfg.c **** CY_CFG_SECTION
 211:Generated_Source\PSoC4/cyfitter_cfg.c **** static void ClockSetup(void)
 212:Generated_Source\PSoC4/cyfitter_cfg.c **** {
 213:Generated_Source\PSoC4/cyfitter_cfg.c **** 
 214:Generated_Source\PSoC4/cyfitter_cfg.c **** 	/* Set Flash Cycles based on max possible frequency in case a glitch occurs during ClockSetup(). *
 215:Generated_Source\PSoC4/cyfitter_cfg.c **** 	CY_SET_REG32((void CYXDATA *)(CYREG_CPUSS_FLASH_CTL), (0x0012u));
 216:Generated_Source\PSoC4/cyfitter_cfg.c **** 
 217:Generated_Source\PSoC4/cyfitter_cfg.c **** 	/* Start the WCO */
 218:Generated_Source\PSoC4/cyfitter_cfg.c **** 	CySysClkWcoStart();
 219:Generated_Source\PSoC4/cyfitter_cfg.c **** 	CyDelayCycles(12000000u); /* WCO may take up to 500ms to start */
 220:Generated_Source\PSoC4/cyfitter_cfg.c **** 	(void)CySysClkWcoSetPowerMode(CY_SYS_CLK_WCO_LPM);    /* Switch to the low power mode */
 221:Generated_Source\PSoC4/cyfitter_cfg.c **** 
 222:Generated_Source\PSoC4/cyfitter_cfg.c **** 	/* Setup and trim IMO based on desired frequency. */
 223:Generated_Source\PSoC4/cyfitter_cfg.c **** 	CySysClkWriteImoFreq(48u);
 224:Generated_Source\PSoC4/cyfitter_cfg.c **** 	/* CYDEV_CLK_ILO_CONFIG Starting address: CYDEV_CLK_ILO_CONFIG */
 225:Generated_Source\PSoC4/cyfitter_cfg.c **** 	CY_SET_REG32((void *)(CYREG_CLK_ILO_CONFIG), 0x80000006u);
 226:Generated_Source\PSoC4/cyfitter_cfg.c **** 
 227:Generated_Source\PSoC4/cyfitter_cfg.c **** 	/* CYDEV_WDT_CONFIG Starting address: CYDEV_WDT_CONFIG */
 228:Generated_Source\PSoC4/cyfitter_cfg.c **** 	CY_SET_REG32((void *)(CYREG_WDT_CONFIG), 0x40000000u);
 229:Generated_Source\PSoC4/cyfitter_cfg.c **** 
 230:Generated_Source\PSoC4/cyfitter_cfg.c **** 
 231:Generated_Source\PSoC4/cyfitter_cfg.c **** 	/* Enable fast start mode for XO */
 232:Generated_Source\PSoC4/cyfitter_cfg.c **** 	CY_SET_REG32((void*)CYREG_BLE_BLERD_BB_XO, CY_GET_REG32((void*)CYREG_BLE_BLERD_BB_XO) | (uint32)0x
 233:Generated_Source\PSoC4/cyfitter_cfg.c **** 	CY_SET_REG32((void *)(CYREG_BLE_BLERD_BB_XO_CAPTRIM), 0x00003E2Du);
 234:Generated_Source\PSoC4/cyfitter_cfg.c **** 	/*Set XTAL(ECO) divider*/
 235:Generated_Source\PSoC4/cyfitter_cfg.c **** 	CY_SET_REG32((void *)(CYREG_BLE_BLESS_XTAL_CLK_DIV_CONFIG), 0x00000000u);
 236:Generated_Source\PSoC4/cyfitter_cfg.c **** 	/* Disable Crystal Stable Interrupt before enabling ECO */
ARM GAS  C:\Users\ASUS\AppData\Local\Temp\cc7X9v6n.s 			page 7


 237:Generated_Source\PSoC4/cyfitter_cfg.c **** 	CY_SET_REG32((void*)CYREG_BLE_BLESS_LL_DSM_CTRL, CY_GET_REG32((void*)CYREG_BLE_BLESS_LL_DSM_CTRL) 
 238:Generated_Source\PSoC4/cyfitter_cfg.c **** 	/* Start the ECO and do not check status since it is not needed for HFCLK */
 239:Generated_Source\PSoC4/cyfitter_cfg.c **** 	(void)CySysClkEcoStart(2000u);
 240:Generated_Source\PSoC4/cyfitter_cfg.c **** 	CyDelayUs(1500u); /* Wait to stabilize */
 241:Generated_Source\PSoC4/cyfitter_cfg.c **** 
 242:Generated_Source\PSoC4/cyfitter_cfg.c **** 	/* Setup phase aligned clocks */
 243:Generated_Source\PSoC4/cyfitter_cfg.c **** 	CY_SET_REG32((void *)CYREG_PERI_DIV_16_CTL0, 0x00000300u);
 244:Generated_Source\PSoC4/cyfitter_cfg.c **** 	CY_SET_REG32((void *)CYREG_PERI_DIV_CMD, 0x8000FF40u);
 245:Generated_Source\PSoC4/cyfitter_cfg.c **** 	CY_SET_REG32((void *)CYREG_PERI_DIV_16_CTL1, 0x00001900u);
 246:Generated_Source\PSoC4/cyfitter_cfg.c **** 	CY_SET_REG32((void *)CYREG_PERI_DIV_CMD, 0x8000FF41u);
 247:Generated_Source\PSoC4/cyfitter_cfg.c **** 
 248:Generated_Source\PSoC4/cyfitter_cfg.c **** 	/* CYDEV_CLK_IMO_CONFIG Starting address: CYDEV_CLK_IMO_CONFIG */
 249:Generated_Source\PSoC4/cyfitter_cfg.c **** 	CY_SET_REG32((void *)(CYREG_CLK_IMO_CONFIG), 0x80000000u);
 250:Generated_Source\PSoC4/cyfitter_cfg.c **** 
 251:Generated_Source\PSoC4/cyfitter_cfg.c **** 	/* CYDEV_CLK_SELECT Starting address: CYDEV_CLK_SELECT */
 252:Generated_Source\PSoC4/cyfitter_cfg.c **** 	CY_SET_REG32((void *)(CYREG_CLK_SELECT), 0x00040000u);
 253:Generated_Source\PSoC4/cyfitter_cfg.c **** 
 254:Generated_Source\PSoC4/cyfitter_cfg.c **** 	/* CYDEV_PERI_PCLK_CTL7 Starting address: CYDEV_PERI_PCLK_CTL7 */
 255:Generated_Source\PSoC4/cyfitter_cfg.c **** 	CY_SET_REG32((void *)(CYREG_PERI_PCLK_CTL7), 0x00000040u);
 256:Generated_Source\PSoC4/cyfitter_cfg.c **** 
 257:Generated_Source\PSoC4/cyfitter_cfg.c **** 	/* CYDEV_PERI_PCLK_CTL1 Starting address: CYDEV_PERI_PCLK_CTL1 */
 258:Generated_Source\PSoC4/cyfitter_cfg.c **** 	CY_SET_REG32((void *)(CYREG_PERI_PCLK_CTL1), 0x00000041u);
 259:Generated_Source\PSoC4/cyfitter_cfg.c **** 
 260:Generated_Source\PSoC4/cyfitter_cfg.c **** 	(void)CyIntSetVector(8u, &CySysWdtIsr);
 261:Generated_Source\PSoC4/cyfitter_cfg.c **** 	CyIntEnable(8u);
 262:Generated_Source\PSoC4/cyfitter_cfg.c **** 	CY_SET_REG32((void *)(CYREG_WDT_CONFIG), 0x40000000u);
 263:Generated_Source\PSoC4/cyfitter_cfg.c **** }
 264:Generated_Source\PSoC4/cyfitter_cfg.c **** 
 265:Generated_Source\PSoC4/cyfitter_cfg.c **** 
 266:Generated_Source\PSoC4/cyfitter_cfg.c **** /* Analog API Functions */
 267:Generated_Source\PSoC4/cyfitter_cfg.c **** 
 268:Generated_Source\PSoC4/cyfitter_cfg.c **** 
 269:Generated_Source\PSoC4/cyfitter_cfg.c **** /*******************************************************************************
 270:Generated_Source\PSoC4/cyfitter_cfg.c **** * Function Name: AnalogSetDefault
 271:Generated_Source\PSoC4/cyfitter_cfg.c **** ********************************************************************************
 272:Generated_Source\PSoC4/cyfitter_cfg.c **** *
 273:Generated_Source\PSoC4/cyfitter_cfg.c **** * Summary:
 274:Generated_Source\PSoC4/cyfitter_cfg.c **** *  Sets up the analog portions of the chip to default values based on chip
 275:Generated_Source\PSoC4/cyfitter_cfg.c **** *  configuration options from the project.
 276:Generated_Source\PSoC4/cyfitter_cfg.c **** *
 277:Generated_Source\PSoC4/cyfitter_cfg.c **** * Parameters:
 278:Generated_Source\PSoC4/cyfitter_cfg.c **** *  void
 279:Generated_Source\PSoC4/cyfitter_cfg.c **** *
 280:Generated_Source\PSoC4/cyfitter_cfg.c **** * Return:
 281:Generated_Source\PSoC4/cyfitter_cfg.c **** *  void
 282:Generated_Source\PSoC4/cyfitter_cfg.c **** *
 283:Generated_Source\PSoC4/cyfitter_cfg.c **** *******************************************************************************/
 284:Generated_Source\PSoC4/cyfitter_cfg.c **** static void AnalogSetDefault(void);
 285:Generated_Source\PSoC4/cyfitter_cfg.c **** static void AnalogSetDefault(void)
 286:Generated_Source\PSoC4/cyfitter_cfg.c **** {
 104              		.loc 1 286 0
 105              		.cfi_startproc
 106              		@ args = 0, pretend = 0, frame = 0
 107              		@ frame_needed = 0, uses_anonymous_args = 0
 108              		@ link register save eliminated.
 287:Generated_Source\PSoC4/cyfitter_cfg.c **** 	CY_SET_XTND_REG32((void CYFAR *)CYREG_CTBM0_DFT_CTRL, 0x00000003u);
 109              		.loc 1 287 0
ARM GAS  C:\Users\ASUS\AppData\Local\Temp\cc7X9v6n.s 			page 8


 110 0000 0323     		movs	r3, #3
 111 0002 044A     		ldr	r2, .L7
 112 0004 1360     		str	r3, [r2]
 288:Generated_Source\PSoC4/cyfitter_cfg.c **** 	CY_SET_XTND_REG32((void CYFAR *)CYREG_CTBM1_DFT_CTRL, 0x00000003u);
 113              		.loc 1 288 0
 114 0006 044A     		ldr	r2, .L7+4
 115 0008 1360     		str	r3, [r2]
 289:Generated_Source\PSoC4/cyfitter_cfg.c **** 	CY_SET_XTND_REG32((void CYFAR *)CYREG_PASS_DSAB_DSAB_CTRL, 0x00000000u);
 116              		.loc 1 289 0
 117 000a 0022     		movs	r2, #0
 118 000c 034B     		ldr	r3, .L7+8
 119 000e 1A60     		str	r2, [r3]
 290:Generated_Source\PSoC4/cyfitter_cfg.c **** }
 120              		.loc 1 290 0
 121              		@ sp needed
 122 0010 7047     		bx	lr
 123              	.L8:
 124 0012 C046     		.align	2
 125              	.L7:
 126 0014 30003040 		.word	1076887600
 127 0018 30003140 		.word	1076953136
 128 001c 000E3F40 		.word	1077874176
 129              		.cfi_endproc
 130              	.LFE7:
 131              		.size	AnalogSetDefault, .-AnalogSetDefault
 132              		.section	.text.CYMEMZERO,"ax",%progbits
 133              		.align	2
 134              		.code	16
 135              		.thumb_func
 136              		.type	CYMEMZERO, %function
 137              	CYMEMZERO:
 138              	.LFB2:
  77:Generated_Source\PSoC4/cyfitter_cfg.c **** 	(void)memset(s, 0, n);
 139              		.loc 1 77 0
 140              		.cfi_startproc
 141              		@ args = 0, pretend = 0, frame = 0
 142              		@ frame_needed = 0, uses_anonymous_args = 0
 143              	.LVL12:
 144 0000 10B5     		push	{r4, lr}
 145              		.cfi_def_cfa_offset 8
 146              		.cfi_offset 4, -8
 147              		.cfi_offset 14, -4
 148 0002 0A00     		movs	r2, r1
  78:Generated_Source\PSoC4/cyfitter_cfg.c **** }
 149              		.loc 1 78 0
 150 0004 0021     		movs	r1, #0
 151              	.LVL13:
 152 0006 FFF7FEFF 		bl	memset
 153              	.LVL14:
  79:Generated_Source\PSoC4/cyfitter_cfg.c **** CY_CFG_UNUSED
 154              		.loc 1 79 0
 155              		@ sp needed
 156 000a 10BD     		pop	{r4, pc}
 157              		.cfi_endproc
 158              	.LFE2:
 159              		.size	CYMEMZERO, .-CYMEMZERO
 160              		.section	.psocinit,"ax",%progbits
ARM GAS  C:\Users\ASUS\AppData\Local\Temp\cc7X9v6n.s 			page 9


 161              		.align	2
 162              		.code	16
 163              		.thumb_func
 164              		.type	ClockSetup, %function
 165              	ClockSetup:
 166              	.LFB6:
 212:Generated_Source\PSoC4/cyfitter_cfg.c **** 
 167              		.loc 1 212 0
 168              		.cfi_startproc
 169              		@ args = 0, pretend = 0, frame = 0
 170              		@ frame_needed = 0, uses_anonymous_args = 0
 171 0000 70B5     		push	{r4, r5, r6, lr}
 172              		.cfi_def_cfa_offset 16
 173              		.cfi_offset 4, -16
 174              		.cfi_offset 5, -12
 175              		.cfi_offset 6, -8
 176              		.cfi_offset 14, -4
 215:Generated_Source\PSoC4/cyfitter_cfg.c **** 
 177              		.loc 1 215 0
 178 0002 1222     		movs	r2, #18
 179 0004 274B     		ldr	r3, .L11
 180 0006 1A60     		str	r2, [r3]
 218:Generated_Source\PSoC4/cyfitter_cfg.c **** 	CyDelayCycles(12000000u); /* WCO may take up to 500ms to start */
 181              		.loc 1 218 0
 182 0008 FFF7FEFF 		bl	CySysClkWcoStart
 183              	.LVL15:
 219:Generated_Source\PSoC4/cyfitter_cfg.c **** 	(void)CySysClkWcoSetPowerMode(CY_SYS_CLK_WCO_LPM);    /* Switch to the low power mode */
 184              		.loc 1 219 0
 185 000c 2648     		ldr	r0, .L11+4
 186 000e FFF7FEFF 		bl	CyDelayCycles
 187              	.LVL16:
 220:Generated_Source\PSoC4/cyfitter_cfg.c **** 
 188              		.loc 1 220 0
 189 0012 0120     		movs	r0, #1
 190 0014 FFF7FEFF 		bl	CySysClkWcoSetPowerMode
 191              	.LVL17:
 223:Generated_Source\PSoC4/cyfitter_cfg.c **** 	/* CYDEV_CLK_ILO_CONFIG Starting address: CYDEV_CLK_ILO_CONFIG */
 192              		.loc 1 223 0
 193 0018 3020     		movs	r0, #48
 194 001a FFF7FEFF 		bl	CySysClkWriteImoFreq
 195              	.LVL18:
 225:Generated_Source\PSoC4/cyfitter_cfg.c **** 
 196              		.loc 1 225 0
 197 001e 234A     		ldr	r2, .L11+8
 198 0020 234B     		ldr	r3, .L11+12
 199 0022 1A60     		str	r2, [r3]
 228:Generated_Source\PSoC4/cyfitter_cfg.c **** 
 200              		.loc 1 228 0
 201 0024 234C     		ldr	r4, .L11+16
 202 0026 8025     		movs	r5, #128
 203 0028 ED05     		lsls	r5, r5, #23
 204 002a 2560     		str	r5, [r4]
 232:Generated_Source\PSoC4/cyfitter_cfg.c **** 	CY_SET_REG32((void *)(CYREG_BLE_BLERD_BB_XO_CAPTRIM), 0x00003E2Du);
 205              		.loc 1 232 0
 206 002c 224A     		ldr	r2, .L11+20
 207 002e 1168     		ldr	r1, [r2]
 208 0030 0223     		movs	r3, #2
ARM GAS  C:\Users\ASUS\AppData\Local\Temp\cc7X9v6n.s 			page 10


 209 0032 0B43     		orrs	r3, r1
 210 0034 1360     		str	r3, [r2]
 233:Generated_Source\PSoC4/cyfitter_cfg.c **** 	/*Set XTAL(ECO) divider*/
 211              		.loc 1 233 0
 212 0036 214A     		ldr	r2, .L11+24
 213 0038 214B     		ldr	r3, .L11+28
 214 003a 1A60     		str	r2, [r3]
 235:Generated_Source\PSoC4/cyfitter_cfg.c **** 	/* Disable Crystal Stable Interrupt before enabling ECO */
 215              		.loc 1 235 0
 216 003c 0022     		movs	r2, #0
 217 003e 214B     		ldr	r3, .L11+32
 218 0040 1A60     		str	r2, [r3]
 237:Generated_Source\PSoC4/cyfitter_cfg.c **** 	/* Start the ECO and do not check status since it is not needed for HFCLK */
 219              		.loc 1 237 0
 220 0042 214A     		ldr	r2, .L11+36
 221 0044 1368     		ldr	r3, [r2]
 222 0046 0821     		movs	r1, #8
 223 0048 8B43     		bics	r3, r1
 224 004a 1360     		str	r3, [r2]
 239:Generated_Source\PSoC4/cyfitter_cfg.c **** 	CyDelayUs(1500u); /* Wait to stabilize */
 225              		.loc 1 239 0
 226 004c FA20     		movs	r0, #250
 227 004e C000     		lsls	r0, r0, #3
 228 0050 FFF7FEFF 		bl	CySysClkEcoStart
 229              	.LVL19:
 240:Generated_Source\PSoC4/cyfitter_cfg.c **** 
 230              		.loc 1 240 0
 231 0054 1D48     		ldr	r0, .L11+40
 232 0056 FFF7FEFF 		bl	CyDelayUs
 233              	.LVL20:
 243:Generated_Source\PSoC4/cyfitter_cfg.c **** 	CY_SET_REG32((void *)CYREG_PERI_DIV_CMD, 0x8000FF40u);
 234              		.loc 1 243 0
 235 005a C022     		movs	r2, #192
 236 005c 9200     		lsls	r2, r2, #2
 237 005e 1C4B     		ldr	r3, .L11+44
 238 0060 1A60     		str	r2, [r3]
 244:Generated_Source\PSoC4/cyfitter_cfg.c **** 	CY_SET_REG32((void *)CYREG_PERI_DIV_16_CTL1, 0x00001900u);
 239              		.loc 1 244 0
 240 0062 1C4B     		ldr	r3, .L11+48
 241 0064 1C4A     		ldr	r2, .L11+52
 242 0066 1A60     		str	r2, [r3]
 245:Generated_Source\PSoC4/cyfitter_cfg.c **** 	CY_SET_REG32((void *)CYREG_PERI_DIV_CMD, 0x8000FF41u);
 243              		.loc 1 245 0
 244 0068 C821     		movs	r1, #200
 245 006a 4901     		lsls	r1, r1, #5
 246 006c 1B4A     		ldr	r2, .L11+56
 247 006e 1160     		str	r1, [r2]
 246:Generated_Source\PSoC4/cyfitter_cfg.c **** 
 248              		.loc 1 246 0
 249 0070 1B4A     		ldr	r2, .L11+60
 250 0072 1A60     		str	r2, [r3]
 249:Generated_Source\PSoC4/cyfitter_cfg.c **** 
 251              		.loc 1 249 0
 252 0074 8022     		movs	r2, #128
 253 0076 1206     		lsls	r2, r2, #24
 254 0078 1A4B     		ldr	r3, .L11+64
 255 007a 1A60     		str	r2, [r3]
ARM GAS  C:\Users\ASUS\AppData\Local\Temp\cc7X9v6n.s 			page 11


 252:Generated_Source\PSoC4/cyfitter_cfg.c **** 
 256              		.loc 1 252 0
 257 007c 8022     		movs	r2, #128
 258 007e D202     		lsls	r2, r2, #11
 259 0080 194B     		ldr	r3, .L11+68
 260 0082 1A60     		str	r2, [r3]
 255:Generated_Source\PSoC4/cyfitter_cfg.c **** 
 261              		.loc 1 255 0
 262 0084 4022     		movs	r2, #64
 263 0086 194B     		ldr	r3, .L11+72
 264 0088 1A60     		str	r2, [r3]
 258:Generated_Source\PSoC4/cyfitter_cfg.c **** 
 265              		.loc 1 258 0
 266 008a 0132     		adds	r2, r2, #1
 267 008c 184B     		ldr	r3, .L11+76
 268 008e 1A60     		str	r2, [r3]
 260:Generated_Source\PSoC4/cyfitter_cfg.c **** 	CyIntEnable(8u);
 269              		.loc 1 260 0
 270 0090 1849     		ldr	r1, .L11+80
 271 0092 0820     		movs	r0, #8
 272 0094 FFF7FEFF 		bl	CyIntSetVector
 273              	.LVL21:
 261:Generated_Source\PSoC4/cyfitter_cfg.c **** 	CY_SET_REG32((void *)(CYREG_WDT_CONFIG), 0x40000000u);
 274              		.loc 1 261 0
 275 0098 0820     		movs	r0, #8
 276 009a FFF7FEFF 		bl	CyIntEnable
 277              	.LVL22:
 262:Generated_Source\PSoC4/cyfitter_cfg.c **** }
 278              		.loc 1 262 0
 279 009e 2560     		str	r5, [r4]
 263:Generated_Source\PSoC4/cyfitter_cfg.c **** 
 280              		.loc 1 263 0
 281              		@ sp needed
 282 00a0 70BD     		pop	{r4, r5, r6, pc}
 283              	.L12:
 284 00a2 C046     		.align	2
 285              	.L11:
 286 00a4 30001040 		.word	1074790448
 287 00a8 001BB700 		.word	12000000
 288 00ac 06000080 		.word	-2147483642
 289 00b0 04010B40 		.word	1074462980
 290 00b4 0C020B40 		.word	1074463244
 291 00b8 78002E40 		.word	1076756600
 292 00bc 2D3E0000 		.word	15917
 293 00c0 7C002E40 		.word	1076756604
 294 00c4 64F02E40 		.word	1076818020
 295 00c8 6CF02E40 		.word	1076818028
 296 00cc DC050000 		.word	1500
 297 00d0 00030140 		.word	1073808128
 298 00d4 00000140 		.word	1073807360
 299 00d8 40FF0080 		.word	-2147418304
 300 00dc 04030140 		.word	1073808132
 301 00e0 41FF0080 		.word	-2147418303
 302 00e4 08010B40 		.word	1074462984
 303 00e8 00010B40 		.word	1074462976
 304 00ec 1C010140 		.word	1073807644
 305 00f0 04010140 		.word	1073807620
ARM GAS  C:\Users\ASUS\AppData\Local\Temp\cc7X9v6n.s 			page 12


 306 00f4 00000000 		.word	CySysWdtIsr
 307              		.cfi_endproc
 308              	.LFE6:
 309              		.size	ClockSetup, .-ClockSetup
 310              		.align	2
 311              		.global	cyfitter_cfg
 312              		.code	16
 313              		.thumb_func
 314              		.type	cyfitter_cfg, %function
 315              	cyfitter_cfg:
 316              	.LFB8:
 291:Generated_Source\PSoC4/cyfitter_cfg.c **** 
 292:Generated_Source\PSoC4/cyfitter_cfg.c **** 
 293:Generated_Source\PSoC4/cyfitter_cfg.c **** 
 294:Generated_Source\PSoC4/cyfitter_cfg.c **** 
 295:Generated_Source\PSoC4/cyfitter_cfg.c **** /*******************************************************************************
 296:Generated_Source\PSoC4/cyfitter_cfg.c **** * Function Name: cyfitter_cfg
 297:Generated_Source\PSoC4/cyfitter_cfg.c **** ********************************************************************************
 298:Generated_Source\PSoC4/cyfitter_cfg.c **** * Summary:
 299:Generated_Source\PSoC4/cyfitter_cfg.c **** *  This function is called by the start-up code for the selected device. It
 300:Generated_Source\PSoC4/cyfitter_cfg.c **** *  performs all of the necessary device configuration based on the design
 301:Generated_Source\PSoC4/cyfitter_cfg.c **** *  settings.  This includes settings from the Design Wide Resources (DWR) such
 302:Generated_Source\PSoC4/cyfitter_cfg.c **** *  as Clocks and Pins as well as any component configuration that is necessary.
 303:Generated_Source\PSoC4/cyfitter_cfg.c **** *
 304:Generated_Source\PSoC4/cyfitter_cfg.c **** * Parameters:
 305:Generated_Source\PSoC4/cyfitter_cfg.c **** *   void
 306:Generated_Source\PSoC4/cyfitter_cfg.c **** *
 307:Generated_Source\PSoC4/cyfitter_cfg.c **** * Return:
 308:Generated_Source\PSoC4/cyfitter_cfg.c **** *   void
 309:Generated_Source\PSoC4/cyfitter_cfg.c **** *
 310:Generated_Source\PSoC4/cyfitter_cfg.c **** *******************************************************************************/
 311:Generated_Source\PSoC4/cyfitter_cfg.c **** CY_CFG_SECTION
 312:Generated_Source\PSoC4/cyfitter_cfg.c **** void cyfitter_cfg(void)
 313:Generated_Source\PSoC4/cyfitter_cfg.c **** {
 317              		.loc 1 313 0
 318              		.cfi_startproc
 319              		@ args = 0, pretend = 0, frame = 0
 320              		@ frame_needed = 0, uses_anonymous_args = 0
 321 00f8 10B5     		push	{r4, lr}
 322              		.cfi_def_cfa_offset 8
 323              		.cfi_offset 4, -8
 324              		.cfi_offset 14, -4
 314:Generated_Source\PSoC4/cyfitter_cfg.c **** 	/* Disable interrupts by default. Let user enable if/when they want. */
 315:Generated_Source\PSoC4/cyfitter_cfg.c **** 	CyGlobalIntDisable;
 325              		.loc 1 315 0
 326              		.syntax divided
 327              	@ 315 "Generated_Source\PSoC4\cyfitter_cfg.c" 1
 328 00fa 72B6     		CPSID   i
 329              	@ 0 "" 2
 316:Generated_Source\PSoC4/cyfitter_cfg.c **** 
 317:Generated_Source\PSoC4/cyfitter_cfg.c **** 	CY_SET_REG32((void *)(CYREG_BLE_BLESS_LL_DSM_CTRL), 0x00000000u);
 330              		.loc 1 317 0
 331              		.thumb
 332              		.syntax unified
 333 00fc 0022     		movs	r2, #0
 334 00fe 284B     		ldr	r3, .L16
 335 0100 1A60     		str	r2, [r3]
ARM GAS  C:\Users\ASUS\AppData\Local\Temp\cc7X9v6n.s 			page 13


 336              	.LVL23:
 337              	.LBB3:
 318:Generated_Source\PSoC4/cyfitter_cfg.c **** 
 319:Generated_Source\PSoC4/cyfitter_cfg.c **** 	{
 320:Generated_Source\PSoC4/cyfitter_cfg.c **** 		static const uint32 CYCODE cy_cfg_addr_table[] = {
 321:Generated_Source\PSoC4/cyfitter_cfg.c **** 			0x400F4204u, /* Base address: 0x400F4200 Count: 4 */
 322:Generated_Source\PSoC4/cyfitter_cfg.c **** 		};
 323:Generated_Source\PSoC4/cyfitter_cfg.c **** 
 324:Generated_Source\PSoC4/cyfitter_cfg.c **** 		static const cy_cfg_addrvalue_t CYCODE cy_cfg_data_table[] = {
 325:Generated_Source\PSoC4/cyfitter_cfg.c **** 			{0x11u, 0x01u},
 326:Generated_Source\PSoC4/cyfitter_cfg.c **** 			{0x5Du, 0x01u},
 327:Generated_Source\PSoC4/cyfitter_cfg.c **** 			{0xC4u, 0x08u},
 328:Generated_Source\PSoC4/cyfitter_cfg.c **** 			{0xD6u, 0x01u},
 329:Generated_Source\PSoC4/cyfitter_cfg.c **** 		};
 330:Generated_Source\PSoC4/cyfitter_cfg.c **** 
 331:Generated_Source\PSoC4/cyfitter_cfg.c **** 
 332:Generated_Source\PSoC4/cyfitter_cfg.c **** 
 333:Generated_Source\PSoC4/cyfitter_cfg.c **** 		CYPACKED typedef struct {
 334:Generated_Source\PSoC4/cyfitter_cfg.c **** 			void CYFAR *address;
 335:Generated_Source\PSoC4/cyfitter_cfg.c **** 			uint16 size;
 336:Generated_Source\PSoC4/cyfitter_cfg.c **** 		} CYPACKED_ATTR cfg_memset_t;
 337:Generated_Source\PSoC4/cyfitter_cfg.c **** 
 338:Generated_Source\PSoC4/cyfitter_cfg.c **** 		static const cfg_memset_t CYCODE cfg_memset_list[] = {
 339:Generated_Source\PSoC4/cyfitter_cfg.c **** 			/* address, size */
 340:Generated_Source\PSoC4/cyfitter_cfg.c **** 			{(void CYFAR *)(CYDEV_UDB_P0_U0_BASE), 1024u},
 341:Generated_Source\PSoC4/cyfitter_cfg.c **** 			{(void CYFAR *)(CYDEV_UDB_DSI0_BASE), 1024u},
 342:Generated_Source\PSoC4/cyfitter_cfg.c **** 		};
 343:Generated_Source\PSoC4/cyfitter_cfg.c **** 
 344:Generated_Source\PSoC4/cyfitter_cfg.c **** 		uint8 CYDATA i;
 345:Generated_Source\PSoC4/cyfitter_cfg.c **** 
 346:Generated_Source\PSoC4/cyfitter_cfg.c **** 		/* Zero out critical memory blocks before beginning configuration */
 347:Generated_Source\PSoC4/cyfitter_cfg.c **** 		for (i = 0u; i < (sizeof(cfg_memset_list)/sizeof(cfg_memset_list[0])); i++)
 338              		.loc 1 347 0
 339 0102 0024     		movs	r4, #0
 340 0104 0FE0     		b	.L14
 341              	.LVL24:
 342              	.L15:
 343              	.LBB4:
 348:Generated_Source\PSoC4/cyfitter_cfg.c **** 		{
 349:Generated_Source\PSoC4/cyfitter_cfg.c **** 			const cfg_memset_t CYCODE * CYDATA ms = &cfg_memset_list[i];
 350:Generated_Source\PSoC4/cyfitter_cfg.c **** 			CYMEMZERO(ms->address, (size_t)(uint32)(ms->size));
 344              		.loc 1 350 0 discriminator 3
 345 0106 2748     		ldr	r0, .L16+4
 346 0108 6200     		lsls	r2, r4, #1
 347 010a 1319     		adds	r3, r2, r4
 348 010c 5900     		lsls	r1, r3, #1
 349 010e 0B00     		movs	r3, r1
 350 0110 4118     		adds	r1, r0, r1
 351 0112 8988     		ldrh	r1, [r1, #4]
 352 0114 1A5A     		ldrh	r2, [r3, r0]
 353 0116 C318     		adds	r3, r0, r3
 354 0118 5888     		ldrh	r0, [r3, #2]
 355 011a 0004     		lsls	r0, r0, #16
 356 011c 1043     		orrs	r0, r2
 357 011e FFF7FEFF 		bl	CYMEMZERO
 358              	.LVL25:
 359              	.LBE4:
ARM GAS  C:\Users\ASUS\AppData\Local\Temp\cc7X9v6n.s 			page 14


 347:Generated_Source\PSoC4/cyfitter_cfg.c **** 		{
 360              		.loc 1 347 0 discriminator 3
 361 0122 0134     		adds	r4, r4, #1
 362              	.LVL26:
 363 0124 E4B2     		uxtb	r4, r4
 364              	.LVL27:
 365              	.L14:
 347:Generated_Source\PSoC4/cyfitter_cfg.c **** 		{
 366              		.loc 1 347 0 is_stmt 0 discriminator 1
 367 0126 012C     		cmp	r4, #1
 368 0128 EDD9     		bls	.L15
 351:Generated_Source\PSoC4/cyfitter_cfg.c **** 		}
 352:Generated_Source\PSoC4/cyfitter_cfg.c **** 
 353:Generated_Source\PSoC4/cyfitter_cfg.c **** 		cfg_write_bytes32(cy_cfg_addr_table, cy_cfg_data_table);
 369              		.loc 1 353 0 is_stmt 1
 370 012a 1E48     		ldr	r0, .L16+4
 371 012c 0100     		movs	r1, r0
 372 012e 0C31     		adds	r1, r1, #12
 373 0130 1430     		adds	r0, r0, #20
 374 0132 FFF7FEFF 		bl	cfg_write_bytes32
 375              	.LVL28:
 354:Generated_Source\PSoC4/cyfitter_cfg.c **** 
 355:Generated_Source\PSoC4/cyfitter_cfg.c **** 		/* HSIOM Starting address: CYDEV_HSIOM_BASE */
 356:Generated_Source\PSoC4/cyfitter_cfg.c **** 		CY_SET_REG32((void *)(CYDEV_HSIOM_BASE), 0xEE000000u);
 376              		.loc 1 356 0
 377 0136 EE22     		movs	r2, #238
 378 0138 1206     		lsls	r2, r2, #24
 379 013a 1B4B     		ldr	r3, .L16+8
 380 013c 1A60     		str	r2, [r3]
 357:Generated_Source\PSoC4/cyfitter_cfg.c **** 		CY_SET_REG32((void *)(CYREG_HSIOM_PORT_SEL1), 0x00990000u);
 381              		.loc 1 357 0
 382 013e 9923     		movs	r3, #153
 383 0140 1B04     		lsls	r3, r3, #16
 384 0142 1A4A     		ldr	r2, .L16+12
 385 0144 1360     		str	r3, [r2]
 358:Generated_Source\PSoC4/cyfitter_cfg.c **** 		CY_SET_REG32((void *)(CYREG_HSIOM_PORT_SEL2), 0x03000000u);
 386              		.loc 1 358 0
 387 0146 C021     		movs	r1, #192
 388 0148 8904     		lsls	r1, r1, #18
 389 014a 194A     		ldr	r2, .L16+16
 390 014c 1160     		str	r1, [r2]
 359:Generated_Source\PSoC4/cyfitter_cfg.c **** 
 360:Generated_Source\PSoC4/cyfitter_cfg.c **** 		/* UDB_PA_0 Starting address: CYDEV_UDB_PA0_BASE */
 361:Generated_Source\PSoC4/cyfitter_cfg.c **** 		CY_SET_REG32((void *)(CYDEV_UDB_PA0_BASE), 0x00990000u);
 391              		.loc 1 361 0
 392 014e 194A     		ldr	r2, .L16+20
 393 0150 1360     		str	r3, [r2]
 362:Generated_Source\PSoC4/cyfitter_cfg.c **** 
 363:Generated_Source\PSoC4/cyfitter_cfg.c **** 		/* UDB_PA_1 Starting address: CYDEV_UDB_PA1_BASE */
 364:Generated_Source\PSoC4/cyfitter_cfg.c **** 		CY_SET_REG32((void *)(CYDEV_UDB_PA1_BASE), 0x00990000u);
 394              		.loc 1 364 0
 395 0152 194A     		ldr	r2, .L16+24
 396 0154 1360     		str	r3, [r2]
 365:Generated_Source\PSoC4/cyfitter_cfg.c **** 
 366:Generated_Source\PSoC4/cyfitter_cfg.c **** 		/* UDB_PA_2 Starting address: CYDEV_UDB_PA2_BASE */
 367:Generated_Source\PSoC4/cyfitter_cfg.c **** 		CY_SET_REG32((void *)(CYDEV_UDB_PA2_BASE), 0x00990000u);
 397              		.loc 1 367 0
ARM GAS  C:\Users\ASUS\AppData\Local\Temp\cc7X9v6n.s 			page 15


 398 0156 194A     		ldr	r2, .L16+28
 399 0158 1360     		str	r3, [r2]
 368:Generated_Source\PSoC4/cyfitter_cfg.c **** 		CY_SET_REG32((void *)(CYREG_UDB_PA2_CFG8), 0x10000000u);
 400              		.loc 1 368 0
 401 015a 8022     		movs	r2, #128
 402 015c 5205     		lsls	r2, r2, #21
 403 015e 184B     		ldr	r3, .L16+32
 404 0160 1A60     		str	r2, [r3]
 369:Generated_Source\PSoC4/cyfitter_cfg.c **** 
 370:Generated_Source\PSoC4/cyfitter_cfg.c **** 		/* Enable digital routing */
 371:Generated_Source\PSoC4/cyfitter_cfg.c **** 		CY_SET_XTND_REG8((void *)CYREG_UDB_UDBIF_BANK_CTL, (uint8)(CY_GET_XTND_REG8((void *)CYREG_UDB_UDB
 405              		.loc 1 371 0
 406 0162 184A     		ldr	r2, .L16+36
 407 0164 1178     		ldrb	r1, [r2]
 408 0166 0623     		movs	r3, #6
 409 0168 0B43     		orrs	r3, r1
 410 016a DBB2     		uxtb	r3, r3
 411 016c 1370     		strb	r3, [r2]
 412              	.LBE3:
 372:Generated_Source\PSoC4/cyfitter_cfg.c **** 	}
 373:Generated_Source\PSoC4/cyfitter_cfg.c **** 
 374:Generated_Source\PSoC4/cyfitter_cfg.c **** 	/* Perform second pass device configuration. These items must be configured in specific order afte
 375:Generated_Source\PSoC4/cyfitter_cfg.c **** 	/* IOPINS0_0 Starting address: CYDEV_GPIO_PRT0_BASE */
 376:Generated_Source\PSoC4/cyfitter_cfg.c **** 	CY_SET_REG32((void *)(CYREG_GPIO_PRT0_PC), 0x00D80000u);
 413              		.loc 1 376 0
 414 016e D822     		movs	r2, #216
 415 0170 1204     		lsls	r2, r2, #16
 416 0172 154B     		ldr	r3, .L16+40
 417 0174 1A60     		str	r2, [r3]
 377:Generated_Source\PSoC4/cyfitter_cfg.c **** 
 378:Generated_Source\PSoC4/cyfitter_cfg.c **** 	/* IOPINS0_1 Starting address: CYDEV_GPIO_PRT1_BASE */
 379:Generated_Source\PSoC4/cyfitter_cfg.c **** 	CY_SET_REG32((void *)(CYDEV_GPIO_PRT1_BASE), 0x00000020u);
 418              		.loc 1 379 0
 419 0176 2023     		movs	r3, #32
 420 0178 144A     		ldr	r2, .L16+44
 421 017a 1360     		str	r3, [r2]
 380:Generated_Source\PSoC4/cyfitter_cfg.c **** 	CY_SET_REG32((void *)(CYREG_GPIO_PRT1_PC), 0x00031000u);
 422              		.loc 1 380 0
 423 017c C421     		movs	r1, #196
 424 017e 8902     		lsls	r1, r1, #10
 425 0180 134A     		ldr	r2, .L16+48
 426 0182 1160     		str	r1, [r2]
 381:Generated_Source\PSoC4/cyfitter_cfg.c **** 	CY_SET_REG32((void *)(CYREG_GPIO_PRT1_PC2), 0x00000020u);
 427              		.loc 1 381 0
 428 0184 134A     		ldr	r2, .L16+52
 429 0186 1360     		str	r3, [r2]
 382:Generated_Source\PSoC4/cyfitter_cfg.c **** 
 383:Generated_Source\PSoC4/cyfitter_cfg.c **** 	/* IOPINS0_2 Starting address: CYDEV_GPIO_PRT2_BASE */
 384:Generated_Source\PSoC4/cyfitter_cfg.c **** 	CY_SET_REG32((void *)(CYDEV_GPIO_PRT2_BASE), 0x00000040u);
 430              		.loc 1 384 0
 431 0188 4022     		movs	r2, #64
 432 018a 134B     		ldr	r3, .L16+56
 433 018c 1A60     		str	r2, [r3]
 385:Generated_Source\PSoC4/cyfitter_cfg.c **** 	CY_SET_REG32((void *)(CYREG_GPIO_PRT2_PC), 0x00180000u);
 434              		.loc 1 385 0
 435 018e C022     		movs	r2, #192
 436 0190 5203     		lsls	r2, r2, #13
ARM GAS  C:\Users\ASUS\AppData\Local\Temp\cc7X9v6n.s 			page 16


 437 0192 124B     		ldr	r3, .L16+60
 438 0194 1A60     		str	r2, [r3]
 386:Generated_Source\PSoC4/cyfitter_cfg.c **** 
 387:Generated_Source\PSoC4/cyfitter_cfg.c **** 
 388:Generated_Source\PSoC4/cyfitter_cfg.c **** 	/* Setup clocks based on selections from Clock DWR */
 389:Generated_Source\PSoC4/cyfitter_cfg.c **** 	ClockSetup();
 439              		.loc 1 389 0
 440 0196 FFF733FF 		bl	ClockSetup
 441              	.LVL29:
 390:Generated_Source\PSoC4/cyfitter_cfg.c **** 
 391:Generated_Source\PSoC4/cyfitter_cfg.c **** 	/* Perform basic analog initialization to defaults */
 392:Generated_Source\PSoC4/cyfitter_cfg.c **** 	AnalogSetDefault();
 442              		.loc 1 392 0
 443 019a FFF7FEFF 		bl	AnalogSetDefault
 444              	.LVL30:
 393:Generated_Source\PSoC4/cyfitter_cfg.c **** 
 394:Generated_Source\PSoC4/cyfitter_cfg.c **** }
 445              		.loc 1 394 0
 446              		@ sp needed
 447              	.LVL31:
 448 019e 10BD     		pop	{r4, pc}
 449              	.L17:
 450              		.align	2
 451              	.L16:
 452 01a0 6CF02E40 		.word	1076818028
 453 01a4 00000000 		.word	.LANCHOR0
 454 01a8 00000240 		.word	1073872896
 455 01ac 00010240 		.word	1073873152
 456 01b0 00020240 		.word	1073873408
 457 01b4 00500F40 		.word	1074745344
 458 01b8 10500F40 		.word	1074745360
 459 01bc 20500F40 		.word	1074745376
 460 01c0 28500F40 		.word	1074745384
 461 01c4 00700F40 		.word	1074753536
 462 01c8 08000440 		.word	1074003976
 463 01cc 00010440 		.word	1074004224
 464 01d0 08010440 		.word	1074004232
 465 01d4 18010440 		.word	1074004248
 466 01d8 00020440 		.word	1074004480
 467 01dc 08020440 		.word	1074004488
 468              		.cfi_endproc
 469              	.LFE8:
 470              		.size	cyfitter_cfg, .-cyfitter_cfg
 471              		.section	.rodata
 472              		.align	2
 473              		.set	.LANCHOR0,. + 0
 474              		.type	cfg_memset_list.4916, %object
 475              		.size	cfg_memset_list.4916, 12
 476              	cfg_memset_list.4916:
 477 0000 00300F40 		.word	1074737152
 478 0004 0004     		.short	1024
 479 0006 00400F40 		.4byte	1074741248
 480 000a 0004     		.short	1024
 481              		.type	cy_cfg_data_table.4911, %object
 482              		.size	cy_cfg_data_table.4911, 8
 483              	cy_cfg_data_table.4911:
 484 000c 11       		.byte	17
ARM GAS  C:\Users\ASUS\AppData\Local\Temp\cc7X9v6n.s 			page 17


 485 000d 01       		.byte	1
 486 000e 5D       		.byte	93
 487 000f 01       		.byte	1
 488 0010 C4       		.byte	-60
 489 0011 08       		.byte	8
 490 0012 D6       		.byte	-42
 491 0013 01       		.byte	1
 492              		.type	cy_cfg_addr_table.4910, %object
 493              		.size	cy_cfg_addr_table.4910, 4
 494              	cy_cfg_addr_table.4910:
 495 0014 04420F40 		.word	1074741764
 496              		.text
 497              	.Letext0:
 498              		.file 2 "d:\\programs\\cypress\\psoc creator\\4.3\\psoc creator\\import\\gnu\\arm\\5.4.1\\lib\\gcc
 499              		.file 3 "Generated_Source\\PSoC4\\cytypes.h"
 500              		.file 4 "Generated_Source\\PSoC4\\CyLFClk.h"
 501              		.file 5 "Generated_Source\\PSoC4\\CyLib.h"
 502              		.section	.debug_info,"",%progbits
 503              	.Ldebug_info0:
 504 0000 4C040000 		.4byte	0x44c
 505 0004 0400     		.2byte	0x4
 506 0006 00000000 		.4byte	.Ldebug_abbrev0
 507 000a 04       		.byte	0x4
 508 000b 01       		.uleb128 0x1
 509 000c CC010000 		.4byte	.LASF44
 510 0010 0C       		.byte	0xc
 511 0011 14030000 		.4byte	.LASF45
 512 0015 00000000 		.4byte	.LASF46
 513 0019 00000000 		.4byte	.Ldebug_ranges0+0
 514 001d 00000000 		.4byte	0
 515 0021 00000000 		.4byte	.Ldebug_line0
 516 0025 02       		.uleb128 0x2
 517 0026 04       		.byte	0x4
 518 0027 05       		.byte	0x5
 519 0028 696E7400 		.ascii	"int\000"
 520 002c 03       		.uleb128 0x3
 521 002d 68000000 		.4byte	.LASF12
 522 0031 02       		.byte	0x2
 523 0032 D8       		.byte	0xd8
 524 0033 37000000 		.4byte	0x37
 525 0037 04       		.uleb128 0x4
 526 0038 04       		.byte	0x4
 527 0039 07       		.byte	0x7
 528 003a 93010000 		.4byte	.LASF0
 529 003e 04       		.uleb128 0x4
 530 003f 08       		.byte	0x8
 531 0040 05       		.byte	0x5
 532 0041 8C020000 		.4byte	.LASF1
 533 0045 04       		.uleb128 0x4
 534 0046 08       		.byte	0x8
 535 0047 04       		.byte	0x4
 536 0048 FC020000 		.4byte	.LASF2
 537 004c 04       		.uleb128 0x4
 538 004d 01       		.byte	0x1
 539 004e 06       		.byte	0x6
 540 004f 08030000 		.4byte	.LASF3
 541 0053 04       		.uleb128 0x4
ARM GAS  C:\Users\ASUS\AppData\Local\Temp\cc7X9v6n.s 			page 18


 542 0054 01       		.byte	0x1
 543 0055 08       		.byte	0x8
 544 0056 35010000 		.4byte	.LASF4
 545 005a 04       		.uleb128 0x4
 546 005b 02       		.byte	0x2
 547 005c 05       		.byte	0x5
 548 005d D4020000 		.4byte	.LASF5
 549 0061 04       		.uleb128 0x4
 550 0062 02       		.byte	0x2
 551 0063 07       		.byte	0x7
 552 0064 79020000 		.4byte	.LASF6
 553 0068 04       		.uleb128 0x4
 554 0069 04       		.byte	0x4
 555 006a 05       		.byte	0x5
 556 006b F3020000 		.4byte	.LASF7
 557 006f 04       		.uleb128 0x4
 558 0070 04       		.byte	0x4
 559 0071 07       		.byte	0x7
 560 0072 02010000 		.4byte	.LASF8
 561 0076 04       		.uleb128 0x4
 562 0077 08       		.byte	0x8
 563 0078 07       		.byte	0x7
 564 0079 B5010000 		.4byte	.LASF9
 565 007d 04       		.uleb128 0x4
 566 007e 04       		.byte	0x4
 567 007f 07       		.byte	0x7
 568 0080 70020000 		.4byte	.LASF10
 569 0084 05       		.uleb128 0x5
 570 0085 04       		.byte	0x4
 571 0086 04       		.uleb128 0x4
 572 0087 01       		.byte	0x1
 573 0088 08       		.byte	0x8
 574 0089 A4020000 		.4byte	.LASF11
 575 008d 06       		.uleb128 0x6
 576 008e 14010000 		.4byte	.LASF13
 577 0092 03       		.byte	0x3
 578 0093 F701     		.2byte	0x1f7
 579 0095 53000000 		.4byte	0x53
 580 0099 06       		.uleb128 0x6
 581 009a 7A010000 		.4byte	.LASF14
 582 009e 03       		.byte	0x3
 583 009f F801     		.2byte	0x1f8
 584 00a1 61000000 		.4byte	0x61
 585 00a5 06       		.uleb128 0x6
 586 00a6 8C010000 		.4byte	.LASF15
 587 00aa 03       		.byte	0x3
 588 00ab F901     		.2byte	0x1f9
 589 00ad 6F000000 		.4byte	0x6f
 590 00b1 04       		.uleb128 0x4
 591 00b2 04       		.byte	0x4
 592 00b3 04       		.byte	0x4
 593 00b4 CA000000 		.4byte	.LASF16
 594 00b8 04       		.uleb128 0x4
 595 00b9 08       		.byte	0x8
 596 00ba 04       		.byte	0x4
 597 00bb 4A010000 		.4byte	.LASF17
 598 00bf 06       		.uleb128 0x6
ARM GAS  C:\Users\ASUS\AppData\Local\Temp\cc7X9v6n.s 			page 19


 599 00c0 FD000000 		.4byte	.LASF18
 600 00c4 03       		.byte	0x3
 601 00c5 A102     		.2byte	0x2a1
 602 00c7 CB000000 		.4byte	0xcb
 603 00cb 07       		.uleb128 0x7
 604 00cc 8D000000 		.4byte	0x8d
 605 00d0 06       		.uleb128 0x6
 606 00d1 62000000 		.4byte	.LASF19
 607 00d5 03       		.byte	0x3
 608 00d6 A302     		.2byte	0x2a3
 609 00d8 DC000000 		.4byte	0xdc
 610 00dc 07       		.uleb128 0x7
 611 00dd A5000000 		.4byte	0xa5
 612 00e1 08       		.uleb128 0x8
 613 00e2 02       		.byte	0x2
 614 00e3 01       		.byte	0x1
 615 00e4 97       		.byte	0x97
 616 00e5 02010000 		.4byte	0x102
 617 00e9 09       		.uleb128 0x9
 618 00ea CD020000 		.4byte	.LASF20
 619 00ee 01       		.byte	0x1
 620 00ef 99       		.byte	0x99
 621 00f0 8D000000 		.4byte	0x8d
 622 00f4 00       		.byte	0
 623 00f5 09       		.uleb128 0x9
 624 00f6 8F000000 		.4byte	.LASF21
 625 00fa 01       		.byte	0x1
 626 00fb 9A       		.byte	0x9a
 627 00fc 8D000000 		.4byte	0x8d
 628 0100 01       		.byte	0x1
 629 0101 00       		.byte	0
 630 0102 03       		.uleb128 0x3
 631 0103 BA020000 		.4byte	.LASF22
 632 0107 01       		.byte	0x1
 633 0108 9B       		.byte	0x9b
 634 0109 E1000000 		.4byte	0xe1
 635 010d 0A       		.uleb128 0xa
 636 010e 51010000 		.4byte	.LASF27
 637 0112 01       		.byte	0x1
 638 0113 AE       		.byte	0xae
 639 0114 00000000 		.4byte	.LFB5
 640 0118 32000000 		.4byte	.LFE5-.LFB5
 641 011c 01       		.uleb128 0x1
 642 011d 9C       		.byte	0x9c
 643 011e 7F010000 		.4byte	0x17f
 644 0122 0B       		.uleb128 0xb
 645 0123 6F010000 		.4byte	.LASF23
 646 0127 01       		.byte	0x1
 647 0128 AE       		.byte	0xae
 648 0129 7F010000 		.4byte	0x17f
 649 012d 01       		.uleb128 0x1
 650 012e 50       		.byte	0x50
 651 012f 0B       		.uleb128 0xb
 652 0130 81010000 		.4byte	.LASF24
 653 0134 01       		.byte	0x1
 654 0135 AE       		.byte	0xae
 655 0136 8A010000 		.4byte	0x18a
ARM GAS  C:\Users\ASUS\AppData\Local\Temp\cc7X9v6n.s 			page 20


 656 013a 01       		.uleb128 0x1
 657 013b 51       		.byte	0x51
 658 013c 0C       		.uleb128 0xc
 659 013d 6900     		.ascii	"i\000"
 660 013f 01       		.byte	0x1
 661 0140 B1       		.byte	0xb1
 662 0141 A5000000 		.4byte	0xa5
 663 0145 00000000 		.4byte	.LLST0
 664 0149 0C       		.uleb128 0xc
 665 014a 6A00     		.ascii	"j\000"
 666 014c 01       		.byte	0x1
 667 014d B1       		.byte	0xb1
 668 014e A5000000 		.4byte	0xa5
 669 0152 1F000000 		.4byte	.LLST1
 670 0156 0D       		.uleb128 0xd
 671 0157 08000000 		.4byte	.LBB2
 672 015b 22000000 		.4byte	.LBE2-.LBB2
 673 015f 0E       		.uleb128 0xe
 674 0160 67020000 		.4byte	.LASF25
 675 0164 01       		.byte	0x1
 676 0165 B4       		.byte	0xb4
 677 0166 A5000000 		.4byte	0xa5
 678 016a 3E000000 		.4byte	.LLST2
 679 016e 0E       		.uleb128 0xe
 680 016f 95000000 		.4byte	.LASF26
 681 0173 01       		.byte	0x1
 682 0174 B5       		.byte	0xb5
 683 0175 8D000000 		.4byte	0x8d
 684 0179 51000000 		.4byte	.LLST3
 685 017d 00       		.byte	0
 686 017e 00       		.byte	0
 687 017f 0F       		.uleb128 0xf
 688 0180 04       		.byte	0x4
 689 0181 85010000 		.4byte	0x185
 690 0185 10       		.uleb128 0x10
 691 0186 A5000000 		.4byte	0xa5
 692 018a 0F       		.uleb128 0xf
 693 018b 04       		.byte	0x4
 694 018c 90010000 		.4byte	0x190
 695 0190 10       		.uleb128 0x10
 696 0191 02010000 		.4byte	0x102
 697 0195 11       		.uleb128 0x11
 698 0196 6F000000 		.4byte	.LASF47
 699 019a 01       		.byte	0x1
 700 019b 1D01     		.2byte	0x11d
 701 019d 00000000 		.4byte	.LFB7
 702 01a1 20000000 		.4byte	.LFE7-.LFB7
 703 01a5 01       		.uleb128 0x1
 704 01a6 9C       		.byte	0x9c
 705 01a7 0A       		.uleb128 0xa
 706 01a8 2B010000 		.4byte	.LASF28
 707 01ac 01       		.byte	0x1
 708 01ad 4C       		.byte	0x4c
 709 01ae 00000000 		.4byte	.LFB2
 710 01b2 0C000000 		.4byte	.LFE2-.LFB2
 711 01b6 01       		.uleb128 0x1
 712 01b7 9C       		.byte	0x9c
ARM GAS  C:\Users\ASUS\AppData\Local\Temp\cc7X9v6n.s 			page 21


 713 01b8 F4010000 		.4byte	0x1f4
 714 01bc 12       		.uleb128 0x12
 715 01bd 7300     		.ascii	"s\000"
 716 01bf 01       		.byte	0x1
 717 01c0 4C       		.byte	0x4c
 718 01c1 84000000 		.4byte	0x84
 719 01c5 6F000000 		.4byte	.LLST4
 720 01c9 12       		.uleb128 0x12
 721 01ca 6E00     		.ascii	"n\000"
 722 01cc 01       		.byte	0x1
 723 01cd 4C       		.byte	0x4c
 724 01ce 2C000000 		.4byte	0x2c
 725 01d2 90000000 		.4byte	.LLST5
 726 01d6 13       		.uleb128 0x13
 727 01d7 0A000000 		.4byte	.LVL14
 728 01db EE030000 		.4byte	0x3ee
 729 01df 14       		.uleb128 0x14
 730 01e0 01       		.uleb128 0x1
 731 01e1 50       		.byte	0x50
 732 01e2 03       		.uleb128 0x3
 733 01e3 F3       		.byte	0xf3
 734 01e4 01       		.uleb128 0x1
 735 01e5 50       		.byte	0x50
 736 01e6 14       		.uleb128 0x14
 737 01e7 01       		.uleb128 0x1
 738 01e8 51       		.byte	0x51
 739 01e9 01       		.uleb128 0x1
 740 01ea 30       		.byte	0x30
 741 01eb 14       		.uleb128 0x14
 742 01ec 01       		.uleb128 0x1
 743 01ed 52       		.byte	0x52
 744 01ee 03       		.uleb128 0x3
 745 01ef F3       		.byte	0xf3
 746 01f0 01       		.uleb128 0x1
 747 01f1 51       		.byte	0x51
 748 01f2 00       		.byte	0
 749 01f3 00       		.byte	0
 750 01f4 0A       		.uleb128 0xa
 751 01f5 9B000000 		.4byte	.LASF29
 752 01f9 01       		.byte	0x1
 753 01fa D3       		.byte	0xd3
 754 01fb 00000000 		.4byte	.LFB6
 755 01ff F8000000 		.4byte	.LFE6-.LFB6
 756 0203 01       		.uleb128 0x1
 757 0204 9C       		.byte	0x9c
 758 0205 9D020000 		.4byte	0x29d
 759 0209 15       		.uleb128 0x15
 760 020a 0C000000 		.4byte	.LVL15
 761 020e F7030000 		.4byte	0x3f7
 762 0212 16       		.uleb128 0x16
 763 0213 12000000 		.4byte	.LVL16
 764 0217 02040000 		.4byte	0x402
 765 021b 29020000 		.4byte	0x229
 766 021f 14       		.uleb128 0x14
 767 0220 01       		.uleb128 0x1
 768 0221 50       		.byte	0x50
 769 0222 05       		.uleb128 0x5
ARM GAS  C:\Users\ASUS\AppData\Local\Temp\cc7X9v6n.s 			page 22


 770 0223 0C       		.byte	0xc
 771 0224 001BB700 		.4byte	0xb71b00
 772 0228 00       		.byte	0
 773 0229 16       		.uleb128 0x16
 774 022a 18000000 		.4byte	.LVL17
 775 022e 0D040000 		.4byte	0x40d
 776 0232 3C020000 		.4byte	0x23c
 777 0236 14       		.uleb128 0x14
 778 0237 01       		.uleb128 0x1
 779 0238 50       		.byte	0x50
 780 0239 01       		.uleb128 0x1
 781 023a 31       		.byte	0x31
 782 023b 00       		.byte	0
 783 023c 16       		.uleb128 0x16
 784 023d 1E000000 		.4byte	.LVL18
 785 0241 18040000 		.4byte	0x418
 786 0245 50020000 		.4byte	0x250
 787 0249 14       		.uleb128 0x14
 788 024a 01       		.uleb128 0x1
 789 024b 50       		.byte	0x50
 790 024c 02       		.uleb128 0x2
 791 024d 08       		.byte	0x8
 792 024e 30       		.byte	0x30
 793 024f 00       		.byte	0
 794 0250 16       		.uleb128 0x16
 795 0251 54000000 		.4byte	.LVL19
 796 0255 23040000 		.4byte	0x423
 797 0259 65020000 		.4byte	0x265
 798 025d 14       		.uleb128 0x14
 799 025e 01       		.uleb128 0x1
 800 025f 50       		.byte	0x50
 801 0260 03       		.uleb128 0x3
 802 0261 0A       		.byte	0xa
 803 0262 D007     		.2byte	0x7d0
 804 0264 00       		.byte	0
 805 0265 16       		.uleb128 0x16
 806 0266 5A000000 		.4byte	.LVL20
 807 026a 2E040000 		.4byte	0x42e
 808 026e 7A020000 		.4byte	0x27a
 809 0272 14       		.uleb128 0x14
 810 0273 01       		.uleb128 0x1
 811 0274 50       		.byte	0x50
 812 0275 03       		.uleb128 0x3
 813 0276 0A       		.byte	0xa
 814 0277 DC05     		.2byte	0x5dc
 815 0279 00       		.byte	0
 816 027a 16       		.uleb128 0x16
 817 027b 98000000 		.4byte	.LVL21
 818 027f 39040000 		.4byte	0x439
 819 0283 8D020000 		.4byte	0x28d
 820 0287 14       		.uleb128 0x14
 821 0288 01       		.uleb128 0x1
 822 0289 50       		.byte	0x50
 823 028a 01       		.uleb128 0x1
 824 028b 38       		.byte	0x38
 825 028c 00       		.byte	0
 826 028d 13       		.uleb128 0x13
ARM GAS  C:\Users\ASUS\AppData\Local\Temp\cc7X9v6n.s 			page 23


 827 028e 9E000000 		.4byte	.LVL22
 828 0292 44040000 		.4byte	0x444
 829 0296 14       		.uleb128 0x14
 830 0297 01       		.uleb128 0x1
 831 0298 50       		.byte	0x50
 832 0299 01       		.uleb128 0x1
 833 029a 38       		.byte	0x38
 834 029b 00       		.byte	0
 835 029c 00       		.byte	0
 836 029d 17       		.uleb128 0x17
 837 029e A0010000 		.4byte	.LASF48
 838 02a2 01       		.byte	0x1
 839 02a3 3801     		.2byte	0x138
 840 02a5 F8000000 		.4byte	.LFB8
 841 02a9 E8000000 		.4byte	.LFE8-.LFB8
 842 02ad 01       		.uleb128 0x1
 843 02ae 9C       		.byte	0x9c
 844 02af C4030000 		.4byte	0x3c4
 845 02b3 18       		.uleb128 0x18
 846 02b4 02010000 		.4byte	.LBB3
 847 02b8 6C000000 		.4byte	.LBE3-.LBB3
 848 02bc B1030000 		.4byte	0x3b1
 849 02c0 19       		.uleb128 0x19
 850 02c1 A6000000 		.4byte	.LASF30
 851 02c5 01       		.byte	0x1
 852 02c6 4001     		.2byte	0x140
 853 02c8 D4030000 		.4byte	0x3d4
 854 02cc 05       		.uleb128 0x5
 855 02cd 03       		.byte	0x3
 856 02ce 14000000 		.4byte	cy_cfg_addr_table.4910
 857 02d2 19       		.uleb128 0x19
 858 02d3 B8000000 		.4byte	.LASF31
 859 02d7 01       		.byte	0x1
 860 02d8 4401     		.2byte	0x144
 861 02da E9030000 		.4byte	0x3e9
 862 02de 05       		.uleb128 0x5
 863 02df 03       		.byte	0x3
 864 02e0 0C000000 		.4byte	cy_cfg_data_table.4911
 865 02e4 1A       		.uleb128 0x1a
 866 02e5 06       		.byte	0x6
 867 02e6 01       		.byte	0x1
 868 02e7 4D01     		.2byte	0x14d
 869 02e9 08030000 		.4byte	0x308
 870 02ed 1B       		.uleb128 0x1b
 871 02ee AD010000 		.4byte	.LASF32
 872 02f2 01       		.byte	0x1
 873 02f3 4E01     		.2byte	0x14e
 874 02f5 84000000 		.4byte	0x84
 875 02f9 00       		.byte	0
 876 02fa 1B       		.uleb128 0x1b
 877 02fb E0000000 		.4byte	.LASF33
 878 02ff 01       		.byte	0x1
 879 0300 4F01     		.2byte	0x14f
 880 0302 99000000 		.4byte	0x99
 881 0306 04       		.byte	0x4
 882 0307 00       		.byte	0
 883 0308 06       		.uleb128 0x6
ARM GAS  C:\Users\ASUS\AppData\Local\Temp\cc7X9v6n.s 			page 24


 884 0309 5A020000 		.4byte	.LASF34
 885 030d 01       		.byte	0x1
 886 030e 5001     		.2byte	0x150
 887 0310 E4020000 		.4byte	0x2e4
 888 0314 1C       		.uleb128 0x1c
 889 0315 24030000 		.4byte	0x324
 890 0319 24030000 		.4byte	0x324
 891 031d 1D       		.uleb128 0x1d
 892 031e 7D000000 		.4byte	0x7d
 893 0322 01       		.byte	0x1
 894 0323 00       		.byte	0
 895 0324 10       		.uleb128 0x10
 896 0325 08030000 		.4byte	0x308
 897 0329 19       		.uleb128 0x19
 898 032a D0000000 		.4byte	.LASF35
 899 032e 01       		.byte	0x1
 900 032f 5201     		.2byte	0x152
 901 0331 3B030000 		.4byte	0x33b
 902 0335 05       		.uleb128 0x5
 903 0336 03       		.byte	0x3
 904 0337 00000000 		.4byte	cfg_memset_list.4916
 905 033b 10       		.uleb128 0x10
 906 033c 14030000 		.4byte	0x314
 907 0340 1E       		.uleb128 0x1e
 908 0341 6900     		.ascii	"i\000"
 909 0343 01       		.byte	0x1
 910 0344 5801     		.2byte	0x158
 911 0346 8D000000 		.4byte	0x8d
 912 034a BC000000 		.4byte	.LLST6
 913 034e 18       		.uleb128 0x18
 914 034f 06010000 		.4byte	.LBB4
 915 0353 1C000000 		.4byte	.LBE4-.LBB4
 916 0357 94030000 		.4byte	0x394
 917 035b 1E       		.uleb128 0x1e
 918 035c 6D7300   		.ascii	"ms\000"
 919 035f 01       		.byte	0x1
 920 0360 5D01     		.2byte	0x15d
 921 0362 6A030000 		.4byte	0x36a
 922 0366 E6000000 		.4byte	.LLST7
 923 036a 0F       		.uleb128 0xf
 924 036b 04       		.byte	0x4
 925 036c 24030000 		.4byte	0x324
 926 0370 13       		.uleb128 0x13
 927 0371 22010000 		.4byte	.LVL25
 928 0375 A7010000 		.4byte	0x1a7
 929 0379 14       		.uleb128 0x14
 930 037a 01       		.uleb128 0x1
 931 037b 51       		.byte	0x51
 932 037c 15       		.uleb128 0x15
 933 037d 74       		.byte	0x74
 934 037e 00       		.sleb128 0
 935 037f 31       		.byte	0x31
 936 0380 24       		.byte	0x24
 937 0381 74       		.byte	0x74
 938 0382 00       		.sleb128 0
 939 0383 22       		.byte	0x22
 940 0384 31       		.byte	0x31
ARM GAS  C:\Users\ASUS\AppData\Local\Temp\cc7X9v6n.s 			page 25


 941 0385 24       		.byte	0x24
 942 0386 03       		.byte	0x3
 943 0387 04000000 		.4byte	.LANCHOR0+4
 944 038b 22       		.byte	0x22
 945 038c 94       		.byte	0x94
 946 038d 02       		.byte	0x2
 947 038e 0A       		.byte	0xa
 948 038f FFFF     		.2byte	0xffff
 949 0391 1A       		.byte	0x1a
 950 0392 00       		.byte	0
 951 0393 00       		.byte	0
 952 0394 13       		.uleb128 0x13
 953 0395 36010000 		.4byte	.LVL28
 954 0399 0D010000 		.4byte	0x10d
 955 039d 14       		.uleb128 0x14
 956 039e 01       		.uleb128 0x1
 957 039f 50       		.byte	0x50
 958 03a0 05       		.uleb128 0x5
 959 03a1 03       		.byte	0x3
 960 03a2 14000000 		.4byte	.LANCHOR0+20
 961 03a6 14       		.uleb128 0x14
 962 03a7 01       		.uleb128 0x1
 963 03a8 51       		.byte	0x51
 964 03a9 05       		.uleb128 0x5
 965 03aa 03       		.byte	0x3
 966 03ab 0C000000 		.4byte	.LANCHOR0+12
 967 03af 00       		.byte	0
 968 03b0 00       		.byte	0
 969 03b1 15       		.uleb128 0x15
 970 03b2 9A010000 		.4byte	.LVL29
 971 03b6 F4010000 		.4byte	0x1f4
 972 03ba 15       		.uleb128 0x15
 973 03bb 9E010000 		.4byte	.LVL30
 974 03bf 95010000 		.4byte	0x195
 975 03c3 00       		.byte	0
 976 03c4 1C       		.uleb128 0x1c
 977 03c5 85010000 		.4byte	0x185
 978 03c9 D4030000 		.4byte	0x3d4
 979 03cd 1D       		.uleb128 0x1d
 980 03ce 7D000000 		.4byte	0x7d
 981 03d2 00       		.byte	0
 982 03d3 00       		.byte	0
 983 03d4 10       		.uleb128 0x10
 984 03d5 C4030000 		.4byte	0x3c4
 985 03d9 1C       		.uleb128 0x1c
 986 03da 90010000 		.4byte	0x190
 987 03de E9030000 		.4byte	0x3e9
 988 03e2 1D       		.uleb128 0x1d
 989 03e3 7D000000 		.4byte	0x7d
 990 03e7 03       		.byte	0x3
 991 03e8 00       		.byte	0
 992 03e9 10       		.uleb128 0x10
 993 03ea D9030000 		.4byte	0x3d9
 994 03ee 1F       		.uleb128 0x1f
 995 03ef 43010000 		.4byte	.LASF49
 996 03f3 43010000 		.4byte	.LASF49
 997 03f7 20       		.uleb128 0x20
ARM GAS  C:\Users\ASUS\AppData\Local\Temp\cc7X9v6n.s 			page 26


 998 03f8 1A010000 		.4byte	.LASF36
 999 03fc 1A010000 		.4byte	.LASF36
 1000 0400 04       		.byte	0x4
 1001 0401 4E       		.byte	0x4e
 1002 0402 20       		.uleb128 0x20
 1003 0403 54000000 		.4byte	.LASF37
 1004 0407 54000000 		.4byte	.LASF37
 1005 040b 05       		.byte	0x5
 1006 040c EF       		.byte	0xef
 1007 040d 20       		.uleb128 0x20
 1008 040e E5000000 		.4byte	.LASF38
 1009 0412 E5000000 		.4byte	.LASF38
 1010 0416 04       		.byte	0x4
 1011 0417 50       		.byte	0x50
 1012 0418 20       		.uleb128 0x20
 1013 0419 DE020000 		.4byte	.LASF39
 1014 041d DE020000 		.4byte	.LASF39
 1015 0421 05       		.byte	0x5
 1016 0422 6C       		.byte	0x6c
 1017 0423 20       		.uleb128 0x20
 1018 0424 A9020000 		.4byte	.LASF40
 1019 0428 A9020000 		.4byte	.LASF40
 1020 042c 05       		.byte	0x5
 1021 042d 84       		.byte	0x84
 1022 042e 20       		.uleb128 0x20
 1023 042f 9A020000 		.4byte	.LASF41
 1024 0433 9A020000 		.4byte	.LASF41
 1025 0437 05       		.byte	0x5
 1026 0438 ED       		.byte	0xed
 1027 0439 20       		.uleb128 0x20
 1028 043a 80000000 		.4byte	.LASF42
 1029 043e 80000000 		.4byte	.LASF42
 1030 0442 05       		.byte	0x5
 1031 0443 D0       		.byte	0xd0
 1032 0444 20       		.uleb128 0x20
 1033 0445 63010000 		.4byte	.LASF43
 1034 0449 63010000 		.4byte	.LASF43
 1035 044d 05       		.byte	0x5
 1036 044e D6       		.byte	0xd6
 1037 044f 00       		.byte	0
 1038              		.section	.debug_abbrev,"",%progbits
 1039              	.Ldebug_abbrev0:
 1040 0000 01       		.uleb128 0x1
 1041 0001 11       		.uleb128 0x11
 1042 0002 01       		.byte	0x1
 1043 0003 25       		.uleb128 0x25
 1044 0004 0E       		.uleb128 0xe
 1045 0005 13       		.uleb128 0x13
 1046 0006 0B       		.uleb128 0xb
 1047 0007 03       		.uleb128 0x3
 1048 0008 0E       		.uleb128 0xe
 1049 0009 1B       		.uleb128 0x1b
 1050 000a 0E       		.uleb128 0xe
 1051 000b 55       		.uleb128 0x55
 1052 000c 17       		.uleb128 0x17
 1053 000d 11       		.uleb128 0x11
 1054 000e 01       		.uleb128 0x1
ARM GAS  C:\Users\ASUS\AppData\Local\Temp\cc7X9v6n.s 			page 27


 1055 000f 10       		.uleb128 0x10
 1056 0010 17       		.uleb128 0x17
 1057 0011 00       		.byte	0
 1058 0012 00       		.byte	0
 1059 0013 02       		.uleb128 0x2
 1060 0014 24       		.uleb128 0x24
 1061 0015 00       		.byte	0
 1062 0016 0B       		.uleb128 0xb
 1063 0017 0B       		.uleb128 0xb
 1064 0018 3E       		.uleb128 0x3e
 1065 0019 0B       		.uleb128 0xb
 1066 001a 03       		.uleb128 0x3
 1067 001b 08       		.uleb128 0x8
 1068 001c 00       		.byte	0
 1069 001d 00       		.byte	0
 1070 001e 03       		.uleb128 0x3
 1071 001f 16       		.uleb128 0x16
 1072 0020 00       		.byte	0
 1073 0021 03       		.uleb128 0x3
 1074 0022 0E       		.uleb128 0xe
 1075 0023 3A       		.uleb128 0x3a
 1076 0024 0B       		.uleb128 0xb
 1077 0025 3B       		.uleb128 0x3b
 1078 0026 0B       		.uleb128 0xb
 1079 0027 49       		.uleb128 0x49
 1080 0028 13       		.uleb128 0x13
 1081 0029 00       		.byte	0
 1082 002a 00       		.byte	0
 1083 002b 04       		.uleb128 0x4
 1084 002c 24       		.uleb128 0x24
 1085 002d 00       		.byte	0
 1086 002e 0B       		.uleb128 0xb
 1087 002f 0B       		.uleb128 0xb
 1088 0030 3E       		.uleb128 0x3e
 1089 0031 0B       		.uleb128 0xb
 1090 0032 03       		.uleb128 0x3
 1091 0033 0E       		.uleb128 0xe
 1092 0034 00       		.byte	0
 1093 0035 00       		.byte	0
 1094 0036 05       		.uleb128 0x5
 1095 0037 0F       		.uleb128 0xf
 1096 0038 00       		.byte	0
 1097 0039 0B       		.uleb128 0xb
 1098 003a 0B       		.uleb128 0xb
 1099 003b 00       		.byte	0
 1100 003c 00       		.byte	0
 1101 003d 06       		.uleb128 0x6
 1102 003e 16       		.uleb128 0x16
 1103 003f 00       		.byte	0
 1104 0040 03       		.uleb128 0x3
 1105 0041 0E       		.uleb128 0xe
 1106 0042 3A       		.uleb128 0x3a
 1107 0043 0B       		.uleb128 0xb
 1108 0044 3B       		.uleb128 0x3b
 1109 0045 05       		.uleb128 0x5
 1110 0046 49       		.uleb128 0x49
 1111 0047 13       		.uleb128 0x13
ARM GAS  C:\Users\ASUS\AppData\Local\Temp\cc7X9v6n.s 			page 28


 1112 0048 00       		.byte	0
 1113 0049 00       		.byte	0
 1114 004a 07       		.uleb128 0x7
 1115 004b 35       		.uleb128 0x35
 1116 004c 00       		.byte	0
 1117 004d 49       		.uleb128 0x49
 1118 004e 13       		.uleb128 0x13
 1119 004f 00       		.byte	0
 1120 0050 00       		.byte	0
 1121 0051 08       		.uleb128 0x8
 1122 0052 13       		.uleb128 0x13
 1123 0053 01       		.byte	0x1
 1124 0054 0B       		.uleb128 0xb
 1125 0055 0B       		.uleb128 0xb
 1126 0056 3A       		.uleb128 0x3a
 1127 0057 0B       		.uleb128 0xb
 1128 0058 3B       		.uleb128 0x3b
 1129 0059 0B       		.uleb128 0xb
 1130 005a 01       		.uleb128 0x1
 1131 005b 13       		.uleb128 0x13
 1132 005c 00       		.byte	0
 1133 005d 00       		.byte	0
 1134 005e 09       		.uleb128 0x9
 1135 005f 0D       		.uleb128 0xd
 1136 0060 00       		.byte	0
 1137 0061 03       		.uleb128 0x3
 1138 0062 0E       		.uleb128 0xe
 1139 0063 3A       		.uleb128 0x3a
 1140 0064 0B       		.uleb128 0xb
 1141 0065 3B       		.uleb128 0x3b
 1142 0066 0B       		.uleb128 0xb
 1143 0067 49       		.uleb128 0x49
 1144 0068 13       		.uleb128 0x13
 1145 0069 38       		.uleb128 0x38
 1146 006a 0B       		.uleb128 0xb
 1147 006b 00       		.byte	0
 1148 006c 00       		.byte	0
 1149 006d 0A       		.uleb128 0xa
 1150 006e 2E       		.uleb128 0x2e
 1151 006f 01       		.byte	0x1
 1152 0070 03       		.uleb128 0x3
 1153 0071 0E       		.uleb128 0xe
 1154 0072 3A       		.uleb128 0x3a
 1155 0073 0B       		.uleb128 0xb
 1156 0074 3B       		.uleb128 0x3b
 1157 0075 0B       		.uleb128 0xb
 1158 0076 27       		.uleb128 0x27
 1159 0077 19       		.uleb128 0x19
 1160 0078 11       		.uleb128 0x11
 1161 0079 01       		.uleb128 0x1
 1162 007a 12       		.uleb128 0x12
 1163 007b 06       		.uleb128 0x6
 1164 007c 40       		.uleb128 0x40
 1165 007d 18       		.uleb128 0x18
 1166 007e 9742     		.uleb128 0x2117
 1167 0080 19       		.uleb128 0x19
 1168 0081 01       		.uleb128 0x1
ARM GAS  C:\Users\ASUS\AppData\Local\Temp\cc7X9v6n.s 			page 29


 1169 0082 13       		.uleb128 0x13
 1170 0083 00       		.byte	0
 1171 0084 00       		.byte	0
 1172 0085 0B       		.uleb128 0xb
 1173 0086 05       		.uleb128 0x5
 1174 0087 00       		.byte	0
 1175 0088 03       		.uleb128 0x3
 1176 0089 0E       		.uleb128 0xe
 1177 008a 3A       		.uleb128 0x3a
 1178 008b 0B       		.uleb128 0xb
 1179 008c 3B       		.uleb128 0x3b
 1180 008d 0B       		.uleb128 0xb
 1181 008e 49       		.uleb128 0x49
 1182 008f 13       		.uleb128 0x13
 1183 0090 02       		.uleb128 0x2
 1184 0091 18       		.uleb128 0x18
 1185 0092 00       		.byte	0
 1186 0093 00       		.byte	0
 1187 0094 0C       		.uleb128 0xc
 1188 0095 34       		.uleb128 0x34
 1189 0096 00       		.byte	0
 1190 0097 03       		.uleb128 0x3
 1191 0098 08       		.uleb128 0x8
 1192 0099 3A       		.uleb128 0x3a
 1193 009a 0B       		.uleb128 0xb
 1194 009b 3B       		.uleb128 0x3b
 1195 009c 0B       		.uleb128 0xb
 1196 009d 49       		.uleb128 0x49
 1197 009e 13       		.uleb128 0x13
 1198 009f 02       		.uleb128 0x2
 1199 00a0 17       		.uleb128 0x17
 1200 00a1 00       		.byte	0
 1201 00a2 00       		.byte	0
 1202 00a3 0D       		.uleb128 0xd
 1203 00a4 0B       		.uleb128 0xb
 1204 00a5 01       		.byte	0x1
 1205 00a6 11       		.uleb128 0x11
 1206 00a7 01       		.uleb128 0x1
 1207 00a8 12       		.uleb128 0x12
 1208 00a9 06       		.uleb128 0x6
 1209 00aa 00       		.byte	0
 1210 00ab 00       		.byte	0
 1211 00ac 0E       		.uleb128 0xe
 1212 00ad 34       		.uleb128 0x34
 1213 00ae 00       		.byte	0
 1214 00af 03       		.uleb128 0x3
 1215 00b0 0E       		.uleb128 0xe
 1216 00b1 3A       		.uleb128 0x3a
 1217 00b2 0B       		.uleb128 0xb
 1218 00b3 3B       		.uleb128 0x3b
 1219 00b4 0B       		.uleb128 0xb
 1220 00b5 49       		.uleb128 0x49
 1221 00b6 13       		.uleb128 0x13
 1222 00b7 02       		.uleb128 0x2
 1223 00b8 17       		.uleb128 0x17
 1224 00b9 00       		.byte	0
 1225 00ba 00       		.byte	0
ARM GAS  C:\Users\ASUS\AppData\Local\Temp\cc7X9v6n.s 			page 30


 1226 00bb 0F       		.uleb128 0xf
 1227 00bc 0F       		.uleb128 0xf
 1228 00bd 00       		.byte	0
 1229 00be 0B       		.uleb128 0xb
 1230 00bf 0B       		.uleb128 0xb
 1231 00c0 49       		.uleb128 0x49
 1232 00c1 13       		.uleb128 0x13
 1233 00c2 00       		.byte	0
 1234 00c3 00       		.byte	0
 1235 00c4 10       		.uleb128 0x10
 1236 00c5 26       		.uleb128 0x26
 1237 00c6 00       		.byte	0
 1238 00c7 49       		.uleb128 0x49
 1239 00c8 13       		.uleb128 0x13
 1240 00c9 00       		.byte	0
 1241 00ca 00       		.byte	0
 1242 00cb 11       		.uleb128 0x11
 1243 00cc 2E       		.uleb128 0x2e
 1244 00cd 00       		.byte	0
 1245 00ce 03       		.uleb128 0x3
 1246 00cf 0E       		.uleb128 0xe
 1247 00d0 3A       		.uleb128 0x3a
 1248 00d1 0B       		.uleb128 0xb
 1249 00d2 3B       		.uleb128 0x3b
 1250 00d3 05       		.uleb128 0x5
 1251 00d4 27       		.uleb128 0x27
 1252 00d5 19       		.uleb128 0x19
 1253 00d6 11       		.uleb128 0x11
 1254 00d7 01       		.uleb128 0x1
 1255 00d8 12       		.uleb128 0x12
 1256 00d9 06       		.uleb128 0x6
 1257 00da 40       		.uleb128 0x40
 1258 00db 18       		.uleb128 0x18
 1259 00dc 9742     		.uleb128 0x2117
 1260 00de 19       		.uleb128 0x19
 1261 00df 00       		.byte	0
 1262 00e0 00       		.byte	0
 1263 00e1 12       		.uleb128 0x12
 1264 00e2 05       		.uleb128 0x5
 1265 00e3 00       		.byte	0
 1266 00e4 03       		.uleb128 0x3
 1267 00e5 08       		.uleb128 0x8
 1268 00e6 3A       		.uleb128 0x3a
 1269 00e7 0B       		.uleb128 0xb
 1270 00e8 3B       		.uleb128 0x3b
 1271 00e9 0B       		.uleb128 0xb
 1272 00ea 49       		.uleb128 0x49
 1273 00eb 13       		.uleb128 0x13
 1274 00ec 02       		.uleb128 0x2
 1275 00ed 17       		.uleb128 0x17
 1276 00ee 00       		.byte	0
 1277 00ef 00       		.byte	0
 1278 00f0 13       		.uleb128 0x13
 1279 00f1 898201   		.uleb128 0x4109
 1280 00f4 01       		.byte	0x1
 1281 00f5 11       		.uleb128 0x11
 1282 00f6 01       		.uleb128 0x1
ARM GAS  C:\Users\ASUS\AppData\Local\Temp\cc7X9v6n.s 			page 31


 1283 00f7 31       		.uleb128 0x31
 1284 00f8 13       		.uleb128 0x13
 1285 00f9 00       		.byte	0
 1286 00fa 00       		.byte	0
 1287 00fb 14       		.uleb128 0x14
 1288 00fc 8A8201   		.uleb128 0x410a
 1289 00ff 00       		.byte	0
 1290 0100 02       		.uleb128 0x2
 1291 0101 18       		.uleb128 0x18
 1292 0102 9142     		.uleb128 0x2111
 1293 0104 18       		.uleb128 0x18
 1294 0105 00       		.byte	0
 1295 0106 00       		.byte	0
 1296 0107 15       		.uleb128 0x15
 1297 0108 898201   		.uleb128 0x4109
 1298 010b 00       		.byte	0
 1299 010c 11       		.uleb128 0x11
 1300 010d 01       		.uleb128 0x1
 1301 010e 31       		.uleb128 0x31
 1302 010f 13       		.uleb128 0x13
 1303 0110 00       		.byte	0
 1304 0111 00       		.byte	0
 1305 0112 16       		.uleb128 0x16
 1306 0113 898201   		.uleb128 0x4109
 1307 0116 01       		.byte	0x1
 1308 0117 11       		.uleb128 0x11
 1309 0118 01       		.uleb128 0x1
 1310 0119 31       		.uleb128 0x31
 1311 011a 13       		.uleb128 0x13
 1312 011b 01       		.uleb128 0x1
 1313 011c 13       		.uleb128 0x13
 1314 011d 00       		.byte	0
 1315 011e 00       		.byte	0
 1316 011f 17       		.uleb128 0x17
 1317 0120 2E       		.uleb128 0x2e
 1318 0121 01       		.byte	0x1
 1319 0122 3F       		.uleb128 0x3f
 1320 0123 19       		.uleb128 0x19
 1321 0124 03       		.uleb128 0x3
 1322 0125 0E       		.uleb128 0xe
 1323 0126 3A       		.uleb128 0x3a
 1324 0127 0B       		.uleb128 0xb
 1325 0128 3B       		.uleb128 0x3b
 1326 0129 05       		.uleb128 0x5
 1327 012a 27       		.uleb128 0x27
 1328 012b 19       		.uleb128 0x19
 1329 012c 11       		.uleb128 0x11
 1330 012d 01       		.uleb128 0x1
 1331 012e 12       		.uleb128 0x12
 1332 012f 06       		.uleb128 0x6
 1333 0130 40       		.uleb128 0x40
 1334 0131 18       		.uleb128 0x18
 1335 0132 9742     		.uleb128 0x2117
 1336 0134 19       		.uleb128 0x19
 1337 0135 01       		.uleb128 0x1
 1338 0136 13       		.uleb128 0x13
 1339 0137 00       		.byte	0
ARM GAS  C:\Users\ASUS\AppData\Local\Temp\cc7X9v6n.s 			page 32


 1340 0138 00       		.byte	0
 1341 0139 18       		.uleb128 0x18
 1342 013a 0B       		.uleb128 0xb
 1343 013b 01       		.byte	0x1
 1344 013c 11       		.uleb128 0x11
 1345 013d 01       		.uleb128 0x1
 1346 013e 12       		.uleb128 0x12
 1347 013f 06       		.uleb128 0x6
 1348 0140 01       		.uleb128 0x1
 1349 0141 13       		.uleb128 0x13
 1350 0142 00       		.byte	0
 1351 0143 00       		.byte	0
 1352 0144 19       		.uleb128 0x19
 1353 0145 34       		.uleb128 0x34
 1354 0146 00       		.byte	0
 1355 0147 03       		.uleb128 0x3
 1356 0148 0E       		.uleb128 0xe
 1357 0149 3A       		.uleb128 0x3a
 1358 014a 0B       		.uleb128 0xb
 1359 014b 3B       		.uleb128 0x3b
 1360 014c 05       		.uleb128 0x5
 1361 014d 49       		.uleb128 0x49
 1362 014e 13       		.uleb128 0x13
 1363 014f 02       		.uleb128 0x2
 1364 0150 18       		.uleb128 0x18
 1365 0151 00       		.byte	0
 1366 0152 00       		.byte	0
 1367 0153 1A       		.uleb128 0x1a
 1368 0154 13       		.uleb128 0x13
 1369 0155 01       		.byte	0x1
 1370 0156 0B       		.uleb128 0xb
 1371 0157 0B       		.uleb128 0xb
 1372 0158 3A       		.uleb128 0x3a
 1373 0159 0B       		.uleb128 0xb
 1374 015a 3B       		.uleb128 0x3b
 1375 015b 05       		.uleb128 0x5
 1376 015c 01       		.uleb128 0x1
 1377 015d 13       		.uleb128 0x13
 1378 015e 00       		.byte	0
 1379 015f 00       		.byte	0
 1380 0160 1B       		.uleb128 0x1b
 1381 0161 0D       		.uleb128 0xd
 1382 0162 00       		.byte	0
 1383 0163 03       		.uleb128 0x3
 1384 0164 0E       		.uleb128 0xe
 1385 0165 3A       		.uleb128 0x3a
 1386 0166 0B       		.uleb128 0xb
 1387 0167 3B       		.uleb128 0x3b
 1388 0168 05       		.uleb128 0x5
 1389 0169 49       		.uleb128 0x49
 1390 016a 13       		.uleb128 0x13
 1391 016b 38       		.uleb128 0x38
 1392 016c 0B       		.uleb128 0xb
 1393 016d 00       		.byte	0
 1394 016e 00       		.byte	0
 1395 016f 1C       		.uleb128 0x1c
 1396 0170 01       		.uleb128 0x1
ARM GAS  C:\Users\ASUS\AppData\Local\Temp\cc7X9v6n.s 			page 33


 1397 0171 01       		.byte	0x1
 1398 0172 49       		.uleb128 0x49
 1399 0173 13       		.uleb128 0x13
 1400 0174 01       		.uleb128 0x1
 1401 0175 13       		.uleb128 0x13
 1402 0176 00       		.byte	0
 1403 0177 00       		.byte	0
 1404 0178 1D       		.uleb128 0x1d
 1405 0179 21       		.uleb128 0x21
 1406 017a 00       		.byte	0
 1407 017b 49       		.uleb128 0x49
 1408 017c 13       		.uleb128 0x13
 1409 017d 2F       		.uleb128 0x2f
 1410 017e 0B       		.uleb128 0xb
 1411 017f 00       		.byte	0
 1412 0180 00       		.byte	0
 1413 0181 1E       		.uleb128 0x1e
 1414 0182 34       		.uleb128 0x34
 1415 0183 00       		.byte	0
 1416 0184 03       		.uleb128 0x3
 1417 0185 08       		.uleb128 0x8
 1418 0186 3A       		.uleb128 0x3a
 1419 0187 0B       		.uleb128 0xb
 1420 0188 3B       		.uleb128 0x3b
 1421 0189 05       		.uleb128 0x5
 1422 018a 49       		.uleb128 0x49
 1423 018b 13       		.uleb128 0x13
 1424 018c 02       		.uleb128 0x2
 1425 018d 17       		.uleb128 0x17
 1426 018e 00       		.byte	0
 1427 018f 00       		.byte	0
 1428 0190 1F       		.uleb128 0x1f
 1429 0191 2E       		.uleb128 0x2e
 1430 0192 00       		.byte	0
 1431 0193 3F       		.uleb128 0x3f
 1432 0194 19       		.uleb128 0x19
 1433 0195 3C       		.uleb128 0x3c
 1434 0196 19       		.uleb128 0x19
 1435 0197 6E       		.uleb128 0x6e
 1436 0198 0E       		.uleb128 0xe
 1437 0199 03       		.uleb128 0x3
 1438 019a 0E       		.uleb128 0xe
 1439 019b 00       		.byte	0
 1440 019c 00       		.byte	0
 1441 019d 20       		.uleb128 0x20
 1442 019e 2E       		.uleb128 0x2e
 1443 019f 00       		.byte	0
 1444 01a0 3F       		.uleb128 0x3f
 1445 01a1 19       		.uleb128 0x19
 1446 01a2 3C       		.uleb128 0x3c
 1447 01a3 19       		.uleb128 0x19
 1448 01a4 6E       		.uleb128 0x6e
 1449 01a5 0E       		.uleb128 0xe
 1450 01a6 03       		.uleb128 0x3
 1451 01a7 0E       		.uleb128 0xe
 1452 01a8 3A       		.uleb128 0x3a
 1453 01a9 0B       		.uleb128 0xb
ARM GAS  C:\Users\ASUS\AppData\Local\Temp\cc7X9v6n.s 			page 34


 1454 01aa 3B       		.uleb128 0x3b
 1455 01ab 0B       		.uleb128 0xb
 1456 01ac 00       		.byte	0
 1457 01ad 00       		.byte	0
 1458 01ae 00       		.byte	0
 1459              		.section	.debug_loc,"",%progbits
 1460              	.Ldebug_loc0:
 1461              	.LLST0:
 1462 0000 02000000 		.4byte	.LVL1
 1463 0004 08000000 		.4byte	.LVL2
 1464 0008 0200     		.2byte	0x2
 1465 000a 30       		.byte	0x30
 1466 000b 9F       		.byte	0x9f
 1467 000c 08000000 		.4byte	.LVL2
 1468 0010 30000000 		.4byte	.LVL11
 1469 0014 0100     		.2byte	0x1
 1470 0016 57       		.byte	0x57
 1471 0017 00000000 		.4byte	0
 1472 001b 00000000 		.4byte	0
 1473              	.LLST1:
 1474 001f 02000000 		.4byte	.LVL1
 1475 0023 08000000 		.4byte	.LVL2
 1476 0027 0200     		.2byte	0x2
 1477 0029 30       		.byte	0x30
 1478 002a 9F       		.byte	0x9f
 1479 002b 08000000 		.4byte	.LVL2
 1480 002f 30000000 		.4byte	.LVL10
 1481 0033 0100     		.2byte	0x1
 1482 0035 55       		.byte	0x55
 1483 0036 00000000 		.4byte	0
 1484 003a 00000000 		.4byte	0
 1485              	.LLST2:
 1486 003e 0C000000 		.4byte	.LVL3
 1487 0042 2C000000 		.4byte	.LVL9
 1488 0046 0100     		.2byte	0x1
 1489 0048 56       		.byte	0x56
 1490 0049 00000000 		.4byte	0
 1491 004d 00000000 		.4byte	0
 1492              	.LLST3:
 1493 0051 0E000000 		.4byte	.LVL4
 1494 0055 24000000 		.4byte	.LVL7
 1495 0059 0100     		.2byte	0x1
 1496 005b 53       		.byte	0x53
 1497 005c 26000000 		.4byte	.LVL8
 1498 0060 2C000000 		.4byte	.LVL9
 1499 0064 0100     		.2byte	0x1
 1500 0066 53       		.byte	0x53
 1501 0067 00000000 		.4byte	0
 1502 006b 00000000 		.4byte	0
 1503              	.LLST4:
 1504 006f 00000000 		.4byte	.LVL12
 1505 0073 09000000 		.4byte	.LVL14-1
 1506 0077 0100     		.2byte	0x1
 1507 0079 50       		.byte	0x50
 1508 007a 09000000 		.4byte	.LVL14-1
 1509 007e 0C000000 		.4byte	.LFE2
 1510 0082 0400     		.2byte	0x4
ARM GAS  C:\Users\ASUS\AppData\Local\Temp\cc7X9v6n.s 			page 35


 1511 0084 F3       		.byte	0xf3
 1512 0085 01       		.uleb128 0x1
 1513 0086 50       		.byte	0x50
 1514 0087 9F       		.byte	0x9f
 1515 0088 00000000 		.4byte	0
 1516 008c 00000000 		.4byte	0
 1517              	.LLST5:
 1518 0090 00000000 		.4byte	.LVL12
 1519 0094 06000000 		.4byte	.LVL13
 1520 0098 0100     		.2byte	0x1
 1521 009a 51       		.byte	0x51
 1522 009b 06000000 		.4byte	.LVL13
 1523 009f 09000000 		.4byte	.LVL14-1
 1524 00a3 0100     		.2byte	0x1
 1525 00a5 52       		.byte	0x52
 1526 00a6 09000000 		.4byte	.LVL14-1
 1527 00aa 0C000000 		.4byte	.LFE2
 1528 00ae 0400     		.2byte	0x4
 1529 00b0 F3       		.byte	0xf3
 1530 00b1 01       		.uleb128 0x1
 1531 00b2 51       		.byte	0x51
 1532 00b3 9F       		.byte	0x9f
 1533 00b4 00000000 		.4byte	0
 1534 00b8 00000000 		.4byte	0
 1535              	.LLST6:
 1536 00bc 02010000 		.4byte	.LVL23
 1537 00c0 06010000 		.4byte	.LVL24
 1538 00c4 0200     		.2byte	0x2
 1539 00c6 30       		.byte	0x30
 1540 00c7 9F       		.byte	0x9f
 1541 00c8 06010000 		.4byte	.LVL24
 1542 00cc 24010000 		.4byte	.LVL26
 1543 00d0 0100     		.2byte	0x1
 1544 00d2 54       		.byte	0x54
 1545 00d3 26010000 		.4byte	.LVL27
 1546 00d7 9E010000 		.4byte	.LVL31
 1547 00db 0100     		.2byte	0x1
 1548 00dd 54       		.byte	0x54
 1549 00de 00000000 		.4byte	0
 1550 00e2 00000000 		.4byte	0
 1551              	.LLST7:
 1552 00e6 06010000 		.4byte	.LVL24
 1553 00ea 24010000 		.4byte	.LVL26
 1554 00ee 0B00     		.2byte	0xb
 1555 00f0 74       		.byte	0x74
 1556 00f1 00       		.sleb128 0
 1557 00f2 36       		.byte	0x36
 1558 00f3 1E       		.byte	0x1e
 1559 00f4 03       		.byte	0x3
 1560 00f5 00000000 		.4byte	cfg_memset_list.4916
 1561 00f9 22       		.byte	0x22
 1562 00fa 9F       		.byte	0x9f
 1563 00fb 24010000 		.4byte	.LVL26
 1564 00ff 26010000 		.4byte	.LVL27
 1565 0103 0B00     		.2byte	0xb
 1566 0105 74       		.byte	0x74
 1567 0106 7F       		.sleb128 -1
ARM GAS  C:\Users\ASUS\AppData\Local\Temp\cc7X9v6n.s 			page 36


 1568 0107 36       		.byte	0x36
 1569 0108 1E       		.byte	0x1e
 1570 0109 03       		.byte	0x3
 1571 010a 00000000 		.4byte	cfg_memset_list.4916
 1572 010e 22       		.byte	0x22
 1573 010f 9F       		.byte	0x9f
 1574 0110 00000000 		.4byte	0
 1575 0114 00000000 		.4byte	0
 1576              		.section	.debug_aranges,"",%progbits
 1577 0000 3C000000 		.4byte	0x3c
 1578 0004 0200     		.2byte	0x2
 1579 0006 00000000 		.4byte	.Ldebug_info0
 1580 000a 04       		.byte	0x4
 1581 000b 00       		.byte	0
 1582 000c 0000     		.2byte	0
 1583 000e 0000     		.2byte	0
 1584 0010 00000000 		.4byte	.LFB5
 1585 0014 32000000 		.4byte	.LFE5-.LFB5
 1586 0018 00000000 		.4byte	.LFB7
 1587 001c 20000000 		.4byte	.LFE7-.LFB7
 1588 0020 00000000 		.4byte	.LFB2
 1589 0024 0C000000 		.4byte	.LFE2-.LFB2
 1590 0028 00000000 		.4byte	.LFB6
 1591 002c F8000000 		.4byte	.LFE6-.LFB6
 1592 0030 F8000000 		.4byte	.LFB8
 1593 0034 E8000000 		.4byte	.LFE8-.LFB8
 1594 0038 00000000 		.4byte	0
 1595 003c 00000000 		.4byte	0
 1596              		.section	.debug_ranges,"",%progbits
 1597              	.Ldebug_ranges0:
 1598 0000 00000000 		.4byte	.LFB5
 1599 0004 32000000 		.4byte	.LFE5
 1600 0008 00000000 		.4byte	.LFB7
 1601 000c 20000000 		.4byte	.LFE7
 1602 0010 00000000 		.4byte	.LFB2
 1603 0014 0C000000 		.4byte	.LFE2
 1604 0018 00000000 		.4byte	.LFB6
 1605 001c F8000000 		.4byte	.LFE6
 1606 0020 F8000000 		.4byte	.LFB8
 1607 0024 E0010000 		.4byte	.LFE8
 1608 0028 00000000 		.4byte	0
 1609 002c 00000000 		.4byte	0
 1610              		.section	.debug_line,"",%progbits
 1611              	.Ldebug_line0:
 1612 0000 83010000 		.section	.debug_str,"MS",%progbits,1
 1612      0200D800 
 1612      00000201 
 1612      FB0E0D00 
 1612      01010101 
 1613              	.LASF46:
 1614 0000 443A5C75 		.ascii	"D:\\ucu\\2_course1_term\\POC\\programs\\my_works\\S"
 1614      63755C32 
 1614      5F636F75 
 1614      72736531 
 1614      5F746572 
 1615 002d 6D617274 		.ascii	"mart_lightning_system\\Code_Morse.cydsn\000"
 1615      5F6C6967 
ARM GAS  C:\Users\ASUS\AppData\Local\Temp\cc7X9v6n.s 			page 37


 1615      68746E69 
 1615      6E675F73 
 1615      79737465 
 1616              	.LASF37:
 1617 0054 43794465 		.ascii	"CyDelayCycles\000"
 1617      6C617943 
 1617      79636C65 
 1617      7300
 1618              	.LASF19:
 1619 0062 72656733 		.ascii	"reg32\000"
 1619      3200
 1620              	.LASF12:
 1621 0068 73697A65 		.ascii	"size_t\000"
 1621      5F7400
 1622              	.LASF47:
 1623 006f 416E616C 		.ascii	"AnalogSetDefault\000"
 1623      6F675365 
 1623      74446566 
 1623      61756C74 
 1623      00
 1624              	.LASF42:
 1625 0080 4379496E 		.ascii	"CyIntSetVector\000"
 1625      74536574 
 1625      56656374 
 1625      6F7200
 1626              	.LASF21:
 1627 008f 76616C75 		.ascii	"value\000"
 1627      6500
 1628              	.LASF26:
 1629 0095 636F756E 		.ascii	"count\000"
 1629      7400
 1630              	.LASF29:
 1631 009b 436C6F63 		.ascii	"ClockSetup\000"
 1631      6B536574 
 1631      757000
 1632              	.LASF30:
 1633 00a6 63795F63 		.ascii	"cy_cfg_addr_table\000"
 1633      66675F61 
 1633      6464725F 
 1633      7461626C 
 1633      6500
 1634              	.LASF31:
 1635 00b8 63795F63 		.ascii	"cy_cfg_data_table\000"
 1635      66675F64 
 1635      6174615F 
 1635      7461626C 
 1635      6500
 1636              	.LASF16:
 1637 00ca 666C6F61 		.ascii	"float\000"
 1637      7400
 1638              	.LASF35:
 1639 00d0 6366675F 		.ascii	"cfg_memset_list\000"
 1639      6D656D73 
 1639      65745F6C 
 1639      69737400 
 1640              	.LASF33:
 1641 00e0 73697A65 		.ascii	"size\000"
ARM GAS  C:\Users\ASUS\AppData\Local\Temp\cc7X9v6n.s 			page 38


 1641      00
 1642              	.LASF38:
 1643 00e5 43795379 		.ascii	"CySysClkWcoSetPowerMode\000"
 1643      73436C6B 
 1643      57636F53 
 1643      6574506F 
 1643      7765724D 
 1644              	.LASF18:
 1645 00fd 72656738 		.ascii	"reg8\000"
 1645      00
 1646              	.LASF8:
 1647 0102 6C6F6E67 		.ascii	"long unsigned int\000"
 1647      20756E73 
 1647      69676E65 
 1647      6420696E 
 1647      7400
 1648              	.LASF13:
 1649 0114 75696E74 		.ascii	"uint8\000"
 1649      3800
 1650              	.LASF36:
 1651 011a 43795379 		.ascii	"CySysClkWcoStart\000"
 1651      73436C6B 
 1651      57636F53 
 1651      74617274 
 1651      00
 1652              	.LASF28:
 1653 012b 43594D45 		.ascii	"CYMEMZERO\000"
 1653      4D5A4552 
 1653      4F00
 1654              	.LASF4:
 1655 0135 756E7369 		.ascii	"unsigned char\000"
 1655      676E6564 
 1655      20636861 
 1655      7200
 1656              	.LASF49:
 1657 0143 6D656D73 		.ascii	"memset\000"
 1657      657400
 1658              	.LASF17:
 1659 014a 646F7562 		.ascii	"double\000"
 1659      6C6500
 1660              	.LASF27:
 1661 0151 6366675F 		.ascii	"cfg_write_bytes32\000"
 1661      77726974 
 1661      655F6279 
 1661      74657333 
 1661      3200
 1662              	.LASF43:
 1663 0163 4379496E 		.ascii	"CyIntEnable\000"
 1663      74456E61 
 1663      626C6500 
 1664              	.LASF23:
 1665 016f 61646472 		.ascii	"addr_table\000"
 1665      5F746162 
 1665      6C6500
 1666              	.LASF14:
 1667 017a 75696E74 		.ascii	"uint16\000"
 1667      313600
ARM GAS  C:\Users\ASUS\AppData\Local\Temp\cc7X9v6n.s 			page 39


 1668              	.LASF24:
 1669 0181 64617461 		.ascii	"data_table\000"
 1669      5F746162 
 1669      6C6500
 1670              	.LASF15:
 1671 018c 75696E74 		.ascii	"uint32\000"
 1671      333200
 1672              	.LASF0:
 1673 0193 756E7369 		.ascii	"unsigned int\000"
 1673      676E6564 
 1673      20696E74 
 1673      00
 1674              	.LASF48:
 1675 01a0 63796669 		.ascii	"cyfitter_cfg\000"
 1675      74746572 
 1675      5F636667 
 1675      00
 1676              	.LASF32:
 1677 01ad 61646472 		.ascii	"address\000"
 1677      65737300 
 1678              	.LASF9:
 1679 01b5 6C6F6E67 		.ascii	"long long unsigned int\000"
 1679      206C6F6E 
 1679      6720756E 
 1679      7369676E 
 1679      65642069 
 1680              	.LASF44:
 1681 01cc 474E5520 		.ascii	"GNU C11 5.4.1 20160609 (release) [ARM/embedded-5-br"
 1681      43313120 
 1681      352E342E 
 1681      31203230 
 1681      31363036 
 1682 01ff 616E6368 		.ascii	"anch revision 237715] -mcpu=cortex-m0 -mthumb -g -O"
 1682      20726576 
 1682      6973696F 
 1682      6E203233 
 1682      37373135 
 1683 0232 67202D66 		.ascii	"g -ffunction-sections -ffat-lto-objects\000"
 1683      66756E63 
 1683      74696F6E 
 1683      2D736563 
 1683      74696F6E 
 1684              	.LASF34:
 1685 025a 6366675F 		.ascii	"cfg_memset_t\000"
 1685      6D656D73 
 1685      65745F74 
 1685      00
 1686              	.LASF25:
 1687 0267 62617365 		.ascii	"baseAddr\000"
 1687      41646472 
 1687      00
 1688              	.LASF10:
 1689 0270 73697A65 		.ascii	"sizetype\000"
 1689      74797065 
 1689      00
 1690              	.LASF6:
 1691 0279 73686F72 		.ascii	"short unsigned int\000"
ARM GAS  C:\Users\ASUS\AppData\Local\Temp\cc7X9v6n.s 			page 40


 1691      7420756E 
 1691      7369676E 
 1691      65642069 
 1691      6E7400
 1692              	.LASF1:
 1693 028c 6C6F6E67 		.ascii	"long long int\000"
 1693      206C6F6E 
 1693      6720696E 
 1693      7400
 1694              	.LASF41:
 1695 029a 43794465 		.ascii	"CyDelayUs\000"
 1695      6C617955 
 1695      7300
 1696              	.LASF11:
 1697 02a4 63686172 		.ascii	"char\000"
 1697      00
 1698              	.LASF40:
 1699 02a9 43795379 		.ascii	"CySysClkEcoStart\000"
 1699      73436C6B 
 1699      45636F53 
 1699      74617274 
 1699      00
 1700              	.LASF22:
 1701 02ba 63795F63 		.ascii	"cy_cfg_addrvalue_t\000"
 1701      66675F61 
 1701      64647276 
 1701      616C7565 
 1701      5F7400
 1702              	.LASF20:
 1703 02cd 6F666673 		.ascii	"offset\000"
 1703      657400
 1704              	.LASF5:
 1705 02d4 73686F72 		.ascii	"short int\000"
 1705      7420696E 
 1705      7400
 1706              	.LASF39:
 1707 02de 43795379 		.ascii	"CySysClkWriteImoFreq\000"
 1707      73436C6B 
 1707      57726974 
 1707      65496D6F 
 1707      46726571 
 1708              	.LASF7:
 1709 02f3 6C6F6E67 		.ascii	"long int\000"
 1709      20696E74 
 1709      00
 1710              	.LASF2:
 1711 02fc 6C6F6E67 		.ascii	"long double\000"
 1711      20646F75 
 1711      626C6500 
 1712              	.LASF3:
 1713 0308 7369676E 		.ascii	"signed char\000"
 1713      65642063 
 1713      68617200 
 1714              	.LASF45:
 1715 0314 47656E65 		.ascii	"Generated_Source\\PSoC4\\cyfitter_cfg.c\000"
 1715      72617465 
 1715      645F536F 
ARM GAS  C:\Users\ASUS\AppData\Local\Temp\cc7X9v6n.s 			page 41


 1715      75726365 
 1715      5C50536F 
 1716              		.ident	"GCC: (GNU Tools for ARM Embedded Processors) 5.4.1 20160609 (release) [ARM/embedded-5-bran
