ARM GAS  C:\Users\JANUSD~1\AppData\Local\Temp\ccnfZnY1.s 			page 1


   1              		.syntax unified
   2              		.cpu cortex-m0
   3              		.fpu softvfp
   4              		.eabi_attribute 20, 1
   5              		.eabi_attribute 21, 1
   6              		.eabi_attribute 23, 3
   7              		.eabi_attribute 24, 1
   8              		.eabi_attribute 25, 1
   9              		.eabi_attribute 26, 1
  10              		.eabi_attribute 30, 1
  11              		.eabi_attribute 34, 0
  12              		.eabi_attribute 18, 4
  13              		.thumb
  14              		.syntax unified
  15              		.file	"cyfitter_cfg.c"
  16              		.text
  17              	.Ltext0:
  18              		.cfi_sections	.debug_frame
  19              		.section	.text.cfg_write_bytes32,"ax",%progbits
  20              		.align	2
  21              		.code	16
  22              		.thumb_func
  23              		.type	cfg_write_bytes32, %function
  24              	cfg_write_bytes32:
  25              	.LFB5:
  26              		.file 1 "Generated_Source\\PSoC4\\cyfitter_cfg.c"
   1:Generated_Source\PSoC4/cyfitter_cfg.c **** 
   2:Generated_Source\PSoC4/cyfitter_cfg.c **** /*******************************************************************************
   3:Generated_Source\PSoC4/cyfitter_cfg.c **** * File Name: cyfitter_cfg.c
   4:Generated_Source\PSoC4/cyfitter_cfg.c **** * 
   5:Generated_Source\PSoC4/cyfitter_cfg.c **** * PSoC Creator  4.2
   6:Generated_Source\PSoC4/cyfitter_cfg.c **** *
   7:Generated_Source\PSoC4/cyfitter_cfg.c **** * Description:
   8:Generated_Source\PSoC4/cyfitter_cfg.c **** * This file contains device initialization code.
   9:Generated_Source\PSoC4/cyfitter_cfg.c **** * Except for the user defined sections in CyClockStartupError(), this file should not be modified.
  10:Generated_Source\PSoC4/cyfitter_cfg.c **** * This file is automatically generated by PSoC Creator.
  11:Generated_Source\PSoC4/cyfitter_cfg.c **** *
  12:Generated_Source\PSoC4/cyfitter_cfg.c **** ********************************************************************************
  13:Generated_Source\PSoC4/cyfitter_cfg.c **** * Copyright (c) 2007-2018 Cypress Semiconductor.  All rights reserved.
  14:Generated_Source\PSoC4/cyfitter_cfg.c **** * You may use this file only in accordance with the license, terms, conditions, 
  15:Generated_Source\PSoC4/cyfitter_cfg.c **** * disclaimers, and limitations in the end user license agreement accompanying 
  16:Generated_Source\PSoC4/cyfitter_cfg.c **** * the software package with which this file was provided.
  17:Generated_Source\PSoC4/cyfitter_cfg.c **** ********************************************************************************/
  18:Generated_Source\PSoC4/cyfitter_cfg.c **** 
  19:Generated_Source\PSoC4/cyfitter_cfg.c **** #include <string.h>
  20:Generated_Source\PSoC4/cyfitter_cfg.c **** #include "cytypes.h"
  21:Generated_Source\PSoC4/cyfitter_cfg.c **** #include "cydevice_trm.h"
  22:Generated_Source\PSoC4/cyfitter_cfg.c **** #include "cyfitter.h"
  23:Generated_Source\PSoC4/cyfitter_cfg.c **** #include "CyLib.h"
  24:Generated_Source\PSoC4/cyfitter_cfg.c **** #include "CyLFClk.h"
  25:Generated_Source\PSoC4/cyfitter_cfg.c **** #include "cyfitter_cfg.h"
  26:Generated_Source\PSoC4/cyfitter_cfg.c **** #include "cyapicallbacks.h"
  27:Generated_Source\PSoC4/cyfitter_cfg.c **** 
  28:Generated_Source\PSoC4/cyfitter_cfg.c **** 
  29:Generated_Source\PSoC4/cyfitter_cfg.c **** #if defined(__GNUC__) || defined(__ARMCC_VERSION)
  30:Generated_Source\PSoC4/cyfitter_cfg.c ****     #define CYPACKED 
  31:Generated_Source\PSoC4/cyfitter_cfg.c ****     #define CYPACKED_ATTR __attribute__ ((packed))
ARM GAS  C:\Users\JANUSD~1\AppData\Local\Temp\ccnfZnY1.s 			page 2


  32:Generated_Source\PSoC4/cyfitter_cfg.c ****     #define CYALIGNED __attribute__ ((aligned))
  33:Generated_Source\PSoC4/cyfitter_cfg.c ****     #define CY_CFG_UNUSED __attribute__ ((unused))
  34:Generated_Source\PSoC4/cyfitter_cfg.c ****     #ifndef CY_CFG_SECTION
  35:Generated_Source\PSoC4/cyfitter_cfg.c ****         #define CY_CFG_SECTION __attribute__ ((section(".psocinit")))
  36:Generated_Source\PSoC4/cyfitter_cfg.c ****     #endif
  37:Generated_Source\PSoC4/cyfitter_cfg.c ****     
  38:Generated_Source\PSoC4/cyfitter_cfg.c ****     #if defined(__ARMCC_VERSION)
  39:Generated_Source\PSoC4/cyfitter_cfg.c ****         #define CY_CFG_MEMORY_BARRIER() __memory_changed()
  40:Generated_Source\PSoC4/cyfitter_cfg.c ****     #else
  41:Generated_Source\PSoC4/cyfitter_cfg.c ****         #define CY_CFG_MEMORY_BARRIER() __sync_synchronize()
  42:Generated_Source\PSoC4/cyfitter_cfg.c ****     #endif
  43:Generated_Source\PSoC4/cyfitter_cfg.c ****     
  44:Generated_Source\PSoC4/cyfitter_cfg.c **** #elif defined(__ICCARM__)
  45:Generated_Source\PSoC4/cyfitter_cfg.c ****     #include <intrinsics.h>
  46:Generated_Source\PSoC4/cyfitter_cfg.c **** 
  47:Generated_Source\PSoC4/cyfitter_cfg.c ****     #define CYPACKED __packed
  48:Generated_Source\PSoC4/cyfitter_cfg.c ****     #define CYPACKED_ATTR 
  49:Generated_Source\PSoC4/cyfitter_cfg.c ****     #define CYALIGNED _Pragma("data_alignment=4")
  50:Generated_Source\PSoC4/cyfitter_cfg.c ****     #define CY_CFG_UNUSED _Pragma("diag_suppress=Pe177")
  51:Generated_Source\PSoC4/cyfitter_cfg.c ****     #define CY_CFG_SECTION _Pragma("location=\".psocinit\"")
  52:Generated_Source\PSoC4/cyfitter_cfg.c ****     
  53:Generated_Source\PSoC4/cyfitter_cfg.c ****     #define CY_CFG_MEMORY_BARRIER() __DMB()
  54:Generated_Source\PSoC4/cyfitter_cfg.c ****     
  55:Generated_Source\PSoC4/cyfitter_cfg.c **** #else
  56:Generated_Source\PSoC4/cyfitter_cfg.c ****     #error Unsupported toolchain
  57:Generated_Source\PSoC4/cyfitter_cfg.c **** #endif
  58:Generated_Source\PSoC4/cyfitter_cfg.c **** 
  59:Generated_Source\PSoC4/cyfitter_cfg.c **** #ifndef CYCODE
  60:Generated_Source\PSoC4/cyfitter_cfg.c ****     #define CYCODE
  61:Generated_Source\PSoC4/cyfitter_cfg.c **** #endif
  62:Generated_Source\PSoC4/cyfitter_cfg.c **** #ifndef CYDATA
  63:Generated_Source\PSoC4/cyfitter_cfg.c ****     #define CYDATA
  64:Generated_Source\PSoC4/cyfitter_cfg.c **** #endif
  65:Generated_Source\PSoC4/cyfitter_cfg.c **** #ifndef CYFAR
  66:Generated_Source\PSoC4/cyfitter_cfg.c ****     #define CYFAR
  67:Generated_Source\PSoC4/cyfitter_cfg.c **** #endif
  68:Generated_Source\PSoC4/cyfitter_cfg.c **** #ifndef CYXDATA
  69:Generated_Source\PSoC4/cyfitter_cfg.c ****     #define CYXDATA
  70:Generated_Source\PSoC4/cyfitter_cfg.c **** #endif
  71:Generated_Source\PSoC4/cyfitter_cfg.c **** 
  72:Generated_Source\PSoC4/cyfitter_cfg.c **** 
  73:Generated_Source\PSoC4/cyfitter_cfg.c **** CY_CFG_UNUSED
  74:Generated_Source\PSoC4/cyfitter_cfg.c **** static void CYMEMZERO(void *s, size_t n);
  75:Generated_Source\PSoC4/cyfitter_cfg.c **** CY_CFG_UNUSED
  76:Generated_Source\PSoC4/cyfitter_cfg.c **** static void CYMEMZERO(void *s, size_t n)
  77:Generated_Source\PSoC4/cyfitter_cfg.c **** {
  78:Generated_Source\PSoC4/cyfitter_cfg.c **** 	(void)memset(s, 0, n);
  79:Generated_Source\PSoC4/cyfitter_cfg.c **** }
  80:Generated_Source\PSoC4/cyfitter_cfg.c **** CY_CFG_UNUSED
  81:Generated_Source\PSoC4/cyfitter_cfg.c **** static void CYCONFIGCPY(void *dest, const void *src, size_t n);
  82:Generated_Source\PSoC4/cyfitter_cfg.c **** CY_CFG_UNUSED
  83:Generated_Source\PSoC4/cyfitter_cfg.c **** static void CYCONFIGCPY(void *dest, const void *src, size_t n)
  84:Generated_Source\PSoC4/cyfitter_cfg.c **** {
  85:Generated_Source\PSoC4/cyfitter_cfg.c **** 	(void)memcpy(dest, src, n);
  86:Generated_Source\PSoC4/cyfitter_cfg.c **** }
  87:Generated_Source\PSoC4/cyfitter_cfg.c **** CY_CFG_UNUSED
  88:Generated_Source\PSoC4/cyfitter_cfg.c **** static void CYCONFIGCPYCODE(void *dest, const void *src, size_t n);
ARM GAS  C:\Users\JANUSD~1\AppData\Local\Temp\ccnfZnY1.s 			page 3


  89:Generated_Source\PSoC4/cyfitter_cfg.c **** CY_CFG_UNUSED
  90:Generated_Source\PSoC4/cyfitter_cfg.c **** static void CYCONFIGCPYCODE(void *dest, const void *src, size_t n)
  91:Generated_Source\PSoC4/cyfitter_cfg.c **** {
  92:Generated_Source\PSoC4/cyfitter_cfg.c **** 	(void)memcpy(dest, src, n);
  93:Generated_Source\PSoC4/cyfitter_cfg.c **** }
  94:Generated_Source\PSoC4/cyfitter_cfg.c **** 
  95:Generated_Source\PSoC4/cyfitter_cfg.c **** 
  96:Generated_Source\PSoC4/cyfitter_cfg.c **** 
  97:Generated_Source\PSoC4/cyfitter_cfg.c **** 
  98:Generated_Source\PSoC4/cyfitter_cfg.c **** /* Clock startup error codes                                                   */
  99:Generated_Source\PSoC4/cyfitter_cfg.c **** #define CYCLOCKSTART_NO_ERROR    0u
 100:Generated_Source\PSoC4/cyfitter_cfg.c **** #define CYCLOCKSTART_XTAL_ERROR  1u
 101:Generated_Source\PSoC4/cyfitter_cfg.c **** #define CYCLOCKSTART_32KHZ_ERROR 2u
 102:Generated_Source\PSoC4/cyfitter_cfg.c **** #define CYCLOCKSTART_PLL_ERROR   3u
 103:Generated_Source\PSoC4/cyfitter_cfg.c **** #define CYCLOCKSTART_FLL_ERROR   4u
 104:Generated_Source\PSoC4/cyfitter_cfg.c **** #define CYCLOCKSTART_WCO_ERROR   5u
 105:Generated_Source\PSoC4/cyfitter_cfg.c **** 
 106:Generated_Source\PSoC4/cyfitter_cfg.c **** 
 107:Generated_Source\PSoC4/cyfitter_cfg.c **** #ifdef CY_NEED_CYCLOCKSTARTUPERROR
 108:Generated_Source\PSoC4/cyfitter_cfg.c **** /*******************************************************************************
 109:Generated_Source\PSoC4/cyfitter_cfg.c **** * Function Name: CyClockStartupError
 110:Generated_Source\PSoC4/cyfitter_cfg.c **** ********************************************************************************
 111:Generated_Source\PSoC4/cyfitter_cfg.c **** * Summary:
 112:Generated_Source\PSoC4/cyfitter_cfg.c **** *  If an error is encountered during clock configuration (crystal startup error,
 113:Generated_Source\PSoC4/cyfitter_cfg.c **** *  PLL lock error, etc.), the system will end up here.  Unless reimplemented by
 114:Generated_Source\PSoC4/cyfitter_cfg.c **** *  the customer, this function will stop in an infinite loop.
 115:Generated_Source\PSoC4/cyfitter_cfg.c **** *
 116:Generated_Source\PSoC4/cyfitter_cfg.c **** * Parameters:
 117:Generated_Source\PSoC4/cyfitter_cfg.c **** *   void
 118:Generated_Source\PSoC4/cyfitter_cfg.c **** *
 119:Generated_Source\PSoC4/cyfitter_cfg.c **** * Return:
 120:Generated_Source\PSoC4/cyfitter_cfg.c **** *   void
 121:Generated_Source\PSoC4/cyfitter_cfg.c **** *
 122:Generated_Source\PSoC4/cyfitter_cfg.c **** *******************************************************************************/
 123:Generated_Source\PSoC4/cyfitter_cfg.c **** CY_CFG_UNUSED
 124:Generated_Source\PSoC4/cyfitter_cfg.c **** static void CyClockStartupError(uint8 errorCode);
 125:Generated_Source\PSoC4/cyfitter_cfg.c **** CY_CFG_UNUSED
 126:Generated_Source\PSoC4/cyfitter_cfg.c **** static void CyClockStartupError(uint8 errorCode)
 127:Generated_Source\PSoC4/cyfitter_cfg.c **** {
 128:Generated_Source\PSoC4/cyfitter_cfg.c ****     /* To remove the compiler warning if errorCode not used.                */
 129:Generated_Source\PSoC4/cyfitter_cfg.c ****     errorCode = errorCode;
 130:Generated_Source\PSoC4/cyfitter_cfg.c **** 
 131:Generated_Source\PSoC4/cyfitter_cfg.c ****     /* If we have a clock startup error (bad MHz crystal, PLL lock, etc.),  */
 132:Generated_Source\PSoC4/cyfitter_cfg.c ****     /* we will end up here to allow the customer to implement something to  */
 133:Generated_Source\PSoC4/cyfitter_cfg.c ****     /* deal with the clock condition.                                       */
 134:Generated_Source\PSoC4/cyfitter_cfg.c **** 
 135:Generated_Source\PSoC4/cyfitter_cfg.c **** #ifdef CY_CFG_CLOCK_STARTUP_ERROR_CALLBACK
 136:Generated_Source\PSoC4/cyfitter_cfg.c ****     CY_CFG_Clock_Startup_ErrorCallback();
 137:Generated_Source\PSoC4/cyfitter_cfg.c **** #else
 138:Generated_Source\PSoC4/cyfitter_cfg.c ****     /*  If not using CY_CFG_CLOCK_STARTUP_ERROR_CALLBACK, place your clock startup code here. */
 139:Generated_Source\PSoC4/cyfitter_cfg.c ****     /* `#START CyClockStartupError` */
 140:Generated_Source\PSoC4/cyfitter_cfg.c **** 
 141:Generated_Source\PSoC4/cyfitter_cfg.c **** 
 142:Generated_Source\PSoC4/cyfitter_cfg.c **** 
 143:Generated_Source\PSoC4/cyfitter_cfg.c ****     /* `#END` */
 144:Generated_Source\PSoC4/cyfitter_cfg.c **** 
 145:Generated_Source\PSoC4/cyfitter_cfg.c ****     while(1) {}
ARM GAS  C:\Users\JANUSD~1\AppData\Local\Temp\ccnfZnY1.s 			page 4


 146:Generated_Source\PSoC4/cyfitter_cfg.c **** #endif /* CY_CFG_CLOCK_STARTUP_ERROR_CALLBACK */
 147:Generated_Source\PSoC4/cyfitter_cfg.c **** }
 148:Generated_Source\PSoC4/cyfitter_cfg.c **** #endif
 149:Generated_Source\PSoC4/cyfitter_cfg.c **** 
 150:Generated_Source\PSoC4/cyfitter_cfg.c **** #define CY_CFG_BASE_ADDR_COUNT 1u
 151:Generated_Source\PSoC4/cyfitter_cfg.c **** CYPACKED typedef struct
 152:Generated_Source\PSoC4/cyfitter_cfg.c **** {
 153:Generated_Source\PSoC4/cyfitter_cfg.c **** 	uint8 offset;
 154:Generated_Source\PSoC4/cyfitter_cfg.c **** 	uint8 value;
 155:Generated_Source\PSoC4/cyfitter_cfg.c **** } CYPACKED_ATTR cy_cfg_addrvalue_t;
 156:Generated_Source\PSoC4/cyfitter_cfg.c **** 
 157:Generated_Source\PSoC4/cyfitter_cfg.c **** 
 158:Generated_Source\PSoC4/cyfitter_cfg.c **** 
 159:Generated_Source\PSoC4/cyfitter_cfg.c **** /*******************************************************************************
 160:Generated_Source\PSoC4/cyfitter_cfg.c **** * Function Name: cfg_write_bytes32
 161:Generated_Source\PSoC4/cyfitter_cfg.c **** ********************************************************************************
 162:Generated_Source\PSoC4/cyfitter_cfg.c **** * Summary:
 163:Generated_Source\PSoC4/cyfitter_cfg.c **** *  This function is used for setting up the chip configuration areas that
 164:Generated_Source\PSoC4/cyfitter_cfg.c **** *  contain relatively sparse data.
 165:Generated_Source\PSoC4/cyfitter_cfg.c **** *
 166:Generated_Source\PSoC4/cyfitter_cfg.c **** * Parameters:
 167:Generated_Source\PSoC4/cyfitter_cfg.c **** *   void
 168:Generated_Source\PSoC4/cyfitter_cfg.c **** *
 169:Generated_Source\PSoC4/cyfitter_cfg.c **** * Return:
 170:Generated_Source\PSoC4/cyfitter_cfg.c **** *   void
 171:Generated_Source\PSoC4/cyfitter_cfg.c **** *
 172:Generated_Source\PSoC4/cyfitter_cfg.c **** *******************************************************************************/
 173:Generated_Source\PSoC4/cyfitter_cfg.c **** static void cfg_write_bytes32(const uint32 addr_table[], const cy_cfg_addrvalue_t data_table[]);
 174:Generated_Source\PSoC4/cyfitter_cfg.c **** static void cfg_write_bytes32(const uint32 addr_table[], const cy_cfg_addrvalue_t data_table[])
 175:Generated_Source\PSoC4/cyfitter_cfg.c **** {
  27              		.loc 1 175 0
  28              		.cfi_startproc
  29              		@ args = 0, pretend = 0, frame = 0
  30              		@ frame_needed = 0, uses_anonymous_args = 0
  31              	.LVL0:
  32 0000 F0B5     		push	{r4, r5, r6, r7, lr}
  33              		.cfi_def_cfa_offset 20
  34              		.cfi_offset 4, -20
  35              		.cfi_offset 5, -16
  36              		.cfi_offset 6, -12
  37              		.cfi_offset 7, -8
  38              		.cfi_offset 14, -4
  39              	.LVL1:
 176:Generated_Source\PSoC4/cyfitter_cfg.c **** 	/* For 32-bit little-endian architectures */
 177:Generated_Source\PSoC4/cyfitter_cfg.c **** 	uint32 i, j = 0u;
  40              		.loc 1 177 0
  41 0002 0025     		movs	r5, #0
 178:Generated_Source\PSoC4/cyfitter_cfg.c **** 	for (i = 0u; i < CY_CFG_BASE_ADDR_COUNT; i++)
  42              		.loc 1 178 0
  43 0004 0027     		movs	r7, #0
  44 0006 11E0     		b	.L2
  45              	.LVL2:
  46              	.L5:
  47              	.LBB2:
 179:Generated_Source\PSoC4/cyfitter_cfg.c **** 	{
 180:Generated_Source\PSoC4/cyfitter_cfg.c **** 		uint32 baseAddr = addr_table[i];
  48              		.loc 1 180 0
ARM GAS  C:\Users\JANUSD~1\AppData\Local\Temp\ccnfZnY1.s 			page 5


  49 0008 BB00     		lsls	r3, r7, #2
  50 000a C658     		ldr	r6, [r0, r3]
  51              	.LVL3:
 181:Generated_Source\PSoC4/cyfitter_cfg.c **** 		uint8 count = (uint8)baseAddr;
  52              		.loc 1 181 0
  53 000c F3B2     		uxtb	r3, r6
  54              	.LVL4:
 182:Generated_Source\PSoC4/cyfitter_cfg.c **** 		baseAddr &= 0xFFFFFF00u;
  55              		.loc 1 182 0
  56 000e FF22     		movs	r2, #255
  57 0010 9643     		bics	r6, r2
  58              	.LVL5:
 183:Generated_Source\PSoC4/cyfitter_cfg.c **** 		while (count != 0u)
  59              		.loc 1 183 0
  60 0012 08E0     		b	.L3
  61              	.L4:
 184:Generated_Source\PSoC4/cyfitter_cfg.c **** 		{
 185:Generated_Source\PSoC4/cyfitter_cfg.c **** 			CY_SET_REG8((void *)(baseAddr + data_table[j].offset), data_table[j].value);
  62              		.loc 1 185 0
  63 0014 6A00     		lsls	r2, r5, #1
  64 0016 8A18     		adds	r2, r1, r2
  65 0018 1478     		ldrb	r4, [r2]
  66 001a A419     		adds	r4, r4, r6
  67 001c 5278     		ldrb	r2, [r2, #1]
  68 001e 2270     		strb	r2, [r4]
 186:Generated_Source\PSoC4/cyfitter_cfg.c **** 			j++;
  69              		.loc 1 186 0
  70 0020 0135     		adds	r5, r5, #1
  71              	.LVL6:
 187:Generated_Source\PSoC4/cyfitter_cfg.c **** 			count--;
  72              		.loc 1 187 0
  73 0022 013B     		subs	r3, r3, #1
  74              	.LVL7:
  75 0024 DBB2     		uxtb	r3, r3
  76              	.LVL8:
  77              	.L3:
 183:Generated_Source\PSoC4/cyfitter_cfg.c **** 		{
  78              		.loc 1 183 0
  79 0026 002B     		cmp	r3, #0
  80 0028 F4D1     		bne	.L4
  81              	.LBE2:
 178:Generated_Source\PSoC4/cyfitter_cfg.c **** 	{
  82              		.loc 1 178 0 discriminator 2
  83 002a 0137     		adds	r7, r7, #1
  84              	.LVL9:
  85              	.L2:
 178:Generated_Source\PSoC4/cyfitter_cfg.c **** 	{
  86              		.loc 1 178 0 is_stmt 0 discriminator 1
  87 002c 002F     		cmp	r7, #0
  88 002e EBD0     		beq	.L5
 188:Generated_Source\PSoC4/cyfitter_cfg.c **** 		}
 189:Generated_Source\PSoC4/cyfitter_cfg.c **** 	}
 190:Generated_Source\PSoC4/cyfitter_cfg.c **** }
  89              		.loc 1 190 0 is_stmt 1
  90              		@ sp needed
  91              	.LVL10:
  92              	.LVL11:
ARM GAS  C:\Users\JANUSD~1\AppData\Local\Temp\ccnfZnY1.s 			page 6


  93 0030 F0BD     		pop	{r4, r5, r6, r7, pc}
  94              		.cfi_endproc
  95              	.LFE5:
  96              		.size	cfg_write_bytes32, .-cfg_write_bytes32
  97 0032 C046     		.section	.text.AnalogSetDefault,"ax",%progbits
  98              		.align	2
  99              		.code	16
 100              		.thumb_func
 101              		.type	AnalogSetDefault, %function
 102              	AnalogSetDefault:
 103              	.LFB7:
 191:Generated_Source\PSoC4/cyfitter_cfg.c **** 
 192:Generated_Source\PSoC4/cyfitter_cfg.c **** 
 193:Generated_Source\PSoC4/cyfitter_cfg.c **** /*******************************************************************************
 194:Generated_Source\PSoC4/cyfitter_cfg.c **** * Function Name: ClockSetup
 195:Generated_Source\PSoC4/cyfitter_cfg.c **** ********************************************************************************
 196:Generated_Source\PSoC4/cyfitter_cfg.c **** *
 197:Generated_Source\PSoC4/cyfitter_cfg.c **** * Summary:
 198:Generated_Source\PSoC4/cyfitter_cfg.c **** *   Performs the initialization of all of the clocks in the device based on the
 199:Generated_Source\PSoC4/cyfitter_cfg.c **** *   settings in the Clock tab of the DWR.  This includes enabling the requested
 200:Generated_Source\PSoC4/cyfitter_cfg.c **** *   clocks and setting the necessary dividers to produce the desired frequency. 
 201:Generated_Source\PSoC4/cyfitter_cfg.c **** *
 202:Generated_Source\PSoC4/cyfitter_cfg.c **** * Parameters:
 203:Generated_Source\PSoC4/cyfitter_cfg.c **** *   void
 204:Generated_Source\PSoC4/cyfitter_cfg.c **** *
 205:Generated_Source\PSoC4/cyfitter_cfg.c **** * Return:
 206:Generated_Source\PSoC4/cyfitter_cfg.c **** *   void
 207:Generated_Source\PSoC4/cyfitter_cfg.c **** *
 208:Generated_Source\PSoC4/cyfitter_cfg.c **** *******************************************************************************/
 209:Generated_Source\PSoC4/cyfitter_cfg.c **** static void ClockSetup(void);
 210:Generated_Source\PSoC4/cyfitter_cfg.c **** CY_CFG_SECTION
 211:Generated_Source\PSoC4/cyfitter_cfg.c **** static void ClockSetup(void)
 212:Generated_Source\PSoC4/cyfitter_cfg.c **** {
 213:Generated_Source\PSoC4/cyfitter_cfg.c **** 
 214:Generated_Source\PSoC4/cyfitter_cfg.c **** 	/* Set Flash Cycles based on max possible frequency in case a glitch occurs during ClockSetup(). *
 215:Generated_Source\PSoC4/cyfitter_cfg.c **** 	CY_SET_REG32((void CYXDATA *)(CYREG_CPUSS_FLASH_CTL), (0x0012u));
 216:Generated_Source\PSoC4/cyfitter_cfg.c **** 
 217:Generated_Source\PSoC4/cyfitter_cfg.c **** 	/* Start the WCO */
 218:Generated_Source\PSoC4/cyfitter_cfg.c **** 	CySysClkWcoStart();
 219:Generated_Source\PSoC4/cyfitter_cfg.c **** 	CyDelayCycles(12000000u); /* WCO may take up to 500ms to start */
 220:Generated_Source\PSoC4/cyfitter_cfg.c **** 	(void)CySysClkWcoSetPowerMode(CY_SYS_CLK_WCO_LPM);    /* Switch to the low power mode */
 221:Generated_Source\PSoC4/cyfitter_cfg.c **** 
 222:Generated_Source\PSoC4/cyfitter_cfg.c **** 	/* Setup and trim IMO based on desired frequency. */
 223:Generated_Source\PSoC4/cyfitter_cfg.c **** 	CySysClkWriteImoFreq(48u);
 224:Generated_Source\PSoC4/cyfitter_cfg.c **** 	/* CYDEV_CLK_ILO_CONFIG Starting address: CYDEV_CLK_ILO_CONFIG */
 225:Generated_Source\PSoC4/cyfitter_cfg.c **** 	CY_SET_REG32((void *)(CYREG_CLK_ILO_CONFIG), 0x80000006u);
 226:Generated_Source\PSoC4/cyfitter_cfg.c **** 
 227:Generated_Source\PSoC4/cyfitter_cfg.c **** 	/* CYDEV_WDT_CONFIG Starting address: CYDEV_WDT_CONFIG */
 228:Generated_Source\PSoC4/cyfitter_cfg.c **** 	CY_SET_REG32((void *)(CYREG_WDT_CONFIG), 0x40000000u);
 229:Generated_Source\PSoC4/cyfitter_cfg.c **** 
 230:Generated_Source\PSoC4/cyfitter_cfg.c **** 
 231:Generated_Source\PSoC4/cyfitter_cfg.c **** 	/* Enable fast start mode for XO */
 232:Generated_Source\PSoC4/cyfitter_cfg.c **** 	CY_SET_REG32((void*)CYREG_BLE_BLERD_BB_XO, CY_GET_REG32((void*)CYREG_BLE_BLERD_BB_XO) | (uint32)0x
 233:Generated_Source\PSoC4/cyfitter_cfg.c **** 	CY_SET_REG32((void *)(CYREG_BLE_BLERD_BB_XO_CAPTRIM), 0x00003E2Du);
 234:Generated_Source\PSoC4/cyfitter_cfg.c **** 	/*Set XTAL(ECO) divider*/
 235:Generated_Source\PSoC4/cyfitter_cfg.c **** 	CY_SET_REG32((void *)(CYREG_BLE_BLESS_XTAL_CLK_DIV_CONFIG), 0x00000000u);
 236:Generated_Source\PSoC4/cyfitter_cfg.c **** 	/* Disable Crystal Stable Interrupt before enabling ECO */
ARM GAS  C:\Users\JANUSD~1\AppData\Local\Temp\ccnfZnY1.s 			page 7


 237:Generated_Source\PSoC4/cyfitter_cfg.c **** 	CY_SET_REG32((void*)CYREG_BLE_BLESS_LL_DSM_CTRL, CY_GET_REG32((void*)CYREG_BLE_BLESS_LL_DSM_CTRL) 
 238:Generated_Source\PSoC4/cyfitter_cfg.c **** 	/* Start the ECO and do not check status since it is not needed for HFCLK */
 239:Generated_Source\PSoC4/cyfitter_cfg.c **** 	(void)CySysClkEcoStart(2000u);
 240:Generated_Source\PSoC4/cyfitter_cfg.c **** 	CyDelayUs(1500u); /* Wait to stabilize */
 241:Generated_Source\PSoC4/cyfitter_cfg.c **** 
 242:Generated_Source\PSoC4/cyfitter_cfg.c **** 	/* Setup phase aligned clocks */
 243:Generated_Source\PSoC4/cyfitter_cfg.c **** 
 244:Generated_Source\PSoC4/cyfitter_cfg.c **** 	/* CYDEV_CLK_IMO_CONFIG Starting address: CYDEV_CLK_IMO_CONFIG */
 245:Generated_Source\PSoC4/cyfitter_cfg.c **** 	CY_SET_REG32((void *)(CYREG_CLK_IMO_CONFIG), 0x80000000u);
 246:Generated_Source\PSoC4/cyfitter_cfg.c **** 
 247:Generated_Source\PSoC4/cyfitter_cfg.c **** 	/* CYDEV_CLK_SELECT Starting address: CYDEV_CLK_SELECT */
 248:Generated_Source\PSoC4/cyfitter_cfg.c **** 	CY_SET_REG32((void *)(CYREG_CLK_SELECT), 0x00040000u);
 249:Generated_Source\PSoC4/cyfitter_cfg.c **** 
 250:Generated_Source\PSoC4/cyfitter_cfg.c **** 	(void)CyIntSetVector(8u, &CySysWdtIsr);
 251:Generated_Source\PSoC4/cyfitter_cfg.c **** 	CyIntEnable(8u);
 252:Generated_Source\PSoC4/cyfitter_cfg.c **** 	CY_SET_REG32((void *)(CYREG_WDT_CONFIG), 0x40000000u);
 253:Generated_Source\PSoC4/cyfitter_cfg.c **** }
 254:Generated_Source\PSoC4/cyfitter_cfg.c **** 
 255:Generated_Source\PSoC4/cyfitter_cfg.c **** 
 256:Generated_Source\PSoC4/cyfitter_cfg.c **** /* Analog API Functions */
 257:Generated_Source\PSoC4/cyfitter_cfg.c **** 
 258:Generated_Source\PSoC4/cyfitter_cfg.c **** 
 259:Generated_Source\PSoC4/cyfitter_cfg.c **** /*******************************************************************************
 260:Generated_Source\PSoC4/cyfitter_cfg.c **** * Function Name: AnalogSetDefault
 261:Generated_Source\PSoC4/cyfitter_cfg.c **** ********************************************************************************
 262:Generated_Source\PSoC4/cyfitter_cfg.c **** *
 263:Generated_Source\PSoC4/cyfitter_cfg.c **** * Summary:
 264:Generated_Source\PSoC4/cyfitter_cfg.c **** *  Sets up the analog portions of the chip to default values based on chip
 265:Generated_Source\PSoC4/cyfitter_cfg.c **** *  configuration options from the project.
 266:Generated_Source\PSoC4/cyfitter_cfg.c **** *
 267:Generated_Source\PSoC4/cyfitter_cfg.c **** * Parameters:
 268:Generated_Source\PSoC4/cyfitter_cfg.c **** *  void
 269:Generated_Source\PSoC4/cyfitter_cfg.c **** *
 270:Generated_Source\PSoC4/cyfitter_cfg.c **** * Return:
 271:Generated_Source\PSoC4/cyfitter_cfg.c **** *  void
 272:Generated_Source\PSoC4/cyfitter_cfg.c **** *
 273:Generated_Source\PSoC4/cyfitter_cfg.c **** *******************************************************************************/
 274:Generated_Source\PSoC4/cyfitter_cfg.c **** static void AnalogSetDefault(void);
 275:Generated_Source\PSoC4/cyfitter_cfg.c **** static void AnalogSetDefault(void)
 276:Generated_Source\PSoC4/cyfitter_cfg.c **** {
 104              		.loc 1 276 0
 105              		.cfi_startproc
 106              		@ args = 0, pretend = 0, frame = 0
 107              		@ frame_needed = 0, uses_anonymous_args = 0
 108              		@ link register save eliminated.
 277:Generated_Source\PSoC4/cyfitter_cfg.c **** 	CY_SET_XTND_REG32((void CYFAR *)CYREG_CTBM0_DFT_CTRL, 0x00000003u);
 109              		.loc 1 277 0
 110 0000 0323     		movs	r3, #3
 111 0002 044A     		ldr	r2, .L7
 112 0004 1360     		str	r3, [r2]
 278:Generated_Source\PSoC4/cyfitter_cfg.c **** 	CY_SET_XTND_REG32((void CYFAR *)CYREG_CTBM1_DFT_CTRL, 0x00000003u);
 113              		.loc 1 278 0
 114 0006 044A     		ldr	r2, .L7+4
 115 0008 1360     		str	r3, [r2]
 279:Generated_Source\PSoC4/cyfitter_cfg.c **** 	CY_SET_XTND_REG32((void CYFAR *)CYREG_PASS_DSAB_DSAB_CTRL, 0x00000000u);
 116              		.loc 1 279 0
 117 000a 0022     		movs	r2, #0
ARM GAS  C:\Users\JANUSD~1\AppData\Local\Temp\ccnfZnY1.s 			page 8


 118 000c 034B     		ldr	r3, .L7+8
 119 000e 1A60     		str	r2, [r3]
 280:Generated_Source\PSoC4/cyfitter_cfg.c **** }
 120              		.loc 1 280 0
 121              		@ sp needed
 122 0010 7047     		bx	lr
 123              	.L8:
 124 0012 C046     		.align	2
 125              	.L7:
 126 0014 30003040 		.word	1076887600
 127 0018 30003140 		.word	1076953136
 128 001c 000E3F40 		.word	1077874176
 129              		.cfi_endproc
 130              	.LFE7:
 131              		.size	AnalogSetDefault, .-AnalogSetDefault
 132              		.section	.text.CYMEMZERO,"ax",%progbits
 133              		.align	2
 134              		.code	16
 135              		.thumb_func
 136              		.type	CYMEMZERO, %function
 137              	CYMEMZERO:
 138              	.LFB2:
  77:Generated_Source\PSoC4/cyfitter_cfg.c **** 	(void)memset(s, 0, n);
 139              		.loc 1 77 0
 140              		.cfi_startproc
 141              		@ args = 0, pretend = 0, frame = 0
 142              		@ frame_needed = 0, uses_anonymous_args = 0
 143              	.LVL12:
 144 0000 10B5     		push	{r4, lr}
 145              		.cfi_def_cfa_offset 8
 146              		.cfi_offset 4, -8
 147              		.cfi_offset 14, -4
 148 0002 0A00     		movs	r2, r1
  78:Generated_Source\PSoC4/cyfitter_cfg.c **** }
 149              		.loc 1 78 0
 150 0004 0021     		movs	r1, #0
 151              	.LVL13:
 152 0006 FFF7FEFF 		bl	memset
 153              	.LVL14:
  79:Generated_Source\PSoC4/cyfitter_cfg.c **** CY_CFG_UNUSED
 154              		.loc 1 79 0
 155              		@ sp needed
 156 000a 10BD     		pop	{r4, pc}
 157              		.cfi_endproc
 158              	.LFE2:
 159              		.size	CYMEMZERO, .-CYMEMZERO
 160              		.section	.psocinit,"ax",%progbits
 161              		.align	2
 162              		.code	16
 163              		.thumb_func
 164              		.type	ClockSetup, %function
 165              	ClockSetup:
 166              	.LFB6:
 212:Generated_Source\PSoC4/cyfitter_cfg.c **** 
 167              		.loc 1 212 0
 168              		.cfi_startproc
 169              		@ args = 0, pretend = 0, frame = 0
ARM GAS  C:\Users\JANUSD~1\AppData\Local\Temp\ccnfZnY1.s 			page 9


 170              		@ frame_needed = 0, uses_anonymous_args = 0
 171 0000 70B5     		push	{r4, r5, r6, lr}
 172              		.cfi_def_cfa_offset 16
 173              		.cfi_offset 4, -16
 174              		.cfi_offset 5, -12
 175              		.cfi_offset 6, -8
 176              		.cfi_offset 14, -4
 215:Generated_Source\PSoC4/cyfitter_cfg.c **** 
 177              		.loc 1 215 0
 178 0002 1222     		movs	r2, #18
 179 0004 1D4B     		ldr	r3, .L11
 180 0006 1A60     		str	r2, [r3]
 218:Generated_Source\PSoC4/cyfitter_cfg.c **** 	CyDelayCycles(12000000u); /* WCO may take up to 500ms to start */
 181              		.loc 1 218 0
 182 0008 FFF7FEFF 		bl	CySysClkWcoStart
 183              	.LVL15:
 219:Generated_Source\PSoC4/cyfitter_cfg.c **** 	(void)CySysClkWcoSetPowerMode(CY_SYS_CLK_WCO_LPM);    /* Switch to the low power mode */
 184              		.loc 1 219 0
 185 000c 1C48     		ldr	r0, .L11+4
 186 000e FFF7FEFF 		bl	CyDelayCycles
 187              	.LVL16:
 220:Generated_Source\PSoC4/cyfitter_cfg.c **** 
 188              		.loc 1 220 0
 189 0012 0120     		movs	r0, #1
 190 0014 FFF7FEFF 		bl	CySysClkWcoSetPowerMode
 191              	.LVL17:
 223:Generated_Source\PSoC4/cyfitter_cfg.c **** 	/* CYDEV_CLK_ILO_CONFIG Starting address: CYDEV_CLK_ILO_CONFIG */
 192              		.loc 1 223 0
 193 0018 3020     		movs	r0, #48
 194 001a FFF7FEFF 		bl	CySysClkWriteImoFreq
 195              	.LVL18:
 225:Generated_Source\PSoC4/cyfitter_cfg.c **** 
 196              		.loc 1 225 0
 197 001e 194A     		ldr	r2, .L11+8
 198 0020 194B     		ldr	r3, .L11+12
 199 0022 1A60     		str	r2, [r3]
 228:Generated_Source\PSoC4/cyfitter_cfg.c **** 
 200              		.loc 1 228 0
 201 0024 194C     		ldr	r4, .L11+16
 202 0026 8025     		movs	r5, #128
 203 0028 ED05     		lsls	r5, r5, #23
 204 002a 2560     		str	r5, [r4]
 232:Generated_Source\PSoC4/cyfitter_cfg.c **** 	CY_SET_REG32((void *)(CYREG_BLE_BLERD_BB_XO_CAPTRIM), 0x00003E2Du);
 205              		.loc 1 232 0
 206 002c 184A     		ldr	r2, .L11+20
 207 002e 1168     		ldr	r1, [r2]
 208 0030 0223     		movs	r3, #2
 209 0032 0B43     		orrs	r3, r1
 210 0034 1360     		str	r3, [r2]
 233:Generated_Source\PSoC4/cyfitter_cfg.c **** 	/*Set XTAL(ECO) divider*/
 211              		.loc 1 233 0
 212 0036 174A     		ldr	r2, .L11+24
 213 0038 174B     		ldr	r3, .L11+28
 214 003a 1A60     		str	r2, [r3]
 235:Generated_Source\PSoC4/cyfitter_cfg.c **** 	/* Disable Crystal Stable Interrupt before enabling ECO */
 215              		.loc 1 235 0
 216 003c 0022     		movs	r2, #0
ARM GAS  C:\Users\JANUSD~1\AppData\Local\Temp\ccnfZnY1.s 			page 10


 217 003e 174B     		ldr	r3, .L11+32
 218 0040 1A60     		str	r2, [r3]
 237:Generated_Source\PSoC4/cyfitter_cfg.c **** 	/* Start the ECO and do not check status since it is not needed for HFCLK */
 219              		.loc 1 237 0
 220 0042 174A     		ldr	r2, .L11+36
 221 0044 1368     		ldr	r3, [r2]
 222 0046 0821     		movs	r1, #8
 223 0048 8B43     		bics	r3, r1
 224 004a 1360     		str	r3, [r2]
 239:Generated_Source\PSoC4/cyfitter_cfg.c **** 	CyDelayUs(1500u); /* Wait to stabilize */
 225              		.loc 1 239 0
 226 004c FA20     		movs	r0, #250
 227 004e C000     		lsls	r0, r0, #3
 228 0050 FFF7FEFF 		bl	CySysClkEcoStart
 229              	.LVL19:
 240:Generated_Source\PSoC4/cyfitter_cfg.c **** 
 230              		.loc 1 240 0
 231 0054 1348     		ldr	r0, .L11+40
 232 0056 FFF7FEFF 		bl	CyDelayUs
 233              	.LVL20:
 245:Generated_Source\PSoC4/cyfitter_cfg.c **** 
 234              		.loc 1 245 0
 235 005a 8022     		movs	r2, #128
 236 005c 1206     		lsls	r2, r2, #24
 237 005e 124B     		ldr	r3, .L11+44
 238 0060 1A60     		str	r2, [r3]
 248:Generated_Source\PSoC4/cyfitter_cfg.c **** 
 239              		.loc 1 248 0
 240 0062 8022     		movs	r2, #128
 241 0064 D202     		lsls	r2, r2, #11
 242 0066 114B     		ldr	r3, .L11+48
 243 0068 1A60     		str	r2, [r3]
 250:Generated_Source\PSoC4/cyfitter_cfg.c **** 	CyIntEnable(8u);
 244              		.loc 1 250 0
 245 006a 1149     		ldr	r1, .L11+52
 246 006c 0820     		movs	r0, #8
 247 006e FFF7FEFF 		bl	CyIntSetVector
 248              	.LVL21:
 251:Generated_Source\PSoC4/cyfitter_cfg.c **** 	CY_SET_REG32((void *)(CYREG_WDT_CONFIG), 0x40000000u);
 249              		.loc 1 251 0
 250 0072 0820     		movs	r0, #8
 251 0074 FFF7FEFF 		bl	CyIntEnable
 252              	.LVL22:
 252:Generated_Source\PSoC4/cyfitter_cfg.c **** }
 253              		.loc 1 252 0
 254 0078 2560     		str	r5, [r4]
 253:Generated_Source\PSoC4/cyfitter_cfg.c **** 
 255              		.loc 1 253 0
 256              		@ sp needed
 257 007a 70BD     		pop	{r4, r5, r6, pc}
 258              	.L12:
 259              		.align	2
 260              	.L11:
 261 007c 30001040 		.word	1074790448
 262 0080 001BB700 		.word	12000000
 263 0084 06000080 		.word	-2147483642
 264 0088 04010B40 		.word	1074462980
ARM GAS  C:\Users\JANUSD~1\AppData\Local\Temp\ccnfZnY1.s 			page 11


 265 008c 0C020B40 		.word	1074463244
 266 0090 78002E40 		.word	1076756600
 267 0094 2D3E0000 		.word	15917
 268 0098 7C002E40 		.word	1076756604
 269 009c 64F02E40 		.word	1076818020
 270 00a0 6CF02E40 		.word	1076818028
 271 00a4 DC050000 		.word	1500
 272 00a8 08010B40 		.word	1074462984
 273 00ac 00010B40 		.word	1074462976
 274 00b0 00000000 		.word	CySysWdtIsr
 275              		.cfi_endproc
 276              	.LFE6:
 277              		.size	ClockSetup, .-ClockSetup
 278              		.align	2
 279              		.global	cyfitter_cfg
 280              		.code	16
 281              		.thumb_func
 282              		.type	cyfitter_cfg, %function
 283              	cyfitter_cfg:
 284              	.LFB8:
 281:Generated_Source\PSoC4/cyfitter_cfg.c **** 
 282:Generated_Source\PSoC4/cyfitter_cfg.c **** 
 283:Generated_Source\PSoC4/cyfitter_cfg.c **** 
 284:Generated_Source\PSoC4/cyfitter_cfg.c **** 
 285:Generated_Source\PSoC4/cyfitter_cfg.c **** /*******************************************************************************
 286:Generated_Source\PSoC4/cyfitter_cfg.c **** * Function Name: cyfitter_cfg
 287:Generated_Source\PSoC4/cyfitter_cfg.c **** ********************************************************************************
 288:Generated_Source\PSoC4/cyfitter_cfg.c **** * Summary:
 289:Generated_Source\PSoC4/cyfitter_cfg.c **** *  This function is called by the start-up code for the selected device. It
 290:Generated_Source\PSoC4/cyfitter_cfg.c **** *  performs all of the necessary device configuration based on the design
 291:Generated_Source\PSoC4/cyfitter_cfg.c **** *  settings.  This includes settings from the Design Wide Resources (DWR) such
 292:Generated_Source\PSoC4/cyfitter_cfg.c **** *  as Clocks and Pins as well as any component configuration that is necessary.
 293:Generated_Source\PSoC4/cyfitter_cfg.c **** *
 294:Generated_Source\PSoC4/cyfitter_cfg.c **** * Parameters:
 295:Generated_Source\PSoC4/cyfitter_cfg.c **** *   void
 296:Generated_Source\PSoC4/cyfitter_cfg.c **** *
 297:Generated_Source\PSoC4/cyfitter_cfg.c **** * Return:
 298:Generated_Source\PSoC4/cyfitter_cfg.c **** *   void
 299:Generated_Source\PSoC4/cyfitter_cfg.c **** *
 300:Generated_Source\PSoC4/cyfitter_cfg.c **** *******************************************************************************/
 301:Generated_Source\PSoC4/cyfitter_cfg.c **** CY_CFG_SECTION
 302:Generated_Source\PSoC4/cyfitter_cfg.c **** void cyfitter_cfg(void)
 303:Generated_Source\PSoC4/cyfitter_cfg.c **** {
 285              		.loc 1 303 0
 286              		.cfi_startproc
 287              		@ args = 0, pretend = 0, frame = 0
 288              		@ frame_needed = 0, uses_anonymous_args = 0
 289 00b4 10B5     		push	{r4, lr}
 290              		.cfi_def_cfa_offset 8
 291              		.cfi_offset 4, -8
 292              		.cfi_offset 14, -4
 304:Generated_Source\PSoC4/cyfitter_cfg.c **** 	/* Disable interrupts by default. Let user enable if/when they want. */
 305:Generated_Source\PSoC4/cyfitter_cfg.c **** 	CyGlobalIntDisable;
 293              		.loc 1 305 0
 294              		.syntax divided
 295              	@ 305 "Generated_Source\PSoC4\cyfitter_cfg.c" 1
 296 00b6 72B6     		CPSID   i
ARM GAS  C:\Users\JANUSD~1\AppData\Local\Temp\ccnfZnY1.s 			page 12


 297              	@ 0 "" 2
 306:Generated_Source\PSoC4/cyfitter_cfg.c **** 
 307:Generated_Source\PSoC4/cyfitter_cfg.c **** 	CY_SET_REG32((void *)(CYREG_BLE_BLESS_LL_DSM_CTRL), 0x00000000u);
 298              		.loc 1 307 0
 299              		.thumb
 300              		.syntax unified
 301 00b8 0022     		movs	r2, #0
 302 00ba 254B     		ldr	r3, .L16
 303 00bc 1A60     		str	r2, [r3]
 304              	.LVL23:
 305              	.LBB3:
 308:Generated_Source\PSoC4/cyfitter_cfg.c **** 
 309:Generated_Source\PSoC4/cyfitter_cfg.c **** 	{
 310:Generated_Source\PSoC4/cyfitter_cfg.c **** 		static const uint32 CYCODE cy_cfg_addr_table[] = {
 311:Generated_Source\PSoC4/cyfitter_cfg.c **** 			0x400F6002u, /* Base address: 0x400F6000 Count: 2 */
 312:Generated_Source\PSoC4/cyfitter_cfg.c **** 		};
 313:Generated_Source\PSoC4/cyfitter_cfg.c **** 
 314:Generated_Source\PSoC4/cyfitter_cfg.c **** 		static const cy_cfg_addrvalue_t CYCODE cy_cfg_data_table[] = {
 315:Generated_Source\PSoC4/cyfitter_cfg.c **** 			{0x02u, 0x01u},
 316:Generated_Source\PSoC4/cyfitter_cfg.c **** 			{0x11u, 0x01u},
 317:Generated_Source\PSoC4/cyfitter_cfg.c **** 		};
 318:Generated_Source\PSoC4/cyfitter_cfg.c **** 
 319:Generated_Source\PSoC4/cyfitter_cfg.c **** 
 320:Generated_Source\PSoC4/cyfitter_cfg.c **** 
 321:Generated_Source\PSoC4/cyfitter_cfg.c **** 		CYPACKED typedef struct {
 322:Generated_Source\PSoC4/cyfitter_cfg.c **** 			void CYFAR *address;
 323:Generated_Source\PSoC4/cyfitter_cfg.c **** 			uint16 size;
 324:Generated_Source\PSoC4/cyfitter_cfg.c **** 		} CYPACKED_ATTR cfg_memset_t;
 325:Generated_Source\PSoC4/cyfitter_cfg.c **** 
 326:Generated_Source\PSoC4/cyfitter_cfg.c **** 		static const cfg_memset_t CYCODE cfg_memset_list[] = {
 327:Generated_Source\PSoC4/cyfitter_cfg.c **** 			/* address, size */
 328:Generated_Source\PSoC4/cyfitter_cfg.c **** 			{(void CYFAR *)(CYDEV_UDB_P0_U0_BASE), 1024u},
 329:Generated_Source\PSoC4/cyfitter_cfg.c **** 			{(void CYFAR *)(CYDEV_UDB_DSI0_BASE), 1024u},
 330:Generated_Source\PSoC4/cyfitter_cfg.c **** 		};
 331:Generated_Source\PSoC4/cyfitter_cfg.c **** 
 332:Generated_Source\PSoC4/cyfitter_cfg.c **** 		uint8 CYDATA i;
 333:Generated_Source\PSoC4/cyfitter_cfg.c **** 
 334:Generated_Source\PSoC4/cyfitter_cfg.c **** 		/* Zero out critical memory blocks before beginning configuration */
 335:Generated_Source\PSoC4/cyfitter_cfg.c **** 		for (i = 0u; i < (sizeof(cfg_memset_list)/sizeof(cfg_memset_list[0])); i++)
 306              		.loc 1 335 0
 307 00be 0024     		movs	r4, #0
 308 00c0 0FE0     		b	.L14
 309              	.LVL24:
 310              	.L15:
 311              	.LBB4:
 336:Generated_Source\PSoC4/cyfitter_cfg.c **** 		{
 337:Generated_Source\PSoC4/cyfitter_cfg.c **** 			const cfg_memset_t CYCODE * CYDATA ms = &cfg_memset_list[i];
 338:Generated_Source\PSoC4/cyfitter_cfg.c **** 			CYMEMZERO(ms->address, (size_t)(uint32)(ms->size));
 312              		.loc 1 338 0 discriminator 3
 313 00c2 2448     		ldr	r0, .L16+4
 314 00c4 6200     		lsls	r2, r4, #1
 315 00c6 1319     		adds	r3, r2, r4
 316 00c8 5900     		lsls	r1, r3, #1
 317 00ca 0B00     		movs	r3, r1
 318 00cc 4118     		adds	r1, r0, r1
 319 00ce 8988     		ldrh	r1, [r1, #4]
 320 00d0 1A5A     		ldrh	r2, [r3, r0]
ARM GAS  C:\Users\JANUSD~1\AppData\Local\Temp\ccnfZnY1.s 			page 13


 321 00d2 C318     		adds	r3, r0, r3
 322 00d4 5888     		ldrh	r0, [r3, #2]
 323 00d6 0004     		lsls	r0, r0, #16
 324 00d8 1043     		orrs	r0, r2
 325 00da FFF7FEFF 		bl	CYMEMZERO
 326              	.LVL25:
 327              	.LBE4:
 335:Generated_Source\PSoC4/cyfitter_cfg.c **** 		{
 328              		.loc 1 335 0 discriminator 3
 329 00de 0134     		adds	r4, r4, #1
 330              	.LVL26:
 331 00e0 E4B2     		uxtb	r4, r4
 332              	.LVL27:
 333              	.L14:
 335:Generated_Source\PSoC4/cyfitter_cfg.c **** 		{
 334              		.loc 1 335 0 is_stmt 0 discriminator 1
 335 00e2 012C     		cmp	r4, #1
 336 00e4 EDD9     		bls	.L15
 339:Generated_Source\PSoC4/cyfitter_cfg.c **** 		}
 340:Generated_Source\PSoC4/cyfitter_cfg.c **** 
 341:Generated_Source\PSoC4/cyfitter_cfg.c **** 		cfg_write_bytes32(cy_cfg_addr_table, cy_cfg_data_table);
 337              		.loc 1 341 0 is_stmt 1
 338 00e6 1B48     		ldr	r0, .L16+4
 339 00e8 0100     		movs	r1, r0
 340 00ea 0C31     		adds	r1, r1, #12
 341 00ec 1030     		adds	r0, r0, #16
 342 00ee FFF7FEFF 		bl	cfg_write_bytes32
 343              	.LVL28:
 342:Generated_Source\PSoC4/cyfitter_cfg.c **** 
 343:Generated_Source\PSoC4/cyfitter_cfg.c **** 		/* HSIOM Starting address: CYDEV_HSIOM_BASE */
 344:Generated_Source\PSoC4/cyfitter_cfg.c **** 		CY_SET_REG32((void *)(CYDEV_HSIOM_BASE), 0xEE000000u);
 344              		.loc 1 344 0
 345 00f2 EE22     		movs	r2, #238
 346 00f4 1206     		lsls	r2, r2, #24
 347 00f6 184B     		ldr	r3, .L16+8
 348 00f8 1A60     		str	r2, [r3]
 345:Generated_Source\PSoC4/cyfitter_cfg.c **** 
 346:Generated_Source\PSoC4/cyfitter_cfg.c **** 		/* UDB_PA_0 Starting address: CYDEV_UDB_PA0_BASE */
 347:Generated_Source\PSoC4/cyfitter_cfg.c **** 		CY_SET_REG32((void *)(CYDEV_UDB_PA0_BASE), 0x00990000u);
 349              		.loc 1 347 0
 350 00fa 9923     		movs	r3, #153
 351 00fc 1B04     		lsls	r3, r3, #16
 352 00fe 174A     		ldr	r2, .L16+12
 353 0100 1360     		str	r3, [r2]
 348:Generated_Source\PSoC4/cyfitter_cfg.c **** 
 349:Generated_Source\PSoC4/cyfitter_cfg.c **** 		/* UDB_PA_2 Starting address: CYDEV_UDB_PA2_BASE */
 350:Generated_Source\PSoC4/cyfitter_cfg.c **** 		CY_SET_REG32((void *)(CYDEV_UDB_PA2_BASE), 0x00990000u);
 354              		.loc 1 350 0
 355 0102 174A     		ldr	r2, .L16+16
 356 0104 1360     		str	r3, [r2]
 351:Generated_Source\PSoC4/cyfitter_cfg.c **** 		CY_SET_REG32((void *)(CYREG_UDB_PA2_CFG4), 0x80000000u);
 357              		.loc 1 351 0
 358 0106 8021     		movs	r1, #128
 359 0108 0906     		lsls	r1, r1, #24
 360 010a 164A     		ldr	r2, .L16+20
 361 010c 1160     		str	r1, [r2]
 352:Generated_Source\PSoC4/cyfitter_cfg.c **** 
ARM GAS  C:\Users\JANUSD~1\AppData\Local\Temp\ccnfZnY1.s 			page 14


 353:Generated_Source\PSoC4/cyfitter_cfg.c **** 		/* UDB_PA_3 Starting address: CYDEV_UDB_PA3_BASE */
 354:Generated_Source\PSoC4/cyfitter_cfg.c **** 		CY_SET_REG32((void *)(CYDEV_UDB_PA3_BASE), 0x00990000u);
 362              		.loc 1 354 0
 363 010e 164A     		ldr	r2, .L16+24
 364 0110 1360     		str	r3, [r2]
 355:Generated_Source\PSoC4/cyfitter_cfg.c **** 
 356:Generated_Source\PSoC4/cyfitter_cfg.c **** 		/* Enable digital routing */
 357:Generated_Source\PSoC4/cyfitter_cfg.c **** 		CY_SET_XTND_REG8((void *)CYREG_UDB_UDBIF_BANK_CTL, (uint8)(CY_GET_XTND_REG8((void *)CYREG_UDB_UDB
 365              		.loc 1 357 0
 366 0112 164A     		ldr	r2, .L16+28
 367 0114 1178     		ldrb	r1, [r2]
 368 0116 0623     		movs	r3, #6
 369 0118 0B43     		orrs	r3, r1
 370 011a DBB2     		uxtb	r3, r3
 371 011c 1370     		strb	r3, [r2]
 372              	.LBE3:
 358:Generated_Source\PSoC4/cyfitter_cfg.c **** 	}
 359:Generated_Source\PSoC4/cyfitter_cfg.c **** 
 360:Generated_Source\PSoC4/cyfitter_cfg.c **** 	/* Perform second pass device configuration. These items must be configured in specific order afte
 361:Generated_Source\PSoC4/cyfitter_cfg.c **** 	/* IOPINS0_0 Starting address: CYDEV_GPIO_PRT0_BASE */
 362:Generated_Source\PSoC4/cyfitter_cfg.c **** 	CY_SET_REG32((void *)(CYREG_GPIO_PRT0_PC), 0x00D80000u);
 373              		.loc 1 362 0
 374 011e D823     		movs	r3, #216
 375 0120 1B04     		lsls	r3, r3, #16
 376 0122 134A     		ldr	r2, .L16+32
 377 0124 1360     		str	r3, [r2]
 363:Generated_Source\PSoC4/cyfitter_cfg.c **** 
 364:Generated_Source\PSoC4/cyfitter_cfg.c **** 	/* IOPINS0_2 Starting address: CYDEV_GPIO_PRT2_BASE */
 365:Generated_Source\PSoC4/cyfitter_cfg.c **** 	CY_SET_REG32((void *)(CYDEV_GPIO_PRT2_BASE), 0x00000080u);
 378              		.loc 1 365 0
 379 0126 8021     		movs	r1, #128
 380 0128 124A     		ldr	r2, .L16+36
 381 012a 1160     		str	r1, [r2]
 366:Generated_Source\PSoC4/cyfitter_cfg.c **** 	CY_SET_REG32((void *)(CYREG_GPIO_PRT2_PC), 0x00580000u);
 382              		.loc 1 366 0
 383 012c B021     		movs	r1, #176
 384 012e C903     		lsls	r1, r1, #15
 385 0130 114A     		ldr	r2, .L16+40
 386 0132 1160     		str	r1, [r2]
 367:Generated_Source\PSoC4/cyfitter_cfg.c **** 	CY_SET_REG32((void *)(CYREG_GPIO_PRT2_INTR_CFG), 0x00008000u);
 387              		.loc 1 367 0
 388 0134 8021     		movs	r1, #128
 389 0136 0902     		lsls	r1, r1, #8
 390 0138 104A     		ldr	r2, .L16+44
 391 013a 1160     		str	r1, [r2]
 368:Generated_Source\PSoC4/cyfitter_cfg.c **** 
 369:Generated_Source\PSoC4/cyfitter_cfg.c **** 	/* IOPINS0_3 Starting address: CYDEV_GPIO_PRT3_BASE */
 370:Generated_Source\PSoC4/cyfitter_cfg.c **** 	CY_SET_REG32((void *)(CYDEV_GPIO_PRT3_BASE), 0x000000C0u);
 392              		.loc 1 370 0
 393 013c C021     		movs	r1, #192
 394 013e 104A     		ldr	r2, .L16+48
 395 0140 1160     		str	r1, [r2]
 371:Generated_Source\PSoC4/cyfitter_cfg.c **** 	CY_SET_REG32((void *)(CYREG_GPIO_PRT3_PC), 0x00D80000u);
 396              		.loc 1 371 0
 397 0142 104A     		ldr	r2, .L16+52
 398 0144 1360     		str	r3, [r2]
 372:Generated_Source\PSoC4/cyfitter_cfg.c **** 
ARM GAS  C:\Users\JANUSD~1\AppData\Local\Temp\ccnfZnY1.s 			page 15


 373:Generated_Source\PSoC4/cyfitter_cfg.c **** 
 374:Generated_Source\PSoC4/cyfitter_cfg.c **** 	/* Setup clocks based on selections from Clock DWR */
 375:Generated_Source\PSoC4/cyfitter_cfg.c **** 	ClockSetup();
 399              		.loc 1 375 0
 400 0146 FFF75BFF 		bl	ClockSetup
 401              	.LVL29:
 376:Generated_Source\PSoC4/cyfitter_cfg.c **** 
 377:Generated_Source\PSoC4/cyfitter_cfg.c **** 	/* Perform basic analog initialization to defaults */
 378:Generated_Source\PSoC4/cyfitter_cfg.c **** 	AnalogSetDefault();
 402              		.loc 1 378 0
 403 014a FFF7FEFF 		bl	AnalogSetDefault
 404              	.LVL30:
 379:Generated_Source\PSoC4/cyfitter_cfg.c **** 
 380:Generated_Source\PSoC4/cyfitter_cfg.c **** }
 405              		.loc 1 380 0
 406              		@ sp needed
 407              	.LVL31:
 408 014e 10BD     		pop	{r4, pc}
 409              	.L17:
 410              		.align	2
 411              	.L16:
 412 0150 6CF02E40 		.word	1076818028
 413 0154 00000000 		.word	.LANCHOR0
 414 0158 00000240 		.word	1073872896
 415 015c 00500F40 		.word	1074745344
 416 0160 20500F40 		.word	1074745376
 417 0164 24500F40 		.word	1074745380
 418 0168 30500F40 		.word	1074745392
 419 016c 00700F40 		.word	1074753536
 420 0170 08000440 		.word	1074003976
 421 0174 00020440 		.word	1074004480
 422 0178 08020440 		.word	1074004488
 423 017c 0C020440 		.word	1074004492
 424 0180 00030440 		.word	1074004736
 425 0184 08030440 		.word	1074004744
 426              		.cfi_endproc
 427              	.LFE8:
 428              		.size	cyfitter_cfg, .-cyfitter_cfg
 429              		.section	.rodata
 430              		.align	2
 431              		.set	.LANCHOR0,. + 0
 432              		.type	cfg_memset_list.4916, %object
 433              		.size	cfg_memset_list.4916, 12
 434              	cfg_memset_list.4916:
 435 0000 00300F40 		.word	1074737152
 436 0004 0004     		.short	1024
 437 0006 00400F40 		.4byte	1074741248
 438 000a 0004     		.short	1024
 439              		.type	cy_cfg_data_table.4911, %object
 440              		.size	cy_cfg_data_table.4911, 4
 441              	cy_cfg_data_table.4911:
 442 000c 02       		.byte	2
 443 000d 01       		.byte	1
 444 000e 11       		.byte	17
 445 000f 01       		.byte	1
 446              		.type	cy_cfg_addr_table.4910, %object
 447              		.size	cy_cfg_addr_table.4910, 4
ARM GAS  C:\Users\JANUSD~1\AppData\Local\Temp\ccnfZnY1.s 			page 16


 448              	cy_cfg_addr_table.4910:
 449 0010 02600F40 		.word	1074749442
 450              		.text
 451              	.Letext0:
 452              		.file 2 "c:\\program files (x86)\\cypress\\psoc creator\\4.2\\psoc creator\\import\\gnu\\arm\\5.4.
 453              		.file 3 "Generated_Source\\PSoC4\\cytypes.h"
 454              		.file 4 "Generated_Source\\PSoC4\\CyLFClk.h"
 455              		.file 5 "Generated_Source\\PSoC4\\CyLib.h"
 456              		.section	.debug_info,"",%progbits
 457              	.Ldebug_info0:
 458 0000 4C040000 		.4byte	0x44c
 459 0004 0400     		.2byte	0x4
 460 0006 00000000 		.4byte	.Ldebug_abbrev0
 461 000a 04       		.byte	0x4
 462 000b 01       		.uleb128 0x1
 463 000c B3010000 		.4byte	.LASF44
 464 0010 0C       		.byte	0xc
 465 0011 FB020000 		.4byte	.LASF45
 466 0015 4C010000 		.4byte	.LASF46
 467 0019 00000000 		.4byte	.Ldebug_ranges0+0
 468 001d 00000000 		.4byte	0
 469 0021 00000000 		.4byte	.Ldebug_line0
 470 0025 02       		.uleb128 0x2
 471 0026 04       		.byte	0x4
 472 0027 05       		.byte	0x5
 473 0028 696E7400 		.ascii	"int\000"
 474 002c 03       		.uleb128 0x3
 475 002d 14000000 		.4byte	.LASF12
 476 0031 02       		.byte	0x2
 477 0032 D8       		.byte	0xd8
 478 0033 37000000 		.4byte	0x37
 479 0037 04       		.uleb128 0x4
 480 0038 04       		.byte	0x4
 481 0039 07       		.byte	0x7
 482 003a 3F010000 		.4byte	.LASF0
 483 003e 04       		.uleb128 0x4
 484 003f 08       		.byte	0x8
 485 0040 05       		.byte	0x5
 486 0041 73020000 		.4byte	.LASF1
 487 0045 04       		.uleb128 0x4
 488 0046 08       		.byte	0x8
 489 0047 04       		.byte	0x4
 490 0048 E3020000 		.4byte	.LASF2
 491 004c 04       		.uleb128 0x4
 492 004d 01       		.byte	0x1
 493 004e 06       		.byte	0x6
 494 004f EF020000 		.4byte	.LASF3
 495 0053 04       		.uleb128 0x4
 496 0054 01       		.byte	0x1
 497 0055 08       		.byte	0x8
 498 0056 E1000000 		.4byte	.LASF4
 499 005a 04       		.uleb128 0x4
 500 005b 02       		.byte	0x2
 501 005c 05       		.byte	0x5
 502 005d BB020000 		.4byte	.LASF5
 503 0061 04       		.uleb128 0x4
 504 0062 02       		.byte	0x2
ARM GAS  C:\Users\JANUSD~1\AppData\Local\Temp\ccnfZnY1.s 			page 17


 505 0063 07       		.byte	0x7
 506 0064 60020000 		.4byte	.LASF6
 507 0068 04       		.uleb128 0x4
 508 0069 04       		.byte	0x4
 509 006a 05       		.byte	0x5
 510 006b DA020000 		.4byte	.LASF7
 511 006f 04       		.uleb128 0x4
 512 0070 04       		.byte	0x4
 513 0071 07       		.byte	0x7
 514 0072 AE000000 		.4byte	.LASF8
 515 0076 04       		.uleb128 0x4
 516 0077 08       		.byte	0x8
 517 0078 07       		.byte	0x7
 518 0079 9C010000 		.4byte	.LASF9
 519 007d 04       		.uleb128 0x4
 520 007e 04       		.byte	0x4
 521 007f 07       		.byte	0x7
 522 0080 57020000 		.4byte	.LASF10
 523 0084 05       		.uleb128 0x5
 524 0085 04       		.byte	0x4
 525 0086 04       		.uleb128 0x4
 526 0087 01       		.byte	0x1
 527 0088 08       		.byte	0x8
 528 0089 8B020000 		.4byte	.LASF11
 529 008d 06       		.uleb128 0x6
 530 008e C0000000 		.4byte	.LASF13
 531 0092 03       		.byte	0x3
 532 0093 E401     		.2byte	0x1e4
 533 0095 53000000 		.4byte	0x53
 534 0099 06       		.uleb128 0x6
 535 009a 26010000 		.4byte	.LASF14
 536 009e 03       		.byte	0x3
 537 009f E501     		.2byte	0x1e5
 538 00a1 61000000 		.4byte	0x61
 539 00a5 06       		.uleb128 0x6
 540 00a6 38010000 		.4byte	.LASF15
 541 00aa 03       		.byte	0x3
 542 00ab E601     		.2byte	0x1e6
 543 00ad 6F000000 		.4byte	0x6f
 544 00b1 04       		.uleb128 0x4
 545 00b2 04       		.byte	0x4
 546 00b3 04       		.byte	0x4
 547 00b4 76000000 		.4byte	.LASF16
 548 00b8 04       		.uleb128 0x4
 549 00b9 08       		.byte	0x8
 550 00ba 04       		.byte	0x4
 551 00bb F6000000 		.4byte	.LASF17
 552 00bf 06       		.uleb128 0x6
 553 00c0 A9000000 		.4byte	.LASF18
 554 00c4 03       		.byte	0x3
 555 00c5 8E02     		.2byte	0x28e
 556 00c7 CB000000 		.4byte	0xcb
 557 00cb 07       		.uleb128 0x7
 558 00cc 8D000000 		.4byte	0x8d
 559 00d0 06       		.uleb128 0x6
 560 00d1 0E000000 		.4byte	.LASF19
 561 00d5 03       		.byte	0x3
ARM GAS  C:\Users\JANUSD~1\AppData\Local\Temp\ccnfZnY1.s 			page 18


 562 00d6 9002     		.2byte	0x290
 563 00d8 DC000000 		.4byte	0xdc
 564 00dc 07       		.uleb128 0x7
 565 00dd A5000000 		.4byte	0xa5
 566 00e1 08       		.uleb128 0x8
 567 00e2 02       		.byte	0x2
 568 00e3 01       		.byte	0x1
 569 00e4 97       		.byte	0x97
 570 00e5 02010000 		.4byte	0x102
 571 00e9 09       		.uleb128 0x9
 572 00ea B4020000 		.4byte	.LASF20
 573 00ee 01       		.byte	0x1
 574 00ef 99       		.byte	0x99
 575 00f0 8D000000 		.4byte	0x8d
 576 00f4 00       		.byte	0
 577 00f5 09       		.uleb128 0x9
 578 00f6 3B000000 		.4byte	.LASF21
 579 00fa 01       		.byte	0x1
 580 00fb 9A       		.byte	0x9a
 581 00fc 8D000000 		.4byte	0x8d
 582 0100 01       		.byte	0x1
 583 0101 00       		.byte	0
 584 0102 03       		.uleb128 0x3
 585 0103 A1020000 		.4byte	.LASF22
 586 0107 01       		.byte	0x1
 587 0108 9B       		.byte	0x9b
 588 0109 E1000000 		.4byte	0xe1
 589 010d 0A       		.uleb128 0xa
 590 010e FD000000 		.4byte	.LASF27
 591 0112 01       		.byte	0x1
 592 0113 AE       		.byte	0xae
 593 0114 00000000 		.4byte	.LFB5
 594 0118 32000000 		.4byte	.LFE5-.LFB5
 595 011c 01       		.uleb128 0x1
 596 011d 9C       		.byte	0x9c
 597 011e 7F010000 		.4byte	0x17f
 598 0122 0B       		.uleb128 0xb
 599 0123 1B010000 		.4byte	.LASF23
 600 0127 01       		.byte	0x1
 601 0128 AE       		.byte	0xae
 602 0129 7F010000 		.4byte	0x17f
 603 012d 01       		.uleb128 0x1
 604 012e 50       		.byte	0x50
 605 012f 0B       		.uleb128 0xb
 606 0130 2D010000 		.4byte	.LASF24
 607 0134 01       		.byte	0x1
 608 0135 AE       		.byte	0xae
 609 0136 8A010000 		.4byte	0x18a
 610 013a 01       		.uleb128 0x1
 611 013b 51       		.byte	0x51
 612 013c 0C       		.uleb128 0xc
 613 013d 6900     		.ascii	"i\000"
 614 013f 01       		.byte	0x1
 615 0140 B1       		.byte	0xb1
 616 0141 A5000000 		.4byte	0xa5
 617 0145 00000000 		.4byte	.LLST0
 618 0149 0C       		.uleb128 0xc
ARM GAS  C:\Users\JANUSD~1\AppData\Local\Temp\ccnfZnY1.s 			page 19


 619 014a 6A00     		.ascii	"j\000"
 620 014c 01       		.byte	0x1
 621 014d B1       		.byte	0xb1
 622 014e A5000000 		.4byte	0xa5
 623 0152 1F000000 		.4byte	.LLST1
 624 0156 0D       		.uleb128 0xd
 625 0157 08000000 		.4byte	.LBB2
 626 015b 22000000 		.4byte	.LBE2-.LBB2
 627 015f 0E       		.uleb128 0xe
 628 0160 4E020000 		.4byte	.LASF25
 629 0164 01       		.byte	0x1
 630 0165 B4       		.byte	0xb4
 631 0166 A5000000 		.4byte	0xa5
 632 016a 3E000000 		.4byte	.LLST2
 633 016e 0E       		.uleb128 0xe
 634 016f 41000000 		.4byte	.LASF26
 635 0173 01       		.byte	0x1
 636 0174 B5       		.byte	0xb5
 637 0175 8D000000 		.4byte	0x8d
 638 0179 51000000 		.4byte	.LLST3
 639 017d 00       		.byte	0
 640 017e 00       		.byte	0
 641 017f 0F       		.uleb128 0xf
 642 0180 04       		.byte	0x4
 643 0181 85010000 		.4byte	0x185
 644 0185 10       		.uleb128 0x10
 645 0186 A5000000 		.4byte	0xa5
 646 018a 0F       		.uleb128 0xf
 647 018b 04       		.byte	0x4
 648 018c 90010000 		.4byte	0x190
 649 0190 10       		.uleb128 0x10
 650 0191 02010000 		.4byte	0x102
 651 0195 11       		.uleb128 0x11
 652 0196 1B000000 		.4byte	.LASF47
 653 019a 01       		.byte	0x1
 654 019b 1301     		.2byte	0x113
 655 019d 00000000 		.4byte	.LFB7
 656 01a1 20000000 		.4byte	.LFE7-.LFB7
 657 01a5 01       		.uleb128 0x1
 658 01a6 9C       		.byte	0x9c
 659 01a7 0A       		.uleb128 0xa
 660 01a8 D7000000 		.4byte	.LASF28
 661 01ac 01       		.byte	0x1
 662 01ad 4C       		.byte	0x4c
 663 01ae 00000000 		.4byte	.LFB2
 664 01b2 0C000000 		.4byte	.LFE2-.LFB2
 665 01b6 01       		.uleb128 0x1
 666 01b7 9C       		.byte	0x9c
 667 01b8 F4010000 		.4byte	0x1f4
 668 01bc 12       		.uleb128 0x12
 669 01bd 7300     		.ascii	"s\000"
 670 01bf 01       		.byte	0x1
 671 01c0 4C       		.byte	0x4c
 672 01c1 84000000 		.4byte	0x84
 673 01c5 6F000000 		.4byte	.LLST4
 674 01c9 12       		.uleb128 0x12
 675 01ca 6E00     		.ascii	"n\000"
ARM GAS  C:\Users\JANUSD~1\AppData\Local\Temp\ccnfZnY1.s 			page 20


 676 01cc 01       		.byte	0x1
 677 01cd 4C       		.byte	0x4c
 678 01ce 2C000000 		.4byte	0x2c
 679 01d2 90000000 		.4byte	.LLST5
 680 01d6 13       		.uleb128 0x13
 681 01d7 0A000000 		.4byte	.LVL14
 682 01db EE030000 		.4byte	0x3ee
 683 01df 14       		.uleb128 0x14
 684 01e0 01       		.uleb128 0x1
 685 01e1 50       		.byte	0x50
 686 01e2 03       		.uleb128 0x3
 687 01e3 F3       		.byte	0xf3
 688 01e4 01       		.uleb128 0x1
 689 01e5 50       		.byte	0x50
 690 01e6 14       		.uleb128 0x14
 691 01e7 01       		.uleb128 0x1
 692 01e8 51       		.byte	0x51
 693 01e9 01       		.uleb128 0x1
 694 01ea 30       		.byte	0x30
 695 01eb 14       		.uleb128 0x14
 696 01ec 01       		.uleb128 0x1
 697 01ed 52       		.byte	0x52
 698 01ee 03       		.uleb128 0x3
 699 01ef F3       		.byte	0xf3
 700 01f0 01       		.uleb128 0x1
 701 01f1 51       		.byte	0x51
 702 01f2 00       		.byte	0
 703 01f3 00       		.byte	0
 704 01f4 0A       		.uleb128 0xa
 705 01f5 47000000 		.4byte	.LASF29
 706 01f9 01       		.byte	0x1
 707 01fa D3       		.byte	0xd3
 708 01fb 00000000 		.4byte	.LFB6
 709 01ff B4000000 		.4byte	.LFE6-.LFB6
 710 0203 01       		.uleb128 0x1
 711 0204 9C       		.byte	0x9c
 712 0205 9D020000 		.4byte	0x29d
 713 0209 15       		.uleb128 0x15
 714 020a 0C000000 		.4byte	.LVL15
 715 020e F7030000 		.4byte	0x3f7
 716 0212 16       		.uleb128 0x16
 717 0213 12000000 		.4byte	.LVL16
 718 0217 02040000 		.4byte	0x402
 719 021b 29020000 		.4byte	0x229
 720 021f 14       		.uleb128 0x14
 721 0220 01       		.uleb128 0x1
 722 0221 50       		.byte	0x50
 723 0222 05       		.uleb128 0x5
 724 0223 0C       		.byte	0xc
 725 0224 001BB700 		.4byte	0xb71b00
 726 0228 00       		.byte	0
 727 0229 16       		.uleb128 0x16
 728 022a 18000000 		.4byte	.LVL17
 729 022e 0D040000 		.4byte	0x40d
 730 0232 3C020000 		.4byte	0x23c
 731 0236 14       		.uleb128 0x14
 732 0237 01       		.uleb128 0x1
ARM GAS  C:\Users\JANUSD~1\AppData\Local\Temp\ccnfZnY1.s 			page 21


 733 0238 50       		.byte	0x50
 734 0239 01       		.uleb128 0x1
 735 023a 31       		.byte	0x31
 736 023b 00       		.byte	0
 737 023c 16       		.uleb128 0x16
 738 023d 1E000000 		.4byte	.LVL18
 739 0241 18040000 		.4byte	0x418
 740 0245 50020000 		.4byte	0x250
 741 0249 14       		.uleb128 0x14
 742 024a 01       		.uleb128 0x1
 743 024b 50       		.byte	0x50
 744 024c 02       		.uleb128 0x2
 745 024d 08       		.byte	0x8
 746 024e 30       		.byte	0x30
 747 024f 00       		.byte	0
 748 0250 16       		.uleb128 0x16
 749 0251 54000000 		.4byte	.LVL19
 750 0255 23040000 		.4byte	0x423
 751 0259 65020000 		.4byte	0x265
 752 025d 14       		.uleb128 0x14
 753 025e 01       		.uleb128 0x1
 754 025f 50       		.byte	0x50
 755 0260 03       		.uleb128 0x3
 756 0261 0A       		.byte	0xa
 757 0262 D007     		.2byte	0x7d0
 758 0264 00       		.byte	0
 759 0265 16       		.uleb128 0x16
 760 0266 5A000000 		.4byte	.LVL20
 761 026a 2E040000 		.4byte	0x42e
 762 026e 7A020000 		.4byte	0x27a
 763 0272 14       		.uleb128 0x14
 764 0273 01       		.uleb128 0x1
 765 0274 50       		.byte	0x50
 766 0275 03       		.uleb128 0x3
 767 0276 0A       		.byte	0xa
 768 0277 DC05     		.2byte	0x5dc
 769 0279 00       		.byte	0
 770 027a 16       		.uleb128 0x16
 771 027b 72000000 		.4byte	.LVL21
 772 027f 39040000 		.4byte	0x439
 773 0283 8D020000 		.4byte	0x28d
 774 0287 14       		.uleb128 0x14
 775 0288 01       		.uleb128 0x1
 776 0289 50       		.byte	0x50
 777 028a 01       		.uleb128 0x1
 778 028b 38       		.byte	0x38
 779 028c 00       		.byte	0
 780 028d 13       		.uleb128 0x13
 781 028e 78000000 		.4byte	.LVL22
 782 0292 44040000 		.4byte	0x444
 783 0296 14       		.uleb128 0x14
 784 0297 01       		.uleb128 0x1
 785 0298 50       		.byte	0x50
 786 0299 01       		.uleb128 0x1
 787 029a 38       		.byte	0x38
 788 029b 00       		.byte	0
 789 029c 00       		.byte	0
ARM GAS  C:\Users\JANUSD~1\AppData\Local\Temp\ccnfZnY1.s 			page 22


 790 029d 17       		.uleb128 0x17
 791 029e 87010000 		.4byte	.LASF48
 792 02a2 01       		.byte	0x1
 793 02a3 2E01     		.2byte	0x12e
 794 02a5 B4000000 		.4byte	.LFB8
 795 02a9 D4000000 		.4byte	.LFE8-.LFB8
 796 02ad 01       		.uleb128 0x1
 797 02ae 9C       		.byte	0x9c
 798 02af C4030000 		.4byte	0x3c4
 799 02b3 18       		.uleb128 0x18
 800 02b4 BE000000 		.4byte	.LBB3
 801 02b8 60000000 		.4byte	.LBE3-.LBB3
 802 02bc B1030000 		.4byte	0x3b1
 803 02c0 19       		.uleb128 0x19
 804 02c1 52000000 		.4byte	.LASF30
 805 02c5 01       		.byte	0x1
 806 02c6 3601     		.2byte	0x136
 807 02c8 D4030000 		.4byte	0x3d4
 808 02cc 05       		.uleb128 0x5
 809 02cd 03       		.byte	0x3
 810 02ce 10000000 		.4byte	cy_cfg_addr_table.4910
 811 02d2 19       		.uleb128 0x19
 812 02d3 64000000 		.4byte	.LASF31
 813 02d7 01       		.byte	0x1
 814 02d8 3A01     		.2byte	0x13a
 815 02da E9030000 		.4byte	0x3e9
 816 02de 05       		.uleb128 0x5
 817 02df 03       		.byte	0x3
 818 02e0 0C000000 		.4byte	cy_cfg_data_table.4911
 819 02e4 1A       		.uleb128 0x1a
 820 02e5 06       		.byte	0x6
 821 02e6 01       		.byte	0x1
 822 02e7 4101     		.2byte	0x141
 823 02e9 08030000 		.4byte	0x308
 824 02ed 1B       		.uleb128 0x1b
 825 02ee 94010000 		.4byte	.LASF32
 826 02f2 01       		.byte	0x1
 827 02f3 4201     		.2byte	0x142
 828 02f5 84000000 		.4byte	0x84
 829 02f9 00       		.byte	0
 830 02fa 1B       		.uleb128 0x1b
 831 02fb 8C000000 		.4byte	.LASF33
 832 02ff 01       		.byte	0x1
 833 0300 4301     		.2byte	0x143
 834 0302 99000000 		.4byte	0x99
 835 0306 04       		.byte	0x4
 836 0307 00       		.byte	0
 837 0308 06       		.uleb128 0x6
 838 0309 41020000 		.4byte	.LASF34
 839 030d 01       		.byte	0x1
 840 030e 4401     		.2byte	0x144
 841 0310 E4020000 		.4byte	0x2e4
 842 0314 1C       		.uleb128 0x1c
 843 0315 24030000 		.4byte	0x324
 844 0319 24030000 		.4byte	0x324
 845 031d 1D       		.uleb128 0x1d
 846 031e 7D000000 		.4byte	0x7d
ARM GAS  C:\Users\JANUSD~1\AppData\Local\Temp\ccnfZnY1.s 			page 23


 847 0322 01       		.byte	0x1
 848 0323 00       		.byte	0
 849 0324 10       		.uleb128 0x10
 850 0325 08030000 		.4byte	0x308
 851 0329 19       		.uleb128 0x19
 852 032a 7C000000 		.4byte	.LASF35
 853 032e 01       		.byte	0x1
 854 032f 4601     		.2byte	0x146
 855 0331 3B030000 		.4byte	0x33b
 856 0335 05       		.uleb128 0x5
 857 0336 03       		.byte	0x3
 858 0337 00000000 		.4byte	cfg_memset_list.4916
 859 033b 10       		.uleb128 0x10
 860 033c 14030000 		.4byte	0x314
 861 0340 1E       		.uleb128 0x1e
 862 0341 6900     		.ascii	"i\000"
 863 0343 01       		.byte	0x1
 864 0344 4C01     		.2byte	0x14c
 865 0346 8D000000 		.4byte	0x8d
 866 034a BC000000 		.4byte	.LLST6
 867 034e 18       		.uleb128 0x18
 868 034f C2000000 		.4byte	.LBB4
 869 0353 1C000000 		.4byte	.LBE4-.LBB4
 870 0357 94030000 		.4byte	0x394
 871 035b 1E       		.uleb128 0x1e
 872 035c 6D7300   		.ascii	"ms\000"
 873 035f 01       		.byte	0x1
 874 0360 5101     		.2byte	0x151
 875 0362 6A030000 		.4byte	0x36a
 876 0366 E6000000 		.4byte	.LLST7
 877 036a 0F       		.uleb128 0xf
 878 036b 04       		.byte	0x4
 879 036c 24030000 		.4byte	0x324
 880 0370 13       		.uleb128 0x13
 881 0371 DE000000 		.4byte	.LVL25
 882 0375 A7010000 		.4byte	0x1a7
 883 0379 14       		.uleb128 0x14
 884 037a 01       		.uleb128 0x1
 885 037b 51       		.byte	0x51
 886 037c 15       		.uleb128 0x15
 887 037d 74       		.byte	0x74
 888 037e 00       		.sleb128 0
 889 037f 31       		.byte	0x31
 890 0380 24       		.byte	0x24
 891 0381 74       		.byte	0x74
 892 0382 00       		.sleb128 0
 893 0383 22       		.byte	0x22
 894 0384 31       		.byte	0x31
 895 0385 24       		.byte	0x24
 896 0386 03       		.byte	0x3
 897 0387 04000000 		.4byte	.LANCHOR0+4
 898 038b 22       		.byte	0x22
 899 038c 94       		.byte	0x94
 900 038d 02       		.byte	0x2
 901 038e 0A       		.byte	0xa
 902 038f FFFF     		.2byte	0xffff
 903 0391 1A       		.byte	0x1a
ARM GAS  C:\Users\JANUSD~1\AppData\Local\Temp\ccnfZnY1.s 			page 24


 904 0392 00       		.byte	0
 905 0393 00       		.byte	0
 906 0394 13       		.uleb128 0x13
 907 0395 F2000000 		.4byte	.LVL28
 908 0399 0D010000 		.4byte	0x10d
 909 039d 14       		.uleb128 0x14
 910 039e 01       		.uleb128 0x1
 911 039f 50       		.byte	0x50
 912 03a0 05       		.uleb128 0x5
 913 03a1 03       		.byte	0x3
 914 03a2 10000000 		.4byte	.LANCHOR0+16
 915 03a6 14       		.uleb128 0x14
 916 03a7 01       		.uleb128 0x1
 917 03a8 51       		.byte	0x51
 918 03a9 05       		.uleb128 0x5
 919 03aa 03       		.byte	0x3
 920 03ab 0C000000 		.4byte	.LANCHOR0+12
 921 03af 00       		.byte	0
 922 03b0 00       		.byte	0
 923 03b1 15       		.uleb128 0x15
 924 03b2 4A010000 		.4byte	.LVL29
 925 03b6 F4010000 		.4byte	0x1f4
 926 03ba 15       		.uleb128 0x15
 927 03bb 4E010000 		.4byte	.LVL30
 928 03bf 95010000 		.4byte	0x195
 929 03c3 00       		.byte	0
 930 03c4 1C       		.uleb128 0x1c
 931 03c5 85010000 		.4byte	0x185
 932 03c9 D4030000 		.4byte	0x3d4
 933 03cd 1D       		.uleb128 0x1d
 934 03ce 7D000000 		.4byte	0x7d
 935 03d2 00       		.byte	0
 936 03d3 00       		.byte	0
 937 03d4 10       		.uleb128 0x10
 938 03d5 C4030000 		.4byte	0x3c4
 939 03d9 1C       		.uleb128 0x1c
 940 03da 90010000 		.4byte	0x190
 941 03de E9030000 		.4byte	0x3e9
 942 03e2 1D       		.uleb128 0x1d
 943 03e3 7D000000 		.4byte	0x7d
 944 03e7 01       		.byte	0x1
 945 03e8 00       		.byte	0
 946 03e9 10       		.uleb128 0x10
 947 03ea D9030000 		.4byte	0x3d9
 948 03ee 1F       		.uleb128 0x1f
 949 03ef EF000000 		.4byte	.LASF49
 950 03f3 EF000000 		.4byte	.LASF49
 951 03f7 20       		.uleb128 0x20
 952 03f8 C6000000 		.4byte	.LASF36
 953 03fc C6000000 		.4byte	.LASF36
 954 0400 04       		.byte	0x4
 955 0401 4E       		.byte	0x4e
 956 0402 20       		.uleb128 0x20
 957 0403 00000000 		.4byte	.LASF37
 958 0407 00000000 		.4byte	.LASF37
 959 040b 05       		.byte	0x5
 960 040c DC       		.byte	0xdc
ARM GAS  C:\Users\JANUSD~1\AppData\Local\Temp\ccnfZnY1.s 			page 25


 961 040d 20       		.uleb128 0x20
 962 040e 91000000 		.4byte	.LASF38
 963 0412 91000000 		.4byte	.LASF38
 964 0416 04       		.byte	0x4
 965 0417 50       		.byte	0x50
 966 0418 20       		.uleb128 0x20
 967 0419 C5020000 		.4byte	.LASF39
 968 041d C5020000 		.4byte	.LASF39
 969 0421 05       		.byte	0x5
 970 0422 6C       		.byte	0x6c
 971 0423 20       		.uleb128 0x20
 972 0424 90020000 		.4byte	.LASF40
 973 0428 90020000 		.4byte	.LASF40
 974 042c 05       		.byte	0x5
 975 042d 84       		.byte	0x84
 976 042e 20       		.uleb128 0x20
 977 042f 81020000 		.4byte	.LASF41
 978 0433 81020000 		.4byte	.LASF41
 979 0437 05       		.byte	0x5
 980 0438 DA       		.byte	0xda
 981 0439 20       		.uleb128 0x20
 982 043a 2C000000 		.4byte	.LASF42
 983 043e 2C000000 		.4byte	.LASF42
 984 0442 05       		.byte	0x5
 985 0443 BD       		.byte	0xbd
 986 0444 20       		.uleb128 0x20
 987 0445 0F010000 		.4byte	.LASF43
 988 0449 0F010000 		.4byte	.LASF43
 989 044d 05       		.byte	0x5
 990 044e C3       		.byte	0xc3
 991 044f 00       		.byte	0
 992              		.section	.debug_abbrev,"",%progbits
 993              	.Ldebug_abbrev0:
 994 0000 01       		.uleb128 0x1
 995 0001 11       		.uleb128 0x11
 996 0002 01       		.byte	0x1
 997 0003 25       		.uleb128 0x25
 998 0004 0E       		.uleb128 0xe
 999 0005 13       		.uleb128 0x13
 1000 0006 0B       		.uleb128 0xb
 1001 0007 03       		.uleb128 0x3
 1002 0008 0E       		.uleb128 0xe
 1003 0009 1B       		.uleb128 0x1b
 1004 000a 0E       		.uleb128 0xe
 1005 000b 55       		.uleb128 0x55
 1006 000c 17       		.uleb128 0x17
 1007 000d 11       		.uleb128 0x11
 1008 000e 01       		.uleb128 0x1
 1009 000f 10       		.uleb128 0x10
 1010 0010 17       		.uleb128 0x17
 1011 0011 00       		.byte	0
 1012 0012 00       		.byte	0
 1013 0013 02       		.uleb128 0x2
 1014 0014 24       		.uleb128 0x24
 1015 0015 00       		.byte	0
 1016 0016 0B       		.uleb128 0xb
 1017 0017 0B       		.uleb128 0xb
ARM GAS  C:\Users\JANUSD~1\AppData\Local\Temp\ccnfZnY1.s 			page 26


 1018 0018 3E       		.uleb128 0x3e
 1019 0019 0B       		.uleb128 0xb
 1020 001a 03       		.uleb128 0x3
 1021 001b 08       		.uleb128 0x8
 1022 001c 00       		.byte	0
 1023 001d 00       		.byte	0
 1024 001e 03       		.uleb128 0x3
 1025 001f 16       		.uleb128 0x16
 1026 0020 00       		.byte	0
 1027 0021 03       		.uleb128 0x3
 1028 0022 0E       		.uleb128 0xe
 1029 0023 3A       		.uleb128 0x3a
 1030 0024 0B       		.uleb128 0xb
 1031 0025 3B       		.uleb128 0x3b
 1032 0026 0B       		.uleb128 0xb
 1033 0027 49       		.uleb128 0x49
 1034 0028 13       		.uleb128 0x13
 1035 0029 00       		.byte	0
 1036 002a 00       		.byte	0
 1037 002b 04       		.uleb128 0x4
 1038 002c 24       		.uleb128 0x24
 1039 002d 00       		.byte	0
 1040 002e 0B       		.uleb128 0xb
 1041 002f 0B       		.uleb128 0xb
 1042 0030 3E       		.uleb128 0x3e
 1043 0031 0B       		.uleb128 0xb
 1044 0032 03       		.uleb128 0x3
 1045 0033 0E       		.uleb128 0xe
 1046 0034 00       		.byte	0
 1047 0035 00       		.byte	0
 1048 0036 05       		.uleb128 0x5
 1049 0037 0F       		.uleb128 0xf
 1050 0038 00       		.byte	0
 1051 0039 0B       		.uleb128 0xb
 1052 003a 0B       		.uleb128 0xb
 1053 003b 00       		.byte	0
 1054 003c 00       		.byte	0
 1055 003d 06       		.uleb128 0x6
 1056 003e 16       		.uleb128 0x16
 1057 003f 00       		.byte	0
 1058 0040 03       		.uleb128 0x3
 1059 0041 0E       		.uleb128 0xe
 1060 0042 3A       		.uleb128 0x3a
 1061 0043 0B       		.uleb128 0xb
 1062 0044 3B       		.uleb128 0x3b
 1063 0045 05       		.uleb128 0x5
 1064 0046 49       		.uleb128 0x49
 1065 0047 13       		.uleb128 0x13
 1066 0048 00       		.byte	0
 1067 0049 00       		.byte	0
 1068 004a 07       		.uleb128 0x7
 1069 004b 35       		.uleb128 0x35
 1070 004c 00       		.byte	0
 1071 004d 49       		.uleb128 0x49
 1072 004e 13       		.uleb128 0x13
 1073 004f 00       		.byte	0
 1074 0050 00       		.byte	0
ARM GAS  C:\Users\JANUSD~1\AppData\Local\Temp\ccnfZnY1.s 			page 27


 1075 0051 08       		.uleb128 0x8
 1076 0052 13       		.uleb128 0x13
 1077 0053 01       		.byte	0x1
 1078 0054 0B       		.uleb128 0xb
 1079 0055 0B       		.uleb128 0xb
 1080 0056 3A       		.uleb128 0x3a
 1081 0057 0B       		.uleb128 0xb
 1082 0058 3B       		.uleb128 0x3b
 1083 0059 0B       		.uleb128 0xb
 1084 005a 01       		.uleb128 0x1
 1085 005b 13       		.uleb128 0x13
 1086 005c 00       		.byte	0
 1087 005d 00       		.byte	0
 1088 005e 09       		.uleb128 0x9
 1089 005f 0D       		.uleb128 0xd
 1090 0060 00       		.byte	0
 1091 0061 03       		.uleb128 0x3
 1092 0062 0E       		.uleb128 0xe
 1093 0063 3A       		.uleb128 0x3a
 1094 0064 0B       		.uleb128 0xb
 1095 0065 3B       		.uleb128 0x3b
 1096 0066 0B       		.uleb128 0xb
 1097 0067 49       		.uleb128 0x49
 1098 0068 13       		.uleb128 0x13
 1099 0069 38       		.uleb128 0x38
 1100 006a 0B       		.uleb128 0xb
 1101 006b 00       		.byte	0
 1102 006c 00       		.byte	0
 1103 006d 0A       		.uleb128 0xa
 1104 006e 2E       		.uleb128 0x2e
 1105 006f 01       		.byte	0x1
 1106 0070 03       		.uleb128 0x3
 1107 0071 0E       		.uleb128 0xe
 1108 0072 3A       		.uleb128 0x3a
 1109 0073 0B       		.uleb128 0xb
 1110 0074 3B       		.uleb128 0x3b
 1111 0075 0B       		.uleb128 0xb
 1112 0076 27       		.uleb128 0x27
 1113 0077 19       		.uleb128 0x19
 1114 0078 11       		.uleb128 0x11
 1115 0079 01       		.uleb128 0x1
 1116 007a 12       		.uleb128 0x12
 1117 007b 06       		.uleb128 0x6
 1118 007c 40       		.uleb128 0x40
 1119 007d 18       		.uleb128 0x18
 1120 007e 9742     		.uleb128 0x2117
 1121 0080 19       		.uleb128 0x19
 1122 0081 01       		.uleb128 0x1
 1123 0082 13       		.uleb128 0x13
 1124 0083 00       		.byte	0
 1125 0084 00       		.byte	0
 1126 0085 0B       		.uleb128 0xb
 1127 0086 05       		.uleb128 0x5
 1128 0087 00       		.byte	0
 1129 0088 03       		.uleb128 0x3
 1130 0089 0E       		.uleb128 0xe
 1131 008a 3A       		.uleb128 0x3a
ARM GAS  C:\Users\JANUSD~1\AppData\Local\Temp\ccnfZnY1.s 			page 28


 1132 008b 0B       		.uleb128 0xb
 1133 008c 3B       		.uleb128 0x3b
 1134 008d 0B       		.uleb128 0xb
 1135 008e 49       		.uleb128 0x49
 1136 008f 13       		.uleb128 0x13
 1137 0090 02       		.uleb128 0x2
 1138 0091 18       		.uleb128 0x18
 1139 0092 00       		.byte	0
 1140 0093 00       		.byte	0
 1141 0094 0C       		.uleb128 0xc
 1142 0095 34       		.uleb128 0x34
 1143 0096 00       		.byte	0
 1144 0097 03       		.uleb128 0x3
 1145 0098 08       		.uleb128 0x8
 1146 0099 3A       		.uleb128 0x3a
 1147 009a 0B       		.uleb128 0xb
 1148 009b 3B       		.uleb128 0x3b
 1149 009c 0B       		.uleb128 0xb
 1150 009d 49       		.uleb128 0x49
 1151 009e 13       		.uleb128 0x13
 1152 009f 02       		.uleb128 0x2
 1153 00a0 17       		.uleb128 0x17
 1154 00a1 00       		.byte	0
 1155 00a2 00       		.byte	0
 1156 00a3 0D       		.uleb128 0xd
 1157 00a4 0B       		.uleb128 0xb
 1158 00a5 01       		.byte	0x1
 1159 00a6 11       		.uleb128 0x11
 1160 00a7 01       		.uleb128 0x1
 1161 00a8 12       		.uleb128 0x12
 1162 00a9 06       		.uleb128 0x6
 1163 00aa 00       		.byte	0
 1164 00ab 00       		.byte	0
 1165 00ac 0E       		.uleb128 0xe
 1166 00ad 34       		.uleb128 0x34
 1167 00ae 00       		.byte	0
 1168 00af 03       		.uleb128 0x3
 1169 00b0 0E       		.uleb128 0xe
 1170 00b1 3A       		.uleb128 0x3a
 1171 00b2 0B       		.uleb128 0xb
 1172 00b3 3B       		.uleb128 0x3b
 1173 00b4 0B       		.uleb128 0xb
 1174 00b5 49       		.uleb128 0x49
 1175 00b6 13       		.uleb128 0x13
 1176 00b7 02       		.uleb128 0x2
 1177 00b8 17       		.uleb128 0x17
 1178 00b9 00       		.byte	0
 1179 00ba 00       		.byte	0
 1180 00bb 0F       		.uleb128 0xf
 1181 00bc 0F       		.uleb128 0xf
 1182 00bd 00       		.byte	0
 1183 00be 0B       		.uleb128 0xb
 1184 00bf 0B       		.uleb128 0xb
 1185 00c0 49       		.uleb128 0x49
 1186 00c1 13       		.uleb128 0x13
 1187 00c2 00       		.byte	0
 1188 00c3 00       		.byte	0
ARM GAS  C:\Users\JANUSD~1\AppData\Local\Temp\ccnfZnY1.s 			page 29


 1189 00c4 10       		.uleb128 0x10
 1190 00c5 26       		.uleb128 0x26
 1191 00c6 00       		.byte	0
 1192 00c7 49       		.uleb128 0x49
 1193 00c8 13       		.uleb128 0x13
 1194 00c9 00       		.byte	0
 1195 00ca 00       		.byte	0
 1196 00cb 11       		.uleb128 0x11
 1197 00cc 2E       		.uleb128 0x2e
 1198 00cd 00       		.byte	0
 1199 00ce 03       		.uleb128 0x3
 1200 00cf 0E       		.uleb128 0xe
 1201 00d0 3A       		.uleb128 0x3a
 1202 00d1 0B       		.uleb128 0xb
 1203 00d2 3B       		.uleb128 0x3b
 1204 00d3 05       		.uleb128 0x5
 1205 00d4 27       		.uleb128 0x27
 1206 00d5 19       		.uleb128 0x19
 1207 00d6 11       		.uleb128 0x11
 1208 00d7 01       		.uleb128 0x1
 1209 00d8 12       		.uleb128 0x12
 1210 00d9 06       		.uleb128 0x6
 1211 00da 40       		.uleb128 0x40
 1212 00db 18       		.uleb128 0x18
 1213 00dc 9742     		.uleb128 0x2117
 1214 00de 19       		.uleb128 0x19
 1215 00df 00       		.byte	0
 1216 00e0 00       		.byte	0
 1217 00e1 12       		.uleb128 0x12
 1218 00e2 05       		.uleb128 0x5
 1219 00e3 00       		.byte	0
 1220 00e4 03       		.uleb128 0x3
 1221 00e5 08       		.uleb128 0x8
 1222 00e6 3A       		.uleb128 0x3a
 1223 00e7 0B       		.uleb128 0xb
 1224 00e8 3B       		.uleb128 0x3b
 1225 00e9 0B       		.uleb128 0xb
 1226 00ea 49       		.uleb128 0x49
 1227 00eb 13       		.uleb128 0x13
 1228 00ec 02       		.uleb128 0x2
 1229 00ed 17       		.uleb128 0x17
 1230 00ee 00       		.byte	0
 1231 00ef 00       		.byte	0
 1232 00f0 13       		.uleb128 0x13
 1233 00f1 898201   		.uleb128 0x4109
 1234 00f4 01       		.byte	0x1
 1235 00f5 11       		.uleb128 0x11
 1236 00f6 01       		.uleb128 0x1
 1237 00f7 31       		.uleb128 0x31
 1238 00f8 13       		.uleb128 0x13
 1239 00f9 00       		.byte	0
 1240 00fa 00       		.byte	0
 1241 00fb 14       		.uleb128 0x14
 1242 00fc 8A8201   		.uleb128 0x410a
 1243 00ff 00       		.byte	0
 1244 0100 02       		.uleb128 0x2
 1245 0101 18       		.uleb128 0x18
ARM GAS  C:\Users\JANUSD~1\AppData\Local\Temp\ccnfZnY1.s 			page 30


 1246 0102 9142     		.uleb128 0x2111
 1247 0104 18       		.uleb128 0x18
 1248 0105 00       		.byte	0
 1249 0106 00       		.byte	0
 1250 0107 15       		.uleb128 0x15
 1251 0108 898201   		.uleb128 0x4109
 1252 010b 00       		.byte	0
 1253 010c 11       		.uleb128 0x11
 1254 010d 01       		.uleb128 0x1
 1255 010e 31       		.uleb128 0x31
 1256 010f 13       		.uleb128 0x13
 1257 0110 00       		.byte	0
 1258 0111 00       		.byte	0
 1259 0112 16       		.uleb128 0x16
 1260 0113 898201   		.uleb128 0x4109
 1261 0116 01       		.byte	0x1
 1262 0117 11       		.uleb128 0x11
 1263 0118 01       		.uleb128 0x1
 1264 0119 31       		.uleb128 0x31
 1265 011a 13       		.uleb128 0x13
 1266 011b 01       		.uleb128 0x1
 1267 011c 13       		.uleb128 0x13
 1268 011d 00       		.byte	0
 1269 011e 00       		.byte	0
 1270 011f 17       		.uleb128 0x17
 1271 0120 2E       		.uleb128 0x2e
 1272 0121 01       		.byte	0x1
 1273 0122 3F       		.uleb128 0x3f
 1274 0123 19       		.uleb128 0x19
 1275 0124 03       		.uleb128 0x3
 1276 0125 0E       		.uleb128 0xe
 1277 0126 3A       		.uleb128 0x3a
 1278 0127 0B       		.uleb128 0xb
 1279 0128 3B       		.uleb128 0x3b
 1280 0129 05       		.uleb128 0x5
 1281 012a 27       		.uleb128 0x27
 1282 012b 19       		.uleb128 0x19
 1283 012c 11       		.uleb128 0x11
 1284 012d 01       		.uleb128 0x1
 1285 012e 12       		.uleb128 0x12
 1286 012f 06       		.uleb128 0x6
 1287 0130 40       		.uleb128 0x40
 1288 0131 18       		.uleb128 0x18
 1289 0132 9742     		.uleb128 0x2117
 1290 0134 19       		.uleb128 0x19
 1291 0135 01       		.uleb128 0x1
 1292 0136 13       		.uleb128 0x13
 1293 0137 00       		.byte	0
 1294 0138 00       		.byte	0
 1295 0139 18       		.uleb128 0x18
 1296 013a 0B       		.uleb128 0xb
 1297 013b 01       		.byte	0x1
 1298 013c 11       		.uleb128 0x11
 1299 013d 01       		.uleb128 0x1
 1300 013e 12       		.uleb128 0x12
 1301 013f 06       		.uleb128 0x6
 1302 0140 01       		.uleb128 0x1
ARM GAS  C:\Users\JANUSD~1\AppData\Local\Temp\ccnfZnY1.s 			page 31


 1303 0141 13       		.uleb128 0x13
 1304 0142 00       		.byte	0
 1305 0143 00       		.byte	0
 1306 0144 19       		.uleb128 0x19
 1307 0145 34       		.uleb128 0x34
 1308 0146 00       		.byte	0
 1309 0147 03       		.uleb128 0x3
 1310 0148 0E       		.uleb128 0xe
 1311 0149 3A       		.uleb128 0x3a
 1312 014a 0B       		.uleb128 0xb
 1313 014b 3B       		.uleb128 0x3b
 1314 014c 05       		.uleb128 0x5
 1315 014d 49       		.uleb128 0x49
 1316 014e 13       		.uleb128 0x13
 1317 014f 02       		.uleb128 0x2
 1318 0150 18       		.uleb128 0x18
 1319 0151 00       		.byte	0
 1320 0152 00       		.byte	0
 1321 0153 1A       		.uleb128 0x1a
 1322 0154 13       		.uleb128 0x13
 1323 0155 01       		.byte	0x1
 1324 0156 0B       		.uleb128 0xb
 1325 0157 0B       		.uleb128 0xb
 1326 0158 3A       		.uleb128 0x3a
 1327 0159 0B       		.uleb128 0xb
 1328 015a 3B       		.uleb128 0x3b
 1329 015b 05       		.uleb128 0x5
 1330 015c 01       		.uleb128 0x1
 1331 015d 13       		.uleb128 0x13
 1332 015e 00       		.byte	0
 1333 015f 00       		.byte	0
 1334 0160 1B       		.uleb128 0x1b
 1335 0161 0D       		.uleb128 0xd
 1336 0162 00       		.byte	0
 1337 0163 03       		.uleb128 0x3
 1338 0164 0E       		.uleb128 0xe
 1339 0165 3A       		.uleb128 0x3a
 1340 0166 0B       		.uleb128 0xb
 1341 0167 3B       		.uleb128 0x3b
 1342 0168 05       		.uleb128 0x5
 1343 0169 49       		.uleb128 0x49
 1344 016a 13       		.uleb128 0x13
 1345 016b 38       		.uleb128 0x38
 1346 016c 0B       		.uleb128 0xb
 1347 016d 00       		.byte	0
 1348 016e 00       		.byte	0
 1349 016f 1C       		.uleb128 0x1c
 1350 0170 01       		.uleb128 0x1
 1351 0171 01       		.byte	0x1
 1352 0172 49       		.uleb128 0x49
 1353 0173 13       		.uleb128 0x13
 1354 0174 01       		.uleb128 0x1
 1355 0175 13       		.uleb128 0x13
 1356 0176 00       		.byte	0
 1357 0177 00       		.byte	0
 1358 0178 1D       		.uleb128 0x1d
 1359 0179 21       		.uleb128 0x21
ARM GAS  C:\Users\JANUSD~1\AppData\Local\Temp\ccnfZnY1.s 			page 32


 1360 017a 00       		.byte	0
 1361 017b 49       		.uleb128 0x49
 1362 017c 13       		.uleb128 0x13
 1363 017d 2F       		.uleb128 0x2f
 1364 017e 0B       		.uleb128 0xb
 1365 017f 00       		.byte	0
 1366 0180 00       		.byte	0
 1367 0181 1E       		.uleb128 0x1e
 1368 0182 34       		.uleb128 0x34
 1369 0183 00       		.byte	0
 1370 0184 03       		.uleb128 0x3
 1371 0185 08       		.uleb128 0x8
 1372 0186 3A       		.uleb128 0x3a
 1373 0187 0B       		.uleb128 0xb
 1374 0188 3B       		.uleb128 0x3b
 1375 0189 05       		.uleb128 0x5
 1376 018a 49       		.uleb128 0x49
 1377 018b 13       		.uleb128 0x13
 1378 018c 02       		.uleb128 0x2
 1379 018d 17       		.uleb128 0x17
 1380 018e 00       		.byte	0
 1381 018f 00       		.byte	0
 1382 0190 1F       		.uleb128 0x1f
 1383 0191 2E       		.uleb128 0x2e
 1384 0192 00       		.byte	0
 1385 0193 3F       		.uleb128 0x3f
 1386 0194 19       		.uleb128 0x19
 1387 0195 3C       		.uleb128 0x3c
 1388 0196 19       		.uleb128 0x19
 1389 0197 6E       		.uleb128 0x6e
 1390 0198 0E       		.uleb128 0xe
 1391 0199 03       		.uleb128 0x3
 1392 019a 0E       		.uleb128 0xe
 1393 019b 00       		.byte	0
 1394 019c 00       		.byte	0
 1395 019d 20       		.uleb128 0x20
 1396 019e 2E       		.uleb128 0x2e
 1397 019f 00       		.byte	0
 1398 01a0 3F       		.uleb128 0x3f
 1399 01a1 19       		.uleb128 0x19
 1400 01a2 3C       		.uleb128 0x3c
 1401 01a3 19       		.uleb128 0x19
 1402 01a4 6E       		.uleb128 0x6e
 1403 01a5 0E       		.uleb128 0xe
 1404 01a6 03       		.uleb128 0x3
 1405 01a7 0E       		.uleb128 0xe
 1406 01a8 3A       		.uleb128 0x3a
 1407 01a9 0B       		.uleb128 0xb
 1408 01aa 3B       		.uleb128 0x3b
 1409 01ab 0B       		.uleb128 0xb
 1410 01ac 00       		.byte	0
 1411 01ad 00       		.byte	0
 1412 01ae 00       		.byte	0
 1413              		.section	.debug_loc,"",%progbits
 1414              	.Ldebug_loc0:
 1415              	.LLST0:
 1416 0000 02000000 		.4byte	.LVL1
ARM GAS  C:\Users\JANUSD~1\AppData\Local\Temp\ccnfZnY1.s 			page 33


 1417 0004 08000000 		.4byte	.LVL2
 1418 0008 0200     		.2byte	0x2
 1419 000a 30       		.byte	0x30
 1420 000b 9F       		.byte	0x9f
 1421 000c 08000000 		.4byte	.LVL2
 1422 0010 30000000 		.4byte	.LVL11
 1423 0014 0100     		.2byte	0x1
 1424 0016 57       		.byte	0x57
 1425 0017 00000000 		.4byte	0
 1426 001b 00000000 		.4byte	0
 1427              	.LLST1:
 1428 001f 02000000 		.4byte	.LVL1
 1429 0023 08000000 		.4byte	.LVL2
 1430 0027 0200     		.2byte	0x2
 1431 0029 30       		.byte	0x30
 1432 002a 9F       		.byte	0x9f
 1433 002b 08000000 		.4byte	.LVL2
 1434 002f 30000000 		.4byte	.LVL10
 1435 0033 0100     		.2byte	0x1
 1436 0035 55       		.byte	0x55
 1437 0036 00000000 		.4byte	0
 1438 003a 00000000 		.4byte	0
 1439              	.LLST2:
 1440 003e 0C000000 		.4byte	.LVL3
 1441 0042 2C000000 		.4byte	.LVL9
 1442 0046 0100     		.2byte	0x1
 1443 0048 56       		.byte	0x56
 1444 0049 00000000 		.4byte	0
 1445 004d 00000000 		.4byte	0
 1446              	.LLST3:
 1447 0051 0E000000 		.4byte	.LVL4
 1448 0055 24000000 		.4byte	.LVL7
 1449 0059 0100     		.2byte	0x1
 1450 005b 53       		.byte	0x53
 1451 005c 26000000 		.4byte	.LVL8
 1452 0060 2C000000 		.4byte	.LVL9
 1453 0064 0100     		.2byte	0x1
 1454 0066 53       		.byte	0x53
 1455 0067 00000000 		.4byte	0
 1456 006b 00000000 		.4byte	0
 1457              	.LLST4:
 1458 006f 00000000 		.4byte	.LVL12
 1459 0073 09000000 		.4byte	.LVL14-1
 1460 0077 0100     		.2byte	0x1
 1461 0079 50       		.byte	0x50
 1462 007a 09000000 		.4byte	.LVL14-1
 1463 007e 0C000000 		.4byte	.LFE2
 1464 0082 0400     		.2byte	0x4
 1465 0084 F3       		.byte	0xf3
 1466 0085 01       		.uleb128 0x1
 1467 0086 50       		.byte	0x50
 1468 0087 9F       		.byte	0x9f
 1469 0088 00000000 		.4byte	0
 1470 008c 00000000 		.4byte	0
 1471              	.LLST5:
 1472 0090 00000000 		.4byte	.LVL12
 1473 0094 06000000 		.4byte	.LVL13
ARM GAS  C:\Users\JANUSD~1\AppData\Local\Temp\ccnfZnY1.s 			page 34


 1474 0098 0100     		.2byte	0x1
 1475 009a 51       		.byte	0x51
 1476 009b 06000000 		.4byte	.LVL13
 1477 009f 09000000 		.4byte	.LVL14-1
 1478 00a3 0100     		.2byte	0x1
 1479 00a5 52       		.byte	0x52
 1480 00a6 09000000 		.4byte	.LVL14-1
 1481 00aa 0C000000 		.4byte	.LFE2
 1482 00ae 0400     		.2byte	0x4
 1483 00b0 F3       		.byte	0xf3
 1484 00b1 01       		.uleb128 0x1
 1485 00b2 51       		.byte	0x51
 1486 00b3 9F       		.byte	0x9f
 1487 00b4 00000000 		.4byte	0
 1488 00b8 00000000 		.4byte	0
 1489              	.LLST6:
 1490 00bc BE000000 		.4byte	.LVL23
 1491 00c0 C2000000 		.4byte	.LVL24
 1492 00c4 0200     		.2byte	0x2
 1493 00c6 30       		.byte	0x30
 1494 00c7 9F       		.byte	0x9f
 1495 00c8 C2000000 		.4byte	.LVL24
 1496 00cc E0000000 		.4byte	.LVL26
 1497 00d0 0100     		.2byte	0x1
 1498 00d2 54       		.byte	0x54
 1499 00d3 E2000000 		.4byte	.LVL27
 1500 00d7 4E010000 		.4byte	.LVL31
 1501 00db 0100     		.2byte	0x1
 1502 00dd 54       		.byte	0x54
 1503 00de 00000000 		.4byte	0
 1504 00e2 00000000 		.4byte	0
 1505              	.LLST7:
 1506 00e6 C2000000 		.4byte	.LVL24
 1507 00ea E0000000 		.4byte	.LVL26
 1508 00ee 0B00     		.2byte	0xb
 1509 00f0 74       		.byte	0x74
 1510 00f1 00       		.sleb128 0
 1511 00f2 36       		.byte	0x36
 1512 00f3 1E       		.byte	0x1e
 1513 00f4 03       		.byte	0x3
 1514 00f5 00000000 		.4byte	cfg_memset_list.4916
 1515 00f9 22       		.byte	0x22
 1516 00fa 9F       		.byte	0x9f
 1517 00fb E0000000 		.4byte	.LVL26
 1518 00ff E2000000 		.4byte	.LVL27
 1519 0103 0B00     		.2byte	0xb
 1520 0105 74       		.byte	0x74
 1521 0106 7F       		.sleb128 -1
 1522 0107 36       		.byte	0x36
 1523 0108 1E       		.byte	0x1e
 1524 0109 03       		.byte	0x3
 1525 010a 00000000 		.4byte	cfg_memset_list.4916
 1526 010e 22       		.byte	0x22
 1527 010f 9F       		.byte	0x9f
 1528 0110 00000000 		.4byte	0
 1529 0114 00000000 		.4byte	0
 1530              		.section	.debug_aranges,"",%progbits
ARM GAS  C:\Users\JANUSD~1\AppData\Local\Temp\ccnfZnY1.s 			page 35


 1531 0000 3C000000 		.4byte	0x3c
 1532 0004 0200     		.2byte	0x2
 1533 0006 00000000 		.4byte	.Ldebug_info0
 1534 000a 04       		.byte	0x4
 1535 000b 00       		.byte	0
 1536 000c 0000     		.2byte	0
 1537 000e 0000     		.2byte	0
 1538 0010 00000000 		.4byte	.LFB5
 1539 0014 32000000 		.4byte	.LFE5-.LFB5
 1540 0018 00000000 		.4byte	.LFB7
 1541 001c 20000000 		.4byte	.LFE7-.LFB7
 1542 0020 00000000 		.4byte	.LFB2
 1543 0024 0C000000 		.4byte	.LFE2-.LFB2
 1544 0028 00000000 		.4byte	.LFB6
 1545 002c B4000000 		.4byte	.LFE6-.LFB6
 1546 0030 B4000000 		.4byte	.LFB8
 1547 0034 D4000000 		.4byte	.LFE8-.LFB8
 1548 0038 00000000 		.4byte	0
 1549 003c 00000000 		.4byte	0
 1550              		.section	.debug_ranges,"",%progbits
 1551              	.Ldebug_ranges0:
 1552 0000 00000000 		.4byte	.LFB5
 1553 0004 32000000 		.4byte	.LFE5
 1554 0008 00000000 		.4byte	.LFB7
 1555 000c 20000000 		.4byte	.LFE7
 1556 0010 00000000 		.4byte	.LFB2
 1557 0014 0C000000 		.4byte	.LFE2
 1558 0018 00000000 		.4byte	.LFB6
 1559 001c B4000000 		.4byte	.LFE6
 1560 0020 B4000000 		.4byte	.LFB8
 1561 0024 88010000 		.4byte	.LFE8
 1562 0028 00000000 		.4byte	0
 1563 002c 00000000 		.4byte	0
 1564              		.section	.debug_line,"",%progbits
 1565              	.Ldebug_line0:
 1566 0000 85010000 		.section	.debug_str,"MS",%progbits,1
 1566      0200E300 
 1566      00000201 
 1566      FB0E0D00 
 1566      01010101 
 1567              	.LASF37:
 1568 0000 43794465 		.ascii	"CyDelayCycles\000"
 1568      6C617943 
 1568      79636C65 
 1568      7300
 1569              	.LASF19:
 1570 000e 72656733 		.ascii	"reg32\000"
 1570      3200
 1571              	.LASF12:
 1572 0014 73697A65 		.ascii	"size_t\000"
 1572      5F7400
 1573              	.LASF47:
 1574 001b 416E616C 		.ascii	"AnalogSetDefault\000"
 1574      6F675365 
 1574      74446566 
 1574      61756C74 
 1574      00
ARM GAS  C:\Users\JANUSD~1\AppData\Local\Temp\ccnfZnY1.s 			page 36


 1575              	.LASF42:
 1576 002c 4379496E 		.ascii	"CyIntSetVector\000"
 1576      74536574 
 1576      56656374 
 1576      6F7200
 1577              	.LASF21:
 1578 003b 76616C75 		.ascii	"value\000"
 1578      6500
 1579              	.LASF26:
 1580 0041 636F756E 		.ascii	"count\000"
 1580      7400
 1581              	.LASF29:
 1582 0047 436C6F63 		.ascii	"ClockSetup\000"
 1582      6B536574 
 1582      757000
 1583              	.LASF30:
 1584 0052 63795F63 		.ascii	"cy_cfg_addr_table\000"
 1584      66675F61 
 1584      6464725F 
 1584      7461626C 
 1584      6500
 1585              	.LASF31:
 1586 0064 63795F63 		.ascii	"cy_cfg_data_table\000"
 1586      66675F64 
 1586      6174615F 
 1586      7461626C 
 1586      6500
 1587              	.LASF16:
 1588 0076 666C6F61 		.ascii	"float\000"
 1588      7400
 1589              	.LASF35:
 1590 007c 6366675F 		.ascii	"cfg_memset_list\000"
 1590      6D656D73 
 1590      65745F6C 
 1590      69737400 
 1591              	.LASF33:
 1592 008c 73697A65 		.ascii	"size\000"
 1592      00
 1593              	.LASF38:
 1594 0091 43795379 		.ascii	"CySysClkWcoSetPowerMode\000"
 1594      73436C6B 
 1594      57636F53 
 1594      6574506F 
 1594      7765724D 
 1595              	.LASF18:
 1596 00a9 72656738 		.ascii	"reg8\000"
 1596      00
 1597              	.LASF8:
 1598 00ae 6C6F6E67 		.ascii	"long unsigned int\000"
 1598      20756E73 
 1598      69676E65 
 1598      6420696E 
 1598      7400
 1599              	.LASF13:
 1600 00c0 75696E74 		.ascii	"uint8\000"
 1600      3800
 1601              	.LASF36:
ARM GAS  C:\Users\JANUSD~1\AppData\Local\Temp\ccnfZnY1.s 			page 37


 1602 00c6 43795379 		.ascii	"CySysClkWcoStart\000"
 1602      73436C6B 
 1602      57636F53 
 1602      74617274 
 1602      00
 1603              	.LASF28:
 1604 00d7 43594D45 		.ascii	"CYMEMZERO\000"
 1604      4D5A4552 
 1604      4F00
 1605              	.LASF4:
 1606 00e1 756E7369 		.ascii	"unsigned char\000"
 1606      676E6564 
 1606      20636861 
 1606      7200
 1607              	.LASF49:
 1608 00ef 6D656D73 		.ascii	"memset\000"
 1608      657400
 1609              	.LASF17:
 1610 00f6 646F7562 		.ascii	"double\000"
 1610      6C6500
 1611              	.LASF27:
 1612 00fd 6366675F 		.ascii	"cfg_write_bytes32\000"
 1612      77726974 
 1612      655F6279 
 1612      74657333 
 1612      3200
 1613              	.LASF43:
 1614 010f 4379496E 		.ascii	"CyIntEnable\000"
 1614      74456E61 
 1614      626C6500 
 1615              	.LASF23:
 1616 011b 61646472 		.ascii	"addr_table\000"
 1616      5F746162 
 1616      6C6500
 1617              	.LASF14:
 1618 0126 75696E74 		.ascii	"uint16\000"
 1618      313600
 1619              	.LASF24:
 1620 012d 64617461 		.ascii	"data_table\000"
 1620      5F746162 
 1620      6C6500
 1621              	.LASF15:
 1622 0138 75696E74 		.ascii	"uint32\000"
 1622      333200
 1623              	.LASF0:
 1624 013f 756E7369 		.ascii	"unsigned int\000"
 1624      676E6564 
 1624      20696E74 
 1624      00
 1625              	.LASF46:
 1626 014c 433A5C55 		.ascii	"C:\\Users\\janusdg-win\\UCU\\Projects\\Design02_Int"
 1626      73657273 
 1626      5C6A616E 
 1626      75736467 
 1626      2D77696E 
 1627 017a 65727261 		.ascii	"errapt.cydsn\000"
 1627      70742E63 
ARM GAS  C:\Users\JANUSD~1\AppData\Local\Temp\ccnfZnY1.s 			page 38


 1627      7964736E 
 1627      00
 1628              	.LASF48:
 1629 0187 63796669 		.ascii	"cyfitter_cfg\000"
 1629      74746572 
 1629      5F636667 
 1629      00
 1630              	.LASF32:
 1631 0194 61646472 		.ascii	"address\000"
 1631      65737300 
 1632              	.LASF9:
 1633 019c 6C6F6E67 		.ascii	"long long unsigned int\000"
 1633      206C6F6E 
 1633      6720756E 
 1633      7369676E 
 1633      65642069 
 1634              	.LASF44:
 1635 01b3 474E5520 		.ascii	"GNU C11 5.4.1 20160609 (release) [ARM/embedded-5-br"
 1635      43313120 
 1635      352E342E 
 1635      31203230 
 1635      31363036 
 1636 01e6 616E6368 		.ascii	"anch revision 237715] -mcpu=cortex-m0 -mthumb -g -O"
 1636      20726576 
 1636      6973696F 
 1636      6E203233 
 1636      37373135 
 1637 0219 67202D66 		.ascii	"g -ffunction-sections -ffat-lto-objects\000"
 1637      66756E63 
 1637      74696F6E 
 1637      2D736563 
 1637      74696F6E 
 1638              	.LASF34:
 1639 0241 6366675F 		.ascii	"cfg_memset_t\000"
 1639      6D656D73 
 1639      65745F74 
 1639      00
 1640              	.LASF25:
 1641 024e 62617365 		.ascii	"baseAddr\000"
 1641      41646472 
 1641      00
 1642              	.LASF10:
 1643 0257 73697A65 		.ascii	"sizetype\000"
 1643      74797065 
 1643      00
 1644              	.LASF6:
 1645 0260 73686F72 		.ascii	"short unsigned int\000"
 1645      7420756E 
 1645      7369676E 
 1645      65642069 
 1645      6E7400
 1646              	.LASF1:
 1647 0273 6C6F6E67 		.ascii	"long long int\000"
 1647      206C6F6E 
 1647      6720696E 
 1647      7400
 1648              	.LASF41:
ARM GAS  C:\Users\JANUSD~1\AppData\Local\Temp\ccnfZnY1.s 			page 39


 1649 0281 43794465 		.ascii	"CyDelayUs\000"
 1649      6C617955 
 1649      7300
 1650              	.LASF11:
 1651 028b 63686172 		.ascii	"char\000"
 1651      00
 1652              	.LASF40:
 1653 0290 43795379 		.ascii	"CySysClkEcoStart\000"
 1653      73436C6B 
 1653      45636F53 
 1653      74617274 
 1653      00
 1654              	.LASF22:
 1655 02a1 63795F63 		.ascii	"cy_cfg_addrvalue_t\000"
 1655      66675F61 
 1655      64647276 
 1655      616C7565 
 1655      5F7400
 1656              	.LASF20:
 1657 02b4 6F666673 		.ascii	"offset\000"
 1657      657400
 1658              	.LASF5:
 1659 02bb 73686F72 		.ascii	"short int\000"
 1659      7420696E 
 1659      7400
 1660              	.LASF39:
 1661 02c5 43795379 		.ascii	"CySysClkWriteImoFreq\000"
 1661      73436C6B 
 1661      57726974 
 1661      65496D6F 
 1661      46726571 
 1662              	.LASF7:
 1663 02da 6C6F6E67 		.ascii	"long int\000"
 1663      20696E74 
 1663      00
 1664              	.LASF2:
 1665 02e3 6C6F6E67 		.ascii	"long double\000"
 1665      20646F75 
 1665      626C6500 
 1666              	.LASF3:
 1667 02ef 7369676E 		.ascii	"signed char\000"
 1667      65642063 
 1667      68617200 
 1668              	.LASF45:
 1669 02fb 47656E65 		.ascii	"Generated_Source\\PSoC4\\cyfitter_cfg.c\000"
 1669      72617465 
 1669      645F536F 
 1669      75726365 
 1669      5C50536F 
 1670              		.ident	"GCC: (GNU Tools for ARM Embedded Processors) 5.4.1 20160609 (release) [ARM/embedded-5-bran
