ARM GAS  C:\Users\JANUSD~1\AppData\Local\Temp\ccxc977N.s 			page 1


   1              		.syntax unified
   2              		.cpu cortex-m0
   3              		.fpu softvfp
   4              		.eabi_attribute 20, 1
   5              		.eabi_attribute 21, 1
   6              		.eabi_attribute 23, 3
   7              		.eabi_attribute 24, 1
   8              		.eabi_attribute 25, 1
   9              		.eabi_attribute 26, 1
  10              		.eabi_attribute 30, 1
  11              		.eabi_attribute 34, 0
  12              		.eabi_attribute 18, 4
  13              		.thumb
  14              		.syntax unified
  15              		.file	"main.c"
  16              		.text
  17              	.Ltext0:
  18              		.cfi_sections	.debug_frame
  19              		.section	.text.Pin_SW2_Handler,"ax",%progbits
  20              		.align	2
  21              		.global	Pin_SW2_Handler
  22              		.code	16
  23              		.thumb_func
  24              		.type	Pin_SW2_Handler, %function
  25              	Pin_SW2_Handler:
  26              	.LFB35:
  27              		.file 1 "main.c"
   1:main.c        **** /* ========================================
   2:main.c        ****  *
   3:main.c        ****  * Copyright YOUR COMPANY, THE YEAR
   4:main.c        ****  * All Rights Reserved
   5:main.c        ****  * UNPUBLISHED, LICENSED SOFTWARE.
   6:main.c        ****  *
   7:main.c        ****  * CONFIDENTIAL AND PROPRIETARY INFORMATION
   8:main.c        ****  * WHICH IS THE PROPERTY OF your company.
   9:main.c        ****  *
  10:main.c        ****  * ========================================
  11:main.c        **** */
  12:main.c        **** #include "project.h"
  13:main.c        **** 
  14:main.c        **** CY_ISR(Pin_SW2_Handler)
  15:main.c        **** {
  28              		.loc 1 15 0
  29              		.cfi_startproc
  30              		@ args = 0, pretend = 0, frame = 0
  31              		@ frame_needed = 0, uses_anonymous_args = 0
  32 0000 10B5     		push	{r4, lr}
  33              		.cfi_def_cfa_offset 8
  34              		.cfi_offset 4, -8
  35              		.cfi_offset 14, -4
  16:main.c        ****     Pin_Red_Write( Pin_Green_Read());    
  36              		.loc 1 16 0
  37 0002 FFF7FEFF 		bl	Pin_Green_Read
  38              	.LVL0:
  39 0006 FFF7FEFF 		bl	Pin_Red_Write
  40              	.LVL1:
  17:main.c        ****     // Pin_Blue_Write(~ Pin_Blue_Read());    
ARM GAS  C:\Users\JANUSD~1\AppData\Local\Temp\ccxc977N.s 			page 2


  18:main.c        ****     Pin_Green_Write(~ Pin_Red_Read());    
  41              		.loc 1 18 0
  42 000a FFF7FEFF 		bl	Pin_Red_Read
  43              	.LVL2:
  44 000e C043     		mvns	r0, r0
  45 0010 C0B2     		uxtb	r0, r0
  46 0012 FFF7FEFF 		bl	Pin_Green_Write
  47              	.LVL3:
  19:main.c        ****     
  20:main.c        ****     Pin_SW2_ClearInterrupt();
  48              		.loc 1 20 0
  49 0016 FFF7FEFF 		bl	Pin_SW2_ClearInterrupt
  50              	.LVL4:
  21:main.c        **** }
  51              		.loc 1 21 0
  52              		@ sp needed
  53 001a 10BD     		pop	{r4, pc}
  54              		.cfi_endproc
  55              	.LFE35:
  56              		.size	Pin_SW2_Handler, .-Pin_SW2_Handler
  57              		.section	.text.main,"ax",%progbits
  58              		.align	2
  59              		.global	main
  60              		.code	16
  61              		.thumb_func
  62              		.type	main, %function
  63              	main:
  64              	.LFB36:
  22:main.c        **** 
  23:main.c        **** int main(void)
  24:main.c        **** {
  65              		.loc 1 24 0
  66              		.cfi_startproc
  67              		@ Volatile: function does not return.
  68              		@ args = 0, pretend = 0, frame = 0
  69              		@ frame_needed = 0, uses_anonymous_args = 0
  70 0000 10B5     		push	{r4, lr}
  71              		.cfi_def_cfa_offset 8
  72              		.cfi_offset 4, -8
  73              		.cfi_offset 14, -4
  25:main.c        ****     CyGlobalIntEnable; /* Enable global interrupts. */
  74              		.loc 1 25 0
  75              		.syntax divided
  76              	@ 25 "main.c" 1
  77 0002 62B6     		CPSIE   i
  78              	@ 0 "" 2
  26:main.c        **** 
  27:main.c        ****     /* Place your initialization/startup code here (e.g. MyInst_Start()) */
  28:main.c        ****     Pin_SW2_Intr_StartEx(Pin_SW2_Handler);
  79              		.loc 1 28 0
  80              		.thumb
  81              		.syntax unified
  82 0004 0148     		ldr	r0, .L4
  83 0006 FFF7FEFF 		bl	Pin_SW2_Intr_StartEx
  84              	.LVL5:
  85              	.L3:
  86 000a FEE7     		b	.L3
ARM GAS  C:\Users\JANUSD~1\AppData\Local\Temp\ccxc977N.s 			page 3


  87              	.L5:
  88              		.align	2
  89              	.L4:
  90 000c 00000000 		.word	Pin_SW2_Handler
  91              		.cfi_endproc
  92              	.LFE36:
  93              		.size	main, .-main
  94              		.text
  95              	.Letext0:
  96              		.file 2 "Generated_Source\\PSoC4/Pin_Green.h"
  97              		.file 3 "Generated_Source\\PSoC4/Pin_Red.h"
  98              		.file 4 "Generated_Source\\PSoC4/Pin_SW2.h"
  99              		.file 5 "Generated_Source\\PSoC4/Pin_SW2_Intr.h"
 100              		.section	.debug_info,"",%progbits
 101              	.Ldebug_info0:
 102 0000 3D010000 		.4byte	0x13d
 103 0004 0400     		.2byte	0x4
 104 0006 00000000 		.4byte	.Ldebug_abbrev0
 105 000a 04       		.byte	0x4
 106 000b 01       		.uleb128 0x1
 107 000c 0E010000 		.4byte	.LASF20
 108 0010 0C       		.byte	0xc
 109 0011 31000000 		.4byte	.LASF21
 110 0015 3D000000 		.4byte	.LASF22
 111 0019 00000000 		.4byte	.Ldebug_ranges0+0
 112 001d 00000000 		.4byte	0
 113 0021 00000000 		.4byte	.Ldebug_line0
 114 0025 02       		.uleb128 0x2
 115 0026 01       		.byte	0x1
 116 0027 06       		.byte	0x6
 117 0028 B1010000 		.4byte	.LASF0
 118 002c 02       		.uleb128 0x2
 119 002d 01       		.byte	0x1
 120 002e 08       		.byte	0x8
 121 002f D1000000 		.4byte	.LASF1
 122 0033 02       		.uleb128 0x2
 123 0034 02       		.byte	0x2
 124 0035 05       		.byte	0x5
 125 0036 D6010000 		.4byte	.LASF2
 126 003a 02       		.uleb128 0x2
 127 003b 02       		.byte	0x2
 128 003c 07       		.byte	0x7
 129 003d 0E000000 		.4byte	.LASF3
 130 0041 02       		.uleb128 0x2
 131 0042 04       		.byte	0x4
 132 0043 05       		.byte	0x5
 133 0044 EF000000 		.4byte	.LASF4
 134 0048 02       		.uleb128 0x2
 135 0049 04       		.byte	0x4
 136 004a 07       		.byte	0x7
 137 004b 78000000 		.4byte	.LASF5
 138 004f 02       		.uleb128 0x2
 139 0050 08       		.byte	0x8
 140 0051 05       		.byte	0x5
 141 0052 00000000 		.4byte	.LASF6
 142 0056 02       		.uleb128 0x2
 143 0057 08       		.byte	0x8
ARM GAS  C:\Users\JANUSD~1\AppData\Local\Temp\ccxc977N.s 			page 4


 144 0058 07       		.byte	0x7
 145 0059 8A000000 		.4byte	.LASF7
 146 005d 03       		.uleb128 0x3
 147 005e 04       		.byte	0x4
 148 005f 05       		.byte	0x5
 149 0060 696E7400 		.ascii	"int\000"
 150 0064 02       		.uleb128 0x2
 151 0065 04       		.byte	0x4
 152 0066 07       		.byte	0x7
 153 0067 E0010000 		.4byte	.LASF8
 154 006b 02       		.uleb128 0x2
 155 006c 04       		.byte	0x4
 156 006d 04       		.byte	0x4
 157 006e BD000000 		.4byte	.LASF9
 158 0072 02       		.uleb128 0x2
 159 0073 08       		.byte	0x8
 160 0074 04       		.byte	0x4
 161 0075 07010000 		.4byte	.LASF10
 162 0079 02       		.uleb128 0x2
 163 007a 01       		.byte	0x1
 164 007b 08       		.byte	0x8
 165 007c B8000000 		.4byte	.LASF11
 166 0080 02       		.uleb128 0x2
 167 0081 04       		.byte	0x4
 168 0082 07       		.byte	0x7
 169 0083 ED010000 		.4byte	.LASF12
 170 0087 02       		.uleb128 0x2
 171 0088 08       		.byte	0x8
 172 0089 04       		.byte	0x4
 173 008a BD010000 		.4byte	.LASF13
 174 008e 04       		.uleb128 0x4
 175 008f DF000000 		.4byte	.LASF23
 176 0093 01       		.byte	0x1
 177 0094 0E       		.byte	0xe
 178 0095 00000000 		.4byte	.LFB35
 179 0099 1C000000 		.4byte	.LFE35-.LFB35
 180 009d 01       		.uleb128 0x1
 181 009e 9C       		.byte	0x9c
 182 009f D1000000 		.4byte	0xd1
 183 00a3 05       		.uleb128 0x5
 184 00a4 06000000 		.4byte	.LVL0
 185 00a8 FE000000 		.4byte	0xfe
 186 00ac 05       		.uleb128 0x5
 187 00ad 0A000000 		.4byte	.LVL1
 188 00b1 09010000 		.4byte	0x109
 189 00b5 05       		.uleb128 0x5
 190 00b6 0E000000 		.4byte	.LVL2
 191 00ba 14010000 		.4byte	0x114
 192 00be 05       		.uleb128 0x5
 193 00bf 16000000 		.4byte	.LVL3
 194 00c3 1F010000 		.4byte	0x11f
 195 00c7 05       		.uleb128 0x5
 196 00c8 1A000000 		.4byte	.LVL4
 197 00cc 2A010000 		.4byte	0x12a
 198 00d0 00       		.byte	0
 199 00d1 06       		.uleb128 0x6
 200 00d2 38000000 		.4byte	.LASF24
ARM GAS  C:\Users\JANUSD~1\AppData\Local\Temp\ccxc977N.s 			page 5


 201 00d6 01       		.byte	0x1
 202 00d7 17       		.byte	0x17
 203 00d8 5D000000 		.4byte	0x5d
 204 00dc 00000000 		.4byte	.LFB36
 205 00e0 10000000 		.4byte	.LFE36-.LFB36
 206 00e4 01       		.uleb128 0x1
 207 00e5 9C       		.byte	0x9c
 208 00e6 FE000000 		.4byte	0xfe
 209 00ea 07       		.uleb128 0x7
 210 00eb 0A000000 		.4byte	.LVL5
 211 00ef 35010000 		.4byte	0x135
 212 00f3 08       		.uleb128 0x8
 213 00f4 01       		.uleb128 0x1
 214 00f5 50       		.byte	0x50
 215 00f6 05       		.uleb128 0x5
 216 00f7 03       		.byte	0x3
 217 00f8 00000000 		.4byte	Pin_SW2_Handler
 218 00fc 00       		.byte	0
 219 00fd 00       		.byte	0
 220 00fe 09       		.uleb128 0x9
 221 00ff F8000000 		.4byte	.LASF14
 222 0103 F8000000 		.4byte	.LASF14
 223 0107 02       		.byte	0x2
 224 0108 32       		.byte	0x32
 225 0109 09       		.uleb128 0x9
 226 010a C3000000 		.4byte	.LASF15
 227 010e C3000000 		.4byte	.LASF15
 228 0112 03       		.byte	0x3
 229 0113 33       		.byte	0x33
 230 0114 09       		.uleb128 0x9
 231 0115 C9010000 		.4byte	.LASF16
 232 0119 C9010000 		.4byte	.LASF16
 233 011d 03       		.byte	0x3
 234 011e 32       		.byte	0x32
 235 011f 09       		.uleb128 0x9
 236 0120 21000000 		.4byte	.LASF17
 237 0124 21000000 		.4byte	.LASF17
 238 0128 02       		.byte	0x2
 239 0129 33       		.byte	0x33
 240 012a 09       		.uleb128 0x9
 241 012b A1000000 		.4byte	.LASF18
 242 012f A1000000 		.4byte	.LASF18
 243 0133 04       		.byte	0x4
 244 0134 39       		.byte	0x39
 245 0135 09       		.uleb128 0x9
 246 0136 9C010000 		.4byte	.LASF19
 247 013a 9C010000 		.4byte	.LASF19
 248 013e 05       		.byte	0x5
 249 013f 18       		.byte	0x18
 250 0140 00       		.byte	0
 251              		.section	.debug_abbrev,"",%progbits
 252              	.Ldebug_abbrev0:
 253 0000 01       		.uleb128 0x1
 254 0001 11       		.uleb128 0x11
 255 0002 01       		.byte	0x1
 256 0003 25       		.uleb128 0x25
 257 0004 0E       		.uleb128 0xe
ARM GAS  C:\Users\JANUSD~1\AppData\Local\Temp\ccxc977N.s 			page 6


 258 0005 13       		.uleb128 0x13
 259 0006 0B       		.uleb128 0xb
 260 0007 03       		.uleb128 0x3
 261 0008 0E       		.uleb128 0xe
 262 0009 1B       		.uleb128 0x1b
 263 000a 0E       		.uleb128 0xe
 264 000b 55       		.uleb128 0x55
 265 000c 17       		.uleb128 0x17
 266 000d 11       		.uleb128 0x11
 267 000e 01       		.uleb128 0x1
 268 000f 10       		.uleb128 0x10
 269 0010 17       		.uleb128 0x17
 270 0011 00       		.byte	0
 271 0012 00       		.byte	0
 272 0013 02       		.uleb128 0x2
 273 0014 24       		.uleb128 0x24
 274 0015 00       		.byte	0
 275 0016 0B       		.uleb128 0xb
 276 0017 0B       		.uleb128 0xb
 277 0018 3E       		.uleb128 0x3e
 278 0019 0B       		.uleb128 0xb
 279 001a 03       		.uleb128 0x3
 280 001b 0E       		.uleb128 0xe
 281 001c 00       		.byte	0
 282 001d 00       		.byte	0
 283 001e 03       		.uleb128 0x3
 284 001f 24       		.uleb128 0x24
 285 0020 00       		.byte	0
 286 0021 0B       		.uleb128 0xb
 287 0022 0B       		.uleb128 0xb
 288 0023 3E       		.uleb128 0x3e
 289 0024 0B       		.uleb128 0xb
 290 0025 03       		.uleb128 0x3
 291 0026 08       		.uleb128 0x8
 292 0027 00       		.byte	0
 293 0028 00       		.byte	0
 294 0029 04       		.uleb128 0x4
 295 002a 2E       		.uleb128 0x2e
 296 002b 01       		.byte	0x1
 297 002c 3F       		.uleb128 0x3f
 298 002d 19       		.uleb128 0x19
 299 002e 03       		.uleb128 0x3
 300 002f 0E       		.uleb128 0xe
 301 0030 3A       		.uleb128 0x3a
 302 0031 0B       		.uleb128 0xb
 303 0032 3B       		.uleb128 0x3b
 304 0033 0B       		.uleb128 0xb
 305 0034 27       		.uleb128 0x27
 306 0035 19       		.uleb128 0x19
 307 0036 11       		.uleb128 0x11
 308 0037 01       		.uleb128 0x1
 309 0038 12       		.uleb128 0x12
 310 0039 06       		.uleb128 0x6
 311 003a 40       		.uleb128 0x40
 312 003b 18       		.uleb128 0x18
 313 003c 9742     		.uleb128 0x2117
 314 003e 19       		.uleb128 0x19
ARM GAS  C:\Users\JANUSD~1\AppData\Local\Temp\ccxc977N.s 			page 7


 315 003f 01       		.uleb128 0x1
 316 0040 13       		.uleb128 0x13
 317 0041 00       		.byte	0
 318 0042 00       		.byte	0
 319 0043 05       		.uleb128 0x5
 320 0044 898201   		.uleb128 0x4109
 321 0047 00       		.byte	0
 322 0048 11       		.uleb128 0x11
 323 0049 01       		.uleb128 0x1
 324 004a 31       		.uleb128 0x31
 325 004b 13       		.uleb128 0x13
 326 004c 00       		.byte	0
 327 004d 00       		.byte	0
 328 004e 06       		.uleb128 0x6
 329 004f 2E       		.uleb128 0x2e
 330 0050 01       		.byte	0x1
 331 0051 3F       		.uleb128 0x3f
 332 0052 19       		.uleb128 0x19
 333 0053 03       		.uleb128 0x3
 334 0054 0E       		.uleb128 0xe
 335 0055 3A       		.uleb128 0x3a
 336 0056 0B       		.uleb128 0xb
 337 0057 3B       		.uleb128 0x3b
 338 0058 0B       		.uleb128 0xb
 339 0059 27       		.uleb128 0x27
 340 005a 19       		.uleb128 0x19
 341 005b 49       		.uleb128 0x49
 342 005c 13       		.uleb128 0x13
 343 005d 8701     		.uleb128 0x87
 344 005f 19       		.uleb128 0x19
 345 0060 11       		.uleb128 0x11
 346 0061 01       		.uleb128 0x1
 347 0062 12       		.uleb128 0x12
 348 0063 06       		.uleb128 0x6
 349 0064 40       		.uleb128 0x40
 350 0065 18       		.uleb128 0x18
 351 0066 9742     		.uleb128 0x2117
 352 0068 19       		.uleb128 0x19
 353 0069 01       		.uleb128 0x1
 354 006a 13       		.uleb128 0x13
 355 006b 00       		.byte	0
 356 006c 00       		.byte	0
 357 006d 07       		.uleb128 0x7
 358 006e 898201   		.uleb128 0x4109
 359 0071 01       		.byte	0x1
 360 0072 11       		.uleb128 0x11
 361 0073 01       		.uleb128 0x1
 362 0074 31       		.uleb128 0x31
 363 0075 13       		.uleb128 0x13
 364 0076 00       		.byte	0
 365 0077 00       		.byte	0
 366 0078 08       		.uleb128 0x8
 367 0079 8A8201   		.uleb128 0x410a
 368 007c 00       		.byte	0
 369 007d 02       		.uleb128 0x2
 370 007e 18       		.uleb128 0x18
 371 007f 9142     		.uleb128 0x2111
ARM GAS  C:\Users\JANUSD~1\AppData\Local\Temp\ccxc977N.s 			page 8


 372 0081 18       		.uleb128 0x18
 373 0082 00       		.byte	0
 374 0083 00       		.byte	0
 375 0084 09       		.uleb128 0x9
 376 0085 2E       		.uleb128 0x2e
 377 0086 00       		.byte	0
 378 0087 3F       		.uleb128 0x3f
 379 0088 19       		.uleb128 0x19
 380 0089 3C       		.uleb128 0x3c
 381 008a 19       		.uleb128 0x19
 382 008b 6E       		.uleb128 0x6e
 383 008c 0E       		.uleb128 0xe
 384 008d 03       		.uleb128 0x3
 385 008e 0E       		.uleb128 0xe
 386 008f 3A       		.uleb128 0x3a
 387 0090 0B       		.uleb128 0xb
 388 0091 3B       		.uleb128 0x3b
 389 0092 0B       		.uleb128 0xb
 390 0093 00       		.byte	0
 391 0094 00       		.byte	0
 392 0095 00       		.byte	0
 393              		.section	.debug_aranges,"",%progbits
 394 0000 24000000 		.4byte	0x24
 395 0004 0200     		.2byte	0x2
 396 0006 00000000 		.4byte	.Ldebug_info0
 397 000a 04       		.byte	0x4
 398 000b 00       		.byte	0
 399 000c 0000     		.2byte	0
 400 000e 0000     		.2byte	0
 401 0010 00000000 		.4byte	.LFB35
 402 0014 1C000000 		.4byte	.LFE35-.LFB35
 403 0018 00000000 		.4byte	.LFB36
 404 001c 10000000 		.4byte	.LFE36-.LFB36
 405 0020 00000000 		.4byte	0
 406 0024 00000000 		.4byte	0
 407              		.section	.debug_ranges,"",%progbits
 408              	.Ldebug_ranges0:
 409 0000 00000000 		.4byte	.LFB35
 410 0004 1C000000 		.4byte	.LFE35
 411 0008 00000000 		.4byte	.LFB36
 412 000c 10000000 		.4byte	.LFE36
 413 0010 00000000 		.4byte	0
 414 0014 00000000 		.4byte	0
 415              		.section	.debug_line,"",%progbits
 416              	.Ldebug_line0:
 417 0000 99000000 		.section	.debug_str,"MS",%progbits,1
 417      02006F00 
 417      00000201 
 417      FB0E0D00 
 417      01010101 
 418              	.LASF6:
 419 0000 6C6F6E67 		.ascii	"long long int\000"
 419      206C6F6E 
 419      6720696E 
 419      7400
 420              	.LASF3:
 421 000e 73686F72 		.ascii	"short unsigned int\000"
ARM GAS  C:\Users\JANUSD~1\AppData\Local\Temp\ccxc977N.s 			page 9


 421      7420756E 
 421      7369676E 
 421      65642069 
 421      6E7400
 422              	.LASF17:
 423 0021 50696E5F 		.ascii	"Pin_Green_Write\000"
 423      47726565 
 423      6E5F5772 
 423      69746500 
 424              	.LASF21:
 425 0031 6D61696E 		.ascii	"main.c\000"
 425      2E6300
 426              	.LASF24:
 427 0038 6D61696E 		.ascii	"main\000"
 427      00
 428              	.LASF22:
 429 003d 433A5C55 		.ascii	"C:\\Users\\janusdg-win\\UCU\\Projects\\Design02_Int"
 429      73657273 
 429      5C6A616E 
 429      75736467 
 429      2D77696E 
 430 006b 65727261 		.ascii	"errapt.cydsn\000"
 430      70742E63 
 430      7964736E 
 430      00
 431              	.LASF5:
 432 0078 6C6F6E67 		.ascii	"long unsigned int\000"
 432      20756E73 
 432      69676E65 
 432      6420696E 
 432      7400
 433              	.LASF7:
 434 008a 6C6F6E67 		.ascii	"long long unsigned int\000"
 434      206C6F6E 
 434      6720756E 
 434      7369676E 
 434      65642069 
 435              	.LASF18:
 436 00a1 50696E5F 		.ascii	"Pin_SW2_ClearInterrupt\000"
 436      5357325F 
 436      436C6561 
 436      72496E74 
 436      65727275 
 437              	.LASF11:
 438 00b8 63686172 		.ascii	"char\000"
 438      00
 439              	.LASF9:
 440 00bd 666C6F61 		.ascii	"float\000"
 440      7400
 441              	.LASF15:
 442 00c3 50696E5F 		.ascii	"Pin_Red_Write\000"
 442      5265645F 
 442      57726974 
 442      6500
 443              	.LASF1:
 444 00d1 756E7369 		.ascii	"unsigned char\000"
 444      676E6564 
ARM GAS  C:\Users\JANUSD~1\AppData\Local\Temp\ccxc977N.s 			page 10


 444      20636861 
 444      7200
 445              	.LASF23:
 446 00df 50696E5F 		.ascii	"Pin_SW2_Handler\000"
 446      5357325F 
 446      48616E64 
 446      6C657200 
 447              	.LASF4:
 448 00ef 6C6F6E67 		.ascii	"long int\000"
 448      20696E74 
 448      00
 449              	.LASF14:
 450 00f8 50696E5F 		.ascii	"Pin_Green_Read\000"
 450      47726565 
 450      6E5F5265 
 450      616400
 451              	.LASF10:
 452 0107 646F7562 		.ascii	"double\000"
 452      6C6500
 453              	.LASF20:
 454 010e 474E5520 		.ascii	"GNU C11 5.4.1 20160609 (release) [ARM/embedded-5-br"
 454      43313120 
 454      352E342E 
 454      31203230 
 454      31363036 
 455 0141 616E6368 		.ascii	"anch revision 237715] -mcpu=cortex-m0 -mthumb -g -O"
 455      20726576 
 455      6973696F 
 455      6E203233 
 455      37373135 
 456 0174 67202D66 		.ascii	"g -ffunction-sections -ffat-lto-objects\000"
 456      66756E63 
 456      74696F6E 
 456      2D736563 
 456      74696F6E 
 457              	.LASF19:
 458 019c 50696E5F 		.ascii	"Pin_SW2_Intr_StartEx\000"
 458      5357325F 
 458      496E7472 
 458      5F537461 
 458      72744578 
 459              	.LASF0:
 460 01b1 7369676E 		.ascii	"signed char\000"
 460      65642063 
 460      68617200 
 461              	.LASF13:
 462 01bd 6C6F6E67 		.ascii	"long double\000"
 462      20646F75 
 462      626C6500 
 463              	.LASF16:
 464 01c9 50696E5F 		.ascii	"Pin_Red_Read\000"
 464      5265645F 
 464      52656164 
 464      00
 465              	.LASF2:
 466 01d6 73686F72 		.ascii	"short int\000"
 466      7420696E 
ARM GAS  C:\Users\JANUSD~1\AppData\Local\Temp\ccxc977N.s 			page 11


 466      7400
 467              	.LASF8:
 468 01e0 756E7369 		.ascii	"unsigned int\000"
 468      676E6564 
 468      20696E74 
 468      00
 469              	.LASF12:
 470 01ed 73697A65 		.ascii	"sizetype\000"
 470      74797065 
 470      00
 471              		.ident	"GCC: (GNU Tools for ARM Embedded Processors) 5.4.1 20160609 (release) [ARM/embedded-5-bran
