ARM GAS  C:\Users\JANUSD~1\AppData\Local\Temp\cceanjnJ.s 			page 1


   1              		.syntax unified
   2              		.cpu cortex-m0
   3              		.fpu softvfp
   4              		.eabi_attribute 20, 1
   5              		.eabi_attribute 21, 1
   6              		.eabi_attribute 23, 3
   7              		.eabi_attribute 24, 1
   8              		.eabi_attribute 25, 1
   9              		.eabi_attribute 26, 1
  10              		.eabi_attribute 30, 6
  11              		.eabi_attribute 34, 0
  12              		.eabi_attribute 18, 4
  13              		.thumb
  14              		.syntax unified
  15              		.file	"main.c"
  16              		.text
  17              	.Ltext0:
  18              		.cfi_sections	.debug_frame
  19              		.comm	current_watchdog_counter,2,2
  20              		.global	RGB_Collection
  21              		.data
  22              		.align	2
  23              		.type	RGB_Collection, %object
  24              		.size	RGB_Collection, 16
  25              	RGB_Collection:
  26 0000 00       		.byte	0
  27 0001 00       		.byte	0
  28 0002 FF       		.byte	-1
  29 0003 FF       		.byte	-1
  30 0004 FF       		.byte	-1
  31 0005 00       		.byte	0
  32 0006 FF       		.byte	-1
  33 0007 FF       		.byte	-1
  34 0008 00       		.byte	0
  35 0009 FF       		.byte	-1
  36 000a 00       		.byte	0
  37 000b FF       		.byte	-1
  38 000c FF       		.byte	-1
  39 000d FF       		.byte	-1
  40 000e 00       		.byte	0
  41 000f FF       		.byte	-1
  42              		.global	interrupt_counter
  43              		.bss
  44              		.align	2
  45              		.type	interrupt_counter, %object
  46              		.size	interrupt_counter, 4
  47              	interrupt_counter:
  48 0000 00000000 		.space	4
  49              		.section	.rodata
  50              		.align	2
  51              	.LC0:
  52 0000 53797465 		.ascii	"Sytem Started \000"
  52      6D205374 
  52      61727465 
  52      642000
  53              		.section	.text.main,"ax",%progbits
  54              		.align	2
ARM GAS  C:\Users\JANUSD~1\AppData\Local\Temp\cceanjnJ.s 			page 2


  55              		.global	main
  56              		.code	16
  57              		.thumb_func
  58              		.type	main, %function
  59              	main:
  60              	.LFB35:
  61              		.file 1 "main.c"
   1:main.c        **** /******************************************************************************
   2:main.c        **** * Project Name		: Mesh_Flood_PSoC4BLE
   3:main.c        **** * File Name			: main.c
   4:main.c        **** * Version 			: 1.0
   5:main.c        **** * Device Used		: CY8C4247LQI-BL483
   6:main.c        **** * Software Used		: PSoC Creator 3.1 SP1
   7:main.c        **** * Compiler    		: ARM GCC 4.8.4, ARM RVDS Generic, ARM MDK Generic
   8:main.c        **** * Related Hardware	: CY8CKIT-042-BLE Bluetooth Low Energy Pioneer Kit 
   9:main.c        **** * Owner             : roit@cypress.com
  10:main.c        **** *
  11:main.c        **** ********************************************************************************
  12:main.c        **** * Copyright (2014-15), Cypress Semiconductor Corporation. All Rights Reserved.
  13:main.c        **** ********************************************************************************
  14:main.c        **** * This software is owned by Cypress Semiconductor Corporation (Cypress)
  15:main.c        **** * and is protected by and subject to worldwide patent protection (United
  16:main.c        **** * States and foreign), United States copyright laws and international treaty
  17:main.c        **** * provisions. Cypress hereby grants to licensee a personal, non-exclusive,
  18:main.c        **** * non-transferable license to copy, use, modify, create derivative works of,
  19:main.c        **** * and compile the Cypress Source Code and derivative works for the sole
  20:main.c        **** * purpose of creating custom software in support of licensee product to be
  21:main.c        **** * used only in conjunction with a Cypress integrated circuit as specified in
  22:main.c        **** * the applicable agreement. Any reproduction, modification, translation,
  23:main.c        **** * compilation, or representation of this software except as specified above 
  24:main.c        **** * is prohibited without the express written permission of Cypress.
  25:main.c        **** *
  26:main.c        **** * Disclaimer: CYPRESS MAKES NO WARRANTY OF ANY KIND, EXPRESS OR IMPLIED, WITH 
  27:main.c        **** * REGARD TO THIS MATERIAL, INCLUDING, BUT NOT LIMITED TO, THE IMPLIED 
  28:main.c        **** * WARRANTIES OF MERCHANTABILITY AND FITNESS FOR A PARTICULAR PURPOSE.
  29:main.c        **** * Cypress reserves the right to make changes without further notice to the 
  30:main.c        **** * materials described herein. Cypress does not assume any liability arising out 
  31:main.c        **** * of the application or use of any product or circuit described herein. Cypress 
  32:main.c        **** * does not authorize its products for use as critical components in life-support 
  33:main.c        **** * systems where a malfunction or failure may reasonably be expected to result in 
  34:main.c        **** * significant injury to the user. The inclusion of Cypress' product in a life-
  35:main.c        **** * support systems application implies that the manufacturer assumes all risk of 
  36:main.c        **** * such use and in doing so indemnifies Cypress against all charges. 
  37:main.c        **** *
  38:main.c        **** * Use of this Software may be limited by and subject to the applicable Cypress
  39:main.c        **** * software license agreement. 
  40:main.c        **** *******************************************************************************/
  41:main.c        **** #include <main.h>
  42:main.c        **** 
  43:main.c        **** extern uint8 switch_Role;
  44:main.c        **** extern uint8 ble_gap_state;
  45:main.c        **** extern uint8 deviceConnected;
  46:main.c        **** 
  47:main.c        **** extern uint8 restartScanning;
  48:main.c        **** 
  49:main.c        **** extern uint8 dataADVCounter;
  50:main.c        **** 
ARM GAS  C:\Users\JANUSD~1\AppData\Local\Temp\cceanjnJ.s 			page 3


  51:main.c        **** 
  52:main.c        **** #ifdef ENABLE_ADV_DATA_COUNTER
  53:main.c        **** extern CYBLE_GAPP_DISC_DATA_T  new_advData;
  54:main.c        **** extern uint8 potential_node_found;
  55:main.c        **** extern uint8 potential_node_bdAddr[6];
  56:main.c        **** extern uint8 potential_node_bdAddrType;
  57:main.c        **** #endif
  58:main.c        **** 
  59:main.c        **** extern uint8 clientConnectToDevice;
  60:main.c        **** extern CYBLE_GAP_BD_ADDR_T				peripAddr;
  61:main.c        **** 
  62:main.c        **** CY_ISR_PROTO(CC_TC_InterruptHandler);
  63:main.c        **** 
  64:main.c        **** uint8 RGB_Collection[4][4] = {
  65:main.c        ****     {0, 0, 0xFF, 0xFF},
  66:main.c        ****     {0xFF, 0, 0xFF, 0xFF},
  67:main.c        ****     {0, 0xFF, 0, 0xFF},
  68:main.c        ****     {0xFF, 0xFF, 0, 0xFF},
  69:main.c        **** };
  70:main.c        **** int interrupt_counter = 0;
  71:main.c        **** 
  72:main.c        **** /*******************************************************************************
  73:main.c        **** * Function Name: main
  74:main.c        **** ********************************************************************************
  75:main.c        **** * Summary:
  76:main.c        **** *       Entry point for the firmware, Starts the system and continuously processes
  77:main.c        **** * Application and BLE events.
  78:main.c        **** *
  79:main.c        **** * Parameters:
  80:main.c        **** *  void
  81:main.c        **** *
  82:main.c        **** * Return:
  83:main.c        **** *  int
  84:main.c        **** *
  85:main.c        **** *******************************************************************************/
  86:main.c        **** int main()
  87:main.c        **** {
  62              		.loc 1 87 0
  63              		.cfi_startproc
  64              		@ args = 0, pretend = 0, frame = 0
  65              		@ frame_needed = 1, uses_anonymous_args = 0
  66 0000 80B5     		push	{r7, lr}
  67              		.cfi_def_cfa_offset 8
  68              		.cfi_offset 7, -8
  69              		.cfi_offset 14, -4
  70 0002 00AF     		add	r7, sp, #0
  71              		.cfi_def_cfa_register 7
  88:main.c        ****     /* Initialize system */	
  89:main.c        **** 	InitializeSystem();
  72              		.loc 1 89 0
  73 0004 FFF7FEFF 		bl	InitializeSystem
  90:main.c        **** 	
  91:main.c        **** 	#ifdef DEBUG_ENABLED
  92:main.c        **** 		UART_UartPutString("Sytem Started ");
  74              		.loc 1 92 0
  75 0008 074B     		ldr	r3, .L3
  76 000a 1800     		movs	r0, r3
ARM GAS  C:\Users\JANUSD~1\AppData\Local\Temp\cceanjnJ.s 			page 4


  77 000c FFF7FEFF 		bl	UART_UartPutString
  93:main.c        **** 		UART_UartPutCRLF(' ');
  78              		.loc 1 93 0
  79 0010 2020     		movs	r0, #32
  80 0012 FFF7FEFF 		bl	UART_UartPutCRLF
  81              	.L2:
  94:main.c        **** 	#endif
  95:main.c        ****    
  96:main.c        ****     for(;;)
  97:main.c        ****     {
  98:main.c        **** 		/* Process BLE Events. This function generates the respective 
  99:main.c        **** 		* events to application layer */
 100:main.c        **** 		CyBle_ProcessEvents();
  82              		.loc 1 100 0 discriminator 1
  83 0016 FFF7FEFF 		bl	CyBle_ProcessEvents
 101:main.c        **** 
 102:main.c        **** 		/* If flag is set, then switch the GAP role between Peripheral and 
 103:main.c        **** 		* Central. This function disconnects existing connection, if any, 
 104:main.c        **** 		* before switching role. Depending on switched role, the system will
 105:main.c        **** 		* either start scanning or start advertisement */
 106:main.c        **** 		SwitchRole();
  84              		.loc 1 106 0 discriminator 1
  85 001a FFF7FEFF 		bl	SwitchRole
 107:main.c        **** 		
 108:main.c        **** 		/* If a valid node is found, then this function will initiate a connection 
 109:main.c        **** 		* to that node. */
 110:main.c        **** 		ConnectToPeripheralDevice();
  86              		.loc 1 110 0 discriminator 1
  87 001e FFF7FEFF 		bl	ConnectToPeripheralDevice
 111:main.c        **** 		
 112:main.c        **** 		/* This function will restart scanning when earlier connection has been
 113:main.c        **** 		* disconnected. This function also checks internal counter and sets flag to
 114:main.c        **** 		* switch role from Central to Peripheral when the count is above set value. */
 115:main.c        **** 		RestartCentralScanning();
  88              		.loc 1 115 0 discriminator 1
  89 0022 FFF7FEFF 		bl	RestartCentralScanning
 116:main.c        ****     }
  90              		.loc 1 116 0 discriminator 1
  91 0026 F6E7     		b	.L2
  92              	.L4:
  93              		.align	2
  94              	.L3:
  95 0028 00000000 		.word	.LC0
  96              		.cfi_endproc
  97              	.LFE35:
  98              		.size	main, .-main
  99              		.section	.rodata
 100 000f 00       		.align	2
 101              	.LC7:
 102 0010 48656C6C 		.ascii	"Helloushki\012\000"
 102      6F757368 
 102      6B690A00 
 103              		.align	2
 104              	.LC9:
 105 001c 2D2D2D2D 		.ascii	"--------------------------Mesh Flood---------------"
 105      2D2D2D2D 
 105      2D2D2D2D 
ARM GAS  C:\Users\JANUSD~1\AppData\Local\Temp\cceanjnJ.s 			page 5


 105      2D2D2D2D 
 105      2D2D2D2D 
 106 004f 2D2D2D2D 		.ascii	"---------------------------\000"
 106      2D2D2D2D 
 106      2D2D2D2D 
 106      2D2D2D2D 
 106      2D2D2D2D 
 107              		.section	.text.InitializeSystem,"ax",%progbits
 108              		.align	2
 109              		.global	InitializeSystem
 110              		.code	16
 111              		.thumb_func
 112              		.type	InitializeSystem, %function
 113              	InitializeSystem:
 114              	.LFB36:
 117:main.c        **** }
 118:main.c        **** 
 119:main.c        **** /*******************************************************************************
 120:main.c        **** * Function Name: InitializeSystem
 121:main.c        **** ********************************************************************************
 122:main.c        **** * Summary:
 123:main.c        **** *       Starts the components in the project and registers BLE event handler 
 124:main.c        **** * function. It also modifies the advertisement packet and appends data counter
 125:main.c        **** * at its end.
 126:main.c        **** *
 127:main.c        **** * Parameters:
 128:main.c        **** *  void
 129:main.c        **** *
 130:main.c        **** * Return:
 131:main.c        **** *  void
 132:main.c        **** *
 133:main.c        **** *******************************************************************************/
 134:main.c        **** void InitializeSystem(void)
 135:main.c        **** {
 115              		.loc 1 135 0
 116              		.cfi_startproc
 117              		@ args = 0, pretend = 0, frame = 0
 118              		@ frame_needed = 1, uses_anonymous_args = 0
 119 0000 80B5     		push	{r7, lr}
 120              		.cfi_def_cfa_offset 8
 121              		.cfi_offset 7, -8
 122              		.cfi_offset 14, -4
 123 0002 00AF     		add	r7, sp, #0
 124              		.cfi_def_cfa_register 7
 136:main.c        **** 	/* Enable global interrupts. */
 137:main.c        **** 	CyGlobalIntEnable;
 125              		.loc 1 137 0
 126              		.syntax divided
 127              	@ 137 "main.c" 1
 128 0004 62B6     		CPSIE   i
 129              	@ 0 "" 2
 138:main.c        **** 	
 139:main.c        **** 	/* Start BLE component and Register the generic Event callback function */
 140:main.c        **** 	CyBle_Start(GenericEventHandler);
 130              		.loc 1 140 0
 131              		.thumb
 132              		.syntax unified
ARM GAS  C:\Users\JANUSD~1\AppData\Local\Temp\cceanjnJ.s 			page 6


 133 0006 2C4B     		ldr	r3, .L7
 134 0008 1800     		movs	r0, r3
 135 000a FFF7FEFF 		bl	CyBle_Start
 141:main.c        ****     
 142:main.c        ****     // Define interrupt handle for color changes
 143:main.c        ****     //PWM_1sWindow_Start();
 144:main.c        ****     isr_Counter_StartEx(CC_TC_InterruptHandler);
 136              		.loc 1 144 0
 137 000e 2B4B     		ldr	r3, .L7+4
 138 0010 1800     		movs	r0, r3
 139 0012 FFF7FEFF 		bl	isr_Counter_StartEx
 145:main.c        **** 	
 146:main.c        **** 	/* Start the PrISM component and configure drive mode of LED pins to be
 147:main.c        **** 	* initially OFF*/
 148:main.c        **** 	PrISM_1_Start();
 140              		.loc 1 148 0
 141 0016 FFF7FEFF 		bl	PrISM_1_Start
 149:main.c        **** 	PrISM_2_Start();
 142              		.loc 1 149 0
 143 001a FFF7FEFF 		bl	PrISM_2_Start
 150:main.c        **** 	
 151:main.c        **** 	PrISM_1_WritePulse0(255);
 144              		.loc 1 151 0
 145 001e FF20     		movs	r0, #255
 146 0020 FFF7FEFF 		bl	PrISM_1_WritePulse0
 152:main.c        **** 	PrISM_1_WritePulse1(255);
 147              		.loc 1 152 0
 148 0024 FF20     		movs	r0, #255
 149 0026 FFF7FEFF 		bl	PrISM_1_WritePulse1
 153:main.c        **** 	PrISM_2_WritePulse0(255);
 150              		.loc 1 153 0
 151 002a FF20     		movs	r0, #255
 152 002c FFF7FEFF 		bl	PrISM_2_WritePulse0
 154:main.c        **** 	
 155:main.c        **** 	RED_SetDriveMode(RED_DM_STRONG);
 153              		.loc 1 155 0
 154 0030 0620     		movs	r0, #6
 155 0032 FFF7FEFF 		bl	RED_SetDriveMode
 156:main.c        **** 	GREEN_SetDriveMode(GREEN_DM_STRONG);
 156              		.loc 1 156 0
 157 0036 0620     		movs	r0, #6
 158 0038 FFF7FEFF 		bl	GREEN_SetDriveMode
 157:main.c        **** 	BLUE_SetDriveMode(BLUE_DM_STRONG);
 159              		.loc 1 157 0
 160 003c 0620     		movs	r0, #6
 161 003e FFF7FEFF 		bl	BLUE_SetDriveMode
 158:main.c        **** 	
 159:main.c        **** 	/* Configure the Watchdog (WDT) timer for 100 millisecond timing */
 160:main.c        **** 	InitializeWatchdog(WATCHDOG_COUNT_VAL);
 162              		.loc 1 160 0
 163 0042 1F4B     		ldr	r3, .L7+8
 164 0044 1800     		movs	r0, r3
 165 0046 FFF7FEFF 		bl	InitializeWatchdog
 161:main.c        **** 
 162:main.c        **** 	#ifdef ENABLE_ADV_DATA_COUNTER
 163:main.c        **** 	new_advData = *cyBle_discoveryModeInfo.advData;
 166              		.loc 1 163 0
ARM GAS  C:\Users\JANUSD~1\AppData\Local\Temp\cceanjnJ.s 			page 7


 167 004a 1E4B     		ldr	r3, .L7+12
 168 004c 9B68     		ldr	r3, [r3, #8]
 169 004e 1E4A     		ldr	r2, .L7+16
 170 0050 1000     		movs	r0, r2
 171 0052 1900     		movs	r1, r3
 172 0054 2023     		movs	r3, #32
 173 0056 1A00     		movs	r2, r3
 174 0058 FFF7FEFF 		bl	memcpy
 164:main.c        **** 	
 165:main.c        **** 	if( cyBle_discoveryModeInfo.advData->advDataLen < 29)
 175              		.loc 1 165 0
 176 005c 194B     		ldr	r3, .L7+12
 177 005e 9B68     		ldr	r3, [r3, #8]
 178 0060 DB7F     		ldrb	r3, [r3, #31]
 179 0062 1C2B     		cmp	r3, #28
 180 0064 15D8     		bhi	.L6
 166:main.c        **** 	{
 167:main.c        **** 		/* Initialize the DataCounter data in advertisement packet. This is custom data in 
 168:main.c        **** 		* ADV packet and used to track whether the RGB LED data is latest or not */
 169:main.c        **** 		new_advData.advData[cyBle_discoveryModeInfo.advData->advDataLen] = CUSTOM_ADV_DATA_MARKER;	
 181              		.loc 1 169 0
 182 0066 174B     		ldr	r3, .L7+12
 183 0068 9B68     		ldr	r3, [r3, #8]
 184 006a DB7F     		ldrb	r3, [r3, #31]
 185 006c 1A00     		movs	r2, r3
 186 006e 164B     		ldr	r3, .L7+16
 187 0070 0121     		movs	r1, #1
 188 0072 9954     		strb	r1, [r3, r2]
 170:main.c        **** 		new_advData.advData[cyBle_discoveryModeInfo.advData->advDataLen+1] = dataADVCounter;
 189              		.loc 1 170 0
 190 0074 134B     		ldr	r3, .L7+12
 191 0076 9B68     		ldr	r3, [r3, #8]
 192 0078 DB7F     		ldrb	r3, [r3, #31]
 193 007a 0133     		adds	r3, r3, #1
 194 007c 134A     		ldr	r2, .L7+20
 195 007e 1178     		ldrb	r1, [r2]
 196 0080 114A     		ldr	r2, .L7+16
 197 0082 D154     		strb	r1, [r2, r3]
 171:main.c        **** 		new_advData.advDataLen = cyBle_discoveryModeInfo.advData->advDataLen+2;
 198              		.loc 1 171 0
 199 0084 0F4B     		ldr	r3, .L7+12
 200 0086 9B68     		ldr	r3, [r3, #8]
 201 0088 DB7F     		ldrb	r3, [r3, #31]
 202 008a 0233     		adds	r3, r3, #2
 203 008c DAB2     		uxtb	r2, r3
 204 008e 0E4B     		ldr	r3, .L7+16
 205 0090 DA77     		strb	r2, [r3, #31]
 206              	.L6:
 172:main.c        **** 	}
 173:main.c        **** 	
 174:main.c        **** 	/* Assign the new ADV data to stack */
 175:main.c        **** 	cyBle_discoveryModeInfo.advData = &new_advData;
 207              		.loc 1 175 0
 208 0092 0C4B     		ldr	r3, .L7+12
 209 0094 0C4A     		ldr	r2, .L7+16
 210 0096 9A60     		str	r2, [r3, #8]
 176:main.c        **** 	#endif
ARM GAS  C:\Users\JANUSD~1\AppData\Local\Temp\cceanjnJ.s 			page 8


 177:main.c        **** 		
 178:main.c        **** 	/* Provide a color pusle on RGB LED to indicate startup */
 179:main.c        **** 	//PrISM_1_WritePulse1(128);
 180:main.c        **** 	//CyDelay(20);
 181:main.c        **** 	//PrISM_1_WritePulse1(255);
 182:main.c        **** 	
 183:main.c        ****     UART_Start();
 211              		.loc 1 183 0
 212 0098 FFF7FEFF 		bl	UART_Start
 184:main.c        ****     UART_UartPutString("Helloushki\n");
 213              		.loc 1 184 0
 214 009c 0C4B     		ldr	r3, .L7+24
 215 009e 1800     		movs	r0, r3
 216 00a0 FFF7FEFF 		bl	UART_UartPutString
 185:main.c        **** 	#ifdef DEBUG_ENABLED
 186:main.c        **** 		
 187:main.c        **** 		UART_UartPutString("--------------------------Mesh Flood-----------------------------------------
 217              		.loc 1 187 0
 218 00a4 0B4B     		ldr	r3, .L7+28
 219 00a6 1800     		movs	r0, r3
 220 00a8 FFF7FEFF 		bl	UART_UartPutString
 188:main.c        **** 		UART_UartPutCRLF(' ');
 221              		.loc 1 188 0
 222 00ac 2020     		movs	r0, #32
 223 00ae FFF7FEFF 		bl	UART_UartPutCRLF
 189:main.c        **** 	#endif
 190:main.c        **** }
 224              		.loc 1 190 0
 225 00b2 C046     		nop
 226 00b4 BD46     		mov	sp, r7
 227              		@ sp needed
 228 00b6 80BD     		pop	{r7, pc}
 229              	.L8:
 230              		.align	2
 231              	.L7:
 232 00b8 00000000 		.word	GenericEventHandler
 233 00bc 00000000 		.word	CC_TC_InterruptHandler
 234 00c0 CC0C0000 		.word	3276
 235 00c4 00000000 		.word	cyBle_discoveryModeInfo
 236 00c8 00000000 		.word	new_advData
 237 00cc 00000000 		.word	dataADVCounter
 238 00d0 10000000 		.word	.LC7
 239 00d4 1C000000 		.word	.LC9
 240              		.cfi_endproc
 241              	.LFE36:
 242              		.size	InitializeSystem, .-InitializeSystem
 243              		.section	.text.CC_TC_InterruptHandler,"ax",%progbits
 244              		.align	2
 245              		.global	CC_TC_InterruptHandler
 246              		.code	16
 247              		.thumb_func
 248              		.type	CC_TC_InterruptHandler, %function
 249              	CC_TC_InterruptHandler:
 250              	.LFB37:
 191:main.c        **** 
 192:main.c        **** 
 193:main.c        **** CY_ISR(CC_TC_InterruptHandler)
ARM GAS  C:\Users\JANUSD~1\AppData\Local\Temp\cceanjnJ.s 			page 9


 194:main.c        **** {
 251              		.loc 1 194 0
 252              		.cfi_startproc
 253              		@ args = 0, pretend = 0, frame = 0
 254              		@ frame_needed = 1, uses_anonymous_args = 0
 255 0000 80B5     		push	{r7, lr}
 256              		.cfi_def_cfa_offset 8
 257              		.cfi_offset 7, -8
 258              		.cfi_offset 14, -4
 259 0002 00AF     		add	r7, sp, #0
 260              		.cfi_def_cfa_register 7
 195:main.c        ****     sendColorDataToNetwork(RGB_Collection[interrupt_counter]);
 261              		.loc 1 195 0
 262 0004 0E4B     		ldr	r3, .L12
 263 0006 1B68     		ldr	r3, [r3]
 264 0008 9A00     		lsls	r2, r3, #2
 265 000a 0E4B     		ldr	r3, .L12+4
 266 000c D318     		adds	r3, r2, r3
 267 000e 1800     		movs	r0, r3
 268 0010 FFF7FEFF 		bl	sendColorDataToNetwork
 196:main.c        ****     SwitchRole();
 269              		.loc 1 196 0
 270 0014 FFF7FEFF 		bl	SwitchRole
 197:main.c        **** 	ConnectToPeripheralDevice();
 271              		.loc 1 197 0
 272 0018 FFF7FEFF 		bl	ConnectToPeripheralDevice
 198:main.c        **** 	RestartCentralScanning();
 273              		.loc 1 198 0
 274 001c FFF7FEFF 		bl	RestartCentralScanning
 199:main.c        ****     interrupt_counter++;
 275              		.loc 1 199 0
 276 0020 074B     		ldr	r3, .L12
 277 0022 1B68     		ldr	r3, [r3]
 278 0024 5A1C     		adds	r2, r3, #1
 279 0026 064B     		ldr	r3, .L12
 280 0028 1A60     		str	r2, [r3]
 200:main.c        ****     if (interrupt_counter == 4) {
 281              		.loc 1 200 0
 282 002a 054B     		ldr	r3, .L12
 283 002c 1B68     		ldr	r3, [r3]
 284 002e 042B     		cmp	r3, #4
 285 0030 02D1     		bne	.L11
 201:main.c        ****         interrupt_counter = 0;
 286              		.loc 1 201 0
 287 0032 034B     		ldr	r3, .L12
 288 0034 0022     		movs	r2, #0
 289 0036 1A60     		str	r2, [r3]
 290              	.L11:
 202:main.c        ****     }
 203:main.c        ****     //PWM_1sWindow_ClearInterrupt(PWM_1sWindow_INTR_MASK_CC_MATCH);
 204:main.c        ****     //PWM_1sWindow_ClearInterrupt(PWM_1sWindow_INTR_MASK_TC);
 205:main.c        **** }
 291              		.loc 1 205 0
 292 0038 C046     		nop
 293 003a BD46     		mov	sp, r7
 294              		@ sp needed
 295 003c 80BD     		pop	{r7, pc}
ARM GAS  C:\Users\JANUSD~1\AppData\Local\Temp\cceanjnJ.s 			page 10


 296              	.L13:
 297 003e C046     		.align	2
 298              	.L12:
 299 0040 00000000 		.word	interrupt_counter
 300 0044 00000000 		.word	RGB_Collection
 301              		.cfi_endproc
 302              	.LFE37:
 303              		.size	CC_TC_InterruptHandler, .-CC_TC_InterruptHandler
 304              		.global	__aeabi_idiv
 305              		.section	.rodata
 306 006b 00       		.align	2
 307              	.LC13:
 308 006c 50724953 		.ascii	"PrISM Updated \000"
 308      4D205570 
 308      64617465 
 308      642000
 309              		.section	.text.UpdateRGBled,"ax",%progbits
 310              		.align	2
 311              		.global	UpdateRGBled
 312              		.code	16
 313              		.thumb_func
 314              		.type	UpdateRGBled, %function
 315              	UpdateRGBled:
 316              	.LFB38:
 206:main.c        **** 
 207:main.c        **** 
 208:main.c        **** /*******************************************************************************
 209:main.c        **** * Function Name: UpdateRGBled
 210:main.c        **** ********************************************************************************
 211:main.c        **** * Summary:
 212:main.c        **** *        Update the RGB LED color by reconfiguring PrISM component. This function 
 213:main.c        **** * is valid for PSoC 4 BLE parts and not PROC BLE, as PRoC BLE does not have UDBs
 214:main.c        **** * that makes up the PrISM component. To replace this with software PrISM, refer to
 215:main.c        **** * CY8CKIT-042-BLE Pioneer Kit example project, PRoC_BLE_CapSense_Slider_LED, from
 216:main.c        **** * http://www.cypress.com/CY8CKIT-042-BLE
 217:main.c        **** *
 218:main.c        **** * Parameters:
 219:main.c        **** *  rgb_led_data: array storing the RGB and Intensity vlaue
 220:main.c        **** *  len: length of the array.
 221:main.c        **** *
 222:main.c        **** * Return:
 223:main.c        **** *  void
 224:main.c        **** *
 225:main.c        **** *******************************************************************************/
 226:main.c        **** void UpdateRGBled(uint8 * rgb_led_data, uint8 len)
 227:main.c        **** {
 317              		.loc 1 227 0
 318              		.cfi_startproc
 319              		@ args = 0, pretend = 0, frame = 16
 320              		@ frame_needed = 1, uses_anonymous_args = 0
 321 0000 80B5     		push	{r7, lr}
 322              		.cfi_def_cfa_offset 8
 323              		.cfi_offset 7, -8
 324              		.cfi_offset 14, -4
 325 0002 84B0     		sub	sp, sp, #16
 326              		.cfi_def_cfa_offset 24
 327 0004 00AF     		add	r7, sp, #0
ARM GAS  C:\Users\JANUSD~1\AppData\Local\Temp\cceanjnJ.s 			page 11


 328              		.cfi_def_cfa_register 7
 329 0006 7860     		str	r0, [r7, #4]
 330 0008 0A00     		movs	r2, r1
 331 000a FB1C     		adds	r3, r7, #3
 332 000c 1A70     		strb	r2, [r3]
 228:main.c        **** 	uint8 calc_red, calc_green, calc_blue;
 229:main.c        **** 	
 230:main.c        **** 	if(len == RGB_LED_DATA_LEN)
 333              		.loc 1 230 0
 334 000e FB1C     		adds	r3, r7, #3
 335 0010 1B78     		ldrb	r3, [r3]
 336 0012 042B     		cmp	r3, #4
 337 0014 50D1     		bne	.L16
 231:main.c        **** 	{
 232:main.c        **** 		/* If a valid length packet has been sent, calculate the intensity of each of
 233:main.c        **** 		* R, G and B color and update the PrISM module */
 234:main.c        **** 		calc_red = (uint8)(((uint16)rgb_led_data[RGB_RED_INDEX]*rgb_led_data[RGB_INTENSITY_INDEX])/RGB_LE
 338              		.loc 1 234 0
 339 0016 7B68     		ldr	r3, [r7, #4]
 340 0018 1B78     		ldrb	r3, [r3]
 341 001a 1A00     		movs	r2, r3
 342 001c 7B68     		ldr	r3, [r7, #4]
 343 001e 0333     		adds	r3, r3, #3
 344 0020 1B78     		ldrb	r3, [r3]
 345 0022 5343     		muls	r3, r2
 346 0024 FF21     		movs	r1, #255
 347 0026 1800     		movs	r0, r3
 348 0028 FFF7FEFF 		bl	__aeabi_idiv
 349 002c 0300     		movs	r3, r0
 350 002e 1A00     		movs	r2, r3
 351 0030 0F23     		movs	r3, #15
 352 0032 FB18     		adds	r3, r7, r3
 353 0034 1A70     		strb	r2, [r3]
 235:main.c        **** 		calc_green = (uint8)(((uint16)rgb_led_data[RGB_GREEN_INDEX]*rgb_led_data[RGB_INTENSITY_INDEX])/RG
 354              		.loc 1 235 0
 355 0036 7B68     		ldr	r3, [r7, #4]
 356 0038 0133     		adds	r3, r3, #1
 357 003a 1B78     		ldrb	r3, [r3]
 358 003c 1A00     		movs	r2, r3
 359 003e 7B68     		ldr	r3, [r7, #4]
 360 0040 0333     		adds	r3, r3, #3
 361 0042 1B78     		ldrb	r3, [r3]
 362 0044 5343     		muls	r3, r2
 363 0046 FF21     		movs	r1, #255
 364 0048 1800     		movs	r0, r3
 365 004a FFF7FEFF 		bl	__aeabi_idiv
 366 004e 0300     		movs	r3, r0
 367 0050 1A00     		movs	r2, r3
 368 0052 0E23     		movs	r3, #14
 369 0054 FB18     		adds	r3, r7, r3
 370 0056 1A70     		strb	r2, [r3]
 236:main.c        **** 		calc_blue = (uint8)(((uint16)rgb_led_data[RGB_BLUE_INDEX]*rgb_led_data[RGB_INTENSITY_INDEX])/RGB_
 371              		.loc 1 236 0
 372 0058 7B68     		ldr	r3, [r7, #4]
 373 005a 0233     		adds	r3, r3, #2
 374 005c 1B78     		ldrb	r3, [r3]
 375 005e 1A00     		movs	r2, r3
ARM GAS  C:\Users\JANUSD~1\AppData\Local\Temp\cceanjnJ.s 			page 12


 376 0060 7B68     		ldr	r3, [r7, #4]
 377 0062 0333     		adds	r3, r3, #3
 378 0064 1B78     		ldrb	r3, [r3]
 379 0066 5343     		muls	r3, r2
 380 0068 FF21     		movs	r1, #255
 381 006a 1800     		movs	r0, r3
 382 006c FFF7FEFF 		bl	__aeabi_idiv
 383 0070 0300     		movs	r3, r0
 384 0072 1A00     		movs	r2, r3
 385 0074 0D23     		movs	r3, #13
 386 0076 FB18     		adds	r3, r7, r3
 387 0078 1A70     		strb	r2, [r3]
 237:main.c        **** 		
 238:main.c        **** 		PrISM_1_WritePulse0(RGB_LED_MAX_VAL - calc_red);
 388              		.loc 1 238 0
 389 007a 0F23     		movs	r3, #15
 390 007c FB18     		adds	r3, r7, r3
 391 007e 1B78     		ldrb	r3, [r3]
 392 0080 DB43     		mvns	r3, r3
 393 0082 DBB2     		uxtb	r3, r3
 394 0084 1800     		movs	r0, r3
 395 0086 FFF7FEFF 		bl	PrISM_1_WritePulse0
 239:main.c        **** 		PrISM_1_WritePulse1(RGB_LED_MAX_VAL - calc_green);
 396              		.loc 1 239 0
 397 008a 0E23     		movs	r3, #14
 398 008c FB18     		adds	r3, r7, r3
 399 008e 1B78     		ldrb	r3, [r3]
 400 0090 DB43     		mvns	r3, r3
 401 0092 DBB2     		uxtb	r3, r3
 402 0094 1800     		movs	r0, r3
 403 0096 FFF7FEFF 		bl	PrISM_1_WritePulse1
 240:main.c        **** 		PrISM_2_WritePulse0(RGB_LED_MAX_VAL - calc_blue);
 404              		.loc 1 240 0
 405 009a 0D23     		movs	r3, #13
 406 009c FB18     		adds	r3, r7, r3
 407 009e 1B78     		ldrb	r3, [r3]
 408 00a0 DB43     		mvns	r3, r3
 409 00a2 DBB2     		uxtb	r3, r3
 410 00a4 1800     		movs	r0, r3
 411 00a6 FFF7FEFF 		bl	PrISM_2_WritePulse0
 241:main.c        **** 		
 242:main.c        **** 		#ifdef DEBUG_ENABLED
 243:main.c        **** 			UART_UartPutString("PrISM Updated ");
 412              		.loc 1 243 0
 413 00aa 054B     		ldr	r3, .L17
 414 00ac 1800     		movs	r0, r3
 415 00ae FFF7FEFF 		bl	UART_UartPutString
 244:main.c        **** 			UART_UartPutCRLF(' ');
 416              		.loc 1 244 0
 417 00b2 2020     		movs	r0, #32
 418 00b4 FFF7FEFF 		bl	UART_UartPutCRLF
 419              	.L16:
 245:main.c        **** 		#endif
 246:main.c        **** 	}
 247:main.c        **** }
 420              		.loc 1 247 0
 421 00b8 C046     		nop
ARM GAS  C:\Users\JANUSD~1\AppData\Local\Temp\cceanjnJ.s 			page 13


 422 00ba BD46     		mov	sp, r7
 423 00bc 04B0     		add	sp, sp, #16
 424              		@ sp needed
 425 00be 80BD     		pop	{r7, pc}
 426              	.L18:
 427              		.align	2
 428              	.L17:
 429 00c0 6C000000 		.word	.LC13
 430              		.cfi_endproc
 431              	.LFE38:
 432              		.size	UpdateRGBled, .-UpdateRGBled
 433              		.text
 434              	.Letext0:
 435              		.file 2 "Generated_Source\\PSoC4/cytypes.h"
 436              		.file 3 "Generated_Source\\PSoC4/BLE_Stack.h"
 437              		.file 4 "Generated_Source\\PSoC4/BLE_StackGap.h"
 438              		.file 5 "Generated_Source\\PSoC4/BLE_eventHandler.h"
 439              		.file 6 "Generated_Source\\PSoC4/BLE.h"
 440              		.file 7 "./main.h"
 441              		.section	.debug_info,"",%progbits
 442              	.Ldebug_info0:
 443 0000 33050000 		.4byte	0x533
 444 0004 0400     		.2byte	0x4
 445 0006 00000000 		.4byte	.Ldebug_abbrev0
 446 000a 04       		.byte	0x4
 447 000b 01       		.uleb128 0x1
 448 000c 89060000 		.4byte	.LASF131
 449 0010 0C       		.byte	0xc
 450 0011 61060000 		.4byte	.LASF132
 451 0015 CF050000 		.4byte	.LASF133
 452 0019 00000000 		.4byte	.Ldebug_ranges0+0
 453 001d 00000000 		.4byte	0
 454 0021 00000000 		.4byte	.Ldebug_line0
 455 0025 02       		.uleb128 0x2
 456 0026 01       		.byte	0x1
 457 0027 06       		.byte	0x6
 458 0028 D7020000 		.4byte	.LASF0
 459 002c 02       		.uleb128 0x2
 460 002d 01       		.byte	0x1
 461 002e 08       		.byte	0x8
 462 002f 80090000 		.4byte	.LASF1
 463 0033 02       		.uleb128 0x2
 464 0034 02       		.byte	0x2
 465 0035 05       		.byte	0x5
 466 0036 C3090000 		.4byte	.LASF2
 467 003a 02       		.uleb128 0x2
 468 003b 02       		.byte	0x2
 469 003c 07       		.byte	0x7
 470 003d 7D050000 		.4byte	.LASF3
 471 0041 02       		.uleb128 0x2
 472 0042 04       		.byte	0x4
 473 0043 05       		.byte	0x5
 474 0044 D2010000 		.4byte	.LASF4
 475 0048 02       		.uleb128 0x2
 476 0049 04       		.byte	0x4
 477 004a 07       		.byte	0x7
 478 004b B9040000 		.4byte	.LASF5
ARM GAS  C:\Users\JANUSD~1\AppData\Local\Temp\cceanjnJ.s 			page 14


 479 004f 02       		.uleb128 0x2
 480 0050 08       		.byte	0x8
 481 0051 05       		.byte	0x5
 482 0052 C9020000 		.4byte	.LASF6
 483 0056 02       		.uleb128 0x2
 484 0057 08       		.byte	0x8
 485 0058 07       		.byte	0x7
 486 0059 DB010000 		.4byte	.LASF7
 487 005d 03       		.uleb128 0x3
 488 005e 04       		.byte	0x4
 489 005f 05       		.byte	0x5
 490 0060 696E7400 		.ascii	"int\000"
 491 0064 02       		.uleb128 0x2
 492 0065 04       		.byte	0x4
 493 0066 07       		.byte	0x7
 494 0067 87040000 		.4byte	.LASF8
 495 006b 04       		.uleb128 0x4
 496 006c A6030000 		.4byte	.LASF9
 497 0070 02       		.byte	0x2
 498 0071 E601     		.2byte	0x1e6
 499 0073 2C000000 		.4byte	0x2c
 500 0077 04       		.uleb128 0x4
 501 0078 3F000000 		.4byte	.LASF10
 502 007c 02       		.byte	0x2
 503 007d E701     		.2byte	0x1e7
 504 007f 3A000000 		.4byte	0x3a
 505 0083 02       		.uleb128 0x2
 506 0084 04       		.byte	0x4
 507 0085 04       		.byte	0x4
 508 0086 4E090000 		.4byte	.LASF11
 509 008a 02       		.uleb128 0x2
 510 008b 08       		.byte	0x8
 511 008c 04       		.byte	0x4
 512 008d D7030000 		.4byte	.LASF12
 513 0091 02       		.uleb128 0x2
 514 0092 01       		.byte	0x1
 515 0093 08       		.byte	0x8
 516 0094 0E0B0000 		.4byte	.LASF13
 517 0098 05       		.uleb128 0x5
 518 0099 77000000 		.4byte	0x77
 519 009d 02       		.uleb128 0x2
 520 009e 08       		.byte	0x8
 521 009f 04       		.byte	0x4
 522 00a0 EA0A0000 		.4byte	.LASF14
 523 00a4 02       		.uleb128 0x2
 524 00a5 04       		.byte	0x4
 525 00a6 07       		.byte	0x7
 526 00a7 17080000 		.4byte	.LASF15
 527 00ab 06       		.uleb128 0x6
 528 00ac 01       		.byte	0x1
 529 00ad 2C000000 		.4byte	0x2c
 530 00b1 03       		.byte	0x3
 531 00b2 3501     		.2byte	0x135
 532 00b4 69020000 		.4byte	0x269
 533 00b8 07       		.uleb128 0x7
 534 00b9 90050000 		.4byte	.LASF16
 535 00bd 00       		.byte	0
ARM GAS  C:\Users\JANUSD~1\AppData\Local\Temp\cceanjnJ.s 			page 15


 536 00be 07       		.uleb128 0x7
 537 00bf E3020000 		.4byte	.LASF17
 538 00c3 01       		.byte	0x1
 539 00c4 07       		.uleb128 0x7
 540 00c5 C0010000 		.4byte	.LASF18
 541 00c9 02       		.byte	0x2
 542 00ca 07       		.uleb128 0x7
 543 00cb CF0B0000 		.4byte	.LASF19
 544 00cf 03       		.byte	0x3
 545 00d0 07       		.uleb128 0x7
 546 00d1 FC010000 		.4byte	.LASF20
 547 00d5 04       		.byte	0x4
 548 00d6 07       		.uleb128 0x7
 549 00d7 23000000 		.4byte	.LASF21
 550 00db 05       		.byte	0x5
 551 00dc 07       		.uleb128 0x7
 552 00dd B6050000 		.4byte	.LASF22
 553 00e1 06       		.byte	0x6
 554 00e2 07       		.uleb128 0x7
 555 00e3 4E070000 		.4byte	.LASF23
 556 00e7 20       		.byte	0x20
 557 00e8 07       		.uleb128 0x7
 558 00e9 20030000 		.4byte	.LASF24
 559 00ed 21       		.byte	0x21
 560 00ee 07       		.uleb128 0x7
 561 00ef 1E060000 		.4byte	.LASF25
 562 00f3 22       		.byte	0x22
 563 00f4 07       		.uleb128 0x7
 564 00f5 A90B0000 		.4byte	.LASF26
 565 00f9 23       		.byte	0x23
 566 00fa 07       		.uleb128 0x7
 567 00fb B9080000 		.4byte	.LASF27
 568 00ff 24       		.byte	0x24
 569 0100 07       		.uleb128 0x7
 570 0101 2C080000 		.4byte	.LASF28
 571 0105 25       		.byte	0x25
 572 0106 07       		.uleb128 0x7
 573 0107 7E030000 		.4byte	.LASF29
 574 010b 26       		.byte	0x26
 575 010c 07       		.uleb128 0x7
 576 010d 42060000 		.4byte	.LASF30
 577 0111 27       		.byte	0x27
 578 0112 07       		.uleb128 0x7
 579 0113 130B0000 		.4byte	.LASF31
 580 0117 28       		.byte	0x28
 581 0118 07       		.uleb128 0x7
 582 0119 83020000 		.4byte	.LASF32
 583 011d 29       		.byte	0x29
 584 011e 07       		.uleb128 0x7
 585 011f 7C000000 		.4byte	.LASF33
 586 0123 2A       		.byte	0x2a
 587 0124 07       		.uleb128 0x7
 588 0125 F6020000 		.4byte	.LASF34
 589 0129 2B       		.byte	0x2b
 590 012a 07       		.uleb128 0x7
 591 012b D40C0000 		.4byte	.LASF35
 592 012f 2C       		.byte	0x2c
ARM GAS  C:\Users\JANUSD~1\AppData\Local\Temp\cceanjnJ.s 			page 16


 593 0130 07       		.uleb128 0x7
 594 0131 A0020000 		.4byte	.LASF36
 595 0135 2D       		.byte	0x2d
 596 0136 07       		.uleb128 0x7
 597 0137 8E090000 		.4byte	.LASF37
 598 013b 2E       		.byte	0x2e
 599 013c 07       		.uleb128 0x7
 600 013d 0B010000 		.4byte	.LASF38
 601 0141 2F       		.byte	0x2f
 602 0142 07       		.uleb128 0x7
 603 0143 98080000 		.4byte	.LASF39
 604 0147 30       		.byte	0x30
 605 0148 07       		.uleb128 0x7
 606 0149 440D0000 		.4byte	.LASF40
 607 014d 31       		.byte	0x31
 608 014e 07       		.uleb128 0x7
 609 014f 77080000 		.4byte	.LASF41
 610 0153 32       		.byte	0x32
 611 0154 07       		.uleb128 0x7
 612 0155 A30A0000 		.4byte	.LASF42
 613 0159 33       		.byte	0x33
 614 015a 07       		.uleb128 0x7
 615 015b CB040000 		.4byte	.LASF43
 616 015f 34       		.byte	0x34
 617 0160 07       		.uleb128 0x7
 618 0161 48040000 		.4byte	.LASF44
 619 0165 35       		.byte	0x35
 620 0166 07       		.uleb128 0x7
 621 0167 68060000 		.4byte	.LASF45
 622 016b 36       		.byte	0x36
 623 016c 07       		.uleb128 0x7
 624 016d 8B070000 		.4byte	.LASF46
 625 0171 37       		.byte	0x37
 626 0172 07       		.uleb128 0x7
 627 0173 890A0000 		.4byte	.LASF47
 628 0177 40       		.byte	0x40
 629 0178 07       		.uleb128 0x7
 630 0179 17070000 		.4byte	.LASF48
 631 017d 41       		.byte	0x41
 632 017e 07       		.uleb128 0x7
 633 017f 680D0000 		.4byte	.LASF49
 634 0183 42       		.byte	0x42
 635 0184 07       		.uleb128 0x7
 636 0185 040C0000 		.4byte	.LASF50
 637 0189 43       		.byte	0x43
 638 018a 07       		.uleb128 0x7
 639 018b FD040000 		.4byte	.LASF51
 640 018f 44       		.byte	0x44
 641 0190 07       		.uleb128 0x7
 642 0191 27090000 		.4byte	.LASF52
 643 0195 45       		.byte	0x45
 644 0196 07       		.uleb128 0x7
 645 0197 DE070000 		.4byte	.LASF53
 646 019b 46       		.byte	0x46
 647 019c 07       		.uleb128 0x7
 648 019d A2010000 		.4byte	.LASF54
 649 01a1 47       		.byte	0x47
ARM GAS  C:\Users\JANUSD~1\AppData\Local\Temp\cceanjnJ.s 			page 17


 650 01a2 07       		.uleb128 0x7
 651 01a3 AD0C0000 		.4byte	.LASF55
 652 01a7 48       		.byte	0x48
 653 01a8 07       		.uleb128 0x7
 654 01a9 37030000 		.4byte	.LASF56
 655 01ad 49       		.byte	0x49
 656 01ae 07       		.uleb128 0x7
 657 01af 8F0C0000 		.4byte	.LASF57
 658 01b3 4A       		.byte	0x4a
 659 01b4 07       		.uleb128 0x7
 660 01b5 34010000 		.4byte	.LASF58
 661 01b9 4B       		.byte	0x4b
 662 01ba 07       		.uleb128 0x7
 663 01bb E3040000 		.4byte	.LASF59
 664 01bf 4C       		.byte	0x4c
 665 01c0 07       		.uleb128 0x7
 666 01c1 46080000 		.4byte	.LASF60
 667 01c5 4D       		.byte	0x4d
 668 01c6 07       		.uleb128 0x7
 669 01c7 60030000 		.4byte	.LASF61
 670 01cb 4E       		.byte	0x4e
 671 01cc 07       		.uleb128 0x7
 672 01cd 0B0A0000 		.4byte	.LASF62
 673 01d1 4F       		.byte	0x4f
 674 01d2 07       		.uleb128 0x7
 675 01d3 53010000 		.4byte	.LASF63
 676 01d7 50       		.byte	0x50
 677 01d8 07       		.uleb128 0x7
 678 01d9 B8030000 		.4byte	.LASF64
 679 01dd 51       		.byte	0x51
 680 01de 07       		.uleb128 0x7
 681 01df D5080000 		.4byte	.LASF65
 682 01e3 52       		.byte	0x52
 683 01e4 07       		.uleb128 0x7
 684 01e5 CD090000 		.4byte	.LASF66
 685 01e9 53       		.byte	0x53
 686 01ea 07       		.uleb128 0x7
 687 01eb 680A0000 		.4byte	.LASF67
 688 01ef 54       		.byte	0x54
 689 01f0 07       		.uleb128 0x7
 690 01f1 1B050000 		.4byte	.LASF68
 691 01f5 55       		.byte	0x55
 692 01f6 07       		.uleb128 0x7
 693 01f7 65040000 		.4byte	.LASF69
 694 01fb 56       		.byte	0x56
 695 01fc 07       		.uleb128 0x7
 696 01fd 450B0000 		.4byte	.LASF70
 697 0201 57       		.byte	0x57
 698 0202 07       		.uleb128 0x7
 699 0203 3F050000 		.4byte	.LASF71
 700 0207 58       		.byte	0x58
 701 0208 07       		.uleb128 0x7
 702 0209 5D020000 		.4byte	.LASF72
 703 020d 70       		.byte	0x70
 704 020e 07       		.uleb128 0x7
 705 020f 190D0000 		.4byte	.LASF73
 706 0213 71       		.byte	0x71
ARM GAS  C:\Users\JANUSD~1\AppData\Local\Temp\cceanjnJ.s 			page 18


 707 0214 07       		.uleb128 0x7
 708 0215 32070000 		.4byte	.LASF74
 709 0219 72       		.byte	0x72
 710 021a 07       		.uleb128 0x7
 711 021b C0070000 		.4byte	.LASF75
 712 021f 73       		.byte	0x73
 713 0220 07       		.uleb128 0x7
 714 0221 09090000 		.4byte	.LASF76
 715 0225 74       		.byte	0x74
 716 0226 07       		.uleb128 0x7
 717 0227 F80C0000 		.4byte	.LASF77
 718 022b 75       		.byte	0x75
 719 022c 07       		.uleb128 0x7
 720 022d B3000000 		.4byte	.LASF78
 721 0231 76       		.byte	0x76
 722 0232 07       		.uleb128 0x7
 723 0233 46000000 		.4byte	.LASF79
 724 0237 77       		.byte	0x77
 725 0238 07       		.uleb128 0x7
 726 0239 00000000 		.4byte	.LASF80
 727 023d 78       		.byte	0x78
 728 023e 07       		.uleb128 0x7
 729 023f 860B0000 		.4byte	.LASF81
 730 0243 79       		.byte	0x79
 731 0244 07       		.uleb128 0x7
 732 0245 0D040000 		.4byte	.LASF82
 733 0249 7A       		.byte	0x7a
 734 024a 07       		.uleb128 0x7
 735 024b 19020000 		.4byte	.LASF83
 736 024f FA       		.byte	0xfa
 737 0250 07       		.uleb128 0x7
 738 0251 94040000 		.4byte	.LASF84
 739 0255 FB       		.byte	0xfb
 740 0256 07       		.uleb128 0x7
 741 0257 F9090000 		.4byte	.LASF85
 742 025b FC       		.byte	0xfc
 743 025c 07       		.uleb128 0x7
 744 025d F60A0000 		.4byte	.LASF86
 745 0261 FD       		.byte	0xfd
 746 0262 07       		.uleb128 0x7
 747 0263 F0030000 		.4byte	.LASF87
 748 0267 FF       		.byte	0xff
 749 0268 00       		.byte	0
 750 0269 08       		.uleb128 0x8
 751 026a 6B000000 		.4byte	0x6b
 752 026e 79020000 		.4byte	0x279
 753 0272 09       		.uleb128 0x9
 754 0273 A4000000 		.4byte	0xa4
 755 0277 05       		.byte	0x5
 756 0278 00       		.byte	0
 757 0279 0A       		.uleb128 0xa
 758 027a 04       		.byte	0x4
 759 027b 6B000000 		.4byte	0x6b
 760 027f 0B       		.uleb128 0xb
 761 0280 01       		.byte	0x1
 762 0281 2C000000 		.4byte	0x2c
 763 0285 04       		.byte	0x4
ARM GAS  C:\Users\JANUSD~1\AppData\Local\Temp\cceanjnJ.s 			page 19


 764 0286 E0       		.byte	0xe0
 765 0287 AA020000 		.4byte	0x2aa
 766 028b 07       		.uleb128 0x7
 767 028c 37020000 		.4byte	.LASF88
 768 0290 00       		.byte	0
 769 0291 07       		.uleb128 0x7
 770 0292 DF000000 		.4byte	.LASF89
 771 0296 01       		.byte	0x1
 772 0297 07       		.uleb128 0x7
 773 0298 72010000 		.4byte	.LASF90
 774 029c 02       		.byte	0x2
 775 029d 07       		.uleb128 0x7
 776 029e 650C0000 		.4byte	.LASF91
 777 02a2 03       		.byte	0x3
 778 02a3 07       		.uleb128 0x7
 779 02a4 350A0000 		.4byte	.LASF92
 780 02a8 04       		.byte	0x4
 781 02a9 00       		.byte	0
 782 02aa 0C       		.uleb128 0xc
 783 02ab 540C0000 		.4byte	.LASF93
 784 02af 04       		.byte	0x4
 785 02b0 F0       		.byte	0xf0
 786 02b1 7F020000 		.4byte	0x27f
 787 02b5 0D       		.uleb128 0xd
 788 02b6 10       		.byte	0x10
 789 02b7 04       		.byte	0x4
 790 02b8 2102     		.2byte	0x221
 791 02ba 27030000 		.4byte	0x327
 792 02be 0E       		.uleb128 0xe
 793 02bf 2A0A0000 		.4byte	.LASF94
 794 02c3 04       		.byte	0x4
 795 02c4 2702     		.2byte	0x227
 796 02c6 77000000 		.4byte	0x77
 797 02ca 00       		.byte	0
 798 02cb 0E       		.uleb128 0xe
 799 02cc EE090000 		.4byte	.LASF95
 800 02d0 04       		.byte	0x4
 801 02d1 2D02     		.2byte	0x22d
 802 02d3 77000000 		.4byte	0x77
 803 02d7 02       		.byte	0x2
 804 02d8 0E       		.uleb128 0xe
 805 02d9 11020000 		.4byte	.LASF96
 806 02dd 04       		.byte	0x4
 807 02de 3602     		.2byte	0x236
 808 02e0 AA020000 		.4byte	0x2aa
 809 02e4 04       		.byte	0x4
 810 02e5 0E       		.uleb128 0xe
 811 02e6 20080000 		.4byte	.LASF97
 812 02ea 04       		.byte	0x4
 813 02eb 3E02     		.2byte	0x23e
 814 02ed 6B000000 		.4byte	0x6b
 815 02f1 05       		.byte	0x5
 816 02f2 0E       		.uleb128 0xe
 817 02f3 5F090000 		.4byte	.LASF98
 818 02f7 04       		.byte	0x4
 819 02f8 4502     		.2byte	0x245
 820 02fa 6B000000 		.4byte	0x6b
ARM GAS  C:\Users\JANUSD~1\AppData\Local\Temp\cceanjnJ.s 			page 20


 821 02fe 06       		.byte	0x6
 822 02ff 0E       		.uleb128 0xe
 823 0300 15030000 		.4byte	.LASF99
 824 0304 04       		.byte	0x4
 825 0305 4B02     		.2byte	0x24b
 826 0307 69020000 		.4byte	0x269
 827 030b 07       		.byte	0x7
 828 030c 0E       		.uleb128 0xe
 829 030d A5000000 		.4byte	.LASF100
 830 0311 04       		.byte	0x4
 831 0312 5302     		.2byte	0x253
 832 0314 6B000000 		.4byte	0x6b
 833 0318 0D       		.byte	0xd
 834 0319 0E       		.uleb128 0xe
 835 031a 50030000 		.4byte	.LASF101
 836 031e 04       		.byte	0x4
 837 031f 5F02     		.2byte	0x25f
 838 0321 6B000000 		.4byte	0x6b
 839 0325 0E       		.byte	0xe
 840 0326 00       		.byte	0
 841 0327 04       		.uleb128 0x4
 842 0328 6E0B0000 		.4byte	.LASF102
 843 032c 04       		.byte	0x4
 844 032d 6102     		.2byte	0x261
 845 032f B5020000 		.4byte	0x2b5
 846 0333 0D       		.uleb128 0xd
 847 0334 20       		.byte	0x20
 848 0335 04       		.byte	0x4
 849 0336 6402     		.2byte	0x264
 850 0338 57030000 		.4byte	0x357
 851 033c 0E       		.uleb128 0xe
 852 033d 600A0000 		.4byte	.LASF103
 853 0341 04       		.byte	0x4
 854 0342 6702     		.2byte	0x267
 855 0344 57030000 		.4byte	0x357
 856 0348 00       		.byte	0
 857 0349 0E       		.uleb128 0xe
 858 034a 54090000 		.4byte	.LASF104
 859 034e 04       		.byte	0x4
 860 034f 6A02     		.2byte	0x26a
 861 0351 6B000000 		.4byte	0x6b
 862 0355 1F       		.byte	0x1f
 863 0356 00       		.byte	0
 864 0357 08       		.uleb128 0x8
 865 0358 6B000000 		.4byte	0x6b
 866 035c 67030000 		.4byte	0x367
 867 0360 09       		.uleb128 0x9
 868 0361 A4000000 		.4byte	0xa4
 869 0365 1E       		.byte	0x1e
 870 0366 00       		.byte	0
 871 0367 04       		.uleb128 0x4
 872 0368 65000000 		.4byte	.LASF105
 873 036c 04       		.byte	0x4
 874 036d 6C02     		.2byte	0x26c
 875 036f 33030000 		.4byte	0x333
 876 0373 0D       		.uleb128 0xd
 877 0374 20       		.byte	0x20
ARM GAS  C:\Users\JANUSD~1\AppData\Local\Temp\cceanjnJ.s 			page 21


 878 0375 04       		.byte	0x4
 879 0376 6F02     		.2byte	0x26f
 880 0378 97030000 		.4byte	0x397
 881 037c 0E       		.uleb128 0xe
 882 037d AC030000 		.4byte	.LASF106
 883 0381 04       		.byte	0x4
 884 0382 7302     		.2byte	0x273
 885 0384 57030000 		.4byte	0x357
 886 0388 00       		.byte	0
 887 0389 0E       		.uleb128 0xe
 888 038a FE030000 		.4byte	.LASF107
 889 038e 04       		.byte	0x4
 890 038f 7602     		.2byte	0x276
 891 0391 6B000000 		.4byte	0x6b
 892 0395 1F       		.byte	0x1f
 893 0396 00       		.byte	0
 894 0397 04       		.uleb128 0x4
 895 0398 62050000 		.4byte	.LASF108
 896 039c 04       		.byte	0x4
 897 039d 7802     		.2byte	0x278
 898 039f 73030000 		.4byte	0x373
 899 03a3 0D       		.uleb128 0xd
 900 03a4 14       		.byte	0x14
 901 03a5 04       		.byte	0x4
 902 03a6 7B02     		.2byte	0x27b
 903 03a8 EE030000 		.4byte	0x3ee
 904 03ac 0E       		.uleb128 0xe
 905 03ad DE030000 		.4byte	.LASF109
 906 03b1 04       		.byte	0x4
 907 03b2 8302     		.2byte	0x283
 908 03b4 6B000000 		.4byte	0x6b
 909 03b8 00       		.byte	0
 910 03b9 0E       		.uleb128 0xe
 911 03ba 3E0C0000 		.4byte	.LASF110
 912 03be 04       		.byte	0x4
 913 03bf 8602     		.2byte	0x286
 914 03c1 EE030000 		.4byte	0x3ee
 915 03c5 04       		.byte	0x4
 916 03c6 0E       		.uleb128 0xe
 917 03c7 600A0000 		.4byte	.LASF103
 918 03cb 04       		.byte	0x4
 919 03cc 8802     		.2byte	0x288
 920 03ce F4030000 		.4byte	0x3f4
 921 03d2 08       		.byte	0x8
 922 03d3 0E       		.uleb128 0xe
 923 03d4 AC030000 		.4byte	.LASF106
 924 03d8 04       		.byte	0x4
 925 03d9 8A02     		.2byte	0x28a
 926 03db FA030000 		.4byte	0x3fa
 927 03df 0C       		.byte	0xc
 928 03e0 0E       		.uleb128 0xe
 929 03e1 B3040000 		.4byte	.LASF111
 930 03e5 04       		.byte	0x4
 931 03e6 9402     		.2byte	0x294
 932 03e8 77000000 		.4byte	0x77
 933 03ec 10       		.byte	0x10
 934 03ed 00       		.byte	0
ARM GAS  C:\Users\JANUSD~1\AppData\Local\Temp\cceanjnJ.s 			page 22


 935 03ee 0A       		.uleb128 0xa
 936 03ef 04       		.byte	0x4
 937 03f0 27030000 		.4byte	0x327
 938 03f4 0A       		.uleb128 0xa
 939 03f5 04       		.byte	0x4
 940 03f6 67030000 		.4byte	0x367
 941 03fa 0A       		.uleb128 0xa
 942 03fb 04       		.byte	0x4
 943 03fc 97030000 		.4byte	0x397
 944 0400 04       		.uleb128 0x4
 945 0401 220C0000 		.4byte	.LASF112
 946 0405 04       		.byte	0x4
 947 0406 9602     		.2byte	0x296
 948 0408 A3030000 		.4byte	0x3a3
 949 040c 06       		.uleb128 0x6
 950 040d 01       		.byte	0x1
 951 040e 2C000000 		.4byte	0x2c
 952 0412 05       		.byte	0x5
 953 0413 EB08     		.2byte	0x8eb
 954 0415 38040000 		.4byte	0x438
 955 0419 07       		.uleb128 0x7
 956 041a DB0A0000 		.4byte	.LASF113
 957 041e 00       		.byte	0
 958 041f 07       		.uleb128 0x7
 959 0420 350B0000 		.4byte	.LASF114
 960 0424 01       		.byte	0x1
 961 0425 07       		.uleb128 0x7
 962 0426 F6080000 		.4byte	.LASF115
 963 042a 02       		.byte	0x2
 964 042b 07       		.uleb128 0x7
 965 042c 31040000 		.4byte	.LASF116
 966 0430 02       		.byte	0x2
 967 0431 07       		.uleb128 0x7
 968 0432 CA0A0000 		.4byte	.LASF117
 969 0436 03       		.byte	0x3
 970 0437 00       		.byte	0
 971 0438 0F       		.uleb128 0xf
 972 0439 3F0D0000 		.4byte	.LASF118
 973 043d 01       		.byte	0x1
 974 043e 56       		.byte	0x56
 975 043f 5D000000 		.4byte	0x5d
 976 0443 00000000 		.4byte	.LFB35
 977 0447 2C000000 		.4byte	.LFE35-.LFB35
 978 044b 01       		.uleb128 0x1
 979 044c 9C       		.byte	0x9c
 980 044d 10       		.uleb128 0x10
 981 044e B2090000 		.4byte	.LASF119
 982 0452 01       		.byte	0x1
 983 0453 86       		.byte	0x86
 984 0454 00000000 		.4byte	.LFB36
 985 0458 D8000000 		.4byte	.LFE36-.LFB36
 986 045c 01       		.uleb128 0x1
 987 045d 9C       		.byte	0x9c
 988 045e 10       		.uleb128 0x10
 989 045f 60080000 		.4byte	.LASF120
 990 0463 01       		.byte	0x1
 991 0464 C1       		.byte	0xc1
ARM GAS  C:\Users\JANUSD~1\AppData\Local\Temp\cceanjnJ.s 			page 23


 992 0465 00000000 		.4byte	.LFB37
 993 0469 48000000 		.4byte	.LFE37-.LFB37
 994 046d 01       		.uleb128 0x1
 995 046e 9C       		.byte	0x9c
 996 046f 11       		.uleb128 0x11
 997 0470 470C0000 		.4byte	.LASF134
 998 0474 01       		.byte	0x1
 999 0475 E2       		.byte	0xe2
 1000 0476 00000000 		.4byte	.LFB38
 1001 047a C4000000 		.4byte	.LFE38-.LFB38
 1002 047e 01       		.uleb128 0x1
 1003 047f 9C       		.byte	0x9c
 1004 0480 CB040000 		.4byte	0x4cb
 1005 0484 12       		.uleb128 0x12
 1006 0485 F70B0000 		.4byte	.LASF121
 1007 0489 01       		.byte	0x1
 1008 048a E2       		.byte	0xe2
 1009 048b 79020000 		.4byte	0x279
 1010 048f 02       		.uleb128 0x2
 1011 0490 91       		.byte	0x91
 1012 0491 6C       		.sleb128 -20
 1013 0492 13       		.uleb128 0x13
 1014 0493 6C656E00 		.ascii	"len\000"
 1015 0497 01       		.byte	0x1
 1016 0498 E2       		.byte	0xe2
 1017 0499 6B000000 		.4byte	0x6b
 1018 049d 02       		.uleb128 0x2
 1019 049e 91       		.byte	0x91
 1020 049f 6B       		.sleb128 -21
 1021 04a0 14       		.uleb128 0x14
 1022 04a1 E7030000 		.4byte	.LASF122
 1023 04a5 01       		.byte	0x1
 1024 04a6 E4       		.byte	0xe4
 1025 04a7 6B000000 		.4byte	0x6b
 1026 04ab 02       		.uleb128 0x2
 1027 04ac 91       		.byte	0x91
 1028 04ad 77       		.sleb128 -9
 1029 04ae 14       		.uleb128 0x14
 1030 04af D4000000 		.4byte	.LASF123
 1031 04b3 01       		.byte	0x1
 1032 04b4 E4       		.byte	0xe4
 1033 04b5 6B000000 		.4byte	0x6b
 1034 04b9 02       		.uleb128 0x2
 1035 04ba 91       		.byte	0x91
 1036 04bb 76       		.sleb128 -10
 1037 04bc 14       		.uleb128 0x14
 1038 04bd F2010000 		.4byte	.LASF124
 1039 04c1 01       		.byte	0x1
 1040 04c2 E4       		.byte	0xe4
 1041 04c3 6B000000 		.4byte	0x6b
 1042 04c7 02       		.uleb128 0x2
 1043 04c8 91       		.byte	0x91
 1044 04c9 75       		.sleb128 -11
 1045 04ca 00       		.byte	0
 1046 04cb 15       		.uleb128 0x15
 1047 04cc FF070000 		.4byte	.LASF125
 1048 04d0 06       		.byte	0x6
ARM GAS  C:\Users\JANUSD~1\AppData\Local\Temp\cceanjnJ.s 			page 24


 1049 04d1 B602     		.2byte	0x2b6
 1050 04d3 00040000 		.4byte	0x400
 1051 04d7 16       		.uleb128 0x16
 1052 04d8 72070000 		.4byte	.LASF126
 1053 04dc 07       		.byte	0x7
 1054 04dd 21       		.byte	0x21
 1055 04de 98000000 		.4byte	0x98
 1056 04e2 05       		.uleb128 0x5
 1057 04e3 03       		.byte	0x3
 1058 04e4 00000000 		.4byte	current_watchdog_counter
 1059 04e8 17       		.uleb128 0x17
 1060 04e9 A7050000 		.4byte	.LASF127
 1061 04ed 01       		.byte	0x1
 1062 04ee 31       		.byte	0x31
 1063 04ef 6B000000 		.4byte	0x6b
 1064 04f3 17       		.uleb128 0x17
 1065 04f4 96010000 		.4byte	.LASF128
 1066 04f8 01       		.byte	0x1
 1067 04f9 35       		.byte	0x35
 1068 04fa 67030000 		.4byte	0x367
 1069 04fe 08       		.uleb128 0x8
 1070 04ff 6B000000 		.4byte	0x6b
 1071 0503 14050000 		.4byte	0x514
 1072 0507 09       		.uleb128 0x9
 1073 0508 A4000000 		.4byte	0xa4
 1074 050c 03       		.byte	0x3
 1075 050d 09       		.uleb128 0x9
 1076 050e A4000000 		.4byte	0xa4
 1077 0512 03       		.byte	0x3
 1078 0513 00       		.byte	0
 1079 0514 16       		.uleb128 0x16
 1080 0515 E80B0000 		.4byte	.LASF129
 1081 0519 01       		.byte	0x1
 1082 051a 40       		.byte	0x40
 1083 051b FE040000 		.4byte	0x4fe
 1084 051f 05       		.uleb128 0x5
 1085 0520 03       		.byte	0x3
 1086 0521 00000000 		.4byte	RGB_Collection
 1087 0525 16       		.uleb128 0x16
 1088 0526 6E090000 		.4byte	.LASF130
 1089 052a 01       		.byte	0x1
 1090 052b 46       		.byte	0x46
 1091 052c 5D000000 		.4byte	0x5d
 1092 0530 05       		.uleb128 0x5
 1093 0531 03       		.byte	0x3
 1094 0532 00000000 		.4byte	interrupt_counter
 1095 0536 00       		.byte	0
 1096              		.section	.debug_abbrev,"",%progbits
 1097              	.Ldebug_abbrev0:
 1098 0000 01       		.uleb128 0x1
 1099 0001 11       		.uleb128 0x11
 1100 0002 01       		.byte	0x1
 1101 0003 25       		.uleb128 0x25
 1102 0004 0E       		.uleb128 0xe
 1103 0005 13       		.uleb128 0x13
 1104 0006 0B       		.uleb128 0xb
 1105 0007 03       		.uleb128 0x3
ARM GAS  C:\Users\JANUSD~1\AppData\Local\Temp\cceanjnJ.s 			page 25


 1106 0008 0E       		.uleb128 0xe
 1107 0009 1B       		.uleb128 0x1b
 1108 000a 0E       		.uleb128 0xe
 1109 000b 55       		.uleb128 0x55
 1110 000c 17       		.uleb128 0x17
 1111 000d 11       		.uleb128 0x11
 1112 000e 01       		.uleb128 0x1
 1113 000f 10       		.uleb128 0x10
 1114 0010 17       		.uleb128 0x17
 1115 0011 00       		.byte	0
 1116 0012 00       		.byte	0
 1117 0013 02       		.uleb128 0x2
 1118 0014 24       		.uleb128 0x24
 1119 0015 00       		.byte	0
 1120 0016 0B       		.uleb128 0xb
 1121 0017 0B       		.uleb128 0xb
 1122 0018 3E       		.uleb128 0x3e
 1123 0019 0B       		.uleb128 0xb
 1124 001a 03       		.uleb128 0x3
 1125 001b 0E       		.uleb128 0xe
 1126 001c 00       		.byte	0
 1127 001d 00       		.byte	0
 1128 001e 03       		.uleb128 0x3
 1129 001f 24       		.uleb128 0x24
 1130 0020 00       		.byte	0
 1131 0021 0B       		.uleb128 0xb
 1132 0022 0B       		.uleb128 0xb
 1133 0023 3E       		.uleb128 0x3e
 1134 0024 0B       		.uleb128 0xb
 1135 0025 03       		.uleb128 0x3
 1136 0026 08       		.uleb128 0x8
 1137 0027 00       		.byte	0
 1138 0028 00       		.byte	0
 1139 0029 04       		.uleb128 0x4
 1140 002a 16       		.uleb128 0x16
 1141 002b 00       		.byte	0
 1142 002c 03       		.uleb128 0x3
 1143 002d 0E       		.uleb128 0xe
 1144 002e 3A       		.uleb128 0x3a
 1145 002f 0B       		.uleb128 0xb
 1146 0030 3B       		.uleb128 0x3b
 1147 0031 05       		.uleb128 0x5
 1148 0032 49       		.uleb128 0x49
 1149 0033 13       		.uleb128 0x13
 1150 0034 00       		.byte	0
 1151 0035 00       		.byte	0
 1152 0036 05       		.uleb128 0x5
 1153 0037 35       		.uleb128 0x35
 1154 0038 00       		.byte	0
 1155 0039 49       		.uleb128 0x49
 1156 003a 13       		.uleb128 0x13
 1157 003b 00       		.byte	0
 1158 003c 00       		.byte	0
 1159 003d 06       		.uleb128 0x6
 1160 003e 04       		.uleb128 0x4
 1161 003f 01       		.byte	0x1
 1162 0040 0B       		.uleb128 0xb
ARM GAS  C:\Users\JANUSD~1\AppData\Local\Temp\cceanjnJ.s 			page 26


 1163 0041 0B       		.uleb128 0xb
 1164 0042 49       		.uleb128 0x49
 1165 0043 13       		.uleb128 0x13
 1166 0044 3A       		.uleb128 0x3a
 1167 0045 0B       		.uleb128 0xb
 1168 0046 3B       		.uleb128 0x3b
 1169 0047 05       		.uleb128 0x5
 1170 0048 01       		.uleb128 0x1
 1171 0049 13       		.uleb128 0x13
 1172 004a 00       		.byte	0
 1173 004b 00       		.byte	0
 1174 004c 07       		.uleb128 0x7
 1175 004d 28       		.uleb128 0x28
 1176 004e 00       		.byte	0
 1177 004f 03       		.uleb128 0x3
 1178 0050 0E       		.uleb128 0xe
 1179 0051 1C       		.uleb128 0x1c
 1180 0052 0B       		.uleb128 0xb
 1181 0053 00       		.byte	0
 1182 0054 00       		.byte	0
 1183 0055 08       		.uleb128 0x8
 1184 0056 01       		.uleb128 0x1
 1185 0057 01       		.byte	0x1
 1186 0058 49       		.uleb128 0x49
 1187 0059 13       		.uleb128 0x13
 1188 005a 01       		.uleb128 0x1
 1189 005b 13       		.uleb128 0x13
 1190 005c 00       		.byte	0
 1191 005d 00       		.byte	0
 1192 005e 09       		.uleb128 0x9
 1193 005f 21       		.uleb128 0x21
 1194 0060 00       		.byte	0
 1195 0061 49       		.uleb128 0x49
 1196 0062 13       		.uleb128 0x13
 1197 0063 2F       		.uleb128 0x2f
 1198 0064 0B       		.uleb128 0xb
 1199 0065 00       		.byte	0
 1200 0066 00       		.byte	0
 1201 0067 0A       		.uleb128 0xa
 1202 0068 0F       		.uleb128 0xf
 1203 0069 00       		.byte	0
 1204 006a 0B       		.uleb128 0xb
 1205 006b 0B       		.uleb128 0xb
 1206 006c 49       		.uleb128 0x49
 1207 006d 13       		.uleb128 0x13
 1208 006e 00       		.byte	0
 1209 006f 00       		.byte	0
 1210 0070 0B       		.uleb128 0xb
 1211 0071 04       		.uleb128 0x4
 1212 0072 01       		.byte	0x1
 1213 0073 0B       		.uleb128 0xb
 1214 0074 0B       		.uleb128 0xb
 1215 0075 49       		.uleb128 0x49
 1216 0076 13       		.uleb128 0x13
 1217 0077 3A       		.uleb128 0x3a
 1218 0078 0B       		.uleb128 0xb
 1219 0079 3B       		.uleb128 0x3b
ARM GAS  C:\Users\JANUSD~1\AppData\Local\Temp\cceanjnJ.s 			page 27


 1220 007a 0B       		.uleb128 0xb
 1221 007b 01       		.uleb128 0x1
 1222 007c 13       		.uleb128 0x13
 1223 007d 00       		.byte	0
 1224 007e 00       		.byte	0
 1225 007f 0C       		.uleb128 0xc
 1226 0080 16       		.uleb128 0x16
 1227 0081 00       		.byte	0
 1228 0082 03       		.uleb128 0x3
 1229 0083 0E       		.uleb128 0xe
 1230 0084 3A       		.uleb128 0x3a
 1231 0085 0B       		.uleb128 0xb
 1232 0086 3B       		.uleb128 0x3b
 1233 0087 0B       		.uleb128 0xb
 1234 0088 49       		.uleb128 0x49
 1235 0089 13       		.uleb128 0x13
 1236 008a 00       		.byte	0
 1237 008b 00       		.byte	0
 1238 008c 0D       		.uleb128 0xd
 1239 008d 13       		.uleb128 0x13
 1240 008e 01       		.byte	0x1
 1241 008f 0B       		.uleb128 0xb
 1242 0090 0B       		.uleb128 0xb
 1243 0091 3A       		.uleb128 0x3a
 1244 0092 0B       		.uleb128 0xb
 1245 0093 3B       		.uleb128 0x3b
 1246 0094 05       		.uleb128 0x5
 1247 0095 01       		.uleb128 0x1
 1248 0096 13       		.uleb128 0x13
 1249 0097 00       		.byte	0
 1250 0098 00       		.byte	0
 1251 0099 0E       		.uleb128 0xe
 1252 009a 0D       		.uleb128 0xd
 1253 009b 00       		.byte	0
 1254 009c 03       		.uleb128 0x3
 1255 009d 0E       		.uleb128 0xe
 1256 009e 3A       		.uleb128 0x3a
 1257 009f 0B       		.uleb128 0xb
 1258 00a0 3B       		.uleb128 0x3b
 1259 00a1 05       		.uleb128 0x5
 1260 00a2 49       		.uleb128 0x49
 1261 00a3 13       		.uleb128 0x13
 1262 00a4 38       		.uleb128 0x38
 1263 00a5 0B       		.uleb128 0xb
 1264 00a6 00       		.byte	0
 1265 00a7 00       		.byte	0
 1266 00a8 0F       		.uleb128 0xf
 1267 00a9 2E       		.uleb128 0x2e
 1268 00aa 00       		.byte	0
 1269 00ab 3F       		.uleb128 0x3f
 1270 00ac 19       		.uleb128 0x19
 1271 00ad 03       		.uleb128 0x3
 1272 00ae 0E       		.uleb128 0xe
 1273 00af 3A       		.uleb128 0x3a
 1274 00b0 0B       		.uleb128 0xb
 1275 00b1 3B       		.uleb128 0x3b
 1276 00b2 0B       		.uleb128 0xb
ARM GAS  C:\Users\JANUSD~1\AppData\Local\Temp\cceanjnJ.s 			page 28


 1277 00b3 49       		.uleb128 0x49
 1278 00b4 13       		.uleb128 0x13
 1279 00b5 11       		.uleb128 0x11
 1280 00b6 01       		.uleb128 0x1
 1281 00b7 12       		.uleb128 0x12
 1282 00b8 06       		.uleb128 0x6
 1283 00b9 40       		.uleb128 0x40
 1284 00ba 18       		.uleb128 0x18
 1285 00bb 9642     		.uleb128 0x2116
 1286 00bd 19       		.uleb128 0x19
 1287 00be 00       		.byte	0
 1288 00bf 00       		.byte	0
 1289 00c0 10       		.uleb128 0x10
 1290 00c1 2E       		.uleb128 0x2e
 1291 00c2 00       		.byte	0
 1292 00c3 3F       		.uleb128 0x3f
 1293 00c4 19       		.uleb128 0x19
 1294 00c5 03       		.uleb128 0x3
 1295 00c6 0E       		.uleb128 0xe
 1296 00c7 3A       		.uleb128 0x3a
 1297 00c8 0B       		.uleb128 0xb
 1298 00c9 3B       		.uleb128 0x3b
 1299 00ca 0B       		.uleb128 0xb
 1300 00cb 27       		.uleb128 0x27
 1301 00cc 19       		.uleb128 0x19
 1302 00cd 11       		.uleb128 0x11
 1303 00ce 01       		.uleb128 0x1
 1304 00cf 12       		.uleb128 0x12
 1305 00d0 06       		.uleb128 0x6
 1306 00d1 40       		.uleb128 0x40
 1307 00d2 18       		.uleb128 0x18
 1308 00d3 9642     		.uleb128 0x2116
 1309 00d5 19       		.uleb128 0x19
 1310 00d6 00       		.byte	0
 1311 00d7 00       		.byte	0
 1312 00d8 11       		.uleb128 0x11
 1313 00d9 2E       		.uleb128 0x2e
 1314 00da 01       		.byte	0x1
 1315 00db 3F       		.uleb128 0x3f
 1316 00dc 19       		.uleb128 0x19
 1317 00dd 03       		.uleb128 0x3
 1318 00de 0E       		.uleb128 0xe
 1319 00df 3A       		.uleb128 0x3a
 1320 00e0 0B       		.uleb128 0xb
 1321 00e1 3B       		.uleb128 0x3b
 1322 00e2 0B       		.uleb128 0xb
 1323 00e3 27       		.uleb128 0x27
 1324 00e4 19       		.uleb128 0x19
 1325 00e5 11       		.uleb128 0x11
 1326 00e6 01       		.uleb128 0x1
 1327 00e7 12       		.uleb128 0x12
 1328 00e8 06       		.uleb128 0x6
 1329 00e9 40       		.uleb128 0x40
 1330 00ea 18       		.uleb128 0x18
 1331 00eb 9642     		.uleb128 0x2116
 1332 00ed 19       		.uleb128 0x19
 1333 00ee 01       		.uleb128 0x1
ARM GAS  C:\Users\JANUSD~1\AppData\Local\Temp\cceanjnJ.s 			page 29


 1334 00ef 13       		.uleb128 0x13
 1335 00f0 00       		.byte	0
 1336 00f1 00       		.byte	0
 1337 00f2 12       		.uleb128 0x12
 1338 00f3 05       		.uleb128 0x5
 1339 00f4 00       		.byte	0
 1340 00f5 03       		.uleb128 0x3
 1341 00f6 0E       		.uleb128 0xe
 1342 00f7 3A       		.uleb128 0x3a
 1343 00f8 0B       		.uleb128 0xb
 1344 00f9 3B       		.uleb128 0x3b
 1345 00fa 0B       		.uleb128 0xb
 1346 00fb 49       		.uleb128 0x49
 1347 00fc 13       		.uleb128 0x13
 1348 00fd 02       		.uleb128 0x2
 1349 00fe 18       		.uleb128 0x18
 1350 00ff 00       		.byte	0
 1351 0100 00       		.byte	0
 1352 0101 13       		.uleb128 0x13
 1353 0102 05       		.uleb128 0x5
 1354 0103 00       		.byte	0
 1355 0104 03       		.uleb128 0x3
 1356 0105 08       		.uleb128 0x8
 1357 0106 3A       		.uleb128 0x3a
 1358 0107 0B       		.uleb128 0xb
 1359 0108 3B       		.uleb128 0x3b
 1360 0109 0B       		.uleb128 0xb
 1361 010a 49       		.uleb128 0x49
 1362 010b 13       		.uleb128 0x13
 1363 010c 02       		.uleb128 0x2
 1364 010d 18       		.uleb128 0x18
 1365 010e 00       		.byte	0
 1366 010f 00       		.byte	0
 1367 0110 14       		.uleb128 0x14
 1368 0111 34       		.uleb128 0x34
 1369 0112 00       		.byte	0
 1370 0113 03       		.uleb128 0x3
 1371 0114 0E       		.uleb128 0xe
 1372 0115 3A       		.uleb128 0x3a
 1373 0116 0B       		.uleb128 0xb
 1374 0117 3B       		.uleb128 0x3b
 1375 0118 0B       		.uleb128 0xb
 1376 0119 49       		.uleb128 0x49
 1377 011a 13       		.uleb128 0x13
 1378 011b 02       		.uleb128 0x2
 1379 011c 18       		.uleb128 0x18
 1380 011d 00       		.byte	0
 1381 011e 00       		.byte	0
 1382 011f 15       		.uleb128 0x15
 1383 0120 34       		.uleb128 0x34
 1384 0121 00       		.byte	0
 1385 0122 03       		.uleb128 0x3
 1386 0123 0E       		.uleb128 0xe
 1387 0124 3A       		.uleb128 0x3a
 1388 0125 0B       		.uleb128 0xb
 1389 0126 3B       		.uleb128 0x3b
 1390 0127 05       		.uleb128 0x5
ARM GAS  C:\Users\JANUSD~1\AppData\Local\Temp\cceanjnJ.s 			page 30


 1391 0128 49       		.uleb128 0x49
 1392 0129 13       		.uleb128 0x13
 1393 012a 3F       		.uleb128 0x3f
 1394 012b 19       		.uleb128 0x19
 1395 012c 3C       		.uleb128 0x3c
 1396 012d 19       		.uleb128 0x19
 1397 012e 00       		.byte	0
 1398 012f 00       		.byte	0
 1399 0130 16       		.uleb128 0x16
 1400 0131 34       		.uleb128 0x34
 1401 0132 00       		.byte	0
 1402 0133 03       		.uleb128 0x3
 1403 0134 0E       		.uleb128 0xe
 1404 0135 3A       		.uleb128 0x3a
 1405 0136 0B       		.uleb128 0xb
 1406 0137 3B       		.uleb128 0x3b
 1407 0138 0B       		.uleb128 0xb
 1408 0139 49       		.uleb128 0x49
 1409 013a 13       		.uleb128 0x13
 1410 013b 3F       		.uleb128 0x3f
 1411 013c 19       		.uleb128 0x19
 1412 013d 02       		.uleb128 0x2
 1413 013e 18       		.uleb128 0x18
 1414 013f 00       		.byte	0
 1415 0140 00       		.byte	0
 1416 0141 17       		.uleb128 0x17
 1417 0142 34       		.uleb128 0x34
 1418 0143 00       		.byte	0
 1419 0144 03       		.uleb128 0x3
 1420 0145 0E       		.uleb128 0xe
 1421 0146 3A       		.uleb128 0x3a
 1422 0147 0B       		.uleb128 0xb
 1423 0148 3B       		.uleb128 0x3b
 1424 0149 0B       		.uleb128 0xb
 1425 014a 49       		.uleb128 0x49
 1426 014b 13       		.uleb128 0x13
 1427 014c 3F       		.uleb128 0x3f
 1428 014d 19       		.uleb128 0x19
 1429 014e 3C       		.uleb128 0x3c
 1430 014f 19       		.uleb128 0x19
 1431 0150 00       		.byte	0
 1432 0151 00       		.byte	0
 1433 0152 00       		.byte	0
 1434              		.section	.debug_aranges,"",%progbits
 1435 0000 34000000 		.4byte	0x34
 1436 0004 0200     		.2byte	0x2
 1437 0006 00000000 		.4byte	.Ldebug_info0
 1438 000a 04       		.byte	0x4
 1439 000b 00       		.byte	0
 1440 000c 0000     		.2byte	0
 1441 000e 0000     		.2byte	0
 1442 0010 00000000 		.4byte	.LFB35
 1443 0014 2C000000 		.4byte	.LFE35-.LFB35
 1444 0018 00000000 		.4byte	.LFB36
 1445 001c D8000000 		.4byte	.LFE36-.LFB36
 1446 0020 00000000 		.4byte	.LFB37
 1447 0024 48000000 		.4byte	.LFE37-.LFB37
ARM GAS  C:\Users\JANUSD~1\AppData\Local\Temp\cceanjnJ.s 			page 31


 1448 0028 00000000 		.4byte	.LFB38
 1449 002c C4000000 		.4byte	.LFE38-.LFB38
 1450 0030 00000000 		.4byte	0
 1451 0034 00000000 		.4byte	0
 1452              		.section	.debug_ranges,"",%progbits
 1453              	.Ldebug_ranges0:
 1454 0000 00000000 		.4byte	.LFB35
 1455 0004 2C000000 		.4byte	.LFE35
 1456 0008 00000000 		.4byte	.LFB36
 1457 000c D8000000 		.4byte	.LFE36
 1458 0010 00000000 		.4byte	.LFB37
 1459 0014 48000000 		.4byte	.LFE37
 1460 0018 00000000 		.4byte	.LFB38
 1461 001c C4000000 		.4byte	.LFE38
 1462 0020 00000000 		.4byte	0
 1463 0024 00000000 		.4byte	0
 1464              		.section	.debug_line,"",%progbits
 1465              	.Ldebug_line0:
 1466 0000 1A010000 		.section	.debug_str,"MS",%progbits,1
 1466      02008D00 
 1466      00000201 
 1466      FB0E0D00 
 1466      01010101 
 1467              	.LASF80:
 1468 0000 4359424C 		.ascii	"CYBLE_EVT_L2CAP_CBFC_RX_CREDIT_IND\000"
 1468      455F4556 
 1468      545F4C32 
 1468      4341505F 
 1468      43424643 
 1469              	.LASF21:
 1470 0023 4359424C 		.ascii	"CYBLE_EVT_STACK_BUSY_STATUS\000"
 1470      455F4556 
 1470      545F5354 
 1470      41434B5F 
 1470      42555359 
 1471              	.LASF10:
 1472 003f 75696E74 		.ascii	"uint16\000"
 1472      313600
 1473              	.LASF79:
 1474 0046 4359424C 		.ascii	"CYBLE_EVT_L2CAP_CBFC_DATA_READ\000"
 1474      455F4556 
 1474      545F4C32 
 1474      4341505F 
 1474      43424643 
 1475              	.LASF105:
 1476 0065 4359424C 		.ascii	"CYBLE_GAPP_DISC_DATA_T\000"
 1476      455F4741 
 1476      50505F44 
 1476      4953435F 
 1476      44415441 
 1477              	.LASF33:
 1478 007c 4359424C 		.ascii	"CYBLE_EVT_GAP_CONNECTION_UPDATE_COMPLETE\000"
 1478      455F4556 
 1478      545F4741 
 1478      505F434F 
 1478      4E4E4543 
 1479              	.LASF100:
ARM GAS  C:\Users\JANUSD~1\AppData\Local\Temp\cceanjnJ.s 			page 32


 1480 00a5 61647643 		.ascii	"advChannelMap\000"
 1480      68616E6E 
 1480      656C4D61 
 1480      7000
 1481              	.LASF78:
 1482 00b3 4359424C 		.ascii	"CYBLE_EVT_L2CAP_CBFC_DISCONN_CNF\000"
 1482      455F4556 
 1482      545F4C32 
 1482      4341505F 
 1482      43424643 
 1483              	.LASF123:
 1484 00d4 63616C63 		.ascii	"calc_green\000"
 1484      5F677265 
 1484      656E00
 1485              	.LASF89:
 1486 00df 4359424C 		.ascii	"CYBLE_GAPP_CONNECTABLE_HIGH_DC_DIRECTED_ADV\000"
 1486      455F4741 
 1486      50505F43 
 1486      4F4E4E45 
 1486      43544142 
 1487              	.LASF38:
 1488 010b 4359424C 		.ascii	"CYBLE_EVT_GAP_OOB_GENERATED_NOTIFICATION\000"
 1488      455F4556 
 1488      545F4741 
 1488      505F4F4F 
 1488      425F4745 
 1489              	.LASF58:
 1490 0134 4359424C 		.ascii	"CYBLE_EVT_GATTC_READ_MULTI_RSP\000"
 1490      455F4556 
 1490      545F4741 
 1490      5454435F 
 1490      52454144 
 1491              	.LASF63:
 1492 0153 4359424C 		.ascii	"CYBLE_EVT_GATTS_EXEC_WRITE_REQ\000"
 1492      455F4556 
 1492      545F4741 
 1492      5454535F 
 1492      45584543 
 1493              	.LASF90:
 1494 0172 4359424C 		.ascii	"CYBLE_GAPP_SCANNABLE_UNDIRECTED_ADV\000"
 1494      455F4741 
 1494      50505F53 
 1494      43414E4E 
 1494      41424C45 
 1495              	.LASF128:
 1496 0196 6E65775F 		.ascii	"new_advData\000"
 1496      61647644 
 1496      61746100 
 1497              	.LASF54:
 1498 01a2 4359424C 		.ascii	"CYBLE_EVT_GATTC_FIND_INFO_RSP\000"
 1498      455F4556 
 1498      545F4741 
 1498      5454435F 
 1498      46494E44 
 1499              	.LASF18:
 1500 01c0 4359424C 		.ascii	"CYBLE_EVT_TIMEOUT\000"
 1500      455F4556 
ARM GAS  C:\Users\JANUSD~1\AppData\Local\Temp\cceanjnJ.s 			page 33


 1500      545F5449 
 1500      4D454F55 
 1500      5400
 1501              	.LASF4:
 1502 01d2 6C6F6E67 		.ascii	"long int\000"
 1502      20696E74 
 1502      00
 1503              	.LASF7:
 1504 01db 6C6F6E67 		.ascii	"long long unsigned int\000"
 1504      206C6F6E 
 1504      6720756E 
 1504      7369676E 
 1504      65642069 
 1505              	.LASF124:
 1506 01f2 63616C63 		.ascii	"calc_blue\000"
 1506      5F626C75 
 1506      6500
 1507              	.LASF20:
 1508 01fc 4359424C 		.ascii	"CYBLE_EVT_HCI_STATUS\000"
 1508      455F4556 
 1508      545F4843 
 1508      495F5354 
 1508      41545553 
 1509              	.LASF96:
 1510 0211 61647654 		.ascii	"advType\000"
 1510      79706500 
 1511              	.LASF83:
 1512 0219 4359424C 		.ascii	"CYBLE_EVT_PENDING_FLASH_WRITE\000"
 1512      455F4556 
 1512      545F5045 
 1512      4E44494E 
 1512      475F464C 
 1513              	.LASF88:
 1514 0237 4359424C 		.ascii	"CYBLE_GAPP_CONNECTABLE_UNDIRECTED_ADV\000"
 1514      455F4741 
 1514      50505F43 
 1514      4F4E4E45 
 1514      43544142 
 1515              	.LASF72:
 1516 025d 4359424C 		.ascii	"CYBLE_EVT_L2CAP_CONN_PARAM_UPDATE_REQ\000"
 1516      455F4556 
 1516      545F4C32 
 1516      4341505F 
 1516      434F4E4E 
 1517              	.LASF32:
 1518 0283 4359424C 		.ascii	"CYBLE_EVT_GAP_ENCRYPT_CHANGE\000"
 1518      455F4556 
 1518      545F4741 
 1518      505F454E 
 1518      43525950 
 1519              	.LASF36:
 1520 02a0 4359424C 		.ascii	"CYBLE_EVT_GAP_NUMERIC_COMPARISON_REQUEST\000"
 1520      455F4556 
 1520      545F4741 
 1520      505F4E55 
 1520      4D455249 
 1521              	.LASF6:
ARM GAS  C:\Users\JANUSD~1\AppData\Local\Temp\cceanjnJ.s 			page 34


 1522 02c9 6C6F6E67 		.ascii	"long long int\000"
 1522      206C6F6E 
 1522      6720696E 
 1522      7400
 1523              	.LASF0:
 1524 02d7 7369676E 		.ascii	"signed char\000"
 1524      65642063 
 1524      68617200 
 1525              	.LASF17:
 1526 02e3 4359424C 		.ascii	"CYBLE_EVT_STACK_ON\000"
 1526      455F4556 
 1526      545F5354 
 1526      41434B5F 
 1526      4F4E00
 1527              	.LASF34:
 1528 02f6 4359424C 		.ascii	"CYBLE_EVT_GAPC_SCAN_START_STOP\000"
 1528      455F4556 
 1528      545F4741 
 1528      50435F53 
 1528      43414E5F 
 1529              	.LASF99:
 1530 0315 64697265 		.ascii	"directAddr\000"
 1530      63744164 
 1530      647200
 1531              	.LASF24:
 1532 0320 4359424C 		.ascii	"CYBLE_EVT_GAP_AUTH_REQ\000"
 1532      455F4556 
 1532      545F4741 
 1532      505F4155 
 1532      54485F52 
 1533              	.LASF56:
 1534 0337 4359424C 		.ascii	"CYBLE_EVT_GATTC_READ_RSP\000"
 1534      455F4556 
 1534      545F4741 
 1534      5454435F 
 1534      52454144 
 1535              	.LASF101:
 1536 0350 61647646 		.ascii	"advFilterPolicy\000"
 1536      696C7465 
 1536      72506F6C 
 1536      69637900 
 1537              	.LASF61:
 1538 0360 4359424C 		.ascii	"CYBLE_EVT_GATTS_WRITE_CMD_REQ\000"
 1538      455F4556 
 1538      545F4741 
 1538      5454535F 
 1538      57524954 
 1539              	.LASF29:
 1540 037e 4359424C 		.ascii	"CYBLE_EVT_GAPP_ADVERTISEMENT_START_STOP\000"
 1540      455F4556 
 1540      545F4741 
 1540      50505F41 
 1540      44564552 
 1541              	.LASF9:
 1542 03a6 75696E74 		.ascii	"uint8\000"
 1542      3800
 1543              	.LASF106:
ARM GAS  C:\Users\JANUSD~1\AppData\Local\Temp\cceanjnJ.s 			page 35


 1544 03ac 7363616E 		.ascii	"scanRspData\000"
 1544      52737044 
 1544      61746100 
 1545              	.LASF64:
 1546 03b8 4359424C 		.ascii	"CYBLE_EVT_GATTC_EXEC_WRITE_RSP\000"
 1546      455F4556 
 1546      545F4741 
 1546      5454435F 
 1546      45584543 
 1547              	.LASF12:
 1548 03d7 646F7562 		.ascii	"double\000"
 1548      6C6500
 1549              	.LASF109:
 1550 03de 64697363 		.ascii	"discMode\000"
 1550      4D6F6465 
 1550      00
 1551              	.LASF122:
 1552 03e7 63616C63 		.ascii	"calc_red\000"
 1552      5F726564 
 1552      00
 1553              	.LASF87:
 1554 03f0 4359424C 		.ascii	"CYBLE_EVT_MAX\000"
 1554      455F4556 
 1554      545F4D41 
 1554      5800
 1555              	.LASF107:
 1556 03fe 7363616E 		.ascii	"scanRspDataLen\000"
 1556      52737044 
 1556      6174614C 
 1556      656E00
 1557              	.LASF82:
 1558 040d 4359424C 		.ascii	"CYBLE_EVT_L2CAP_CBFC_DATA_WRITE_IND\000"
 1558      455F4556 
 1558      545F4C32 
 1558      4341505F 
 1558      43424643 
 1559              	.LASF116:
 1560 0431 4359424C 		.ascii	"CYBLE_SRVI_CUSTOMS_END\000"
 1560      455F5352 
 1560      56495F43 
 1560      5553544F 
 1560      4D535F45 
 1561              	.LASF44:
 1562 0448 4359424C 		.ascii	"CYBLE_EVT_GAP_SCAN_REQ_RECVD\000"
 1562      455F4556 
 1562      545F4741 
 1562      505F5343 
 1562      414E5F52 
 1563              	.LASF69:
 1564 0465 4359424C 		.ascii	"CYBLE_EVT_GATTC_STOP_CMD_COMPLETE\000"
 1564      455F4556 
 1564      545F4741 
 1564      5454435F 
 1564      53544F50 
 1565              	.LASF8:
 1566 0487 756E7369 		.ascii	"unsigned int\000"
 1566      676E6564 
ARM GAS  C:\Users\JANUSD~1\AppData\Local\Temp\cceanjnJ.s 			page 36


 1566      20696E74 
 1566      00
 1567              	.LASF84:
 1568 0494 4359424C 		.ascii	"CYBLE_EVT_LE_PING_AUTH_TIMEOUT\000"
 1568      455F4556 
 1568      545F4C45 
 1568      5F50494E 
 1568      475F4155 
 1569              	.LASF111:
 1570 04b3 61647654 		.ascii	"advTo\000"
 1570      6F00
 1571              	.LASF5:
 1572 04b9 6C6F6E67 		.ascii	"long unsigned int\000"
 1572      20756E73 
 1572      69676E65 
 1572      6420696E 
 1572      7400
 1573              	.LASF43:
 1574 04cb 4359424C 		.ascii	"CYBLE_EVT_GAP_CONN_ESTB\000"
 1574      455F4556 
 1574      545F4741 
 1574      505F434F 
 1574      4E4E5F45 
 1575              	.LASF59:
 1576 04e3 4359424C 		.ascii	"CYBLE_EVT_GATTS_WRITE_REQ\000"
 1576      455F4556 
 1576      545F4741 
 1576      5454535F 
 1576      57524954 
 1577              	.LASF51:
 1578 04fd 4359424C 		.ascii	"CYBLE_EVT_GATTC_XCHNG_MTU_RSP\000"
 1578      455F4556 
 1578      545F4741 
 1578      5454435F 
 1578      5843484E 
 1579              	.LASF68:
 1580 051b 4359424C 		.ascii	"CYBLE_EVT_GATTS_DATA_SIGNED_CMD_REQ\000"
 1580      455F4556 
 1580      545F4741 
 1580      5454535F 
 1580      44415441 
 1581              	.LASF71:
 1582 053f 4359424C 		.ascii	"CYBLE_EVT_GATTC_LONG_PROCEDURE_END\000"
 1582      455F4556 
 1582      545F4741 
 1582      5454435F 
 1582      4C4F4E47 
 1583              	.LASF108:
 1584 0562 4359424C 		.ascii	"CYBLE_GAPP_SCAN_RSP_DATA_T\000"
 1584      455F4741 
 1584      50505F53 
 1584      43414E5F 
 1584      5253505F 
 1585              	.LASF3:
 1586 057d 73686F72 		.ascii	"short unsigned int\000"
 1586      7420756E 
 1586      7369676E 
ARM GAS  C:\Users\JANUSD~1\AppData\Local\Temp\cceanjnJ.s 			page 37


 1586      65642069 
 1586      6E7400
 1587              	.LASF16:
 1588 0590 4359424C 		.ascii	"CYBLE_EVT_HOST_INVALID\000"
 1588      455F4556 
 1588      545F484F 
 1588      53545F49 
 1588      4E56414C 
 1589              	.LASF127:
 1590 05a7 64617461 		.ascii	"dataADVCounter\000"
 1590      41445643 
 1590      6F756E74 
 1590      657200
 1591              	.LASF22:
 1592 05b6 4359424C 		.ascii	"CYBLE_EVT_MEMORY_REQUEST\000"
 1592      455F4556 
 1592      545F4D45 
 1592      4D4F5259 
 1592      5F524551 
 1593              	.LASF133:
 1594 05cf 433A5C55 		.ascii	"C:\\Users\\janusdg-win\\UCU\\Smart_lightning_system"
 1594      73657273 
 1594      5C6A616E 
 1594      75736467 
 1594      2D77696E 
 1595 05fe 5C4D6573 		.ascii	"\\Mesh_Flood_PSoC4BLE_Main.cydsn\000"
 1595      685F466C 
 1595      6F6F645F 
 1595      50536F43 
 1595      34424C45 
 1596              	.LASF25:
 1597 061e 4359424C 		.ascii	"CYBLE_EVT_GAP_PASSKEY_ENTRY_REQUEST\000"
 1597      455F4556 
 1597      545F4741 
 1597      505F5041 
 1597      53534B45 
 1598              	.LASF30:
 1599 0642 4359424C 		.ascii	"CYBLE_EVT_GAP_DEVICE_CONNECTED\000"
 1599      455F4556 
 1599      545F4741 
 1599      505F4445 
 1599      56494345 
 1600              	.LASF132:
 1601 0661 6D61696E 		.ascii	"main.c\000"
 1601      2E6300
 1602              	.LASF45:
 1603 0668 4359424C 		.ascii	"CYBLE_EVT_GAP_AUTH_REQ_REPLY_ERR\000"
 1603      455F4556 
 1603      545F4741 
 1603      505F4155 
 1603      54485F52 
 1604              	.LASF131:
 1605 0689 474E5520 		.ascii	"GNU C11 5.4.1 20160609 (release) [ARM/embedded-5-br"
 1605      43313120 
 1605      352E342E 
 1605      31203230 
 1605      31363036 
ARM GAS  C:\Users\JANUSD~1\AppData\Local\Temp\cceanjnJ.s 			page 38


 1606 06bc 616E6368 		.ascii	"anch revision 237715] -mcpu=cortex-m0 -mthumb -g -O"
 1606      20726576 
 1606      6973696F 
 1606      6E203233 
 1606      37373135 
 1607 06ef 30202D66 		.ascii	"0 -ffunction-sections -ffat-lto-objects\000"
 1607      66756E63 
 1607      74696F6E 
 1607      2D736563 
 1607      74696F6E 
 1608              	.LASF48:
 1609 0717 4359424C 		.ascii	"CYBLE_EVT_GATT_CONNECT_IND\000"
 1609      455F4556 
 1609      545F4741 
 1609      54545F43 
 1609      4F4E4E45 
 1610              	.LASF74:
 1611 0732 4359424C 		.ascii	"CYBLE_EVT_L2CAP_COMMAND_REJ\000"
 1611      455F4556 
 1611      545F4C32 
 1611      4341505F 
 1611      434F4D4D 
 1612              	.LASF23:
 1613 074e 4359424C 		.ascii	"CYBLE_EVT_GAPC_SCAN_PROGRESS_RESULT\000"
 1613      455F4556 
 1613      545F4741 
 1613      50435F53 
 1613      43414E5F 
 1614              	.LASF126:
 1615 0772 63757272 		.ascii	"current_watchdog_counter\000"
 1615      656E745F 
 1615      77617463 
 1615      68646F67 
 1615      5F636F75 
 1616              	.LASF46:
 1617 078b 4359424C 		.ascii	"CYBLE_EVT_GAP_SMP_LOC_P256_KEYS_GEN_AND_SET_COMPLET"
 1617      455F4556 
 1617      545F4741 
 1617      505F534D 
 1617      505F4C4F 
 1618 07be 4500     		.ascii	"E\000"
 1619              	.LASF75:
 1620 07c0 4359424C 		.ascii	"CYBLE_EVT_L2CAP_CBFC_CONN_IND\000"
 1620      455F4556 
 1620      545F4C32 
 1620      4341505F 
 1620      43424643 
 1621              	.LASF53:
 1622 07de 4359424C 		.ascii	"CYBLE_EVT_GATTC_READ_BY_TYPE_RSP\000"
 1622      455F4556 
 1622      545F4741 
 1622      5454435F 
 1622      52454144 
 1623              	.LASF125:
 1624 07ff 6379426C 		.ascii	"cyBle_discoveryModeInfo\000"
 1624      655F6469 
 1624      73636F76 
ARM GAS  C:\Users\JANUSD~1\AppData\Local\Temp\cceanjnJ.s 			page 39


 1624      6572794D 
 1624      6F646549 
 1625              	.LASF15:
 1626 0817 73697A65 		.ascii	"sizetype\000"
 1626      74797065 
 1626      00
 1627              	.LASF97:
 1628 0820 6F776E41 		.ascii	"ownAddrType\000"
 1628      64647254 
 1628      79706500 
 1629              	.LASF28:
 1630 082c 4359424C 		.ascii	"CYBLE_EVT_GAP_AUTH_FAILED\000"
 1630      455F4556 
 1630      545F4741 
 1630      505F4155 
 1630      54485F46 
 1631              	.LASF60:
 1632 0846 4359424C 		.ascii	"CYBLE_EVT_GATTC_WRITE_RSP\000"
 1632      455F4556 
 1632      545F4741 
 1632      5454435F 
 1632      57524954 
 1633              	.LASF120:
 1634 0860 43435F54 		.ascii	"CC_TC_InterruptHandler\000"
 1634      435F496E 
 1634      74657272 
 1634      75707448 
 1634      616E646C 
 1635              	.LASF41:
 1636 0877 4359424C 		.ascii	"CYBLE_EVT_GAPC_DIRECT_ADV_REPORT\000"
 1636      455F4556 
 1636      545F4741 
 1636      50435F44 
 1636      49524543 
 1637              	.LASF39:
 1638 0898 4359424C 		.ascii	"CYBLE_EVT_GAP_DATA_LENGTH_CHANGE\000"
 1638      455F4556 
 1638      545F4741 
 1638      505F4441 
 1638      54415F4C 
 1639              	.LASF27:
 1640 08b9 4359424C 		.ascii	"CYBLE_EVT_GAP_AUTH_COMPLETE\000"
 1640      455F4556 
 1640      545F4741 
 1640      505F4155 
 1640      54485F43 
 1641              	.LASF65:
 1642 08d5 4359424C 		.ascii	"CYBLE_EVT_GATTC_HANDLE_VALUE_NTF\000"
 1642      455F4556 
 1642      545F4741 
 1642      5454435F 
 1642      48414E44 
 1643              	.LASF115:
 1644 08f6 4359424C 		.ascii	"CYBLE_SRVI_CUSTOMS\000"
 1644      455F5352 
 1644      56495F43 
 1644      5553544F 
ARM GAS  C:\Users\JANUSD~1\AppData\Local\Temp\cceanjnJ.s 			page 40


 1644      4D5300
 1645              	.LASF76:
 1646 0909 4359424C 		.ascii	"CYBLE_EVT_L2CAP_CBFC_CONN_CNF\000"
 1646      455F4556 
 1646      545F4C32 
 1646      4341505F 
 1646      43424643 
 1647              	.LASF52:
 1648 0927 4359424C 		.ascii	"CYBLE_EVT_GATTC_READ_BY_GROUP_TYPE_RSP\000"
 1648      455F4556 
 1648      545F4741 
 1648      5454435F 
 1648      52454144 
 1649              	.LASF11:
 1650 094e 666C6F61 		.ascii	"float\000"
 1650      7400
 1651              	.LASF104:
 1652 0954 61647644 		.ascii	"advDataLen\000"
 1652      6174614C 
 1652      656E00
 1653              	.LASF98:
 1654 095f 64697265 		.ascii	"directAddrType\000"
 1654      63744164 
 1654      64725479 
 1654      706500
 1655              	.LASF130:
 1656 096e 696E7465 		.ascii	"interrupt_counter\000"
 1656      72727570 
 1656      745F636F 
 1656      756E7465 
 1656      7200
 1657              	.LASF1:
 1658 0980 756E7369 		.ascii	"unsigned char\000"
 1658      676E6564 
 1658      20636861 
 1658      7200
 1659              	.LASF37:
 1660 098e 4359424C 		.ascii	"CYBLE_EVT_GAP_KEYPRESS_NOTIFICATION\000"
 1660      455F4556 
 1660      545F4741 
 1660      505F4B45 
 1660      59505245 
 1661              	.LASF119:
 1662 09b2 496E6974 		.ascii	"InitializeSystem\000"
 1662      69616C69 
 1662      7A655379 
 1662      7374656D 
 1662      00
 1663              	.LASF2:
 1664 09c3 73686F72 		.ascii	"short int\000"
 1664      7420696E 
 1664      7400
 1665              	.LASF66:
 1666 09cd 4359424C 		.ascii	"CYBLE_EVT_GATTC_HANDLE_VALUE_IND\000"
 1666      455F4556 
 1666      545F4741 
 1666      5454435F 
ARM GAS  C:\Users\JANUSD~1\AppData\Local\Temp\cceanjnJ.s 			page 41


 1666      48414E44 
 1667              	.LASF95:
 1668 09ee 61647649 		.ascii	"advIntvMax\000"
 1668      6E74764D 
 1668      617800
 1669              	.LASF85:
 1670 09f9 4359424C 		.ascii	"CYBLE_EVT_HCI_PKT\000"
 1670      455F4556 
 1670      545F4843 
 1670      495F504B 
 1670      5400
 1671              	.LASF62:
 1672 0a0b 4359424C 		.ascii	"CYBLE_EVT_GATTS_PREP_WRITE_REQ\000"
 1672      455F4556 
 1672      545F4741 
 1672      5454535F 
 1672      50524550 
 1673              	.LASF94:
 1674 0a2a 61647649 		.ascii	"advIntvMin\000"
 1674      6E74764D 
 1674      696E00
 1675              	.LASF92:
 1676 0a35 4359424C 		.ascii	"CYBLE_GAPP_CONNECTABLE_LOW_DC_DIRECTED_ADV\000"
 1676      455F4741 
 1676      50505F43 
 1676      4F4E4E45 
 1676      43544142 
 1677              	.LASF103:
 1678 0a60 61647644 		.ascii	"advData\000"
 1678      61746100 
 1679              	.LASF67:
 1680 0a68 4359424C 		.ascii	"CYBLE_EVT_GATTS_HANDLE_VALUE_CNF\000"
 1680      455F4556 
 1680      545F4741 
 1680      5454535F 
 1680      48414E44 
 1681              	.LASF47:
 1682 0a89 4359424C 		.ascii	"CYBLE_EVT_GATTC_ERROR_RSP\000"
 1682      455F4556 
 1682      545F4741 
 1682      5454435F 
 1682      4552524F 
 1683              	.LASF42:
 1684 0aa3 4359424C 		.ascii	"CYBLE_EVT_GAP_SMP_NEGOTIATED_AUTH_INFO\000"
 1684      455F4556 
 1684      545F4741 
 1684      505F534D 
 1684      505F4E45 
 1685              	.LASF117:
 1686 0aca 4359424C 		.ascii	"CYBLE_SRVI_COUNT\000"
 1686      455F5352 
 1686      56495F43 
 1686      4F554E54 
 1686      00
 1687              	.LASF113:
 1688 0adb 4359424C 		.ascii	"CYBLE_SRVI_GAP\000"
 1688      455F5352 
ARM GAS  C:\Users\JANUSD~1\AppData\Local\Temp\cceanjnJ.s 			page 42


 1688      56495F47 
 1688      415000
 1689              	.LASF14:
 1690 0aea 6C6F6E67 		.ascii	"long double\000"
 1690      20646F75 
 1690      626C6500 
 1691              	.LASF86:
 1692 0af6 4359424C 		.ascii	"CYBLE_EVT_FLASH_CORRUPT\000"
 1692      455F4556 
 1692      545F464C 
 1692      4153485F 
 1692      434F5252 
 1693              	.LASF13:
 1694 0b0e 63686172 		.ascii	"char\000"
 1694      00
 1695              	.LASF31:
 1696 0b13 4359424C 		.ascii	"CYBLE_EVT_GAP_DEVICE_DISCONNECTED\000"
 1696      455F4556 
 1696      545F4741 
 1696      505F4445 
 1696      56494345 
 1697              	.LASF114:
 1698 0b35 4359424C 		.ascii	"CYBLE_SRVI_GATT\000"
 1698      455F5352 
 1698      56495F47 
 1698      41545400 
 1699              	.LASF70:
 1700 0b45 4359424C 		.ascii	"CYBLE_EVT_GATTS_READ_CHAR_VAL_ACCESS_REQ\000"
 1700      455F4556 
 1700      545F4741 
 1700      5454535F 
 1700      52454144 
 1701              	.LASF102:
 1702 0b6e 4359424C 		.ascii	"CYBLE_GAPP_DISC_PARAM_T\000"
 1702      455F4741 
 1702      50505F44 
 1702      4953435F 
 1702      50415241 
 1703              	.LASF81:
 1704 0b86 4359424C 		.ascii	"CYBLE_EVT_L2CAP_CBFC_TX_CREDIT_IND\000"
 1704      455F4556 
 1704      545F4C32 
 1704      4341505F 
 1704      43424643 
 1705              	.LASF26:
 1706 0ba9 4359424C 		.ascii	"CYBLE_EVT_GAP_PASSKEY_DISPLAY_REQUEST\000"
 1706      455F4556 
 1706      545F4741 
 1706      505F5041 
 1706      53534B45 
 1707              	.LASF19:
 1708 0bcf 4359424C 		.ascii	"CYBLE_EVT_HARDWARE_ERROR\000"
 1708      455F4556 
 1708      545F4841 
 1708      52445741 
 1708      52455F45 
 1709              	.LASF129:
ARM GAS  C:\Users\JANUSD~1\AppData\Local\Temp\cceanjnJ.s 			page 43


 1710 0be8 5247425F 		.ascii	"RGB_Collection\000"
 1710      436F6C6C 
 1710      65637469 
 1710      6F6E00
 1711              	.LASF121:
 1712 0bf7 7267625F 		.ascii	"rgb_led_data\000"
 1712      6C65645F 
 1712      64617461 
 1712      00
 1713              	.LASF50:
 1714 0c04 4359424C 		.ascii	"CYBLE_EVT_GATTS_XCNHG_MTU_REQ\000"
 1714      455F4556 
 1714      545F4741 
 1714      5454535F 
 1714      58434E48 
 1715              	.LASF112:
 1716 0c22 4359424C 		.ascii	"CYBLE_GAPP_DISC_MODE_INFO_T\000"
 1716      455F4741 
 1716      50505F44 
 1716      4953435F 
 1716      4D4F4445 
 1717              	.LASF110:
 1718 0c3e 61647650 		.ascii	"advParam\000"
 1718      6172616D 
 1718      00
 1719              	.LASF134:
 1720 0c47 55706461 		.ascii	"UpdateRGBled\000"
 1720      74655247 
 1720      426C6564 
 1720      00
 1721              	.LASF93:
 1722 0c54 4359424C 		.ascii	"CYBLE_GAPP_ADV_T\000"
 1722      455F4741 
 1722      50505F41 
 1722      44565F54 
 1722      00
 1723              	.LASF91:
 1724 0c65 4359424C 		.ascii	"CYBLE_GAPP_NON_CONNECTABLE_UNDIRECTED_ADV\000"
 1724      455F4741 
 1724      50505F4E 
 1724      4F4E5F43 
 1724      4F4E4E45 
 1725              	.LASF57:
 1726 0c8f 4359424C 		.ascii	"CYBLE_EVT_GATTC_READ_BLOB_RSP\000"
 1726      455F4556 
 1726      545F4741 
 1726      5454435F 
 1726      52454144 
 1727              	.LASF55:
 1728 0cad 4359424C 		.ascii	"CYBLE_EVT_GATTC_FIND_BY_TYPE_VALUE_RSP\000"
 1728      455F4556 
 1728      545F4741 
 1728      5454435F 
 1728      46494E44 
 1729              	.LASF35:
 1730 0cd4 4359424C 		.ascii	"CYBLE_EVT_GAP_KEYINFO_EXCHNGE_CMPLT\000"
 1730      455F4556 
ARM GAS  C:\Users\JANUSD~1\AppData\Local\Temp\cceanjnJ.s 			page 44


 1730      545F4741 
 1730      505F4B45 
 1730      59494E46 
 1731              	.LASF77:
 1732 0cf8 4359424C 		.ascii	"CYBLE_EVT_L2CAP_CBFC_DISCONN_IND\000"
 1732      455F4556 
 1732      545F4C32 
 1732      4341505F 
 1732      43424643 
 1733              	.LASF73:
 1734 0d19 4359424C 		.ascii	"CYBLE_EVT_L2CAP_CONN_PARAM_UPDATE_RSP\000"
 1734      455F4556 
 1734      545F4C32 
 1734      4341505F 
 1734      434F4E4E 
 1735              	.LASF118:
 1736 0d3f 6D61696E 		.ascii	"main\000"
 1736      00
 1737              	.LASF40:
 1738 0d44 4359424C 		.ascii	"CYBLE_EVT_GAP_ENHANCE_CONN_COMPLETE\000"
 1738      455F4556 
 1738      545F4741 
 1738      505F454E 
 1738      48414E43 
 1739              	.LASF49:
 1740 0d68 4359424C 		.ascii	"CYBLE_EVT_GATT_DISCONNECT_IND\000"
 1740      455F4556 
 1740      545F4741 
 1740      54545F44 
 1740      4953434F 
 1741              		.ident	"GCC: (GNU Tools for ARM Embedded Processors) 5.4.1 20160609 (release) [ARM/embedded-5-bran
